alexnet_cifar10_ax2.onnx
alexnet_cifar10_ax2.c
alexnet_cifar10_ax2.onnx.c
/app/ace-compiler/air-infra/base/src/node.cxx:534: Assertion Failure: Do not call this API to change rtype.
/app/ace-compiler/air-infra/base/src/node.cxx:534: Assertion Failure: Do not call this API to change rtype.
/app/ace-compiler/air-infra/base/src/node.cxx:524: Assertion Failure: Do not call this API to change rtype.
/app/ace-compiler/air-infra/base/src/node.cxx:524: Assertion Failure: Do not call this API to change rtype.
/app/ace-compiler/air-infra/base/src/node.cxx:534: Assertion Failure: Do not call this API to change rtype.
/app/ace-compiler/air-infra/base/src/node.cxx:534: Assertion Failure: Do not call this API to change rtype.
/app/ace-compiler/air-infra/base/src/node.cxx:524: Assertion Failure: Do not call this API to change rtype.
/app/ace-compiler/air-infra/base/src/node.cxx:524: Assertion Failure: Do not call this API to change rtype.
/app/ace-compiler/air-infra/base/src/node.cxx:534: Assertion Failure: Do not call this API to change rtype.
/app/ace-compiler/air-infra/base/src/node.cxx:534: Assertion Failure: Do not call this API to change rtype.
/app/ace-compiler/air-infra/base/src/node.cxx:524: Assertion Failure: Do not call this API to change rtype.
/app/ace-compiler/air-infra/base/src/node.cxx:524: Assertion Failure: Do not call this API to change rtype.
/app/ace-compiler/air-infra/base/src/node.cxx:534: Assertion Failure: Do not call this API to change rtype.
/app/ace-compiler/air-infra/base/src/node.cxx:534: Assertion Failure: Do not call this API to change rtype.
/app/ace-compiler/air-infra/base/src/node.cxx:524: Assertion Failure: Do not call this API to change rtype.
/app/ace-compiler/air-infra/base/src/node.cxx:524: Assertion Failure: Do not call this API to change rtype.
/app/ace-compiler/air-infra/base/src/node.cxx:534: Assertion Failure: Do not call this API to change rtype.
/app/ace-compiler/air-infra/base/src/node.cxx:534: Assertion Failure: Do not call this API to change rtype.
/app/ace-compiler/air-infra/base/src/node.cxx:524: Assertion Failure: Do not call this API to change rtype.
/app/ace-compiler/air-infra/base/src/node.cxx:524: Assertion Failure: Do not call this API to change rtype.
/app/ace-compiler/air-infra/base/src/node.cxx:534: Assertion Failure: Do not call this API to change rtype.
/app/ace-compiler/air-infra/base/src/node.cxx:534: Assertion Failure: Do not call this API to change rtype.
/app/ace-compiler/air-infra/base/src/node.cxx:524: Assertion Failure: Do not call this API to change rtype.
/app/ace-compiler/air-infra/base/src/node.cxx:524: Assertion Failure: Do not call this API to change rtype.
/app/ace-compiler/air-infra/base/src/node.cxx:534: Assertion Failure: Do not call this API to change rtype.
/app/ace-compiler/air-infra/base/src/node.cxx:534: Assertion Failure: Do not call this API to change rtype.
/app/ace-compiler/air-infra/base/src/node.cxx:524: Assertion Failure: Do not call this API to change rtype.
/app/ace-compiler/air-infra/base/src/node.cxx:524: Assertion Failure: Do not call this API to change rtype.
/app/ace-compiler/air-infra/base/src/node.cxx:534: Assertion Failure: Do not call this API to change rtype.
/app/ace-compiler/air-infra/base/src/node.cxx:534: Assertion Failure: Do not call this API to change rtype.
/app/ace-compiler/air-infra/base/src/node.cxx:524: Assertion Failure: Do not call this API to change rtype.
/app/ace-compiler/air-infra/base/src/node.cxx:524: Assertion Failure: Do not call this API to change rtype.
/app/ace-compiler/air-infra/include/air/core/opcode_def.inc:68: Assertion Failure: Unexpected COMMENT
/app/ace-compiler/air-infra/include/air/core/opcode_def.inc:68: Assertion Failure: Unexpected COMMENT
/app/ace-compiler/air-infra/include/air/core/opcode_def.inc:56: Assertion Failure: Unexpected PRAGMA
/app/ace-compiler/air-infra/include/air/core/opcode_def.inc:56: Assertion Failure: Unexpected PRAGMA
/app/ace-compiler/air-infra/include/air/core/opcode_def.inc:56: Assertion Failure: Unexpected PRAGMA
/app/ace-compiler/air-infra/include/air/core/opcode_def.inc:56: Assertion Failure: Unexpected PRAGMA
/app/ace-compiler/air-infra/include/air/core/opcode_def.inc:68: Assertion Failure: Unexpected COMMENT
/app/ace-compiler/air-infra/include/air/core/opcode_def.inc:68: Assertion Failure: Unexpected COMMENT
/app/ace-compiler/air-infra/include/air/core/opcode_def.inc:56: Assertion Failure: Unexpected PRAGMA
/app/ace-compiler/air-infra/include/air/core/opcode_def.inc:56: Assertion Failure: Unexpected PRAGMA
/app/ace-compiler/air-infra/include/air/core/opcode_def.inc:56: Assertion Failure: Unexpected PRAGMA
/app/ace-compiler/air-infra/include/air/core/opcode_def.inc:56: Assertion Failure: Unexpected PRAGMA
/app/ace-compiler/air-infra/include/air/core/opcode_def.inc:68: Assertion Failure: Unexpected COMMENT
/app/ace-compiler/air-infra/include/air/core/opcode_def.inc:68: Assertion Failure: Unexpected COMMENT
/app/ace-compiler/air-infra/include/air/core/opcode_def.inc:56: Assertion Failure: Unexpected PRAGMA
/app/ace-compiler/air-infra/include/air/core/opcode_def.inc:56: Assertion Failure: Unexpected PRAGMA
/app/ace-compiler/air-infra/include/air/core/opcode_def.inc:56: Assertion Failure: Unexpected PRAGMA
/app/ace-compiler/air-infra/include/air/core/opcode_def.inc:56: Assertion Failure: Unexpected PRAGMA
/app/ace-compiler/air-infra/include/air/core/opcode_def.inc:68: Assertion Failure: Unexpected COMMENT
/app/ace-compiler/air-infra/include/air/core/opcode_def.inc:68: Assertion Failure: Unexpected COMMENT
/app/ace-compiler/air-infra/include/air/core/opcode_def.inc:56: Assertion Failure: Unexpected PRAGMA
/app/ace-compiler/air-infra/include/air/core/opcode_def.inc:56: Assertion Failure: Unexpected PRAGMA
/app/ace-compiler/air-infra/include/air/core/opcode_def.inc:56: Assertion Failure: Unexpected PRAGMA
/app/ace-compiler/air-infra/include/air/core/opcode_def.inc:56: Assertion Failure: Unexpected PRAGMA
/app/ace-compiler/air-infra/include/air/core/opcode_def.inc:68: Assertion Failure: Unexpected COMMENT
/app/ace-compiler/air-infra/include/air/core/opcode_def.inc:68: Assertion Failure: Unexpected COMMENT
/app/ace-compiler/air-infra/include/air/core/opcode_def.inc:56: Assertion Failure: Unexpected PRAGMA
/app/ace-compiler/air-infra/include/air/core/opcode_def.inc:56: Assertion Failure: Unexpected PRAGMA
/app/ace-compiler/air-infra/include/air/core/opcode_def.inc:56: Assertion Failure: Unexpected PRAGMA
/app/ace-compiler/air-infra/include/air/core/opcode_def.inc:56: Assertion Failure: Unexpected PRAGMA
/app/ace-compiler/air-infra/include/air/core/opcode_def.inc:68: Assertion Failure: Unexpected COMMENT
/app/ace-compiler/air-infra/include/air/core/opcode_def.inc:68: Assertion Failure: Unexpected COMMENT
/app/ace-compiler/air-infra/include/air/core/opcode_def.inc:56: Assertion Failure: Unexpected PRAGMA
/app/ace-compiler/air-infra/include/air/core/opcode_def.inc:56: Assertion Failure: Unexpected PRAGMA
/app/ace-compiler/air-infra/include/air/core/opcode_def.inc:56: Assertion Failure: Unexpected PRAGMA
/app/ace-compiler/air-infra/include/air/core/opcode_def.inc:56: Assertion Failure: Unexpected PRAGMA
/app/ace-compiler/air-infra/include/air/core/opcode_def.inc:68: Assertion Failure: Unexpected COMMENT
/app/ace-compiler/air-infra/include/air/core/opcode_def.inc:68: Assertion Failure: Unexpected COMMENT
/app/ace-compiler/air-infra/include/air/core/opcode_def.inc:56: Assertion Failure: Unexpected PRAGMA
/app/ace-compiler/air-infra/include/air/core/opcode_def.inc:56: Assertion Failure: Unexpected PRAGMA
/app/ace-compiler/air-infra/include/air/core/opcode_def.inc:56: Assertion Failure: Unexpected PRAGMA
/app/ace-compiler/air-infra/include/air/core/opcode_def.inc:56: Assertion Failure: Unexpected PRAGMA
/app/ace-compiler/air-infra/include/air/core/opcode_def.inc:68: Assertion Failure: Unexpected COMMENT
/app/ace-compiler/air-infra/include/air/core/opcode_def.inc:68: Assertion Failure: Unexpected COMMENT
/app/ace-compiler/air-infra/include/air/core/opcode_def.inc:56: Assertion Failure: Unexpected PRAGMA
/app/ace-compiler/air-infra/include/air/core/opcode_def.inc:56: Assertion Failure: Unexpected PRAGMA
/app/ace-compiler/air-infra/include/air/core/opcode_def.inc:56: Assertion Failure: Unexpected PRAGMA
/app/ace-compiler/air-infra/include/air/core/opcode_def.inc:56: Assertion Failure: Unexpected PRAGMA
/app/ace-compiler/air-infra/include/air/core/opcode_def.inc:68: Assertion Failure: Unexpected COMMENT
/app/ace-compiler/air-infra/include/air/core/opcode_def.inc:68: Assertion Failure: Unexpected COMMENT
/app/ace-compiler/air-infra/include/air/core/opcode_def.inc:56: Assertion Failure: Unexpected PRAGMA
/app/ace-compiler/air-infra/include/air/core/opcode_def.inc:56: Assertion Failure: Unexpected PRAGMA
/app/ace-compiler/air-infra/include/air/core/opcode_def.inc:56: Assertion Failure: Unexpected PRAGMA
/app/ace-compiler/air-infra/include/air/core/opcode_def.inc:56: Assertion Failure: Unexpected PRAGMA
/app/ace-compiler/air-infra/include/air/core/opcode_def.inc:68: Assertion Failure: Unexpected COMMENT
/app/ace-compiler/air-infra/include/air/core/opcode_def.inc:68: Assertion Failure: Unexpected COMMENT
/app/ace-compiler/air-infra/include/air/core/opcode_def.inc:56: Assertion Failure: Unexpected PRAGMA
/app/ace-compiler/air-infra/include/air/core/opcode_def.inc:56: Assertion Failure: Unexpected PRAGMA
/app/ace-compiler/air-infra/include/air/core/opcode_def.inc:56: Assertion Failure: Unexpected PRAGMA
/app/ace-compiler/air-infra/include/air/core/opcode_def.inc:56: Assertion Failure: Unexpected PRAGMA
/app/ace-compiler/air-infra/include/air/core/opcode_def.inc:68: Assertion Failure: Unexpected COMMENT
/app/ace-compiler/air-infra/include/air/core/opcode_def.inc:68: Assertion Failure: Unexpected COMMENT
/app/ace-compiler/air-infra/include/air/core/opcode_def.inc:56: Assertion Failure: Unexpected PRAGMA
/app/ace-compiler/air-infra/include/air/core/opcode_def.inc:56: Assertion Failure: Unexpected PRAGMA
/app/ace-compiler/air-infra/include/air/core/opcode_def.inc:56: Assertion Failure: Unexpected PRAGMA
/app/ace-compiler/air-infra/include/air/core/opcode_def.inc:56: Assertion Failure: Unexpected PRAGMA
/app/ace-compiler/air-infra/include/air/core/opcode_def.inc:68: Assertion Failure: Unexpected COMMENT
/app/ace-compiler/air-infra/include/air/core/opcode_def.inc:68: Assertion Failure: Unexpected COMMENT
/app/ace-compiler/air-infra/include/air/core/opcode_def.inc:56: Assertion Failure: Unexpected PRAGMA
/app/ace-compiler/air-infra/include/air/core/opcode_def.inc:56: Assertion Failure: Unexpected PRAGMA
/app/ace-compiler/air-infra/include/air/core/opcode_def.inc:56: Assertion Failure: Unexpected PRAGMA
/app/ace-compiler/air-infra/include/air/core/opcode_def.inc:56: Assertion Failure: Unexpected PRAGMA
/app/ace-compiler/air-infra/include/air/core/opcode_def.inc:68: Assertion Failure: Unexpected COMMENT
/app/ace-compiler/air-infra/include/air/core/opcode_def.inc:68: Assertion Failure: Unexpected COMMENT
/app/ace-compiler/air-infra/include/air/core/opcode_def.inc:56: Assertion Failure: Unexpected PRAGMA
/app/ace-compiler/air-infra/include/air/core/opcode_def.inc:56: Assertion Failure: Unexpected PRAGMA
/app/ace-compiler/air-infra/include/air/core/opcode_def.inc:56: Assertion Failure: Unexpected PRAGMA
/app/ace-compiler/air-infra/include/air/core/opcode_def.inc:56: Assertion Failure: Unexpected PRAGMA
/app/ace-compiler/air-infra/include/air/core/opcode_def.inc:68: Assertion Failure: Unexpected COMMENT
/app/ace-compiler/air-infra/include/air/core/opcode_def.inc:68: Assertion Failure: Unexpected COMMENT
/app/ace-compiler/air-infra/include/air/core/opcode_def.inc:56: Assertion Failure: Unexpected PRAGMA
/app/ace-compiler/air-infra/include/air/core/opcode_def.inc:56: Assertion Failure: Unexpected PRAGMA
/app/ace-compiler/air-infra/include/air/core/opcode_def.inc:56: Assertion Failure: Unexpected PRAGMA
/app/ace-compiler/air-infra/include/air/core/opcode_def.inc:56: Assertion Failure: Unexpected PRAGMA
/app/ace-compiler/air-infra/include/air/core/opcode_def.inc:68: Assertion Failure: Unexpected COMMENT
/app/ace-compiler/air-infra/include/air/core/opcode_def.inc:68: Assertion Failure: Unexpected COMMENT
/app/ace-compiler/air-infra/include/air/core/opcode_def.inc:56: Assertion Failure: Unexpected PRAGMA
/app/ace-compiler/air-infra/include/air/core/opcode_def.inc:56: Assertion Failure: Unexpected PRAGMA
/app/ace-compiler/air-infra/include/air/core/opcode_def.inc:56: Assertion Failure: Unexpected PRAGMA
/app/ace-compiler/air-infra/include/air/core/opcode_def.inc:56: Assertion Failure: Unexpected PRAGMA
/app/ace-compiler/air-infra/include/air/core/opcode_def.inc:68: Assertion Failure: Unexpected COMMENT
/app/ace-compiler/air-infra/include/air/core/opcode_def.inc:68: Assertion Failure: Unexpected COMMENT
/app/ace-compiler/air-infra/include/air/core/opcode_def.inc:56: Assertion Failure: Unexpected PRAGMA
/app/ace-compiler/air-infra/include/air/core/opcode_def.inc:56: Assertion Failure: Unexpected PRAGMA
/app/ace-compiler/air-infra/include/air/core/opcode_def.inc:56: Assertion Failure: Unexpected PRAGMA
/app/ace-compiler/air-infra/include/air/core/opcode_def.inc:56: Assertion Failure: Unexpected PRAGMA
/app/ace-compiler/air-infra/include/air/core/opcode_def.inc:68: Assertion Failure: Unexpected COMMENT
/app/ace-compiler/air-infra/include/air/core/opcode_def.inc:68: Assertion Failure: Unexpected COMMENT
/app/ace-compiler/air-infra/include/air/core/opcode_def.inc:56: Assertion Failure: Unexpected PRAGMA
/app/ace-compiler/air-infra/include/air/core/opcode_def.inc:56: Assertion Failure: Unexpected PRAGMA
/app/ace-compiler/air-infra/include/air/core/opcode_def.inc:56: Assertion Failure: Unexpected PRAGMA
/app/ace-compiler/air-infra/include/air/core/opcode_def.inc:56: Assertion Failure: Unexpected PRAGMA
/app/ace-compiler/air-infra/include/air/core/opcode_def.inc:68: Assertion Failure: Unexpected COMMENT
/app/ace-compiler/air-infra/include/air/core/opcode_def.inc:68: Assertion Failure: Unexpected COMMENT
/app/ace-compiler/air-infra/include/air/core/opcode_def.inc:56: Assertion Failure: Unexpected PRAGMA
/app/ace-compiler/air-infra/include/air/core/opcode_def.inc:56: Assertion Failure: Unexpected PRAGMA
/app/ace-compiler/air-infra/include/air/core/opcode_def.inc:56: Assertion Failure: Unexpected PRAGMA
/app/ace-compiler/air-infra/include/air/core/opcode_def.inc:56: Assertion Failure: Unexpected PRAGMA
/app/ace-compiler/air-infra/include/air/core/opcode_def.inc:68: Assertion Failure: Unexpected COMMENT
/app/ace-compiler/air-infra/include/air/core/opcode_def.inc:68: Assertion Failure: Unexpected COMMENT
/app/ace-compiler/air-infra/include/air/core/opcode_def.inc:56: Assertion Failure: Unexpected PRAGMA
/app/ace-compiler/air-infra/include/air/core/opcode_def.inc:56: Assertion Failure: Unexpected PRAGMA
/app/ace-compiler/air-infra/include/air/core/opcode_def.inc:56: Assertion Failure: Unexpected PRAGMA
/app/ace-compiler/air-infra/include/air/core/opcode_def.inc:56: Assertion Failure: Unexpected PRAGMA
/app/ace-compiler/air-infra/include/air/core/opcode_def.inc:68: Assertion Failure: Unexpected COMMENT
/app/ace-compiler/air-infra/include/air/core/opcode_def.inc:68: Assertion Failure: Unexpected COMMENT
/app/ace-compiler/air-infra/include/air/core/opcode_def.inc:56: Assertion Failure: Unexpected PRAGMA
/app/ace-compiler/air-infra/include/air/core/opcode_def.inc:56: Assertion Failure: Unexpected PRAGMA
/app/ace-compiler/air-infra/include/air/core/opcode_def.inc:56: Assertion Failure: Unexpected PRAGMA
/app/ace-compiler/air-infra/include/air/core/opcode_def.inc:56: Assertion Failure: Unexpected PRAGMA
/app/ace-compiler/air-infra/include/air/core/opcode_def.inc:68: Assertion Failure: Unexpected COMMENT
/app/ace-compiler/air-infra/include/air/core/opcode_def.inc:68: Assertion Failure: Unexpected COMMENT
/app/ace-compiler/air-infra/include/air/core/opcode_def.inc:56: Assertion Failure: Unexpected PRAGMA
/app/ace-compiler/air-infra/include/air/core/opcode_def.inc:56: Assertion Failure: Unexpected PRAGMA
/app/ace-compiler/air-infra/include/air/core/opcode_def.inc:56: Assertion Failure: Unexpected PRAGMA
/app/ace-compiler/air-infra/include/air/core/opcode_def.inc:56: Assertion Failure: Unexpected PRAGMA
/app/ace-compiler/air-infra/include/air/core/opcode_def.inc:68: Assertion Failure: Unexpected COMMENT
/app/ace-compiler/air-infra/include/air/core/opcode_def.inc:68: Assertion Failure: Unexpected COMMENT
/app/ace-compiler/air-infra/include/air/core/opcode_def.inc:56: Assertion Failure: Unexpected PRAGMA
/app/ace-compiler/air-infra/include/air/core/opcode_def.inc:56: Assertion Failure: Unexpected PRAGMA
/app/ace-compiler/air-infra/include/air/core/opcode_def.inc:56: Assertion Failure: Unexpected PRAGMA
/app/ace-compiler/air-infra/include/air/core/opcode_def.inc:56: Assertion Failure: Unexpected PRAGMA
/app/ace-compiler/air-infra/include/air/core/opcode_def.inc:68: Assertion Failure: Unexpected COMMENT
/app/ace-compiler/air-infra/include/air/core/opcode_def.inc:68: Assertion Failure: Unexpected COMMENT
/app/ace-compiler/air-infra/include/air/core/opcode_def.inc:56: Assertion Failure: Unexpected PRAGMA
/app/ace-compiler/air-infra/include/air/core/opcode_def.inc:56: Assertion Failure: Unexpected PRAGMA
/app/ace-compiler/air-infra/include/air/core/opcode_def.inc:56: Assertion Failure: Unexpected PRAGMA
/app/ace-compiler/air-infra/include/air/core/opcode_def.inc:56: Assertion Failure: Unexpected PRAGMA
/app/ace-compiler/air-infra/include/air/core/opcode_def.inc:68: Assertion Failure: Unexpected COMMENT
/app/ace-compiler/air-infra/include/air/core/opcode_def.inc:68: Assertion Failure: Unexpected COMMENT
/app/ace-compiler/air-infra/include/air/core/opcode_def.inc:56: Assertion Failure: Unexpected PRAGMA
/app/ace-compiler/air-infra/include/air/core/opcode_def.inc:56: Assertion Failure: Unexpected PRAGMA
/app/ace-compiler/air-infra/include/air/core/opcode_def.inc:56: Assertion Failure: Unexpected PRAGMA
/app/ace-compiler/air-infra/include/air/core/opcode_def.inc:56: Assertion Failure: Unexpected PRAGMA
/app/ace-compiler/air-infra/include/air/core/opcode_def.inc:68: Assertion Failure: Unexpected COMMENT
/app/ace-compiler/air-infra/include/air/core/opcode_def.inc:68: Assertion Failure: Unexpected COMMENT
/app/ace-compiler/air-infra/include/air/core/opcode_def.inc:56: Assertion Failure: Unexpected PRAGMA
/app/ace-compiler/air-infra/include/air/core/opcode_def.inc:56: Assertion Failure: Unexpected PRAGMA
/app/ace-compiler/air-infra/include/air/core/opcode_def.inc:56: Assertion Failure: Unexpected PRAGMA
/app/ace-compiler/air-infra/include/air/core/opcode_def.inc:56: Assertion Failure: Unexpected PRAGMA
/app/ace-compiler/air-infra/include/air/core/opcode_def.inc:68: Assertion Failure: Unexpected COMMENT
/app/ace-compiler/air-infra/include/air/core/opcode_def.inc:68: Assertion Failure: Unexpected COMMENT
/app/ace-compiler/air-infra/include/air/core/opcode_def.inc:56: Assertion Failure: Unexpected PRAGMA
/app/ace-compiler/air-infra/include/air/core/opcode_def.inc:56: Assertion Failure: Unexpected PRAGMA
/app/ace-compiler/air-infra/include/air/core/opcode_def.inc:56: Assertion Failure: Unexpected PRAGMA
/app/ace-compiler/air-infra/include/air/core/opcode_def.inc:56: Assertion Failure: Unexpected PRAGMA
/app/ace-compiler/air-infra/include/air/core/opcode_def.inc:68: Assertion Failure: Unexpected COMMENT
/app/ace-compiler/air-infra/include/air/core/opcode_def.inc:68: Assertion Failure: Unexpected COMMENT
/app/ace-compiler/air-infra/include/air/core/opcode_def.inc:56: Assertion Failure: Unexpected PRAGMA
/app/ace-compiler/air-infra/include/air/core/opcode_def.inc:56: Assertion Failure: Unexpected PRAGMA
/app/ace-compiler/air-infra/include/air/core/opcode_def.inc:56: Assertion Failure: Unexpected PRAGMA
/app/ace-compiler/air-infra/include/air/core/opcode_def.inc:56: Assertion Failure: Unexpected PRAGMA
/app/ace-compiler/air-infra/include/air/core/opcode_def.inc:68: Assertion Failure: Unexpected COMMENT
/app/ace-compiler/air-infra/include/air/core/opcode_def.inc:68: Assertion Failure: Unexpected COMMENT
/app/ace-compiler/air-infra/include/air/core/opcode_def.inc:56: Assertion Failure: Unexpected PRAGMA
/app/ace-compiler/air-infra/include/air/core/opcode_def.inc:56: Assertion Failure: Unexpected PRAGMA
/app/ace-compiler/air-infra/include/air/core/opcode_def.inc:56: Assertion Failure: Unexpected PRAGMA
/app/ace-compiler/air-infra/include/air/core/opcode_def.inc:56: Assertion Failure: Unexpected PRAGMA
/app/ace-compiler/air-infra/include/air/core/opcode_def.inc:68: Assertion Failure: Unexpected COMMENT
/app/ace-compiler/air-infra/include/air/core/opcode_def.inc:68: Assertion Failure: Unexpected COMMENT
/app/ace-compiler/air-infra/include/air/core/opcode_def.inc:56: Assertion Failure: Unexpected PRAGMA
/app/ace-compiler/air-infra/include/air/core/opcode_def.inc:56: Assertion Failure: Unexpected PRAGMA
/app/ace-compiler/air-infra/include/air/core/opcode_def.inc:56: Assertion Failure: Unexpected PRAGMA
/app/ace-compiler/air-infra/include/air/core/opcode_def.inc:56: Assertion Failure: Unexpected PRAGMA
/app/ace-compiler/air-infra/include/air/core/opcode_def.inc:68: Assertion Failure: Unexpected COMMENT
/app/ace-compiler/air-infra/include/air/core/opcode_def.inc:68: Assertion Failure: Unexpected COMMENT
/app/ace-compiler/air-infra/include/air/core/opcode_def.inc:56: Assertion Failure: Unexpected PRAGMA
/app/ace-compiler/air-infra/include/air/core/opcode_def.inc:56: Assertion Failure: Unexpected PRAGMA
/app/ace-compiler/air-infra/include/air/core/opcode_def.inc:56: Assertion Failure: Unexpected PRAGMA
/app/ace-compiler/air-infra/include/air/core/opcode_def.inc:56: Assertion Failure: Unexpected PRAGMA
/app/ace-compiler/air-infra/include/air/core/opcode_def.inc:68: Assertion Failure: Unexpected COMMENT
/app/ace-compiler/air-infra/include/air/core/opcode_def.inc:68: Assertion Failure: Unexpected COMMENT
/app/ace-compiler/air-infra/include/air/core/opcode_def.inc:56: Assertion Failure: Unexpected PRAGMA
/app/ace-compiler/air-infra/include/air/core/opcode_def.inc:56: Assertion Failure: Unexpected PRAGMA
/app/ace-compiler/air-infra/include/air/core/opcode_def.inc:56: Assertion Failure: Unexpected PRAGMA
/app/ace-compiler/air-infra/include/air/core/opcode_def.inc:56: Assertion Failure: Unexpected PRAGMA
/app/ace-compiler/air-infra/include/air/core/opcode_def.inc:68: Assertion Failure: Unexpected COMMENT
/app/ace-compiler/air-infra/include/air/core/opcode_def.inc:68: Assertion Failure: Unexpected COMMENT
/app/ace-compiler/air-infra/include/air/core/opcode_def.inc:56: Assertion Failure: Unexpected PRAGMA
/app/ace-compiler/air-infra/include/air/core/opcode_def.inc:56: Assertion Failure: Unexpected PRAGMA
/app/ace-compiler/air-infra/include/air/core/opcode_def.inc:56: Assertion Failure: Unexpected PRAGMA
/app/ace-compiler/air-infra/include/air/core/opcode_def.inc:56: Assertion Failure: Unexpected PRAGMA
/app/ace-compiler/air-infra/include/air/core/opcode_def.inc:68: Assertion Failure: Unexpected COMMENT
/app/ace-compiler/air-infra/include/air/core/opcode_def.inc:68: Assertion Failure: Unexpected COMMENT
/app/ace-compiler/air-infra/include/air/core/opcode_def.inc:56: Assertion Failure: Unexpected PRAGMA
/app/ace-compiler/air-infra/include/air/core/opcode_def.inc:56: Assertion Failure: Unexpected PRAGMA
/app/ace-compiler/air-infra/include/air/core/opcode_def.inc:56: Assertion Failure: Unexpected PRAGMA
/app/ace-compiler/air-infra/include/air/core/opcode_def.inc:56: Assertion Failure: Unexpected PRAGMA
/app/ace-compiler/air-infra/include/air/core/opcode_def.inc:68: Assertion Failure: Unexpected COMMENT
/app/ace-compiler/air-infra/include/air/core/opcode_def.inc:68: Assertion Failure: Unexpected COMMENT
/app/ace-compiler/air-infra/include/air/core/opcode_def.inc:56: Assertion Failure: Unexpected PRAGMA
/app/ace-compiler/air-infra/include/air/core/opcode_def.inc:56: Assertion Failure: Unexpected PRAGMA
/app/ace-compiler/air-infra/include/air/core/opcode_def.inc:56: Assertion Failure: Unexpected PRAGMA
/app/ace-compiler/air-infra/include/air/core/opcode_def.inc:56: Assertion Failure: Unexpected PRAGMA
/app/ace-compiler/air-infra/include/air/core/opcode_def.inc:68: Assertion Failure: Unexpected COMMENT
/app/ace-compiler/air-infra/include/air/core/opcode_def.inc:68: Assertion Failure: Unexpected COMMENT
/app/ace-compiler/air-infra/include/air/core/opcode_def.inc:56: Assertion Failure: Unexpected PRAGMA
/app/ace-compiler/air-infra/include/air/core/opcode_def.inc:56: Assertion Failure: Unexpected PRAGMA
/app/ace-compiler/air-infra/include/air/core/opcode_def.inc:56: Assertion Failure: Unexpected PRAGMA
/app/ace-compiler/air-infra/include/air/core/opcode_def.inc:56: Assertion Failure: Unexpected PRAGMA
/app/ace-compiler/air-infra/include/air/core/opcode_def.inc:68: Assertion Failure: Unexpected COMMENT
/app/ace-compiler/air-infra/include/air/core/opcode_def.inc:68: Assertion Failure: Unexpected COMMENT
/app/ace-compiler/air-infra/include/air/core/opcode_def.inc:56: Assertion Failure: Unexpected PRAGMA
/app/ace-compiler/air-infra/include/air/core/opcode_def.inc:56: Assertion Failure: Unexpected PRAGMA
/app/ace-compiler/air-infra/include/air/core/opcode_def.inc:56: Assertion Failure: Unexpected PRAGMA
/app/ace-compiler/air-infra/include/air/core/opcode_def.inc:56: Assertion Failure: Unexpected PRAGMA
/app/ace-compiler/air-infra/include/air/core/opcode_def.inc:68: Assertion Failure: Unexpected COMMENT
/app/ace-compiler/air-infra/include/air/core/opcode_def.inc:68: Assertion Failure: Unexpected COMMENT
/app/ace-compiler/air-infra/include/air/core/opcode_def.inc:56: Assertion Failure: Unexpected PRAGMA
/app/ace-compiler/air-infra/include/air/core/opcode_def.inc:56: Assertion Failure: Unexpected PRAGMA
/app/ace-compiler/air-infra/include/air/core/opcode_def.inc:56: Assertion Failure: Unexpected PRAGMA
/app/ace-compiler/air-infra/include/air/core/opcode_def.inc:56: Assertion Failure: Unexpected PRAGMA
/app/ace-compiler/air-infra/include/air/core/opcode_def.inc:68: Assertion Failure: Unexpected COMMENT
/app/ace-compiler/air-infra/include/air/core/opcode_def.inc:68: Assertion Failure: Unexpected COMMENT
/app/ace-compiler/air-infra/include/air/core/opcode_def.inc:56: Assertion Failure: Unexpected PRAGMA
/app/ace-compiler/air-infra/include/air/core/opcode_def.inc:56: Assertion Failure: Unexpected PRAGMA
/app/ace-compiler/air-infra/include/air/core/opcode_def.inc:56: Assertion Failure: Unexpected PRAGMA
/app/ace-compiler/air-infra/include/air/core/opcode_def.inc:56: Assertion Failure: Unexpected PRAGMA
/app/ace-compiler/air-infra/include/air/core/opcode_def.inc:68: Assertion Failure: Unexpected COMMENT
/app/ace-compiler/air-infra/include/air/core/opcode_def.inc:68: Assertion Failure: Unexpected COMMENT
/app/ace-compiler/air-infra/include/air/core/opcode_def.inc:56: Assertion Failure: Unexpected PRAGMA
/app/ace-compiler/air-infra/include/air/core/opcode_def.inc:56: Assertion Failure: Unexpected PRAGMA
/app/ace-compiler/air-infra/include/air/core/opcode_def.inc:56: Assertion Failure: Unexpected PRAGMA
/app/ace-compiler/air-infra/include/air/core/opcode_def.inc:56: Assertion Failure: Unexpected PRAGMA
/app/ace-compiler/air-infra/include/air/core/opcode_def.inc:68: Assertion Failure: Unexpected COMMENT
/app/ace-compiler/air-infra/include/air/core/opcode_def.inc:68: Assertion Failure: Unexpected COMMENT
/app/ace-compiler/air-infra/include/air/core/opcode_def.inc:56: Assertion Failure: Unexpected PRAGMA
/app/ace-compiler/air-infra/include/air/core/opcode_def.inc:56: Assertion Failure: Unexpected PRAGMA
/app/ace-compiler/air-infra/include/air/core/opcode_def.inc:56: Assertion Failure: Unexpected PRAGMA
/app/ace-compiler/air-infra/include/air/core/opcode_def.inc:56: Assertion Failure: Unexpected PRAGMA
/app/ace-compiler/air-infra/base/src/node.cxx:534: Assertion Failure: Do not call this API to change rtype.
/app/ace-compiler/air-infra/base/src/node.cxx:534: Assertion Failure: Do not call this API to change rtype.
/app/ace-compiler/air-infra/base/src/node.cxx:524: Assertion Failure: Do not call this API to change rtype.
/app/ace-compiler/air-infra/base/src/node.cxx:524: Assertion Failure: Do not call this API to change rtype.
/app/ace-compiler/air-infra/base/src/node.cxx:534: Assertion Failure: Do not call this API to change rtype.
/app/ace-compiler/air-infra/base/src/node.cxx:534: Assertion Failure: Do not call this API to change rtype.
/app/ace-compiler/air-infra/base/src/node.cxx:524: Assertion Failure: Do not call this API to change rtype.
/app/ace-compiler/air-infra/base/src/node.cxx:524: Assertion Failure: Do not call this API to change rtype.
/app/ace-compiler/air-infra/base/src/node.cxx:534: Assertion Failure: Do not call this API to change rtype.
/app/ace-compiler/air-infra/base/src/node.cxx:534: Assertion Failure: Do not call this API to change rtype.
/app/ace-compiler/air-infra/base/src/node.cxx:524: Assertion Failure: Do not call this API to change rtype.
/app/ace-compiler/air-infra/base/src/node.cxx:524: Assertion Failure: Do not call this API to change rtype.
/app/ace-compiler/air-infra/base/src/node.cxx:534: Assertion Failure: Do not call this API to change rtype.
/app/ace-compiler/air-infra/base/src/node.cxx:534: Assertion Failure: Do not call this API to change rtype.
/app/ace-compiler/air-infra/base/src/node.cxx:524: Assertion Failure: Do not call this API to change rtype.
/app/ace-compiler/air-infra/base/src/node.cxx:524: Assertion Failure: Do not call this API to change rtype.
/app/ace-compiler/air-infra/base/src/node.cxx:534: Assertion Failure: Do not call this API to change rtype.
/app/ace-compiler/air-infra/base/src/node.cxx:534: Assertion Failure: Do not call this API to change rtype.
/app/ace-compiler/air-infra/base/src/node.cxx:524: Assertion Failure: Do not call this API to change rtype.
/app/ace-compiler/air-infra/base/src/node.cxx:524: Assertion Failure: Do not call this API to change rtype.
width_block_data=12288
width_block_data=24576
width_block_data=16384
strided_slice fusion count: 3
total fusion count: 3
/app/ace-compiler/air-infra/include/air/core/opcode_def.inc:68: Assertion Failure: Unexpected COMMENT
/app/ace-compiler/air-infra/include/air/core/opcode_def.inc:68: Assertion Failure: Unexpected COMMENT
/app/ace-compiler/air-infra/include/air/core/opcode_def.inc:56: Assertion Failure: Unexpected PRAGMA
/app/ace-compiler/air-infra/include/air/core/opcode_def.inc:56: Assertion Failure: Unexpected PRAGMA
/app/ace-compiler/air-infra/include/air/core/opcode_def.inc:68: Assertion Failure: Unexpected COMMENT
/app/ace-compiler/air-infra/include/air/core/opcode_def.inc:68: Assertion Failure: Unexpected COMMENT
/app/ace-compiler/air-infra/include/air/core/opcode_def.inc:68: Assertion Failure: Unexpected COMMENT
/app/ace-compiler/air-infra/include/air/core/opcode_def.inc:68: Assertion Failure: Unexpected COMMENT
/app/ace-compiler/air-infra/include/air/core/opcode_def.inc:56: Assertion Failure: Unexpected PRAGMA
/app/ace-compiler/air-infra/include/air/core/opcode_def.inc:56: Assertion Failure: Unexpected PRAGMA
/app/ace-compiler/air-infra/include/air/core/opcode_def.inc:68: Assertion Failure: Unexpected COMMENT
/app/ace-compiler/air-infra/include/air/core/opcode_def.inc:68: Assertion Failure: Unexpected COMMENT
/app/ace-compiler/air-infra/include/air/core/opcode_def.inc:56: Assertion Failure: Unexpected PRAGMA
/app/ace-compiler/air-infra/include/air/core/opcode_def.inc:56: Assertion Failure: Unexpected PRAGMA
/app/ace-compiler/air-infra/include/air/core/opcode_def.inc:56: Assertion Failure: Unexpected PRAGMA
/app/ace-compiler/air-infra/include/air/core/opcode_def.inc:56: Assertion Failure: Unexpected PRAGMA
/app/ace-compiler/air-infra/include/air/core/opcode_def.inc:68: Assertion Failure: Unexpected COMMENT
/app/ace-compiler/air-infra/include/air/core/opcode_def.inc:68: Assertion Failure: Unexpected COMMENT
/app/ace-compiler/air-infra/include/air/core/opcode_def.inc:56: Assertion Failure: Unexpected PRAGMA
/app/ace-compiler/air-infra/include/air/core/opcode_def.inc:56: Assertion Failure: Unexpected PRAGMA
/app/ace-compiler/air-infra/include/air/core/opcode_def.inc:56: Assertion Failure: Unexpected PRAGMA
/app/ace-compiler/air-infra/include/air/core/opcode_def.inc:56: Assertion Failure: Unexpected PRAGMA
/app/ace-compiler/air-infra/include/air/core/opcode_def.inc:68: Assertion Failure: Unexpected COMMENT
/app/ace-compiler/air-infra/include/air/core/opcode_def.inc:68: Assertion Failure: Unexpected COMMENT
/app/ace-compiler/air-infra/include/air/core/opcode_def.inc:56: Assertion Failure: Unexpected PRAGMA
/app/ace-compiler/air-infra/include/air/core/opcode_def.inc:56: Assertion Failure: Unexpected PRAGMA
/app/ace-compiler/air-infra/include/air/core/opcode_def.inc:56: Assertion Failure: Unexpected PRAGMA
/app/ace-compiler/air-infra/include/air/core/opcode_def.inc:56: Assertion Failure: Unexpected PRAGMA
/app/ace-compiler/air-infra/include/air/core/opcode_def.inc:68: Assertion Failure: Unexpected COMMENT
/app/ace-compiler/air-infra/include/air/core/opcode_def.inc:68: Assertion Failure: Unexpected COMMENT
/app/ace-compiler/air-infra/include/air/core/opcode_def.inc:56: Assertion Failure: Unexpected PRAGMA
/app/ace-compiler/air-infra/include/air/core/opcode_def.inc:56: Assertion Failure: Unexpected PRAGMA
/app/ace-compiler/air-infra/include/air/core/opcode_def.inc:56: Assertion Failure: Unexpected PRAGMA
/app/ace-compiler/air-infra/include/air/core/opcode_def.inc:56: Assertion Failure: Unexpected PRAGMA
/app/ace-compiler/air-infra/include/air/core/opcode_def.inc:68: Assertion Failure: Unexpected COMMENT
/app/ace-compiler/air-infra/include/air/core/opcode_def.inc:68: Assertion Failure: Unexpected COMMENT
/app/ace-compiler/air-infra/include/air/core/opcode_def.inc:56: Assertion Failure: Unexpected PRAGMA
/app/ace-compiler/air-infra/include/air/core/opcode_def.inc:56: Assertion Failure: Unexpected PRAGMA
/app/ace-compiler/air-infra/include/air/core/opcode_def.inc:56: Assertion Failure: Unexpected PRAGMA
/app/ace-compiler/air-infra/include/air/core/opcode_def.inc:56: Assertion Failure: Unexpected PRAGMA
/app/ace-compiler/air-infra/include/air/core/opcode_def.inc:68: Assertion Failure: Unexpected COMMENT
/app/ace-compiler/air-infra/include/air/core/opcode_def.inc:68: Assertion Failure: Unexpected COMMENT
/app/ace-compiler/air-infra/include/air/core/opcode_def.inc:56: Assertion Failure: Unexpected PRAGMA
/app/ace-compiler/air-infra/include/air/core/opcode_def.inc:56: Assertion Failure: Unexpected PRAGMA
/app/ace-compiler/air-infra/include/air/core/opcode_def.inc:68: Assertion Failure: Unexpected COMMENT
/app/ace-compiler/air-infra/include/air/core/opcode_def.inc:68: Assertion Failure: Unexpected COMMENT
/app/ace-compiler/air-infra/include/air/core/opcode_def.inc:68: Assertion Failure: Unexpected COMMENT
/app/ace-compiler/air-infra/include/air/core/opcode_def.inc:68: Assertion Failure: Unexpected COMMENT
/app/ace-compiler/air-infra/include/air/core/opcode_def.inc:56: Assertion Failure: Unexpected PRAGMA
/app/ace-compiler/air-infra/include/air/core/opcode_def.inc:56: Assertion Failure: Unexpected PRAGMA
/app/ace-compiler/air-infra/include/air/core/opcode_def.inc:68: Assertion Failure: Unexpected COMMENT
/app/ace-compiler/air-infra/include/air/core/opcode_def.inc:68: Assertion Failure: Unexpected COMMENT
/app/ace-compiler/air-infra/include/air/core/opcode_def.inc:56: Assertion Failure: Unexpected PRAGMA
/app/ace-compiler/air-infra/include/air/core/opcode_def.inc:56: Assertion Failure: Unexpected PRAGMA
/app/ace-compiler/air-infra/include/air/core/opcode_def.inc:56: Assertion Failure: Unexpected PRAGMA
/app/ace-compiler/air-infra/include/air/core/opcode_def.inc:56: Assertion Failure: Unexpected PRAGMA
/app/ace-compiler/air-infra/include/air/core/opcode_def.inc:68: Assertion Failure: Unexpected COMMENT
/app/ace-compiler/air-infra/include/air/core/opcode_def.inc:68: Assertion Failure: Unexpected COMMENT
/app/ace-compiler/air-infra/include/air/core/opcode_def.inc:56: Assertion Failure: Unexpected PRAGMA
/app/ace-compiler/air-infra/include/air/core/opcode_def.inc:56: Assertion Failure: Unexpected PRAGMA
/app/ace-compiler/air-infra/include/air/core/opcode_def.inc:56: Assertion Failure: Unexpected PRAGMA
/app/ace-compiler/air-infra/include/air/core/opcode_def.inc:56: Assertion Failure: Unexpected PRAGMA
/app/ace-compiler/air-infra/include/air/core/opcode_def.inc:68: Assertion Failure: Unexpected COMMENT
/app/ace-compiler/air-infra/include/air/core/opcode_def.inc:68: Assertion Failure: Unexpected COMMENT
/app/ace-compiler/air-infra/include/air/core/opcode_def.inc:56: Assertion Failure: Unexpected PRAGMA
/app/ace-compiler/air-infra/include/air/core/opcode_def.inc:56: Assertion Failure: Unexpected PRAGMA
/app/ace-compiler/air-infra/include/air/core/opcode_def.inc:56: Assertion Failure: Unexpected PRAGMA
/app/ace-compiler/air-infra/include/air/core/opcode_def.inc:56: Assertion Failure: Unexpected PRAGMA
/app/ace-compiler/air-infra/include/air/core/opcode_def.inc:68: Assertion Failure: Unexpected COMMENT
/app/ace-compiler/air-infra/include/air/core/opcode_def.inc:68: Assertion Failure: Unexpected COMMENT
/app/ace-compiler/air-infra/include/air/core/opcode_def.inc:56: Assertion Failure: Unexpected PRAGMA
/app/ace-compiler/air-infra/include/air/core/opcode_def.inc:56: Assertion Failure: Unexpected PRAGMA
/app/ace-compiler/air-infra/include/air/core/opcode_def.inc:56: Assertion Failure: Unexpected PRAGMA
/app/ace-compiler/air-infra/include/air/core/opcode_def.inc:56: Assertion Failure: Unexpected PRAGMA
/app/ace-compiler/air-infra/include/air/core/opcode_def.inc:68: Assertion Failure: Unexpected COMMENT
/app/ace-compiler/air-infra/include/air/core/opcode_def.inc:68: Assertion Failure: Unexpected COMMENT
/app/ace-compiler/air-infra/include/air/core/opcode_def.inc:56: Assertion Failure: Unexpected PRAGMA
/app/ace-compiler/air-infra/include/air/core/opcode_def.inc:56: Assertion Failure: Unexpected PRAGMA
/app/ace-compiler/air-infra/include/air/core/opcode_def.inc:56: Assertion Failure: Unexpected PRAGMA
/app/ace-compiler/air-infra/include/air/core/opcode_def.inc:56: Assertion Failure: Unexpected PRAGMA
/app/ace-compiler/air-infra/include/air/core/opcode_def.inc:68: Assertion Failure: Unexpected COMMENT
/app/ace-compiler/air-infra/include/air/core/opcode_def.inc:68: Assertion Failure: Unexpected COMMENT
/app/ace-compiler/air-infra/include/air/core/opcode_def.inc:56: Assertion Failure: Unexpected PRAGMA
/app/ace-compiler/air-infra/include/air/core/opcode_def.inc:56: Assertion Failure: Unexpected PRAGMA
/app/ace-compiler/air-infra/include/air/core/opcode_def.inc:68: Assertion Failure: Unexpected COMMENT
/app/ace-compiler/air-infra/include/air/core/opcode_def.inc:68: Assertion Failure: Unexpected COMMENT
/app/ace-compiler/air-infra/include/air/core/opcode_def.inc:68: Assertion Failure: Unexpected COMMENT
/app/ace-compiler/air-infra/include/air/core/opcode_def.inc:68: Assertion Failure: Unexpected COMMENT
/app/ace-compiler/air-infra/include/air/core/opcode_def.inc:56: Assertion Failure: Unexpected PRAGMA
/app/ace-compiler/air-infra/include/air/core/opcode_def.inc:56: Assertion Failure: Unexpected PRAGMA
/app/ace-compiler/air-infra/include/air/core/opcode_def.inc:68: Assertion Failure: Unexpected COMMENT
/app/ace-compiler/air-infra/include/air/core/opcode_def.inc:68: Assertion Failure: Unexpected COMMENT
/app/ace-compiler/air-infra/include/air/core/opcode_def.inc:56: Assertion Failure: Unexpected PRAGMA
/app/ace-compiler/air-infra/include/air/core/opcode_def.inc:56: Assertion Failure: Unexpected PRAGMA
/app/ace-compiler/air-infra/include/air/core/opcode_def.inc:56: Assertion Failure: Unexpected PRAGMA
/app/ace-compiler/air-infra/include/air/core/opcode_def.inc:56: Assertion Failure: Unexpected PRAGMA
/app/ace-compiler/air-infra/include/air/core/opcode_def.inc:68: Assertion Failure: Unexpected COMMENT
/app/ace-compiler/air-infra/include/air/core/opcode_def.inc:68: Assertion Failure: Unexpected COMMENT
/app/ace-compiler/air-infra/include/air/core/opcode_def.inc:56: Assertion Failure: Unexpected PRAGMA
/app/ace-compiler/air-infra/include/air/core/opcode_def.inc:56: Assertion Failure: Unexpected PRAGMA
/app/ace-compiler/air-infra/include/air/core/opcode_def.inc:56: Assertion Failure: Unexpected PRAGMA
/app/ace-compiler/air-infra/include/air/core/opcode_def.inc:56: Assertion Failure: Unexpected PRAGMA
/app/ace-compiler/air-infra/include/air/core/opcode_def.inc:68: Assertion Failure: Unexpected COMMENT
/app/ace-compiler/air-infra/include/air/core/opcode_def.inc:68: Assertion Failure: Unexpected COMMENT
/app/ace-compiler/air-infra/include/air/core/opcode_def.inc:56: Assertion Failure: Unexpected PRAGMA
/app/ace-compiler/air-infra/include/air/core/opcode_def.inc:56: Assertion Failure: Unexpected PRAGMA
/app/ace-compiler/air-infra/include/air/core/opcode_def.inc:56: Assertion Failure: Unexpected PRAGMA
/app/ace-compiler/air-infra/include/air/core/opcode_def.inc:56: Assertion Failure: Unexpected PRAGMA
/app/ace-compiler/air-infra/include/air/core/opcode_def.inc:68: Assertion Failure: Unexpected COMMENT
/app/ace-compiler/air-infra/include/air/core/opcode_def.inc:68: Assertion Failure: Unexpected COMMENT
/app/ace-compiler/air-infra/include/air/core/opcode_def.inc:56: Assertion Failure: Unexpected PRAGMA
/app/ace-compiler/air-infra/include/air/core/opcode_def.inc:56: Assertion Failure: Unexpected PRAGMA
/app/ace-compiler/air-infra/include/air/core/opcode_def.inc:56: Assertion Failure: Unexpected PRAGMA
/app/ace-compiler/air-infra/include/air/core/opcode_def.inc:56: Assertion Failure: Unexpected PRAGMA
/app/ace-compiler/air-infra/include/air/core/opcode_def.inc:68: Assertion Failure: Unexpected COMMENT
/app/ace-compiler/air-infra/include/air/core/opcode_def.inc:68: Assertion Failure: Unexpected COMMENT
/app/ace-compiler/air-infra/include/air/core/opcode_def.inc:56: Assertion Failure: Unexpected PRAGMA
/app/ace-compiler/air-infra/include/air/core/opcode_def.inc:56: Assertion Failure: Unexpected PRAGMA
/app/ace-compiler/air-infra/include/air/core/opcode_def.inc:56: Assertion Failure: Unexpected PRAGMA
/app/ace-compiler/air-infra/include/air/core/opcode_def.inc:56: Assertion Failure: Unexpected PRAGMA
/app/ace-compiler/air-infra/include/air/core/opcode_def.inc:68: Assertion Failure: Unexpected COMMENT
/app/ace-compiler/air-infra/include/air/core/opcode_def.inc:68: Assertion Failure: Unexpected COMMENT
/app/ace-compiler/air-infra/include/air/core/opcode_def.inc:56: Assertion Failure: Unexpected PRAGMA
/app/ace-compiler/air-infra/include/air/core/opcode_def.inc:56: Assertion Failure: Unexpected PRAGMA
/app/ace-compiler/air-infra/include/air/core/opcode_def.inc:56: Assertion Failure: Unexpected PRAGMA
/app/ace-compiler/air-infra/include/air/core/opcode_def.inc:56: Assertion Failure: Unexpected PRAGMA
/app/ace-compiler/air-infra/include/air/core/opcode_def.inc:68: Assertion Failure: Unexpected COMMENT
/app/ace-compiler/air-infra/include/air/core/opcode_def.inc:68: Assertion Failure: Unexpected COMMENT
/app/ace-compiler/air-infra/include/air/core/opcode_def.inc:56: Assertion Failure: Unexpected PRAGMA
/app/ace-compiler/air-infra/include/air/core/opcode_def.inc:56: Assertion Failure: Unexpected PRAGMA
/app/ace-compiler/air-infra/include/air/core/opcode_def.inc:56: Assertion Failure: Unexpected PRAGMA
/app/ace-compiler/air-infra/include/air/core/opcode_def.inc:56: Assertion Failure: Unexpected PRAGMA
/app/ace-compiler/air-infra/include/air/core/opcode_def.inc:68: Assertion Failure: Unexpected COMMENT
/app/ace-compiler/air-infra/include/air/core/opcode_def.inc:68: Assertion Failure: Unexpected COMMENT
/app/ace-compiler/air-infra/include/air/core/opcode_def.inc:56: Assertion Failure: Unexpected PRAGMA
/app/ace-compiler/air-infra/include/air/core/opcode_def.inc:56: Assertion Failure: Unexpected PRAGMA
/app/ace-compiler/air-infra/include/air/core/opcode_def.inc:56: Assertion Failure: Unexpected PRAGMA
/app/ace-compiler/air-infra/include/air/core/opcode_def.inc:56: Assertion Failure: Unexpected PRAGMA
/app/ace-compiler/air-infra/include/air/core/opcode_def.inc:68: Assertion Failure: Unexpected COMMENT
/app/ace-compiler/air-infra/include/air/core/opcode_def.inc:68: Assertion Failure: Unexpected COMMENT
/app/ace-compiler/air-infra/include/air/core/opcode_def.inc:56: Assertion Failure: Unexpected PRAGMA
/app/ace-compiler/air-infra/include/air/core/opcode_def.inc:56: Assertion Failure: Unexpected PRAGMA
/app/ace-compiler/air-infra/include/air/core/opcode_def.inc:56: Assertion Failure: Unexpected PRAGMA
/app/ace-compiler/air-infra/include/air/core/opcode_def.inc:56: Assertion Failure: Unexpected PRAGMA
/app/ace-compiler/air-infra/include/air/core/opcode_def.inc:68: Assertion Failure: Unexpected COMMENT
/app/ace-compiler/air-infra/include/air/core/opcode_def.inc:68: Assertion Failure: Unexpected COMMENT
/app/ace-compiler/air-infra/include/air/core/opcode_def.inc:56: Assertion Failure: Unexpected PRAGMA
/app/ace-compiler/air-infra/include/air/core/opcode_def.inc:56: Assertion Failure: Unexpected PRAGMA
/app/ace-compiler/air-infra/include/air/core/opcode_def.inc:68: Assertion Failure: Unexpected COMMENT
/app/ace-compiler/air-infra/include/air/core/opcode_def.inc:68: Assertion Failure: Unexpected COMMENT
/app/ace-compiler/air-infra/include/air/core/opcode_def.inc:68: Assertion Failure: Unexpected COMMENT
/app/ace-compiler/air-infra/include/air/core/opcode_def.inc:68: Assertion Failure: Unexpected COMMENT
/app/ace-compiler/air-infra/include/air/core/opcode_def.inc:56: Assertion Failure: Unexpected PRAGMA
/app/ace-compiler/air-infra/include/air/core/opcode_def.inc:56: Assertion Failure: Unexpected PRAGMA
/app/ace-compiler/air-infra/include/air/core/opcode_def.inc:68: Assertion Failure: Unexpected COMMENT
/app/ace-compiler/air-infra/include/air/core/opcode_def.inc:68: Assertion Failure: Unexpected COMMENT
/app/ace-compiler/air-infra/include/air/core/opcode_def.inc:56: Assertion Failure: Unexpected PRAGMA
/app/ace-compiler/air-infra/include/air/core/opcode_def.inc:56: Assertion Failure: Unexpected PRAGMA
/app/ace-compiler/air-infra/include/air/core/opcode_def.inc:56: Assertion Failure: Unexpected PRAGMA
/app/ace-compiler/air-infra/include/air/core/opcode_def.inc:56: Assertion Failure: Unexpected PRAGMA
/app/ace-compiler/air-infra/include/air/core/opcode_def.inc:68: Assertion Failure: Unexpected COMMENT
/app/ace-compiler/air-infra/include/air/core/opcode_def.inc:68: Assertion Failure: Unexpected COMMENT
/app/ace-compiler/air-infra/include/air/core/opcode_def.inc:56: Assertion Failure: Unexpected PRAGMA
/app/ace-compiler/air-infra/include/air/core/opcode_def.inc:56: Assertion Failure: Unexpected PRAGMA
/app/ace-compiler/air-infra/include/air/core/opcode_def.inc:56: Assertion Failure: Unexpected PRAGMA
/app/ace-compiler/air-infra/include/air/core/opcode_def.inc:56: Assertion Failure: Unexpected PRAGMA
/app/ace-compiler/air-infra/include/air/core/opcode_def.inc:68: Assertion Failure: Unexpected COMMENT
/app/ace-compiler/air-infra/include/air/core/opcode_def.inc:68: Assertion Failure: Unexpected COMMENT
/app/ace-compiler/air-infra/include/air/core/opcode_def.inc:56: Assertion Failure: Unexpected PRAGMA
/app/ace-compiler/air-infra/include/air/core/opcode_def.inc:56: Assertion Failure: Unexpected PRAGMA
/app/ace-compiler/air-infra/include/air/core/opcode_def.inc:56: Assertion Failure: Unexpected PRAGMA
/app/ace-compiler/air-infra/include/air/core/opcode_def.inc:56: Assertion Failure: Unexpected PRAGMA
/app/ace-compiler/air-infra/include/air/core/opcode_def.inc:68: Assertion Failure: Unexpected COMMENT
/app/ace-compiler/air-infra/include/air/core/opcode_def.inc:68: Assertion Failure: Unexpected COMMENT
/app/ace-compiler/air-infra/include/air/core/opcode_def.inc:56: Assertion Failure: Unexpected PRAGMA
/app/ace-compiler/air-infra/include/air/core/opcode_def.inc:56: Assertion Failure: Unexpected PRAGMA
/app/ace-compiler/air-infra/include/air/core/opcode_def.inc:56: Assertion Failure: Unexpected PRAGMA
/app/ace-compiler/air-infra/include/air/core/opcode_def.inc:56: Assertion Failure: Unexpected PRAGMA
/app/ace-compiler/air-infra/include/air/core/opcode_def.inc:68: Assertion Failure: Unexpected COMMENT
/app/ace-compiler/air-infra/include/air/core/opcode_def.inc:68: Assertion Failure: Unexpected COMMENT
/app/ace-compiler/air-infra/include/air/core/opcode_def.inc:56: Assertion Failure: Unexpected PRAGMA
/app/ace-compiler/air-infra/include/air/core/opcode_def.inc:56: Assertion Failure: Unexpected PRAGMA
/app/ace-compiler/air-infra/include/air/core/opcode_def.inc:56: Assertion Failure: Unexpected PRAGMA
/app/ace-compiler/air-infra/include/air/core/opcode_def.inc:56: Assertion Failure: Unexpected PRAGMA
/app/ace-compiler/air-infra/include/air/core/opcode_def.inc:68: Assertion Failure: Unexpected COMMENT
/app/ace-compiler/air-infra/include/air/core/opcode_def.inc:68: Assertion Failure: Unexpected COMMENT
/app/ace-compiler/air-infra/include/air/core/opcode_def.inc:56: Assertion Failure: Unexpected PRAGMA
/app/ace-compiler/air-infra/include/air/core/opcode_def.inc:56: Assertion Failure: Unexpected PRAGMA
/app/ace-compiler/air-infra/include/air/core/opcode_def.inc:56: Assertion Failure: Unexpected PRAGMA
/app/ace-compiler/air-infra/include/air/core/opcode_def.inc:56: Assertion Failure: Unexpected PRAGMA
/app/ace-compiler/air-infra/include/air/core/opcode_def.inc:68: Assertion Failure: Unexpected COMMENT
/app/ace-compiler/air-infra/include/air/core/opcode_def.inc:68: Assertion Failure: Unexpected COMMENT
/app/ace-compiler/air-infra/include/air/core/opcode_def.inc:56: Assertion Failure: Unexpected PRAGMA
/app/ace-compiler/air-infra/include/air/core/opcode_def.inc:56: Assertion Failure: Unexpected PRAGMA
/app/ace-compiler/air-infra/include/air/core/opcode_def.inc:68: Assertion Failure: Unexpected COMMENT
/app/ace-compiler/air-infra/include/air/core/opcode_def.inc:68: Assertion Failure: Unexpected COMMENT
/app/ace-compiler/air-infra/include/air/core/opcode_def.inc:68: Assertion Failure: Unexpected COMMENT
/app/ace-compiler/air-infra/include/air/core/opcode_def.inc:68: Assertion Failure: Unexpected COMMENT
/app/ace-compiler/air-infra/include/air/core/opcode_def.inc:68: Assertion Failure: Unexpected COMMENT
/app/ace-compiler/air-infra/include/air/core/opcode_def.inc:68: Assertion Failure: Unexpected COMMENT
/app/ace-compiler/air-infra/include/air/core/opcode_def.inc:68: Assertion Failure: Unexpected COMMENT
/app/ace-compiler/air-infra/include/air/core/opcode_def.inc:68: Assertion Failure: Unexpected COMMENT
/app/ace-compiler/air-infra/include/air/core/opcode_def.inc:68: Assertion Failure: Unexpected COMMENT
/app/ace-compiler/air-infra/include/air/core/opcode_def.inc:68: Assertion Failure: Unexpected COMMENT
/app/ace-compiler/air-infra/include/air/core/opcode_def.inc:68: Assertion Failure: Unexpected COMMENT
/app/ace-compiler/air-infra/include/air/core/opcode_def.inc:68: Assertion Failure: Unexpected COMMENT
/app/ace-compiler/air-infra/include/air/core/opcode_def.inc:56: Assertion Failure: Unexpected PRAGMA
/app/ace-compiler/air-infra/include/air/core/opcode_def.inc:56: Assertion Failure: Unexpected PRAGMA
/app/ace-compiler/air-infra/include/air/core/opcode_def.inc:68: Assertion Failure: Unexpected COMMENT
/app/ace-compiler/air-infra/include/air/core/opcode_def.inc:68: Assertion Failure: Unexpected COMMENT
/app/ace-compiler/air-infra/include/air/core/opcode_def.inc:56: Assertion Failure: Unexpected PRAGMA
/app/ace-compiler/air-infra/include/air/core/opcode_def.inc:56: Assertion Failure: Unexpected PRAGMA
/app/ace-compiler/air-infra/include/air/core/opcode_def.inc:56: Assertion Failure: Unexpected PRAGMA
/app/ace-compiler/air-infra/include/air/core/opcode_def.inc:56: Assertion Failure: Unexpected PRAGMA
/app/ace-compiler/air-infra/include/air/core/opcode_def.inc:68: Assertion Failure: Unexpected COMMENT
/app/ace-compiler/air-infra/include/air/core/opcode_def.inc:68: Assertion Failure: Unexpected COMMENT
/app/ace-compiler/air-infra/include/air/core/opcode_def.inc:56: Assertion Failure: Unexpected PRAGMA
/app/ace-compiler/air-infra/include/air/core/opcode_def.inc:56: Assertion Failure: Unexpected PRAGMA
/app/ace-compiler/air-infra/include/air/core/opcode_def.inc:56: Assertion Failure: Unexpected PRAGMA
/app/ace-compiler/air-infra/include/air/core/opcode_def.inc:56: Assertion Failure: Unexpected PRAGMA
/app/ace-compiler/air-infra/include/air/core/opcode_def.inc:68: Assertion Failure: Unexpected COMMENT
/app/ace-compiler/air-infra/include/air/core/opcode_def.inc:68: Assertion Failure: Unexpected COMMENT
/app/ace-compiler/air-infra/include/air/core/opcode_def.inc:56: Assertion Failure: Unexpected PRAGMA
/app/ace-compiler/air-infra/include/air/core/opcode_def.inc:56: Assertion Failure: Unexpected PRAGMA
/app/ace-compiler/air-infra/include/air/core/opcode_def.inc:56: Assertion Failure: Unexpected PRAGMA
/app/ace-compiler/air-infra/include/air/core/opcode_def.inc:56: Assertion Failure: Unexpected PRAGMA
/app/ace-compiler/air-infra/include/air/core/opcode_def.inc:68: Assertion Failure: Unexpected COMMENT
/app/ace-compiler/air-infra/include/air/core/opcode_def.inc:68: Assertion Failure: Unexpected COMMENT
/app/ace-compiler/air-infra/include/air/core/opcode_def.inc:56: Assertion Failure: Unexpected PRAGMA
/app/ace-compiler/air-infra/include/air/core/opcode_def.inc:56: Assertion Failure: Unexpected PRAGMA
/app/ace-compiler/air-infra/include/air/core/opcode_def.inc:56: Assertion Failure: Unexpected PRAGMA
/app/ace-compiler/air-infra/include/air/core/opcode_def.inc:56: Assertion Failure: Unexpected PRAGMA
/app/ace-compiler/air-infra/include/air/core/opcode_def.inc:68: Assertion Failure: Unexpected COMMENT
/app/ace-compiler/air-infra/include/air/core/opcode_def.inc:68: Assertion Failure: Unexpected COMMENT
/app/ace-compiler/air-infra/include/air/core/opcode_def.inc:56: Assertion Failure: Unexpected PRAGMA
/app/ace-compiler/air-infra/include/air/core/opcode_def.inc:56: Assertion Failure: Unexpected PRAGMA
/app/ace-compiler/air-infra/include/air/core/opcode_def.inc:68: Assertion Failure: Unexpected COMMENT
/app/ace-compiler/air-infra/include/air/core/opcode_def.inc:68: Assertion Failure: Unexpected COMMENT
/app/ace-compiler/air-infra/include/air/core/opcode_def.inc:68: Assertion Failure: Unexpected COMMENT
/app/ace-compiler/air-infra/include/air/core/opcode_def.inc:68: Assertion Failure: Unexpected COMMENT
/app/ace-compiler/air-infra/include/air/core/opcode_def.inc:68: Assertion Failure: Unexpected COMMENT
/app/ace-compiler/air-infra/include/air/core/opcode_def.inc:68: Assertion Failure: Unexpected COMMENT
/app/ace-compiler/air-infra/include/air/core/opcode_def.inc:68: Assertion Failure: Unexpected COMMENT
/app/ace-compiler/air-infra/include/air/core/opcode_def.inc:68: Assertion Failure: Unexpected COMMENT
/app/ace-compiler/air-infra/include/air/core/opcode_def.inc:68: Assertion Failure: Unexpected COMMENT
/app/ace-compiler/air-infra/include/air/core/opcode_def.inc:68: Assertion Failure: Unexpected COMMENT
/app/ace-compiler/air-infra/include/air/core/opcode_def.inc:68: Assertion Failure: Unexpected COMMENT
/app/ace-compiler/air-infra/include/air/core/opcode_def.inc:68: Assertion Failure: Unexpected COMMENT
/app/ace-compiler/air-infra/include/air/core/opcode_def.inc:56: Assertion Failure: Unexpected PRAGMA
/app/ace-compiler/air-infra/include/air/core/opcode_def.inc:56: Assertion Failure: Unexpected PRAGMA
/app/ace-compiler/air-infra/include/air/core/opcode_def.inc:68: Assertion Failure: Unexpected COMMENT
/app/ace-compiler/air-infra/include/air/core/opcode_def.inc:68: Assertion Failure: Unexpected COMMENT
/app/ace-compiler/air-infra/include/air/core/opcode_def.inc:56: Assertion Failure: Unexpected PRAGMA
/app/ace-compiler/air-infra/include/air/core/opcode_def.inc:56: Assertion Failure: Unexpected PRAGMA
/app/ace-compiler/air-infra/include/air/core/opcode_def.inc:56: Assertion Failure: Unexpected PRAGMA
/app/ace-compiler/air-infra/include/air/core/opcode_def.inc:56: Assertion Failure: Unexpected PRAGMA
/app/ace-compiler/air-infra/include/air/core/opcode_def.inc:68: Assertion Failure: Unexpected COMMENT
/app/ace-compiler/air-infra/include/air/core/opcode_def.inc:68: Assertion Failure: Unexpected COMMENT
/app/ace-compiler/air-infra/include/air/core/opcode_def.inc:56: Assertion Failure: Unexpected PRAGMA
/app/ace-compiler/air-infra/include/air/core/opcode_def.inc:56: Assertion Failure: Unexpected PRAGMA
/app/ace-compiler/air-infra/include/air/core/opcode_def.inc:56: Assertion Failure: Unexpected PRAGMA
/app/ace-compiler/air-infra/include/air/core/opcode_def.inc:56: Assertion Failure: Unexpected PRAGMA
/app/ace-compiler/air-infra/include/air/core/opcode_def.inc:68: Assertion Failure: Unexpected COMMENT
/app/ace-compiler/air-infra/include/air/core/opcode_def.inc:68: Assertion Failure: Unexpected COMMENT
/app/ace-compiler/air-infra/include/air/core/opcode_def.inc:56: Assertion Failure: Unexpected PRAGMA
/app/ace-compiler/air-infra/include/air/core/opcode_def.inc:56: Assertion Failure: Unexpected PRAGMA
/app/ace-compiler/air-infra/include/air/core/opcode_def.inc:56: Assertion Failure: Unexpected PRAGMA
/app/ace-compiler/air-infra/include/air/core/opcode_def.inc:56: Assertion Failure: Unexpected PRAGMA
/app/ace-compiler/air-infra/include/air/core/opcode_def.inc:68: Assertion Failure: Unexpected COMMENT
/app/ace-compiler/air-infra/include/air/core/opcode_def.inc:68: Assertion Failure: Unexpected COMMENT
/app/ace-compiler/air-infra/include/air/core/opcode_def.inc:56: Assertion Failure: Unexpected PRAGMA
/app/ace-compiler/air-infra/include/air/core/opcode_def.inc:56: Assertion Failure: Unexpected PRAGMA
/app/ace-compiler/air-infra/include/air/core/opcode_def.inc:56: Assertion Failure: Unexpected PRAGMA
/app/ace-compiler/air-infra/include/air/core/opcode_def.inc:56: Assertion Failure: Unexpected PRAGMA
/app/ace-compiler/air-infra/include/air/core/opcode_def.inc:68: Assertion Failure: Unexpected COMMENT
/app/ace-compiler/air-infra/include/air/core/opcode_def.inc:68: Assertion Failure: Unexpected COMMENT
/app/ace-compiler/air-infra/include/air/core/opcode_def.inc:56: Assertion Failure: Unexpected PRAGMA
/app/ace-compiler/air-infra/include/air/core/opcode_def.inc:56: Assertion Failure: Unexpected PRAGMA
/app/ace-compiler/air-infra/include/air/core/opcode_def.inc:68: Assertion Failure: Unexpected COMMENT
/app/ace-compiler/air-infra/include/air/core/opcode_def.inc:68: Assertion Failure: Unexpected COMMENT
/app/ace-compiler/air-infra/include/air/core/opcode_def.inc:68: Assertion Failure: Unexpected COMMENT
/app/ace-compiler/air-infra/include/air/core/opcode_def.inc:68: Assertion Failure: Unexpected COMMENT
/app/ace-compiler/air-infra/include/air/core/opcode_def.inc:68: Assertion Failure: Unexpected COMMENT
/app/ace-compiler/air-infra/include/air/core/opcode_def.inc:68: Assertion Failure: Unexpected COMMENT
/app/ace-compiler/air-infra/include/air/core/opcode_def.inc:68: Assertion Failure: Unexpected COMMENT
/app/ace-compiler/air-infra/include/air/core/opcode_def.inc:68: Assertion Failure: Unexpected COMMENT
/app/ace-compiler/air-infra/include/air/core/opcode_def.inc:68: Assertion Failure: Unexpected COMMENT
/app/ace-compiler/air-infra/include/air/core/opcode_def.inc:68: Assertion Failure: Unexpected COMMENT
/app/ace-compiler/air-infra/include/air/core/opcode_def.inc:68: Assertion Failure: Unexpected COMMENT
/app/ace-compiler/air-infra/include/air/core/opcode_def.inc:68: Assertion Failure: Unexpected COMMENT
/app/ace-compiler/air-infra/include/air/core/opcode_def.inc:56: Assertion Failure: Unexpected PRAGMA
/app/ace-compiler/air-infra/include/air/core/opcode_def.inc:56: Assertion Failure: Unexpected PRAGMA

real	0m7.052s
user	0m3.289s
sys	0m3.739s

real	0m0.323s
user	0m0.286s
sys	0m0.036s
ckks_param: _provider = 0, _poly_degree = 131072, mul_depth = 24, input_lev = 10, _first_mod_size = 60, _scaling_mod_size = 59, _num_q_parts = 3, _num_p = 9, _num_rot_idx = 414,_hamming_weight = 192
input(tensor): [
 -0.050146 -0.079288 -0.022350 0.036728 0.096845 -0.076691 -0.086650 0.084982 0.060028 0.061916 -0.075107 -0.034158 0.036927 0.045940 -0.093897 0.081103 0.034421 0.021153 0.035348 0.089851 0.089754 -0.022712 -0.094038 -0.006049 -0.099582 -0.071859 0.076644 0.007954 -0.086922 -0.072097 -0.032448 -0.079604
 -0.029530 0.056333 0.042695 0.059280 -0.041772 0.058607 -0.008934 0.080795 -0.039848 -0.062813 0.051613 0.091499 -0.049710 0.013797 -0.016274 -0.063784 -0.072222 -0.084415 0.088378 -0.071245 -0.080161 -0.088739 0.079224 -0.003896 0.089124 -0.024485 -0.054959 -0.019687 0.093581 -0.066466 0.060230 0.059650
 -0.005343 -0.042337 -0.021182 0.021990 0.064005 -0.023729 0.011700 -0.031551 0.080825 -0.025494 -0.063698 0.046693 0.022890 0.058115 0.011894 -0.010655 -0.097455 -0.083884 0.012836 -0.004715 -0.019272 -0.012837 -0.086697 0.097112 -0.064875 -0.031865 0.087737 0.083223 0.075719 -0.007062 0.076116 0.027147
 -0.033671 -0.015567 0.086931 0.087512 0.040076 0.065628 0.002761 0.008843 -0.039601 -0.019112 -0.021194 -0.046401 0.006318 -0.088304 0.016780 0.011009 0.094603 -0.087951 0.076819 0.094591 0.078099 0.047498 0.089622 -0.043844 0.029865 -0.024089 -0.098520 -0.024604 -0.034643 0.080895 -0.022158 0.094580
 -0.075505 -0.095097 -0.063651 0.033760 -0.026055 0.095974 0.012296 -0.097354 -0.050322 0.004091 -0.099443 -0.031759 -0.093510 0.076774 0.012252 0.025049 0.091974 0.061700 0.028316 0.002880 0.034421 0.063530 -0.060858 -0.098153 0.030792 -0.076097 0.073547 -0.032331 0.012328 -0.031590 -0.017281 -0.021888
 0.028876 0.008626 -0.026130 0.014089 -0.085432 0.061847 0.006374 0.096916 0.039500 -0.060368 -0.064946 -0.061429 -0.034172 0.041306 0.050808 -0.053395 -0.026832 -0.044559 0.084459 -0.080287 -0.058862 -0.098178 0.079268 -0.058745 -0.060705 0.008743 -0.077122 0.070862 0.071764 -0.032756 0.034628 0.029266
 0.085874 0.078306 0.011884 -0.073124 0.065993 0.034123 0.051281 0.072013 -0.056975 0.052078 0.002726 0.094195 -0.083069 0.034219 0.093118 0.070993 -0.067495 -0.004413 0.084990 0.050168 -0.069102 0.041246 0.047021 -0.072407 0.060386 -0.005044 -0.003946 0.096485 -0.054676 -0.076578 -0.082806 0.073241
 -0.087461 0.050236 0.013582 0.005834 0.007081 0.059489 0.008537 -0.024792 0.067524 0.018358 0.077149 0.003350 -0.099564 0.084044 0.026669 0.034961 -0.052673 0.001009 0.069065 -0.062256 0.016655 0.045331 0.082270 0.068279 0.063864 -0.089897 0.024654 -0.080146 0.073041 0.057157 0.033809 0.000996
 -0.030654 0.074717 -0.068913 -0.094138 0.021773 0.095819 0.051771 -0.042333 0.071655 -0.052881 0.030460 0.082421 0.089585 0.088781 -0.027211 0.023314 0.061046 0.083427 -0.092963 0.021042 0.010503 0.060398 0.092475 0.025639 -0.011599 0.078784 -0.092651 0.097861 0.027032 -0.025655 0.051811 -0.030704
 -0.027018 0.090003 0.030703 0.097703 -0.085832 -0.076972 -0.063321 0.087311 -0.015481 0.052722 0.026620 -0.078377 0.056535 -0.045132 0.078125 0.017250 -0.048344 0.034084 -0.042552 -0.001167 -0.088460 0.089451 0.056085 0.058150 0.004153 -0.083776 0.082407 0.050483 0.089519 0.001701 -0.088323 0.027535
 -0.038740 0.062609 -0.069345 -0.075639 -0.065269 0.075680 0.074996 0.022568 0.079828 -0.055918 -0.011065 0.093605 -0.042590 0.065044 -0.049102 -0.040056 -0.070562 -0.054875 -0.062060 0.052746 -0.074949 0.038381 0.016920 0.037903 -0.004851 0.096600 0.094752 -0.026718 -0.074037 0.046337 -0.029670 -0.025515
 0.013575 -0.070286 0.016018 0.005980 0.066949 0.093950 0.005011 0.083475 -0.061526 -0.069771 -0.094176 -0.073807 0.074145 -0.089526 -0.056697 -0.037059 0.019382 0.008789 -0.053023 -0.081424 -0.003536 -0.063932 -0.062209 -0.070508 -0.090556 0.071656 -0.097645 0.055396 -0.080544 -0.006481 -0.015701 0.025912
 0.079044 0.055335 0.012844 0.088488 -0.083012 -0.066768 -0.051190 -0.016567 -0.012934 0.059194 -0.013524 0.033191 -0.062522 0.007914 -0.020205 0.039561 0.082619 0.020443 0.060871 0.099422 -0.091777 0.059614 -0.033553 0.082154 -0.047869 0.050300 -0.008632 0.000902 -0.004332 0.046685 0.079775 -0.027155
 -0.031782 0.084720 -0.074560 0.087096 0.028368 -0.047523 0.099185 -0.033147 -0.031742 0.075568 0.054309 -0.065020 0.022376 0.066402 0.000315 0.029764 -0.001777 -0.012480 0.064434 -0.036498 -0.023062 0.038075 -0.096217 -0.092394 0.073346 -0.072455 -0.084527 -0.018523 -0.022093 -0.005106 0.056648 0.056740
 0.015730 0.065455 0.043102 -0.075174 0.022548 0.015470 -0.058732 0.039584 -0.098581 -0.076439 0.063670 -0.026500 -0.049192 0.052945 0.090862 0.045401 -0.046580 0.097589 -0.053923 0.076572 0.005157 0.005707 0.036705 0.021237 0.048748 -0.053664 -0.043857 -0.041126 -0.053275 -0.004082 -0.093857 0.054074
 0.053109 -0.056875 0.085805 0.091843 -0.002545 -0.045386 0.067141 0.017996 -0.005614 0.028700 0.079312 0.000221 0.004868 -0.017998 0.087392 -0.043491 -0.053479 -0.087591 -0.078362 -0.058101 0.020163 0.060528 -0.005168 -0.015840 0.007966 0.006955 -0.063043 0.033309 0.062370 0.051885 0.004349 0.047582
 -0.084159 0.000458 -0.072556 0.089885 -0.093672 -0.044869 -0.090504 -0.085060 -0.056033 -0.011702 0.005776 0.074591 -0.065507 0.079659 -0.052141 -0.006334 0.034952 -0.005959 -0.066608 -0.081185 -0.094675 -0.020710 0.000510 0.037720 0.042619 0.087831 -0.037979 -0.064967 0.032696 -0.047557 0.080345 -0.067144
 0.033394 0.003238 0.006846 -0.060188 -0.040949 0.075016 0.049454 -0.032596 -0.002092 0.058187 0.037972 0.092983 -0.047712 0.081657 0.094140 0.089269 0.081841 0.068390 -0.037721 -0.035854 0.088832 -0.023310 0.069271 0.006016 -0.025358 0.011301 -0.002021 -0.086808 -0.062834 0.090432 -0.017185 0.057924
 0.039590 0.068007 0.063083 -0.035451 -0.008970 0.082403 0.038341 -0.036848 -0.009612 -0.066611 0.069014 0.038756 0.090111 -0.070528 -0.049656 0.044447 -0.008573 -0.037487 -0.077960 0.056973 -0.005742 0.081668 -0.017847 0.074107 -0.020176 -0.038730 -0.093508 0.031484 0.043125 0.022698 0.081317 -0.042215
 0.013747 -0.094393 0.013677 0.028137 -0.016303 0.015125 0.026651 0.075278 0.035925 0.056062 0.048618 -0.065355 -0.054528 -0.015642 -0.041662 -0.064480 -0.034431 0.060111 -0.054553 -0.048158 0.001736 0.094304 -0.086027 0.071808 -0.026743 -0.044022 -0.068204 0.079065 -0.089483 -0.034170 0.072779 0.077770
 -0.004758 0.078008 -0.096525 -0.042026 0.040786 -0.034696 -0.020987 -0.029397 -0.084279 0.065993 0.092006 -0.079439 0.067829 -0.011318 -0.073075 -0.084038 0.001351 -0.008966 0.044417 0.045805 0.083838 0.027716 -0.022811 -0.091745 -0.049263 -0.054605 0.005540 0.024534 0.013767 0.048607 0.030641 -0.097818
 0.050685 -0.076314 -0.001792 0.099038 -0.082300 0.089468 0.064908 -0.081824 0.063334 0.046459 0.032848 0.083345 0.091358 0.064357 -0.027317 0.014749 -0.031036 0.099708 -0.037962 -0.087956 0.082536 0.091607 0.046166 -0.089197 0.051411 0.048861 0.017615 0.061918 0.052856 -0.014666 -0.025619 -0.039289
 -0.079937 0.097994 0.098336 -0.023407 -0.024989 -0.057725 -0.018576 0.018578 0.035405 0.016475 -0.068666 -0.010166 0.090271 -0.073381 -0.014070 0.029289 -0.044549 0.011914 0.052836 0.011701 0.044436 0.071242 -0.072726 -0.060795 -0.067952 0.051389 -0.072086 -0.084491 -0.046112 0.075037 0.056643 0.066602
 -0.074156 -0.046526 0.029443 0.061310 0.055909 0.049677 -0.026234 -0.094851 0.078654 -0.061241 0.096403 0.063447 0.094683 0.098214 -0.098502 -0.000342 -0.073493 0.095830 -0.016320 -0.018083 -0.048841 -0.010789 0.046058 -0.014911 0.031592 -0.006198 -0.079082 -0.020809 -0.068721 0.071877 -0.085789 -0.000218
 0.077006 -0.060812 -0.067797 -0.029833 0.019752 0.085168 0.078431 -0.086107 0.053605 0.061506 -0.085610 0.052088 -0.058156 0.068058 -0.043587 -0.039907 0.083238 0.093904 0.004191 0.043996 0.046393 0.083437 0.099799 0.011916 -0.036737 0.025683 0.049028 0.056559 0.029048 0.055655 -0.082726 -0.089016
 -0.033172 0.060475 0.020366 -0.089430 -0.027776 -0.002998 0.020645 -0.033781 0.028769 -0.017967 0.079989 -0.022663 0.031627 -0.025776 0.034185 -0.067082 -0.021724 -0.064760 0.028473 0.023111 -0.034732 0.002380 0.018616 -0.012389 -0.007864 0.095107 0.050428 -0.098259 -0.062521 -0.035709 0.012904 0.083424
 0.093357 -0.036823 -0.033004 0.094091 0.093013 0.021303 0.075479 0.060966 -0.092257 -0.001372 -0.057406 -0.047839 -0.006486 0.007000 0.063625 -0.051179 -0.032482 -0.068973 -0.084759 -0.083900 0.094832 0.087667 -0.084940 -0.057512 0.092668 -0.043254 -0.038275 -0.007644 0.066600 0.058343 0.073285 -0.075757
 -0.037171 0.055528 -0.071645 0.026679 0.021510 -0.033818 0.027697 -0.016076 0.077505 0.038679 0.048294 0.024688 0.005517 -0.055244 -0.070939 0.080759 -0.017270 -0.095251 0.069607 0.054518 -0.029741 -0.040258 0.051080 0.076300 0.092498 -0.092007 0.032399 -0.033559 0.040576 0.057191 -0.076025 -0.015977
 0.039762 0.082073 -0.014374 0.078152 -0.034891 -0.022034 -0.035503 -0.075482 -0.099392 0.003184 0.088398 0.073147 -0.027311 -0.063694 0.044100 0.020167 -0.030331 0.032524 -0.000103 0.016441 -0.083774 0.005426 -0.051755 0.087480 -0.025551 0.083831 0.009660 0.015784 -0.011340 0.041569 0.013951 -0.089924
 -0.095748 -0.054708 0.056419 -0.065709 0.052032 0.086445 -0.066832 -0.078216 -0.071688 -0.078516 0.042327 0.096315 -0.077166 0.074574 0.029854 0.002322 -0.054989 0.000251 0.006032 -0.011681 -0.088615 0.045410 0.040144 0.075781 -0.029826 0.074229 0.071690 0.058159 0.048438 0.073593 -0.070139 -0.005764
 0.083634 0.045292 -0.022580 0.080701 0.024429 0.070908 -0.003858 0.031203 -0.030752 0.034496 0.066309 0.061272 0.024627 -0.043325 0.003642 -0.047589 -0.097777 -0.090506 0.074021 -0.090600 0.064070 -0.073816 -0.074976 0.002212 -0.088515 -0.003682 -0.044232 -0.092433 0.080399 0.080729 0.000750 0.086322
 -0.012703 -0.050570 0.014268 -0.032497 -0.011794 -0.089807 0.065842 -0.026637 -0.010069 0.069537 -0.004238 -0.040344 -0.058819 -0.041678 0.074585 -0.072237 0.044910 0.090393 -0.058485 0.028359 0.092269 0.010859 -0.064579 -0.034719 -0.043207 0.042223 0.024707 -0.006656 0.022795 -0.086883 -0.028907 -0.045751
 -0.082295 -0.057957 -0.020734 0.096279 -0.044149 -0.089306 -0.040802 -0.054744 -0.066180 0.096241 -0.091220 0.057170 0.054656 -0.044050 0.090461 -0.003801 -0.091451 -0.040000 0.092450 -0.010515 0.016220 0.098602 0.097874 0.025687 -0.066217 -0.053887 -0.035775 0.015693 -0.075846 0.056444 -0.056262 -0.019111
 -0.043714 0.038896 -0.091361 0.022054 -0.059665 0.031095 0.043098 0.059215 0.050422 -0.066347 -0.089747 0.028272 0.092536 0.005332 -0.047282 0.020577 -0.060597 -0.085669 -0.005391 0.094930 0.071129 0.097371 -0.027322 0.088470 -0.004673 -0.032393 0.069265 -0.024280 -0.016715 0.026594 -0.043350 0.057239
 0.011363 -0.086299 0.024356 -0.077553 -0.090781 0.032653 -0.037754 0.067158 -0.088981 0.090449 -0.088513 -0.035627 -0.095366 0.090373 -0.019911 0.098216 0.031394 0.003523 -0.006161 0.000271 0.091696 0.019579 0.032673 0.059862 -0.029905 -0.064841 -0.047252 0.074855 0.007292 -0.005090 -0.023232 -0.029242
 -0.027285 -0.045969 0.065357 0.046592 -0.067632 -0.026144 -0.003189 -0.045878 -0.074253 0.065598 0.074827 0.021012 0.050879 0.009816 0.030485 -0.027330 0.016661 0.070867 0.006869 -0.029072 -0.006371 0.081083 -0.008121 0.093162 0.094075 -0.084175 -0.066758 0.042292 0.085370 -0.045821 -0.001595 -0.070479
 0.075317 0.063355 0.063291 0.094426 0.025554 -0.004877 -0.076864 -0.061192 -0.059051 -0.014304 0.084476 0.042909 0.064190 0.035274 0.010632 -0.037760 -0.023578 0.039936 0.041998 -0.050512 0.050158 0.097310 -0.085846 -0.074420 0.035463 0.087656 0.016524 0.069161 0.066176 0.003069 0.093205 0.025585
 -0.084431 0.045207 0.090244 0.067499 -0.085070 0.056205 -0.051103 0.030009 -0.048622 0.021866 0.083620 -0.003413 0.065042 0.009478 0.044520 -0.068989 0.059482 0.066808 0.056412 0.066697 0.008390 -0.062913 -0.085042 0.037816 -0.021706 -0.013428 -0.076916 -0.028629 0.066645 0.034852 0.040910 -0.018980
 -0.037772 0.025881 0.068745 -0.091733 0.084188 0.097980 0.049799 0.010893 -0.076985 0.075841 0.085213 0.095720 -0.089383 0.094590 -0.070286 0.079726 0.098763 -0.041085 0.034428 -0.046687 -0.031129 0.080255 0.005030 0.035252 0.090681 -0.061847 0.045661 -0.033047 -0.062757 -0.018527 -0.094760 -0.069660
 0.044866 0.050228 -0.038559 0.004659 0.008400 -0.089456 0.086912 0.007566 -0.040578 0.058087 0.024437 0.031093 0.057706 -0.016599 0.077391 -0.072414 0.015184 0.012064 0.008793 0.001166 -0.003296 -0.029862 0.015316 -0.021382 0.019652 0.017303 -0.058818 0.032412 -0.093189 0.080949 -0.075267 -0.060074
 0.032507 -0.028050 0.057458 0.091227 0.087601 -0.019095 -0.070649 0.039823 -0.030926 -0.050514 0.029635 0.067256 0.047098 0.026208 -0.023207 0.029031 0.072388 -0.003958 0.080882 -0.012933 -0.076789 -0.073772 -0.003219 0.088769 -0.081314 0.046355 -0.004087 0.030093 -0.079217 -0.026116 0.098438 0.061560
 -0.031583 -0.018002 0.076293 0.097841 -0.035316 -0.032751 0.080789 -0.066048 0.071838 -0.089031 -0.092595 -0.092254 -0.043243 0.014814 0.087759 -0.001420 0.024497 0.036085 -0.026841 0.077940 -0.053061 0.006873 -0.003454 0.041587 -0.098666 -0.095956 0.055452 -0.023073 -0.042344 -0.013064 -0.050898 -0.098633
 -0.006892 0.008633 0.015268 0.089800 -0.051489 -0.088781 -0.067713 -0.096493 -0.025781 -0.030310 -0.087023 0.069943 0.026550 -0.024623 -0.092538 -0.083784 0.087934 -0.015941 0.035244 -0.015309 0.088980 -0.057731 -0.016007 -0.076914 -0.060730 0.059195 0.040160 -0.024161 -0.037919 -0.069577 -0.015607 -0.003328
 -0.095710 -0.009157 -0.024041 -0.063674 0.090779 -0.079143 0.009677 0.075730 0.088175 -0.098207 -0.070014 0.096231 -0.063790 -0.029659 -0.062309 0.013849 0.028562 0.013536 0.010894 0.083902 -0.049188 -0.037793 -0.093551 0.035425 -0.038334 -0.088904 -0.040444 0.071793 -0.002627 -0.014723 -0.039101 0.061599
 0.005459 -0.016975 -0.091312 0.025985 0.043487 0.014712 0.061724 -0.051786 -0.023969 0.084466 0.076775 0.034057 0.057209 0.053945 0.012288 0.045993 0.072556 0.032389 0.045521 -0.050386 -0.042034 0.071964 -0.023951 -0.076986 0.094199 -0.035987 -0.075674 0.073452 -0.059297 -0.003056 0.069009 0.069234
 0.047438 0.020470 0.056323 -0.033608 0.076462 -0.085101 0.005229 -0.027962 0.014405 -0.005824 -0.073168 -0.068092 0.073811 -0.012014 0.005925 -0.070939 0.054871 0.079830 -0.078588 -0.084974 -0.098825 -0.047902 -0.012683 -0.073533 -0.076077 -0.064927 0.046100 0.047953 0.001336 -0.056175 -0.008277 -0.099434
 -0.094529 -0.091997 0.033715 0.033184 -0.044676 -0.091427 -0.085595 0.039515 0.055021 0.087389 0.074234 0.036042 0.075910 -0.033041 0.033447 -0.068202 -0.056295 -0.059962 0.085283 0.008958 0.057866 -0.040755 0.052246 -0.007732 -0.026947 -0.034737 0.000587 0.062069 -0.002115 0.003683 0.000763 -0.060544
 0.088319 0.032638 -0.097089 0.099601 0.065215 -0.079733 -0.080432 0.094668 0.041942 -0.050541 0.060278 -0.059938 -0.035554 -0.032447 0.077482 -0.084107 -0.008933 0.006772 0.067720 -0.081633 0.017936 -0.008470 0.097519 0.097968 0.069380 0.071163 -0.028175 -0.060835 -0.034152 -0.072359 0.065169 0.075668
 0.060106 0.043855 0.012986 -0.022486 -0.014228 -0.051147 -0.068806 0.063426 0.070461 0.071003 0.019304 -0.094437 0.098406 0.079235 -0.023650 0.085211 0.043085 -0.004488 -0.043041 -0.063966 -0.062653 0.028972 0.057238 -0.059714 -0.048611 -0.052218 -0.073321 0.035068 0.097636 0.077986 -0.015357 -0.089452
 0.043098 0.007812 0.039000 -0.089196 0.074468 -0.041565 -0.066777 -0.001065 -0.021991 -0.008574 0.094317 0.078982 -0.041327 -0.046945 0.055266 0.066261 0.007557 -0.042695 -0.060500 -0.048190 0.046471 0.099827 -0.001309 0.082763 0.044325 0.091483 0.091709 -0.068646 0.061848 0.074057 0.095148 0.077094
 -0.080369 -0.093601 0.031154 -0.067203 -0.031423 -0.084415 0.067976 0.099447 -0.063117 0.043010 0.003914 -0.058960 0.075951 0.052260 -0.040396 -0.068333 -0.083915 0.068103 -0.025013 0.013270 0.011306 0.055175 -0.023725 0.074663 -0.014497 0.016315 -0.048773 0.032266 0.092052 -0.039600 -0.020056 -0.080379
 -0.021113 0.035513 0.078687 -0.001154 0.095425 -0.048594 -0.091538 0.082105 -0.094938 0.051234 0.014777 -0.082520 0.034885 -0.003068 -0.044638 -0.071343 0.030937 0.015332 -0.063360 -0.007985 0.011469 -0.043243 0.027325 -0.079516 0.017283 0.039666 -0.021259 0.048421 -0.089436 -0.027665 0.098028 0.094961
 -0.054461 -0.074334 -0.068882 0.081012 0.071686 0.066771 -0.029315 -0.019253 0.003491 -0.061506 -0.079738 0.063154 -0.038120 0.056668 0.086120 0.067692 0.086296 -0.013253 -0.071127 -0.084650 -0.048278 0.068458 -0.011489 0.055972 0.084655 -0.028812 -0.073277 0.094817 -0.004073 0.032901 -0.053670 0.024953
 0.025938 -0.064594 -0.033169 0.065352 0.032310 -0.012818 -0.036957 -0.039593 -0.051849 0.093463 -0.093917 0.040544 0.074151 -0.060488 0.092099 -0.049398 0.014613 -0.075774 -0.015513 0.063314 0.099886 -0.004266 -0.027736 -0.020776 -0.038383 0.017740 -0.035088 -0.041967 -0.059864 0.037274 0.087613 0.007161
 -0.097024 0.077395 -0.017823 0.007410 -0.018875 -0.051087 0.034093 0.092535 -0.039342 0.021911 -0.098594 -0.021985 -0.043687 0.061066 0.089462 0.076785 -0.053114 -0.043330 0.041643 -0.092498 0.054798 -0.031345 -0.063836 0.033139 0.094426 0.046369 -0.006926 0.009691 -0.093306 -0.055014 -0.088864 -0.054846
 -0.059936 0.099744 -0.070397 -0.031929 0.037428 0.085365 -0.054291 -0.030647 -0.009273 -0.025051 0.090374 0.032984 0.016521 0.068979 0.015933 0.084940 0.018083 0.080536 -0.007106 -0.046230 0.020047 0.086832 -0.035334 0.027631 0.065016 0.036106 0.097415 -0.077716 -0.002719 0.024028 -0.096698 0.036644
 -0.076326 0.070469 0.049141 0.077362 -0.008080 0.011350 0.007270 -0.085008 0.094501 0.073153 -0.003637 0.017177 0.021070 -0.066150 0.018485 -0.098760 0.092618 0.007798 0.037006 0.014240 0.031064 -0.041290 -0.057508 -0.082224 0.078737 -0.052126 -0.059794 0.090325 -0.041500 -0.061701 0.037850 0.060865
 0.081125 0.018504 0.028956 -0.020522 -0.033924 -0.091162 -0.050968 -0.084776 0.048853 0.095061 0.054711 0.018566 -0.024780 -0.095180 0.039861 -0.055146 -0.093678 -0.020854 -0.030116 -0.046702 0.000518 0.049301 -0.012462 -0.009840 0.094032 -0.008586 0.003645 -0.088623 -0.011701 -0.035334 -0.069273 0.023599
 -0.017475 0.044893 -0.013987 0.025286 -0.010357 0.098978 -0.053895 -0.011358 0.076540 -0.045875 -0.059041 -0.030707 -0.025678 0.098260 0.016668 -0.065912 -0.069212 0.064048 0.005946 -0.043200 0.059346 -0.094680 0.040904 -0.064535 0.063522 0.084842 0.048376 0.036299 0.019401 0.042304 -0.063686 -0.031167
 -0.025850 0.079849 -0.029697 0.038785 0.096480 -0.088228 0.069128 -0.003651 -0.043840 -0.001701 0.050134 0.056382 -0.093324 -0.099922 0.060224 0.051481 0.015998 0.031651 0.093678 0.057771 -0.065184 0.020446 0.058731 0.083144 -0.012471 -0.079264 -0.051798 -0.079025 -0.008965 -0.074738 -0.017709 -0.039065
 -0.008897 -0.045997 0.033489 0.067378 -0.062510 0.064414 -0.076385 0.040254 -0.067488 -0.094955 0.053147 0.081030 0.041551 -0.027311 -0.063644 0.003269 0.057075 -0.009238 0.019698 -0.014441 -0.064628 0.002567 -0.099767 -0.003821 0.035263 -0.081395 -0.030073 0.000539 0.011564 -0.002754 0.030980 -0.002946
 -0.018405 0.068126 0.062900 -0.033891 -0.070729 -0.015175 -0.080910 -0.020533 0.036273 -0.054128 -0.038159 0.030384 -0.054375 -0.072897 0.097242 -0.081851 0.064995 0.099605 0.031553 0.021974 -0.007300 0.089225 -0.047317 -0.018756 -0.051156 -0.070185 0.000677 -0.025860 0.043927 -0.081508 0.073550 -0.029074
 0.037610 -0.099746 0.088907 -0.006759 0.049172 -0.001804 -0.006988 -0.069078 0.094031 0.009730 -0.088685 -0.075197 0.073314 0.004146 -0.055480 -0.085918 -0.062278 -0.038329 -0.046637 -0.022422 -0.003078 0.011927 -0.069792 -0.006275 -0.075599 -0.016676 -0.096720 0.038432 0.055438 0.019027 0.019048 0.098337
 0.027531 -0.075347 -0.071609 -0.004947 -0.067385 -0.090246 -0.028176 -0.064984 0.090511 -0.078591 -0.030345 0.072002 -0.015401 -0.005843 0.021541 -0.079008 -0.066557 -0.083604 -0.040855 -0.067593 0.006412 0.033557 0.076233 -0.027594 -0.006965 -0.013020 0.002563 0.017851 0.045212 -0.001640 -0.018245 -0.048601
 -0.083969 -0.098391 0.010404 -0.089163 -0.082282 -0.081669 0.093052 -0.075714 0.037319 0.099737 0.046360 0.065300 -0.000182 0.030847 -0.096893 0.055225 0.016649 0.004558 -0.095808 -0.066606 0.073042 0.080281 -0.051285 -0.018633 0.067158 0.004759 0.020546 -0.018793 0.040725 0.071923 0.025690 -0.024499
 0.066891 -0.062993 0.070773 0.041134 -0.014719 0.055211 0.024753 0.027885 -0.078784 -0.094026 -0.098696 0.094996 0.044917 0.061663 -0.079882 -0.055490 -0.038420 0.053666 -0.054738 -0.026402 0.069642 -0.069504 0.065052 0.043500 -0.002797 0.082201 0.017000 -0.021047 -0.023894 0.095282 0.046294 -0.010832
 -0.068914 -0.072377 -0.062901 -0.083895 -0.009862 -0.047711 0.015398 0.096507 0.002646 -0.051505 -0.023909 -0.099545 0.085987 0.076564 -0.037911 -0.065876 -0.062363 0.098881 0.098639 0.084701 -0.038701 0.067983 0.055424 0.097605 -0.088546 0.054256 0.045349 0.058101 -0.042888 -0.094378 -0.000130 0.002438
 -0.033061 -0.031764 -0.033393 0.095027 0.050295 -0.022165 -0.072597 -0.058913 0.048470 -0.048088 -0.011260 0.039905 0.096312 0.003561 0.044124 -0.007499 -0.082858 0.060166 0.039819 0.036753 -0.050884 -0.045017 0.050451 -0.037372 0.065529 -0.091549 -0.051579 -0.045054 0.087355 0.099746 0.094026 0.093844
 -0.069757 -0.074618 -0.047353 0.014215 0.027601 0.051687 -0.076718 0.069588 0.070155 -0.088381 -0.053875 -0.048099 -0.086660 -0.073136 -0.074162 0.065766 0.041832 -0.024708 -0.034395 -0.093465 -0.038607 0.004440 -0.064555 -0.027832 -0.058103 -0.048332 0.092264 0.027640 -0.094576 -0.045052 0.038840 0.035490
 -0.066495 0.026184 -0.059692 -0.041425 -0.028251 0.018189 -0.089499 -0.046024 -0.054821 0.008100 0.040274 -0.068922 0.025741 0.065296 -0.010287 0.089523 0.044333 -0.039456 0.042746 -0.075378 -0.004797 -0.082206 -0.097689 0.056311 0.026041 0.032216 -0.071400 -0.044954 -0.030703 0.080597 0.044396 0.065443
 0.019309 0.049954 -0.006268 -0.068050 0.072957 0.061110 0.037602 -0.014494 0.068039 -0.039377 0.017441 0.017186 -0.022151 0.055036 -0.074645 0.050063 0.000080 0.008220 0.002995 -0.053516 -0.085319 -0.047326 -0.099244 0.096363 -0.032688 0.024555 -0.063302 -0.059806 -0.065520 -0.036064 0.071063 0.047005
 -0.030993 -0.070846 0.092510 0.062030 0.014393 0.027889 -0.048621 0.000008 0.059169 -0.073000 0.054206 -0.072082 -0.075036 -0.027276 0.016313 0.079302 0.035555 -0.047934 -0.058099 0.061429 0.005696 -0.018383 0.036725 0.081786 -0.023685 0.058334 0.031439 0.003536 0.064862 0.061259 0.024332 -0.069233
 -0.056419 0.019960 0.028065 -0.062968 -0.082866 0.006993 -0.073371 -0.071492 0.096168 -0.050687 0.075973 0.040999 -0.029145 0.070408 -0.077983 -0.083461 0.059253 0.096710 -0.031935 -0.049352 -0.008531 0.054899 -0.000743 0.074411 0.089822 -0.038765 -0.070809 -0.072237 0.067869 0.062786 -0.007999 -0.069102
 0.050116 0.056780 0.041074 -0.016117 0.096516 0.046107 -0.069409 -0.076131 0.003828 -0.069322 0.010598 -0.036741 -0.048418 -0.020847 0.013728 0.073931 -0.017824 -0.019786 -0.002456 -0.079807 0.081797 0.044938 -0.080733 -0.012858 -0.000225 -0.032644 -0.079529 -0.089307 0.062272 0.081281 0.069368 -0.031709
 -0.047197 0.028567 -0.046645 -0.091445 -0.026859 0.014871 -0.093687 -0.091280 0.010819 -0.006503 -0.062509 -0.097779 -0.063193 0.098676 -0.020680 0.053903 0.042908 -0.077200 0.056958 0.068296 0.051807 0.012468 0.026858 -0.057712 -0.005249 0.067042 0.096484 0.059940 -0.054331 0.015139 -0.013491 -0.022263
 0.001624 -0.005924 0.082415 0.070749 0.003313 -0.049544 -0.019151 -0.096215 -0.085341 -0.078431 0.030124 -0.056495 0.062339 -0.036374 -0.010796 -0.003443 -0.046636 -0.059173 0.006244 0.070562 0.060555 0.033106 -0.021461 -0.088171 -0.014644 -0.072169 -0.067606 -0.059484 0.048774 0.037235 0.077166 -0.017423
 -0.033276 0.038911 -0.087047 0.041166 0.026601 -0.065968 -0.074086 -0.009457 -0.069728 -0.022334 -0.014125 0.025020 0.018388 -0.025943 -0.072878 0.028042 0.004511 0.058364 -0.041105 -0.011320 0.021381 0.098170 -0.005875 -0.080651 0.066352 -0.070844 0.005683 0.027621 0.011137 -0.063270 0.084603 -0.091630
 -0.007765 -0.003983 0.043704 -0.035969 0.002192 -0.053223 -0.047423 0.048490 -0.051009 -0.020830 0.074824 -0.073334 -0.023552 -0.093755 0.033118 -0.031419 0.088918 0.022136 -0.014563 0.059570 0.089827 0.052974 -0.061742 0.083603 0.026881 -0.036893 0.094562 -0.062154 0.057895 0.026884 -0.068637 -0.072925
 -0.007037 -0.009069 0.077835 0.032037 -0.001822 0.094569 0.080806 0.022964 0.029726 -0.038847 -0.045194 -0.009018 -0.026484 0.093642 0.048834 0.060381 -0.049822 -0.002322 -0.078334 -0.073095 -0.032547 -0.030619 -0.029928 0.087816 0.041640 0.071382 -0.033868 -0.016833 0.024362 -0.012339 0.011580 -0.008777
 0.041096 -0.091813 0.021128 -0.031233 -0.028604 0.035385 0.034328 0.067044 -0.083431 -0.085601 0.065825 0.042694 0.079160 0.037316 0.051896 0.097586 -0.096175 0.024075 -0.072615 0.059649 -0.020170 0.001791 0.033022 -0.030957 -0.068079 -0.051277 -0.015616 0.014140 0.055300 0.069531 -0.079265 -0.084232
 -0.099190 0.072905 0.002864 0.008491 0.003779 0.079805 0.045252 0.030264 -0.034367 0.043686 -0.057089 0.026938 0.058669 0.054051 -0.015107 0.032254 -0.005414 0.026465 -0.096186 0.005257 0.064672 0.090457 -0.030076 -0.061184 -0.055266 -0.097425 0.032663 0.005760 -0.044211 -0.002382 -0.010327 0.021398
 0.041641 0.014295 -0.033427 0.053530 0.088479 -0.013961 0.020827 0.052795 0.070003 -0.028473 0.084708 0.001159 -0.056297 0.030203 -0.083956 -0.076914 0.046782 -0.009203 -0.086876 0.025921 -0.084545 -0.052918 0.039515 0.048098 -0.085851 -0.085403 -0.077584 0.085930 0.049637 0.088823 0.025666 0.073127
 -0.047388 -0.055901 -0.065406 0.020103 -0.079686 -0.040945 -0.026342 -0.057675 -0.055285 -0.066414 0.079375 -0.019750 -0.016569 -0.084747 -0.020713 -0.015843 -0.040029 0.070785 -0.035719 -0.007440 -0.059087 0.030668 -0.069319 0.065370 -0.094460 0.032617 -0.093101 -0.081826 -0.043394 -0.051047 0.039411 0.021455
 0.081468 0.078178 -0.043869 0.026776 -0.066552 0.091750 -0.018852 -0.084611 -0.092212 -0.060736 0.009792 0.069914 0.096367 -0.092022 0.083955 -0.033920 -0.052838 0.098850 -0.057354 -0.022048 0.097024 -0.092033 0.028208 -0.098834 0.043253 0.040032 -0.070964 -0.012951 0.053013 -0.078061 0.008638 -0.022694
 0.091143 0.099007 -0.007395 -0.081754 0.025537 -0.013584 0.086598 0.097638 0.089449 -0.098991 0.095864 -0.016116 0.054108 -0.023787 0.046585 0.020078 0.028116 0.094371 0.038404 0.070355 0.048965 -0.062540 -0.008847 0.075077 0.066221 -0.082307 0.067371 -0.081663 0.099847 0.034985 0.053579 -0.026186
 0.001570 -0.017245 -0.051244 -0.036635 -0.085036 -0.081170 0.015594 -0.043455 0.013979 0.046405 0.030500 -0.081072 0.024783 0.084468 -0.023618 0.084759 0.059014 -0.039878 -0.034442 0.099422 -0.079209 -0.055040 -0.079861 0.025259 -0.030534 0.070425 0.016539 0.017122 -0.057881 0.039123 0.084977 0.035136
 0.043145 0.024530 0.066922 0.027471 -0.089637 -0.067277 0.041720 -0.053297 0.056206 -0.050788 0.048747 -0.028390 0.077281 -0.008739 0.000930 0.005576 0.031578 -0.022579 -0.091039 -0.085379 -0.065960 0.057667 -0.060725 0.057480 -0.003378 0.052971 0.076417 -0.009442 0.037706 -0.022031 -0.029779 -0.097564
 0.096904 -0.006562 0.009748 -0.035485 0.050026 -0.015046 0.062013 -0.030846 -0.003816 -0.073907 -0.062353 -0.055473 -0.073214 -0.063301 0.095946 0.024918 0.056111 -0.024169 0.044475 -0.082760 -0.076792 0.038782 -0.035965 -0.057746 -0.000985 -0.029492 0.046174 0.018008 -0.022450 0.072063 -0.084368 0.049587
 -0.050064 0.028953 0.086763 0.088604 0.021466 -0.085502 -0.054568 -0.090324 0.047622 -0.058643 -0.081015 0.077823 -0.040913 0.042570 0.024310 -0.003286 -0.030069 -0.066656 0.002860 0.056159 0.084519 -0.058552 0.051346 -0.015681 0.046396 0.013342 -0.097145 0.021375 0.030036 -0.075314 -0.017344 0.097571
 -0.042641 0.003536 -0.080676 0.067634 0.026288 -0.002882 -0.006108 -0.003288 -0.018987 0.014049 -0.064876 -0.078850 -0.021591 -0.089400 -0.000864 -0.004804 0.030495 -0.023468 0.059652 -0.066840 -0.037186 -0.082233 0.058958 0.005985 -0.011292 -0.088770 -0.069884 -0.069884 -0.080718 -0.077294 -0.066088 -0.017928
 0.090442 -0.030644 -0.048292 -0.009575 0.083871 0.047048 0.091710 0.075228 -0.061740 -0.040063 0.012249 0.052602 -0.036492 -0.046094 0.043779 0.052883 -0.070621 0.038350 -0.058165 -0.094629 0.022841 -0.004536 0.089894 0.046780 0.047476 -0.006778 0.042183 0.027615 -0.047279 -0.092623 -0.007318 -0.005867
 0.091216 -0.093922 -0.083737 -0.063101 0.097313 0.091265 0.080343 0.045644 0.058684 -0.086483 -0.048118 0.088989 0.045937 -0.030138 -0.017476 -0.052510 -0.085723 0.000904 0.009667 -0.014444 -0.010408 0.098627 0.047938 0.037330 0.028531 0.071865 0.047039 0.099897 0.058287 0.022096 -0.090738 0.089863
 0.078631 -0.052459 0.016113 -0.008261 -0.026548 0.020459 0.039337 -0.061382 -0.010574 0.035748 -0.093658 -0.066845 -0.098875 -0.042828 -0.088457 -0.049191 -0.016099 -0.067470 -0.074970 0.047011 -0.035250 -0.058200 -0.086377 0.076631 0.023585 -0.019105 -0.052363 0.093419 -0.003394 -0.071052 0.087419 -0.048265
 0.014460 -0.043314 0.049803 -0.076678 0.018169 -0.054687 0.060934 0.033532 0.077464 -0.012338 0.008689 0.046061 0.082922 -0.002674 0.025692 -0.021501 0.025990 0.058843 0.084327 0.074967 -0.018567 0.065387 0.030908 0.088635 -0.034604 0.024294 0.076129 0.031054 0.014404 0.021743 -0.094833 -0.072256
 -0.087569 0.034698 0.083069 -0.021186 -0.053700 0.065072 -0.004240 0.000159 0.063639 0.071952 -0.074655 0.009154 0.002921 -0.031840 0.032443 0.043390 0.007591 0.076916 0.095120 0.028742 0.040633 -0.076160 0.027887 0.085044 0.030658 -0.074053 -0.097382 0.040453 0.097980 -0.029890 0.035955 -0.004341
 0.005878 -0.066656 0.045507 0.058266 -0.001700 0.073146 -0.056191 0.069013 -0.080160 -0.006292 0.024853 -0.073814 0.027552 0.014176 0.091514 0.095069 -0.025907 0.020045 0.075506 0.007941 0.069410 0.071157 0.035389 -0.000492 0.035877 0.088724 0.015513 0.081274 -0.054898 -0.053493 0.075572 -0.075580
]
Total memory size for keys: rot_key_cnt = 525, rot_key_size = 112302670200 bytes, total_key_size = 112640312208 bytes
Total memory size for weight plain: cnt = 10766, size = 45076960240 bytes
RTLib functions         	       Count	      Elapse
--------------------    	    --------	    --------
NN                      	           -	           -
FHE                     	           -	           -
 FHE_RELIN               	           7	    1.777877 sec
 FHE_ROTATE              	        4677	  725.567580 sec
FHE                     	   sub total	  727.345457 sec
FINALIZE_CONTEXT        	           1	    3.603279 sec
PREPARE_CONTEXT         	           1	  737.036828 sec
ENCODE_ARRAY            	       11337	  244.207321 sec
ENCODE_VALUE            	          14	    0.011237 sec
NTT                     	      250148	  637.435123 sec
INTT                    	      101610	  275.899768 sec
MAIN_GRAPH              	           1	 1285.362030 sec
 HW_ADD                  	      215473	   31.833824 sec
 HW_MUL                  	      196004	  121.779756 sec
 HW_ROT                  	       24268	    4.130549 sec
 COPY_POLY               	       18548	   13.243394 sec
 EXTEND                  	         486	    5.380025 sec
 PRECOMP                 	         141	   44.963154 sec
 MOD_DOWN                	        9614	  429.084881 sec
 DECOMP_MODUP            	        5052	  256.754485 sec
 DOT_PROD                	        1194	   58.219008 sec
 MULP                    	        5351	  232.315294 sec
 RESCALE_POLY            	         373	   18.610941 sec
 COPY_CIPH               	        4032	    3.327484 sec
 INIT_CIPH_SM_SC         	       16118	    2.501190 sec
 INIT_CIPH_UP_SC         	       10779	    4.747706 sec
 INIT_CIPH_DN_SC         	          38	    0.030148 sec
 BOOTSTRAP               	           3	  290.682922 sec
  BS_SETUP                	           1	   57.625927 sec
  BS_KEYGEN               	           1	  146.248220 sec
  BS_EVAL                 	           3	  290.682918 sec
   BS_COEFF_TO_SLOT        	           3	  130.039509 sec
   BS_APPROX_MOD           	           3	   86.734058 sec
   BS_SLOT_TO_COEFF        	           3	   68.677047 sec
  BS_EVAL                 	   sub total	  285.450615 sec
 BOOTSTRAP               	   sub total	  494.557066 sec
 PT_ENCODE               	       10780	  189.347071 sec
MAIN_GRAPH              	   sub total	 1706.951836 sec

real	33m46.213s
user	31m17.250s
sys	2m23.100s
