alexnet_cifar10.onnx
alexnet_cifar10.c
alexnet_cifar10.onnx.c
/app/ace-compiler/air-infra/base/src/node.cxx:534: Assertion Failure: Do not call this API to change rtype.
/app/ace-compiler/air-infra/base/src/node.cxx:534: Assertion Failure: Do not call this API to change rtype.
/app/ace-compiler/air-infra/base/src/node.cxx:524: Assertion Failure: Do not call this API to change rtype.
/app/ace-compiler/air-infra/base/src/node.cxx:524: Assertion Failure: Do not call this API to change rtype.
/app/ace-compiler/air-infra/base/src/node.cxx:534: Assertion Failure: Do not call this API to change rtype.
/app/ace-compiler/air-infra/base/src/node.cxx:534: Assertion Failure: Do not call this API to change rtype.
/app/ace-compiler/air-infra/base/src/node.cxx:524: Assertion Failure: Do not call this API to change rtype.
/app/ace-compiler/air-infra/base/src/node.cxx:524: Assertion Failure: Do not call this API to change rtype.
/app/ace-compiler/air-infra/base/src/node.cxx:534: Assertion Failure: Do not call this API to change rtype.
/app/ace-compiler/air-infra/base/src/node.cxx:534: Assertion Failure: Do not call this API to change rtype.
/app/ace-compiler/air-infra/base/src/node.cxx:524: Assertion Failure: Do not call this API to change rtype.
/app/ace-compiler/air-infra/base/src/node.cxx:524: Assertion Failure: Do not call this API to change rtype.
/app/ace-compiler/air-infra/base/src/node.cxx:534: Assertion Failure: Do not call this API to change rtype.
/app/ace-compiler/air-infra/base/src/node.cxx:534: Assertion Failure: Do not call this API to change rtype.
/app/ace-compiler/air-infra/base/src/node.cxx:524: Assertion Failure: Do not call this API to change rtype.
/app/ace-compiler/air-infra/base/src/node.cxx:524: Assertion Failure: Do not call this API to change rtype.
/app/ace-compiler/air-infra/base/src/node.cxx:534: Assertion Failure: Do not call this API to change rtype.
/app/ace-compiler/air-infra/base/src/node.cxx:534: Assertion Failure: Do not call this API to change rtype.
/app/ace-compiler/air-infra/base/src/node.cxx:524: Assertion Failure: Do not call this API to change rtype.
/app/ace-compiler/air-infra/base/src/node.cxx:524: Assertion Failure: Do not call this API to change rtype.
/app/ace-compiler/air-infra/base/src/node.cxx:534: Assertion Failure: Do not call this API to change rtype.
/app/ace-compiler/air-infra/base/src/node.cxx:534: Assertion Failure: Do not call this API to change rtype.
/app/ace-compiler/air-infra/base/src/node.cxx:524: Assertion Failure: Do not call this API to change rtype.
/app/ace-compiler/air-infra/base/src/node.cxx:524: Assertion Failure: Do not call this API to change rtype.
/app/ace-compiler/air-infra/base/src/node.cxx:534: Assertion Failure: Do not call this API to change rtype.
/app/ace-compiler/air-infra/base/src/node.cxx:534: Assertion Failure: Do not call this API to change rtype.
/app/ace-compiler/air-infra/base/src/node.cxx:524: Assertion Failure: Do not call this API to change rtype.
/app/ace-compiler/air-infra/base/src/node.cxx:524: Assertion Failure: Do not call this API to change rtype.
/app/ace-compiler/air-infra/base/src/node.cxx:534: Assertion Failure: Do not call this API to change rtype.
/app/ace-compiler/air-infra/base/src/node.cxx:534: Assertion Failure: Do not call this API to change rtype.
/app/ace-compiler/air-infra/base/src/node.cxx:524: Assertion Failure: Do not call this API to change rtype.
/app/ace-compiler/air-infra/base/src/node.cxx:524: Assertion Failure: Do not call this API to change rtype.
/app/ace-compiler/air-infra/base/src/node.cxx:534: Assertion Failure: Do not call this API to change rtype.
/app/ace-compiler/air-infra/base/src/node.cxx:534: Assertion Failure: Do not call this API to change rtype.
/app/ace-compiler/air-infra/base/src/node.cxx:524: Assertion Failure: Do not call this API to change rtype.
/app/ace-compiler/air-infra/base/src/node.cxx:524: Assertion Failure: Do not call this API to change rtype.
/app/ace-compiler/air-infra/base/src/node.cxx:534: Assertion Failure: Do not call this API to change rtype.
/app/ace-compiler/air-infra/base/src/node.cxx:534: Assertion Failure: Do not call this API to change rtype.
/app/ace-compiler/air-infra/base/src/node.cxx:524: Assertion Failure: Do not call this API to change rtype.
/app/ace-compiler/air-infra/base/src/node.cxx:524: Assertion Failure: Do not call this API to change rtype.
width_block_data=12288
/app/ace-compiler/air-infra/base/src/node.cxx:534: Assertion Failure: Do not call this API to change rtype.
/app/ace-compiler/air-infra/base/src/node.cxx:534: Assertion Failure: Do not call this API to change rtype.
/app/ace-compiler/air-infra/base/src/node.cxx:524: Assertion Failure: Do not call this API to change rtype.
/app/ace-compiler/air-infra/base/src/node.cxx:524: Assertion Failure: Do not call this API to change rtype.
width_block_data=6144
width_block_data=4096
/app/ace-compiler/air-infra/base/src/node.cxx:534: Assertion Failure: Do not call this API to change rtype.
/app/ace-compiler/air-infra/base/src/node.cxx:534: Assertion Failure: Do not call this API to change rtype.
/app/ace-compiler/air-infra/base/src/node.cxx:524: Assertion Failure: Do not call this API to change rtype.
/app/ace-compiler/air-infra/base/src/node.cxx:524: Assertion Failure: Do not call this API to change rtype.
/app/ace-compiler/air-infra/include/air/core/opcode_def.inc:68: Assertion Failure: Unexpected COMMENT
/app/ace-compiler/air-infra/include/air/core/opcode_def.inc:68: Assertion Failure: Unexpected COMMENT
/app/ace-compiler/air-infra/include/air/core/opcode_def.inc:56: Assertion Failure: Unexpected PRAGMA
/app/ace-compiler/air-infra/include/air/core/opcode_def.inc:56: Assertion Failure: Unexpected PRAGMA
/app/ace-compiler/air-infra/include/air/core/opcode_def.inc:68: Assertion Failure: Unexpected COMMENT
/app/ace-compiler/air-infra/include/air/core/opcode_def.inc:68: Assertion Failure: Unexpected COMMENT
/app/ace-compiler/air-infra/include/air/core/opcode_def.inc:68: Assertion Failure: Unexpected COMMENT
/app/ace-compiler/air-infra/include/air/core/opcode_def.inc:68: Assertion Failure: Unexpected COMMENT
/app/ace-compiler/air-infra/include/air/core/opcode_def.inc:56: Assertion Failure: Unexpected PRAGMA
/app/ace-compiler/air-infra/include/air/core/opcode_def.inc:56: Assertion Failure: Unexpected PRAGMA
/app/ace-compiler/air-infra/include/air/core/opcode_def.inc:68: Assertion Failure: Unexpected COMMENT
/app/ace-compiler/air-infra/include/air/core/opcode_def.inc:68: Assertion Failure: Unexpected COMMENT
/app/ace-compiler/air-infra/include/air/core/opcode_def.inc:56: Assertion Failure: Unexpected PRAGMA
/app/ace-compiler/air-infra/include/air/core/opcode_def.inc:56: Assertion Failure: Unexpected PRAGMA
/app/ace-compiler/air-infra/include/air/core/opcode_def.inc:56: Assertion Failure: Unexpected PRAGMA
/app/ace-compiler/air-infra/include/air/core/opcode_def.inc:56: Assertion Failure: Unexpected PRAGMA
/app/ace-compiler/air-infra/include/air/core/opcode_def.inc:68: Assertion Failure: Unexpected COMMENT
/app/ace-compiler/air-infra/include/air/core/opcode_def.inc:68: Assertion Failure: Unexpected COMMENT
/app/ace-compiler/air-infra/include/air/core/opcode_def.inc:56: Assertion Failure: Unexpected PRAGMA
/app/ace-compiler/air-infra/include/air/core/opcode_def.inc:56: Assertion Failure: Unexpected PRAGMA
/app/ace-compiler/air-infra/include/air/core/opcode_def.inc:56: Assertion Failure: Unexpected PRAGMA
/app/ace-compiler/air-infra/include/air/core/opcode_def.inc:56: Assertion Failure: Unexpected PRAGMA
/app/ace-compiler/air-infra/include/air/core/opcode_def.inc:68: Assertion Failure: Unexpected COMMENT
/app/ace-compiler/air-infra/include/air/core/opcode_def.inc:68: Assertion Failure: Unexpected COMMENT
/app/ace-compiler/air-infra/include/air/core/opcode_def.inc:56: Assertion Failure: Unexpected PRAGMA
/app/ace-compiler/air-infra/include/air/core/opcode_def.inc:56: Assertion Failure: Unexpected PRAGMA
/app/ace-compiler/air-infra/include/air/core/opcode_def.inc:68: Assertion Failure: Unexpected COMMENT
/app/ace-compiler/air-infra/include/air/core/opcode_def.inc:68: Assertion Failure: Unexpected COMMENT
/app/ace-compiler/air-infra/include/air/core/opcode_def.inc:68: Assertion Failure: Unexpected COMMENT
/app/ace-compiler/air-infra/include/air/core/opcode_def.inc:68: Assertion Failure: Unexpected COMMENT
/app/ace-compiler/air-infra/include/air/core/opcode_def.inc:56: Assertion Failure: Unexpected PRAGMA
/app/ace-compiler/air-infra/include/air/core/opcode_def.inc:56: Assertion Failure: Unexpected PRAGMA
/app/ace-compiler/air-infra/include/air/core/opcode_def.inc:68: Assertion Failure: Unexpected COMMENT
/app/ace-compiler/air-infra/include/air/core/opcode_def.inc:68: Assertion Failure: Unexpected COMMENT
/app/ace-compiler/air-infra/include/air/core/opcode_def.inc:56: Assertion Failure: Unexpected PRAGMA
/app/ace-compiler/air-infra/include/air/core/opcode_def.inc:56: Assertion Failure: Unexpected PRAGMA
/app/ace-compiler/air-infra/include/air/core/opcode_def.inc:56: Assertion Failure: Unexpected PRAGMA
/app/ace-compiler/air-infra/include/air/core/opcode_def.inc:56: Assertion Failure: Unexpected PRAGMA
/app/ace-compiler/air-infra/include/air/core/opcode_def.inc:68: Assertion Failure: Unexpected COMMENT
/app/ace-compiler/air-infra/include/air/core/opcode_def.inc:68: Assertion Failure: Unexpected COMMENT
/app/ace-compiler/air-infra/include/air/core/opcode_def.inc:56: Assertion Failure: Unexpected PRAGMA
/app/ace-compiler/air-infra/include/air/core/opcode_def.inc:56: Assertion Failure: Unexpected PRAGMA
/app/ace-compiler/air-infra/include/air/core/opcode_def.inc:56: Assertion Failure: Unexpected PRAGMA
/app/ace-compiler/air-infra/include/air/core/opcode_def.inc:56: Assertion Failure: Unexpected PRAGMA
/app/ace-compiler/air-infra/include/air/core/opcode_def.inc:68: Assertion Failure: Unexpected COMMENT
/app/ace-compiler/air-infra/include/air/core/opcode_def.inc:68: Assertion Failure: Unexpected COMMENT
/app/ace-compiler/air-infra/include/air/core/opcode_def.inc:56: Assertion Failure: Unexpected PRAGMA
/app/ace-compiler/air-infra/include/air/core/opcode_def.inc:56: Assertion Failure: Unexpected PRAGMA
/app/ace-compiler/air-infra/include/air/core/opcode_def.inc:68: Assertion Failure: Unexpected COMMENT
/app/ace-compiler/air-infra/include/air/core/opcode_def.inc:68: Assertion Failure: Unexpected COMMENT
/app/ace-compiler/air-infra/include/air/core/opcode_def.inc:68: Assertion Failure: Unexpected COMMENT
/app/ace-compiler/air-infra/include/air/core/opcode_def.inc:68: Assertion Failure: Unexpected COMMENT
/app/ace-compiler/air-infra/include/air/core/opcode_def.inc:56: Assertion Failure: Unexpected PRAGMA
/app/ace-compiler/air-infra/include/air/core/opcode_def.inc:56: Assertion Failure: Unexpected PRAGMA
/app/ace-compiler/air-infra/include/air/core/opcode_def.inc:68: Assertion Failure: Unexpected COMMENT
/app/ace-compiler/air-infra/include/air/core/opcode_def.inc:68: Assertion Failure: Unexpected COMMENT
/app/ace-compiler/air-infra/include/air/core/opcode_def.inc:56: Assertion Failure: Unexpected PRAGMA
/app/ace-compiler/air-infra/include/air/core/opcode_def.inc:56: Assertion Failure: Unexpected PRAGMA
/app/ace-compiler/air-infra/include/air/core/opcode_def.inc:56: Assertion Failure: Unexpected PRAGMA
/app/ace-compiler/air-infra/include/air/core/opcode_def.inc:56: Assertion Failure: Unexpected PRAGMA
/app/ace-compiler/air-infra/include/air/core/opcode_def.inc:68: Assertion Failure: Unexpected COMMENT
/app/ace-compiler/air-infra/include/air/core/opcode_def.inc:68: Assertion Failure: Unexpected COMMENT
/app/ace-compiler/air-infra/include/air/core/opcode_def.inc:56: Assertion Failure: Unexpected PRAGMA
/app/ace-compiler/air-infra/include/air/core/opcode_def.inc:56: Assertion Failure: Unexpected PRAGMA
/app/ace-compiler/air-infra/include/air/core/opcode_def.inc:56: Assertion Failure: Unexpected PRAGMA
/app/ace-compiler/air-infra/include/air/core/opcode_def.inc:56: Assertion Failure: Unexpected PRAGMA
/app/ace-compiler/air-infra/include/air/core/opcode_def.inc:68: Assertion Failure: Unexpected COMMENT
/app/ace-compiler/air-infra/include/air/core/opcode_def.inc:68: Assertion Failure: Unexpected COMMENT
/app/ace-compiler/air-infra/include/air/core/opcode_def.inc:56: Assertion Failure: Unexpected PRAGMA
/app/ace-compiler/air-infra/include/air/core/opcode_def.inc:56: Assertion Failure: Unexpected PRAGMA
/app/ace-compiler/air-infra/include/air/core/opcode_def.inc:56: Assertion Failure: Unexpected PRAGMA
/app/ace-compiler/air-infra/include/air/core/opcode_def.inc:56: Assertion Failure: Unexpected PRAGMA
/app/ace-compiler/air-infra/include/air/core/opcode_def.inc:68: Assertion Failure: Unexpected COMMENT
/app/ace-compiler/air-infra/include/air/core/opcode_def.inc:68: Assertion Failure: Unexpected COMMENT
/app/ace-compiler/air-infra/include/air/core/opcode_def.inc:56: Assertion Failure: Unexpected PRAGMA
/app/ace-compiler/air-infra/include/air/core/opcode_def.inc:56: Assertion Failure: Unexpected PRAGMA
/app/ace-compiler/air-infra/include/air/core/opcode_def.inc:68: Assertion Failure: Unexpected COMMENT
/app/ace-compiler/air-infra/include/air/core/opcode_def.inc:68: Assertion Failure: Unexpected COMMENT
/app/ace-compiler/air-infra/include/air/core/opcode_def.inc:68: Assertion Failure: Unexpected COMMENT
/app/ace-compiler/air-infra/include/air/core/opcode_def.inc:68: Assertion Failure: Unexpected COMMENT
/app/ace-compiler/air-infra/include/air/core/opcode_def.inc:56: Assertion Failure: Unexpected PRAGMA
/app/ace-compiler/air-infra/include/air/core/opcode_def.inc:56: Assertion Failure: Unexpected PRAGMA
/app/ace-compiler/air-infra/include/air/core/opcode_def.inc:68: Assertion Failure: Unexpected COMMENT
/app/ace-compiler/air-infra/include/air/core/opcode_def.inc:68: Assertion Failure: Unexpected COMMENT
/app/ace-compiler/air-infra/include/air/core/opcode_def.inc:56: Assertion Failure: Unexpected PRAGMA
/app/ace-compiler/air-infra/include/air/core/opcode_def.inc:56: Assertion Failure: Unexpected PRAGMA
/app/ace-compiler/air-infra/include/air/core/opcode_def.inc:56: Assertion Failure: Unexpected PRAGMA
/app/ace-compiler/air-infra/include/air/core/opcode_def.inc:56: Assertion Failure: Unexpected PRAGMA
/app/ace-compiler/air-infra/include/air/core/opcode_def.inc:68: Assertion Failure: Unexpected COMMENT
/app/ace-compiler/air-infra/include/air/core/opcode_def.inc:68: Assertion Failure: Unexpected COMMENT
/app/ace-compiler/air-infra/include/air/core/opcode_def.inc:56: Assertion Failure: Unexpected PRAGMA
/app/ace-compiler/air-infra/include/air/core/opcode_def.inc:56: Assertion Failure: Unexpected PRAGMA
/app/ace-compiler/air-infra/include/air/core/opcode_def.inc:56: Assertion Failure: Unexpected PRAGMA
/app/ace-compiler/air-infra/include/air/core/opcode_def.inc:56: Assertion Failure: Unexpected PRAGMA
/app/ace-compiler/air-infra/include/air/core/opcode_def.inc:68: Assertion Failure: Unexpected COMMENT
/app/ace-compiler/air-infra/include/air/core/opcode_def.inc:68: Assertion Failure: Unexpected COMMENT
/app/ace-compiler/air-infra/include/air/core/opcode_def.inc:56: Assertion Failure: Unexpected PRAGMA
/app/ace-compiler/air-infra/include/air/core/opcode_def.inc:56: Assertion Failure: Unexpected PRAGMA
/app/ace-compiler/air-infra/include/air/core/opcode_def.inc:56: Assertion Failure: Unexpected PRAGMA
/app/ace-compiler/air-infra/include/air/core/opcode_def.inc:56: Assertion Failure: Unexpected PRAGMA
/app/ace-compiler/air-infra/include/air/core/opcode_def.inc:68: Assertion Failure: Unexpected COMMENT
/app/ace-compiler/air-infra/include/air/core/opcode_def.inc:68: Assertion Failure: Unexpected COMMENT
/app/ace-compiler/air-infra/include/air/core/opcode_def.inc:56: Assertion Failure: Unexpected PRAGMA
/app/ace-compiler/air-infra/include/air/core/opcode_def.inc:56: Assertion Failure: Unexpected PRAGMA
/app/ace-compiler/air-infra/include/air/core/opcode_def.inc:68: Assertion Failure: Unexpected COMMENT
/app/ace-compiler/air-infra/include/air/core/opcode_def.inc:68: Assertion Failure: Unexpected COMMENT
/app/ace-compiler/air-infra/include/air/core/opcode_def.inc:68: Assertion Failure: Unexpected COMMENT
/app/ace-compiler/air-infra/include/air/core/opcode_def.inc:68: Assertion Failure: Unexpected COMMENT
/app/ace-compiler/air-infra/include/air/core/opcode_def.inc:68: Assertion Failure: Unexpected COMMENT
/app/ace-compiler/air-infra/include/air/core/opcode_def.inc:68: Assertion Failure: Unexpected COMMENT
/app/ace-compiler/air-infra/include/air/core/opcode_def.inc:68: Assertion Failure: Unexpected COMMENT
/app/ace-compiler/air-infra/include/air/core/opcode_def.inc:68: Assertion Failure: Unexpected COMMENT
/app/ace-compiler/air-infra/include/air/core/opcode_def.inc:68: Assertion Failure: Unexpected COMMENT
/app/ace-compiler/air-infra/include/air/core/opcode_def.inc:68: Assertion Failure: Unexpected COMMENT
/app/ace-compiler/air-infra/include/air/core/opcode_def.inc:68: Assertion Failure: Unexpected COMMENT
/app/ace-compiler/air-infra/include/air/core/opcode_def.inc:68: Assertion Failure: Unexpected COMMENT
/app/ace-compiler/air-infra/include/air/core/opcode_def.inc:56: Assertion Failure: Unexpected PRAGMA
/app/ace-compiler/air-infra/include/air/core/opcode_def.inc:56: Assertion Failure: Unexpected PRAGMA
/app/ace-compiler/air-infra/include/air/core/opcode_def.inc:68: Assertion Failure: Unexpected COMMENT
/app/ace-compiler/air-infra/include/air/core/opcode_def.inc:68: Assertion Failure: Unexpected COMMENT
/app/ace-compiler/air-infra/include/air/core/opcode_def.inc:56: Assertion Failure: Unexpected PRAGMA
/app/ace-compiler/air-infra/include/air/core/opcode_def.inc:56: Assertion Failure: Unexpected PRAGMA
/app/ace-compiler/air-infra/include/air/core/opcode_def.inc:56: Assertion Failure: Unexpected PRAGMA
/app/ace-compiler/air-infra/include/air/core/opcode_def.inc:56: Assertion Failure: Unexpected PRAGMA
/app/ace-compiler/air-infra/include/air/core/opcode_def.inc:68: Assertion Failure: Unexpected COMMENT
/app/ace-compiler/air-infra/include/air/core/opcode_def.inc:68: Assertion Failure: Unexpected COMMENT
/app/ace-compiler/air-infra/include/air/core/opcode_def.inc:56: Assertion Failure: Unexpected PRAGMA
/app/ace-compiler/air-infra/include/air/core/opcode_def.inc:56: Assertion Failure: Unexpected PRAGMA
/app/ace-compiler/air-infra/include/air/core/opcode_def.inc:68: Assertion Failure: Unexpected COMMENT
/app/ace-compiler/air-infra/include/air/core/opcode_def.inc:68: Assertion Failure: Unexpected COMMENT
/app/ace-compiler/air-infra/include/air/core/opcode_def.inc:68: Assertion Failure: Unexpected COMMENT
/app/ace-compiler/air-infra/include/air/core/opcode_def.inc:68: Assertion Failure: Unexpected COMMENT
/app/ace-compiler/air-infra/include/air/core/opcode_def.inc:68: Assertion Failure: Unexpected COMMENT
/app/ace-compiler/air-infra/include/air/core/opcode_def.inc:68: Assertion Failure: Unexpected COMMENT
/app/ace-compiler/air-infra/include/air/core/opcode_def.inc:68: Assertion Failure: Unexpected COMMENT
/app/ace-compiler/air-infra/include/air/core/opcode_def.inc:68: Assertion Failure: Unexpected COMMENT
/app/ace-compiler/air-infra/include/air/core/opcode_def.inc:68: Assertion Failure: Unexpected COMMENT
/app/ace-compiler/air-infra/include/air/core/opcode_def.inc:68: Assertion Failure: Unexpected COMMENT
/app/ace-compiler/air-infra/include/air/core/opcode_def.inc:68: Assertion Failure: Unexpected COMMENT
/app/ace-compiler/air-infra/include/air/core/opcode_def.inc:68: Assertion Failure: Unexpected COMMENT
/app/ace-compiler/air-infra/include/air/core/opcode_def.inc:56: Assertion Failure: Unexpected PRAGMA
/app/ace-compiler/air-infra/include/air/core/opcode_def.inc:56: Assertion Failure: Unexpected PRAGMA
/app/ace-compiler/air-infra/include/air/core/opcode_def.inc:68: Assertion Failure: Unexpected COMMENT
/app/ace-compiler/air-infra/include/air/core/opcode_def.inc:68: Assertion Failure: Unexpected COMMENT
/app/ace-compiler/air-infra/include/air/core/opcode_def.inc:56: Assertion Failure: Unexpected PRAGMA
/app/ace-compiler/air-infra/include/air/core/opcode_def.inc:56: Assertion Failure: Unexpected PRAGMA
/app/ace-compiler/air-infra/include/air/core/opcode_def.inc:56: Assertion Failure: Unexpected PRAGMA
/app/ace-compiler/air-infra/include/air/core/opcode_def.inc:56: Assertion Failure: Unexpected PRAGMA
/app/ace-compiler/air-infra/include/air/core/opcode_def.inc:68: Assertion Failure: Unexpected COMMENT
/app/ace-compiler/air-infra/include/air/core/opcode_def.inc:68: Assertion Failure: Unexpected COMMENT
/app/ace-compiler/air-infra/include/air/core/opcode_def.inc:56: Assertion Failure: Unexpected PRAGMA
/app/ace-compiler/air-infra/include/air/core/opcode_def.inc:56: Assertion Failure: Unexpected PRAGMA
/app/ace-compiler/air-infra/include/air/core/opcode_def.inc:68: Assertion Failure: Unexpected COMMENT
/app/ace-compiler/air-infra/include/air/core/opcode_def.inc:68: Assertion Failure: Unexpected COMMENT
/app/ace-compiler/air-infra/include/air/core/opcode_def.inc:68: Assertion Failure: Unexpected COMMENT
/app/ace-compiler/air-infra/include/air/core/opcode_def.inc:68: Assertion Failure: Unexpected COMMENT
/app/ace-compiler/air-infra/include/air/core/opcode_def.inc:68: Assertion Failure: Unexpected COMMENT
/app/ace-compiler/air-infra/include/air/core/opcode_def.inc:68: Assertion Failure: Unexpected COMMENT
/app/ace-compiler/air-infra/include/air/core/opcode_def.inc:68: Assertion Failure: Unexpected COMMENT
/app/ace-compiler/air-infra/include/air/core/opcode_def.inc:68: Assertion Failure: Unexpected COMMENT
/app/ace-compiler/air-infra/include/air/core/opcode_def.inc:68: Assertion Failure: Unexpected COMMENT
/app/ace-compiler/air-infra/include/air/core/opcode_def.inc:68: Assertion Failure: Unexpected COMMENT
/app/ace-compiler/air-infra/include/air/core/opcode_def.inc:68: Assertion Failure: Unexpected COMMENT
/app/ace-compiler/air-infra/include/air/core/opcode_def.inc:68: Assertion Failure: Unexpected COMMENT
/app/ace-compiler/air-infra/include/air/core/opcode_def.inc:56: Assertion Failure: Unexpected PRAGMA
/app/ace-compiler/air-infra/include/air/core/opcode_def.inc:56: Assertion Failure: Unexpected PRAGMA

real	0m2.180s
user	0m0.933s
sys	0m1.241s
rm: cannot remove './alexnet_cifar10.out': No such file or directory

real	0m0.971s
user	0m0.898s
sys	0m0.067s
ckks_param: _provider = 0, _poly_degree = 131072, mul_depth = 31, input_lev = 17, _first_mod_size = 60, _scaling_mod_size = 59, _num_q_parts = 3, _num_p = 11, _num_rot_idx = 690,_hamming_weight = 192
input(tensor): [
 -0.015216 0.052836 -0.099565 -0.007366 -0.043365 0.089217 0.052609 0.096369 0.002745 -0.011426 -0.072538 -0.000175 0.012060 0.044063 0.044200 -0.039977 0.005359 -0.008299 0.051382 -0.043362 0.041296 -0.039151 -0.052012 0.009045 0.091640 -0.038779 -0.064480 -0.004101 0.062585 0.002237 -0.061450 0.068269
 -0.083807 0.002449 0.002892 0.008163 0.005882 0.072623 -0.017183 -0.044685 0.079192 0.035997 -0.011773 0.028513 -0.018909 0.040142 -0.021184 0.080527 -0.028583 0.020266 -0.049642 -0.017738 0.022630 0.057189 0.001208 0.040025 -0.097984 -0.017760 -0.037390 -0.038841 -0.098721 -0.094190 -0.081581 0.091019
 -0.039832 -0.083021 0.074336 0.049684 0.087325 -0.075841 -0.083418 -0.014576 -0.058173 0.043422 -0.095871 0.091957 -0.001173 -0.062152 -0.086799 -0.049034 0.069175 0.007633 0.085124 0.064481 0.012758 0.026594 -0.024382 -0.031493 -0.056099 -0.094897 -0.053651 0.061389 0.012061 -0.088662 -0.036441 -0.098830
 0.018585 0.000715 -0.038737 0.006462 -0.060786 -0.012660 0.051356 0.060883 0.075321 -0.055959 -0.006042 -0.067510 -0.002308 -0.006405 0.051385 -0.088525 -0.011079 -0.015954 -0.009907 -0.065813 0.055073 -0.017428 -0.051334 0.097200 0.001988 -0.022131 -0.002611 0.032543 -0.027375 -0.011503 -0.071552 -0.068365
 0.086263 0.053809 0.084075 -0.030815 -0.049364 -0.084693 0.056564 0.009876 0.039746 0.071691 0.009553 -0.094832 -0.049689 -0.005031 0.036403 0.010546 0.011166 0.095754 0.092817 0.056028 -0.085912 0.048910 -0.063647 -0.079097 -0.080488 0.009356 0.034404 0.060054 0.089488 0.009502 0.050792 0.052266
 -0.054023 -0.040650 0.014852 0.012399 0.048707 0.067553 0.070498 -0.055361 0.031273 0.085974 0.045511 -0.062631 0.003747 -0.039409 0.088414 -0.078520 -0.062746 -0.011172 0.020007 0.024742 -0.077764 -0.014181 -0.098743 0.005292 -0.013854 0.002883 0.093007 0.064531 -0.048266 -0.016710 0.058576 0.026543
 0.081450 0.059188 -0.068744 0.033508 -0.002487 -0.032464 0.027466 -0.055013 -0.006607 -0.041649 -0.001598 -0.059334 -0.047330 0.045926 0.094557 -0.000992 0.082498 0.038309 -0.087090 0.099208 0.025398 0.007732 0.002066 0.050160 0.011711 -0.032171 -0.009261 -0.070872 0.026158 -0.047056 0.022432 0.027733
 0.006213 0.012838 -0.027794 0.090497 -0.087599 -0.009323 -0.094242 0.002441 -0.026985 0.088149 -0.010927 -0.087356 0.027827 0.011681 0.063356 0.098134 0.006245 0.074389 -0.098385 -0.062621 0.049956 0.063876 -0.082254 -0.011603 -0.073127 -0.078882 0.014560 -0.084859 0.073532 0.037776 0.004836 0.062968
 -0.001574 0.038677 -0.085198 -0.072937 0.087774 -0.066750 -0.056483 -0.062690 -0.021590 0.054347 0.014698 -0.060094 -0.029913 0.063076 0.044964 -0.098362 -0.075261 0.097335 -0.018307 0.070359 -0.039812 -0.077261 0.095177 0.086459 -0.089532 0.075306 0.039103 0.039774 -0.001809 -0.090461 0.020853 0.002678
 -0.024077 -0.011214 0.038011 -0.089944 0.081421 0.056327 0.054963 0.039925 -0.050493 -0.080706 0.038978 0.096873 -0.011041 0.072459 -0.071618 0.057925 0.063368 -0.078408 -0.038175 -0.068897 -0.021162 0.009273 -0.010575 0.066368 -0.068585 -0.035308 -0.023189 0.074971 0.088569 -0.073870 0.048986 -0.030486
 0.049352 -0.050602 -0.031292 0.062892 0.028384 -0.081123 0.015084 0.069974 -0.074454 0.035747 -0.098911 0.066668 -0.074508 0.000672 0.086244 0.077859 -0.045714 0.073908 0.015560 0.000337 -0.051256 0.029410 0.076903 0.073125 0.001199 0.006007 0.093502 0.042556 0.005977 -0.039344 0.070253 -0.099384
 -0.079937 -0.029027 0.001295 -0.018262 -0.096021 -0.082408 0.093984 -0.036698 0.061878 0.000578 0.002949 -0.000593 -0.081195 0.065707 -0.090071 0.082361 0.051485 -0.013968 -0.011686 -0.073259 -0.008249 0.058372 0.035300 0.004893 -0.020264 -0.042662 0.041449 -0.044713 0.066559 0.068570 -0.025736 -0.047674
 -0.064723 -0.062969 -0.065284 -0.022576 -0.050360 -0.015337 -0.061601 0.033626 0.081094 0.035112 -0.027295 0.095916 -0.064028 -0.023635 -0.013488 -0.066586 0.058920 -0.059840 -0.071387 0.061551 0.056357 -0.052681 -0.080215 0.002997 -0.073394 -0.075066 0.031067 -0.078748 -0.051103 -0.079057 -0.002808 0.055140
 0.038610 -0.000421 -0.026237 0.059553 -0.069232 0.060784 -0.015487 -0.048675 0.071904 0.063798 0.006480 -0.064599 0.000394 -0.018923 -0.002761 -0.061396 0.008545 -0.043591 0.070472 -0.054085 -0.026396 0.016896 0.044608 0.059019 -0.004038 -0.024701 -0.011615 -0.058948 -0.082780 0.036457 0.009871 0.004667
 0.046380 -0.013841 -0.050775 0.028737 -0.077058 0.009402 -0.031829 0.018902 -0.024167 -0.063474 -0.032507 0.089405 -0.030558 0.069745 0.061678 0.072935 0.011705 -0.086641 0.052891 0.097495 -0.035571 -0.014644 -0.011591 -0.037271 0.034363 0.011655 -0.007432 -0.019438 -0.006478 -0.052387 0.033453 0.067607
 0.054320 0.039468 0.094992 0.084665 -0.063632 0.009141 -0.023646 -0.057588 0.060385 -0.082104 0.025008 0.076538 0.012471 0.031387 -0.017290 -0.010066 -0.086271 -0.052760 -0.068351 -0.071506 -0.095838 0.093284 -0.025799 -0.074472 -0.001402 0.028546 -0.023608 -0.054886 -0.036621 0.094325 0.060278 0.069915
 -0.045086 0.075835 -0.078929 -0.083427 0.064533 0.025103 0.073335 -0.091919 0.044719 -0.088618 -0.027894 -0.025638 -0.092517 -0.095374 0.044563 0.051108 -0.024926 -0.013104 -0.085332 0.094349 0.025436 0.077225 0.085900 -0.005119 -0.040081 0.036062 0.030170 0.013832 0.008765 -0.069764 0.006170 -0.000196
 -0.079527 -0.045633 0.076068 -0.036104 0.007836 0.075479 0.059851 0.047530 -0.085269 0.010868 0.094383 0.085852 -0.092826 0.027201 0.038276 0.086631 -0.082244 -0.034688 -0.088032 -0.072937 0.034207 0.039148 0.006394 0.048545 0.089279 -0.020012 -0.030067 -0.047664 -0.071466 0.035948 -0.065784 0.003784
 0.036101 0.039817 -0.067983 -0.054055 -0.052281 0.062219 0.075772 0.017982 -0.008719 0.038827 0.085854 -0.036107 -0.032890 0.026785 -0.053006 0.098788 0.005363 -0.095465 -0.079586 -0.053411 -0.088662 0.030466 -0.044596 0.051901 0.036359 0.078073 -0.083056 0.085761 -0.044770 0.090123 0.041974 0.096868
 -0.048269 -0.032191 -0.057911 0.004077 0.033705 0.096599 -0.081788 0.020894 0.070974 0.022873 -0.037563 0.013146 -0.039961 -0.010650 0.010901 -0.064720 -0.026077 0.072399 0.010670 -0.093013 -0.061952 -0.064533 -0.080551 0.007508 -0.064520 0.094832 0.054823 -0.025768 -0.031250 -0.052889 -0.014938 0.072204
 0.052041 0.023079 0.054101 0.038721 0.059455 0.046319 -0.095522 0.072355 0.030908 0.014999 -0.062671 0.036537 -0.035410 0.018969 0.023389 0.069470 0.077642 0.018170 0.061514 0.081440 0.068391 -0.065669 0.020635 0.058073 0.096145 -0.079937 -0.052840 -0.080590 -0.005906 -0.092001 0.062165 -0.045398
 -0.018936 0.046669 0.029363 -0.072175 -0.041861 -0.043131 -0.037260 0.049024 -0.061075 -0.031091 0.056074 0.096596 -0.021200 -0.061814 0.095777 0.013398 0.065692 -0.093069 0.038693 0.000730 -0.095569 -0.030808 0.088614 0.091688 0.072727 -0.000581 -0.091372 0.063940 0.015126 0.029297 0.086218 -0.047972
 0.059459 -0.035695 -0.006855 -0.062582 0.011554 -0.038750 -0.078466 0.003774 0.073919 -0.096652 -0.090586 -0.088042 -0.058844 0.039777 -0.075034 0.054443 0.000444 0.023606 0.032651 -0.058350 0.046405 0.024144 -0.047973 0.089563 0.049562 0.081262 -0.064055 -0.033933 0.067080 -0.074139 -0.077932 -0.050865
 0.060950 -0.090830 -0.086198 -0.068550 0.013437 0.055129 -0.081017 0.037799 0.039820 -0.006378 0.067659 0.052793 -0.051504 0.040191 0.019997 -0.021396 0.014278 -0.058096 0.027668 -0.020760 0.078006 0.090948 -0.008336 0.025592 -0.042970 -0.024192 -0.025623 0.082507 -0.035565 0.057391 -0.009007 -0.080160
 0.013851 0.017522 -0.035944 -0.039756 -0.005082 0.020221 -0.000298 0.053134 0.040332 0.066575 0.046635 0.096792 -0.033856 0.019259 -0.095310 -0.062515 0.062769 -0.000082 -0.073124 -0.079707 -0.018970 0.078415 0.028442 -0.091806 -0.043190 -0.065871 0.073531 -0.024991 0.013057 0.041010 0.089296 0.009594
 0.099322 -0.048534 0.027697 0.078813 0.017383 -0.066535 0.054465 -0.069166 0.026687 -0.083224 -0.023803 -0.064076 -0.038653 0.016467 -0.062995 -0.091148 0.045610 0.099328 -0.051953 -0.079652 -0.033105 0.053358 0.053730 0.054157 0.099040 0.023038 -0.075185 -0.087253 0.027339 -0.088057 -0.076415 -0.035384
 0.095032 -0.031766 -0.039007 0.055104 0.029817 0.010165 -0.000157 -0.056478 0.031158 0.029311 0.082541 -0.069755 0.077196 -0.053195 0.036183 0.022504 -0.017024 0.048353 0.030334 -0.068833 -0.059247 0.075787 0.014334 0.028945 0.074703 0.084722 0.025486 0.074540 0.083832 -0.086347 0.037474 -0.065638
 -0.072713 0.061136 -0.031391 0.075310 -0.088904 0.066435 -0.037211 -0.013625 -0.033345 0.063304 -0.093464 -0.082744 -0.057889 -0.047522 0.001598 0.056174 -0.056272 -0.048168 -0.020460 0.034050 -0.099370 -0.035219 0.072546 0.062558 -0.034458 0.026901 0.024205 -0.068658 0.037810 -0.034758 0.067115 -0.077139
 -0.088433 0.094342 -0.042752 0.079839 -0.052245 -0.005350 -0.039939 0.025220 -0.085099 -0.093545 -0.095408 -0.096877 0.050979 -0.079895 -0.081585 -0.043795 0.060728 0.098532 0.075429 0.082668 0.005355 -0.031477 0.074171 0.028783 -0.062539 0.046221 -0.024337 -0.011380 -0.083966 0.071305 -0.091317 -0.019698
 -0.077674 -0.046838 -0.008655 -0.079772 -0.074060 0.058708 -0.038098 0.008150 0.083796 -0.021649 0.086034 0.044869 -0.030129 -0.076451 -0.053188 -0.041117 0.012922 0.004734 0.054070 0.089225 -0.003810 -0.063996 0.022084 -0.024346 -0.039923 0.055335 -0.067393 -0.098415 0.001329 0.059769 0.017602 -0.083901
 0.071297 0.002517 -0.090466 -0.083662 0.052445 -0.025811 -0.085266 0.038716 -0.096832 -0.095145 0.035347 0.094913 -0.035138 0.011619 -0.089910 0.090414 -0.065796 0.094618 -0.008313 -0.070993 0.090459 -0.043896 0.009271 0.059867 0.030715 0.041456 -0.028407 0.071809 -0.005828 -0.087910 0.072786 -0.034593
 -0.081446 -0.063415 -0.058869 -0.046419 0.012554 -0.032254 0.057119 0.013774 -0.082299 0.009204 -0.099329 -0.093826 0.059955 -0.003627 -0.039152 -0.038684 -0.066466 -0.079919 -0.084643 0.025161 0.001451 0.094686 0.092561 0.060091 -0.082244 0.065956 0.031121 -0.006328 0.006848 -0.091385 0.037377 0.063382
 0.009605 0.007128 0.040334 0.036908 -0.046170 -0.012316 -0.053247 0.031756 -0.097361 0.022749 -0.082517 0.050573 -0.012617 0.069783 -0.067572 0.082629 -0.069017 -0.040316 -0.005310 -0.078844 -0.005835 0.010735 0.056324 -0.016549 -0.088628 0.044194 0.038948 0.092921 0.002177 -0.031051 -0.050766 -0.099242
 0.013035 -0.031343 -0.042542 -0.051936 -0.096516 -0.009665 -0.026451 -0.026688 0.097837 -0.037603 -0.059422 0.096739 0.090767 -0.047918 -0.081392 0.065268 -0.067339 0.047450 0.026698 -0.077537 0.088427 -0.083794 -0.007653 0.009411 -0.084696 0.068469 -0.018087 0.056712 0.085962 0.034407 0.091069 0.010796
 -0.004374 -0.024669 -0.085858 0.055879 0.048472 -0.099964 -0.061838 -0.089626 0.053872 0.086254 -0.060890 -0.059473 0.096383 -0.099850 -0.095948 -0.050978 0.030113 -0.071860 -0.087542 -0.017543 0.099579 0.046291 0.090909 -0.005082 0.020892 -0.034262 -0.039252 0.066874 -0.069638 0.039517 -0.053147 -0.012821
 0.081624 0.048873 -0.058197 0.073901 -0.029224 0.011902 -0.076222 -0.026741 -0.027936 0.040392 0.053126 -0.074610 0.077756 0.069280 0.009863 0.008964 0.052662 0.003484 -0.047993 -0.074173 -0.044504 -0.099275 -0.012577 -0.008855 0.058260 0.013971 -0.005058 -0.020085 -0.063899 0.021973 0.081181 0.078380
 0.007287 -0.035816 -0.071225 0.044060 -0.056404 -0.014962 0.012151 0.088698 0.083864 -0.040112 -0.014652 -0.099216 0.086697 0.043337 -0.000834 0.074611 -0.047357 0.019554 -0.097213 -0.076673 0.084901 -0.004795 0.071711 -0.060188 0.050034 0.059046 -0.057497 -0.066520 0.031454 0.057814 0.007939 0.067289
 -0.097392 -0.012028 -0.056224 -0.082382 0.041190 0.095500 0.036625 -0.059778 0.079481 0.021899 0.051994 -0.075576 -0.052134 0.056929 -0.045649 -0.057894 -0.057014 -0.038854 0.006734 -0.018199 0.042399 -0.024854 -0.022974 0.054665 0.041860 0.003794 -0.079722 -0.017009 0.015277 -0.023771 0.083752 0.055221
 0.061372 0.076498 0.065863 0.018214 0.035554 -0.094253 -0.062324 0.045870 -0.003062 -0.062668 -0.031182 -0.034146 -0.037030 0.061673 -0.062100 0.060288 0.031819 0.094815 -0.026994 0.017127 -0.057362 0.070348 0.010485 0.098958 -0.010799 -0.099638 0.072461 -0.098870 -0.020716 0.002515 0.027187 0.074729
 0.037537 -0.051308 -0.044783 0.092602 -0.042715 0.053909 -0.035898 -0.088052 0.060004 0.054677 0.064954 -0.051774 -0.082779 -0.066620 0.072320 0.001378 0.095764 0.035168 -0.066243 0.095184 -0.042007 0.076827 -0.085804 0.024666 -0.033808 0.074555 0.016588 -0.075106 0.044552 0.057519 0.097799 -0.091647
 0.046312 -0.079634 0.097889 -0.025225 0.048570 0.034669 -0.040265 -0.009686 -0.002496 0.016709 -0.070125 0.007383 0.011398 -0.051680 0.045870 0.080247 -0.068869 -0.018655 -0.028347 -0.020587 -0.022092 -0.099586 -0.039192 0.032282 0.055021 0.063250 0.087087 -0.047437 0.069091 0.071960 -0.047986 0.058682
 -0.006063 0.012174 -0.044023 0.034511 -0.044319 -0.042751 -0.003216 -0.075359 -0.088272 -0.020029 -0.030988 -0.025921 -0.088606 -0.074043 -0.077637 -0.082653 0.016067 -0.080626 0.097175 0.024536 0.057580 0.046699 0.069006 0.078326 -0.015993 -0.026312 -0.035608 -0.088015 0.061826 -0.012029 -0.043090 0.085341
 0.038843 0.025198 -0.086810 0.065468 0.070903 0.000718 -0.046428 -0.012970 0.087611 -0.022028 0.016115 -0.094241 -0.031336 0.062615 -0.007125 -0.046755 0.035640 0.048082 -0.073749 0.053232 -0.061044 -0.092108 -0.016561 -0.091202 0.020626 0.038755 0.089439 -0.010579 0.055527 -0.051983 -0.076442 -0.016427
 -0.036107 -0.034133 -0.032400 0.098384 0.049411 -0.066527 -0.014943 -0.070117 -0.017666 0.068543 0.043424 0.080637 -0.065799 -0.074043 -0.018494 -0.052171 -0.058938 0.030414 0.066918 0.038472 0.008606 -0.095818 -0.060872 0.089797 -0.012480 -0.080145 -0.057226 -0.062580 -0.015541 0.071831 -0.025610 -0.091615
 -0.068682 0.047773 0.009756 0.049781 0.075162 -0.029812 -0.072937 0.078564 0.047328 -0.095844 -0.053611 0.049954 -0.064545 0.013537 -0.052437 0.008202 -0.036156 0.066853 0.042512 0.044796 0.061794 -0.078809 -0.033342 -0.028278 -0.055371 -0.022497 0.081780 0.048160 0.032590 -0.000452 -0.041329 -0.092086
 -0.030953 -0.008918 0.098629 0.093614 -0.069538 0.039397 0.091968 0.058752 0.031254 0.009525 0.010325 0.074862 0.080530 0.024451 0.081072 0.034952 0.015143 0.038131 -0.042905 -0.070522 0.034955 0.068234 -0.007273 -0.033229 0.032700 -0.081490 0.039557 0.076593 -0.024558 -0.082272 -0.009767 -0.029570
 -0.056399 -0.050066 0.095983 0.019839 -0.035375 0.062637 0.036474 0.043448 0.077189 0.079753 -0.055873 0.036223 -0.030884 -0.012814 0.001312 -0.025489 -0.047576 0.005097 -0.060117 0.084245 -0.038944 -0.012241 -0.016174 -0.059048 0.026743 -0.083536 0.057133 0.022602 -0.044574 0.004447 -0.002334 -0.077249
 -0.097357 -0.097774 0.062218 0.097263 0.069934 -0.006665 0.012369 -0.053499 0.005308 0.066050 -0.046023 -0.076384 0.008803 -0.093037 -0.063186 -0.054694 -0.023770 -0.043719 0.096520 0.040840 -0.018036 0.095582 0.024811 0.044585 -0.033028 0.067524 0.036578 0.036522 0.052695 0.068973 -0.069203 -0.072764
 -0.052488 -0.011826 0.087100 -0.044482 -0.049285 -0.098815 -0.006020 -0.064439 0.059761 0.043332 0.003751 -0.065859 -0.049652 -0.026675 -0.031183 -0.005925 -0.017949 0.004020 -0.054615 0.058378 0.006056 0.072656 -0.009348 -0.027175 -0.023495 0.040058 0.012850 -0.084415 0.027576 -0.090067 0.048142 0.071559
 0.028784 -0.093838 0.063708 -0.063021 0.070684 -0.080019 0.022295 0.023625 -0.051875 0.003861 -0.043182 0.008219 0.095111 0.032537 -0.082956 -0.077592 0.091077 -0.016503 0.005457 -0.065077 -0.082094 0.047544 -0.024001 0.028801 -0.039730 0.041656 0.093456 -0.057780 -0.065420 -0.014559 -0.043160 0.089364
 -0.048841 0.096524 -0.007395 -0.082843 0.071588 -0.089255 0.085412 0.020350 -0.023069 0.035726 0.045344 0.059569 0.000874 0.099311 -0.063032 -0.069753 -0.038825 -0.018539 0.021071 0.069475 -0.032518 -0.024982 0.048611 -0.033866 -0.061060 -0.034052 0.050828 0.055673 0.071602 0.015239 -0.026055 -0.085946
 -0.070964 -0.050007 -0.088054 0.024527 0.068077 0.018183 0.023763 0.067582 -0.045266 -0.093827 0.003289 0.005522 -0.030233 -0.063375 -0.003997 -0.058778 -0.086781 -0.004816 0.006133 -0.070692 -0.082869 0.021786 -0.061788 0.063668 -0.008102 -0.092409 -0.098010 0.056623 -0.033670 -0.067069 -0.027534 -0.058595
 0.021058 0.095475 0.019424 -0.027003 0.043020 -0.031281 -0.082594 -0.056313 0.055530 -0.063164 0.033056 -0.075794 -0.051852 0.048920 0.081112 0.058633 -0.083751 0.093214 -0.033795 -0.003627 0.076767 0.096304 -0.069319 0.095765 0.038888 -0.094741 0.089514 0.017513 -0.097152 0.087191 0.015643 -0.049049
 0.002480 0.095985 -0.001211 0.053954 -0.004912 -0.032434 0.016126 0.061542 0.045232 -0.011505 0.028259 0.026900 -0.029220 0.092054 -0.025577 0.087446 -0.067442 -0.086404 0.098007 -0.019189 0.009179 0.005896 -0.063891 -0.046660 0.032008 -0.096627 0.013764 -0.013069 0.096573 0.009517 -0.045997 0.059667
 -0.061353 -0.002354 -0.021770 0.081503 0.046569 -0.011024 0.087877 -0.079767 -0.018961 0.059497 -0.005851 -0.078296 -0.050285 0.079648 -0.029890 0.096180 0.091750 -0.022104 -0.081930 -0.025571 -0.072975 0.035624 -0.091193 0.046951 -0.073010 0.004424 -0.002916 0.092737 0.027346 -0.049364 -0.080065 -0.052683
 -0.013146 0.058448 0.017487 0.081997 -0.037156 -0.046799 0.050800 0.081036 -0.098325 -0.054576 0.008044 -0.080027 0.019778 -0.043371 -0.057549 0.051063 0.079443 -0.044022 -0.071360 0.056235 0.084285 -0.094695 -0.068088 0.059345 -0.060043 0.064801 -0.074036 0.069848 0.006047 -0.072441 0.020389 0.080899
 0.028144 -0.052039 0.020679 -0.052400 -0.010102 0.072821 0.096650 0.020855 -0.074952 -0.021355 0.045575 -0.084795 0.016988 0.093956 0.002783 -0.088630 -0.020400 -0.060173 -0.095036 0.046293 -0.091609 -0.018161 0.025142 -0.031299 0.065499 -0.021174 -0.002705 -0.096773 0.052574 -0.064719 -0.076929 0.000443
 0.005789 0.064467 0.061707 0.078616 -0.002069 0.099137 0.084636 0.070674 -0.009548 0.003358 -0.034997 -0.093551 0.094260 0.035774 0.088897 -0.011172 -0.085898 0.000964 0.099190 -0.032873 -0.056023 0.000885 -0.057399 0.054323 0.038099 0.022930 -0.092333 0.037656 0.016383 -0.073681 -0.068685 -0.097719
 -0.019409 -0.054266 -0.003218 -0.063539 0.029229 -0.065513 0.006889 0.082123 -0.045203 0.026350 0.090337 -0.079759 0.041495 -0.093555 0.041085 0.002846 0.019913 -0.041103 0.083732 -0.096476 -0.044144 0.079594 -0.069011 0.043880 -0.082276 0.020330 -0.054579 0.008677 0.008255 0.078258 -0.063661 0.026990
 -0.062878 0.077940 0.099471 0.068206 0.030806 -0.036783 0.076669 0.084094 -0.089268 0.068358 -0.050609 0.004751 0.033108 -0.019462 0.061978 -0.081586 0.004554 0.029857 -0.040584 -0.014484 -0.023745 0.091787 -0.071364 0.002562 -0.006129 -0.056623 -0.079109 0.030679 -0.044777 0.096483 0.096050 0.061578
 -0.022058 0.035622 -0.078550 -0.061830 0.090410 0.061482 -0.028094 -0.098417 -0.020741 -0.045211 -0.086380 0.052066 0.071897 -0.054206 -0.090115 -0.099305 -0.096040 0.062785 0.085459 0.002703 0.034720 0.099826 -0.025234 -0.014467 -0.029299 -0.039934 -0.095261 -0.069904 0.055092 0.027714 -0.071862 0.052801
 0.060845 0.042459 0.027560 -0.089973 0.041441 -0.024030 0.022393 -0.069646 -0.097476 0.006838 -0.088716 -0.070594 0.082155 0.088062 0.081821 -0.018250 0.086192 0.004520 0.023902 -0.005386 0.094548 -0.057444 -0.031087 -0.070706 0.040452 0.046432 -0.012742 -0.017901 -0.096488 -0.082263 0.086068 0.006639
 -0.070855 0.006584 0.096103 -0.033915 -0.015358 -0.057267 -0.027278 0.098465 -0.037837 -0.046315 -0.067000 -0.022133 0.085175 -0.072120 -0.037939 0.005158 -0.027146 -0.008645 -0.062958 -0.021787 0.027344 0.082893 0.051904 0.093016 -0.080160 0.047624 -0.013471 0.099727 -0.023584 0.060105 -0.001269 -0.057837
 -0.080074 0.096077 0.027296 -0.009624 -0.028572 0.061097 -0.073075 0.095159 -0.002806 -0.093785 -0.094305 0.063586 -0.099913 -0.063243 0.033478 0.051219 -0.041015 -0.001723 -0.041978 0.016432 0.004293 -0.035055 -0.049538 0.038771 -0.057728 -0.064910 -0.073494 -0.070120 0.047812 -0.076989 0.061978 0.072247
 -0.069991 -0.012369 0.025874 -0.058044 -0.000404 0.095534 -0.005517 0.065869 0.025787 -0.065980 0.041561 0.031745 0.022143 -0.004592 -0.032763 -0.075699 0.027202 0.060677 -0.068047 0.068467 -0.051621 0.014651 0.066330 0.013126 0.068597 -0.044392 0.080567 0.085281 0.070119 0.080214 0.014718 0.082411
 0.079995 0.068009 -0.059025 -0.024357 -0.086586 0.039359 0.030236 0.075727 0.053030 0.079127 -0.026888 0.082597 -0.085776 -0.031455 0.098988 0.059956 -0.039748 -0.018226 -0.063668 0.013017 -0.092954 -0.023109 -0.076594 -0.021758 -0.047921 0.092345 0.056065 -0.064118 0.019512 0.022720 0.092871 0.083219
 -0.091217 0.061348 -0.015969 -0.005542 0.037584 0.062430 -0.046190 -0.084885 0.064392 0.059862 -0.099871 -0.065635 -0.060774 -0.005042 0.008875 0.055840 0.021242 -0.061844 0.065577 -0.075362 0.048199 0.008893 0.062913 -0.029117 0.031976 -0.052462 -0.056745 -0.007411 -0.067830 -0.001400 0.083480 0.032819
 -0.096449 -0.055027 -0.063896 0.091475 -0.036745 -0.086549 -0.071845 -0.065823 -0.017236 0.066899 -0.027909 0.003842 0.050501 -0.033502 0.050878 -0.055772 0.017145 0.085203 0.055992 0.050249 -0.096871 0.005716 -0.032627 -0.075253 -0.025086 0.029476 -0.019577 -0.080792 -0.087433 0.074526 0.076238 0.011755
 -0.003975 -0.060465 -0.076005 -0.085093 0.031871 0.007198 0.037209 -0.057376 -0.042029 0.038629 -0.006803 -0.068456 0.006269 0.020701 0.026595 0.051836 -0.018018 -0.052982 -0.066254 -0.062897 -0.079619 -0.056768 -0.074823 -0.077608 -0.068364 -0.059966 -0.078893 0.069386 0.009155 0.074813 0.061922 -0.029236
 -0.016493 -0.008521 0.046155 -0.077414 -0.025080 -0.021904 0.087739 0.073844 0.011899 0.014456 0.013877 -0.013684 -0.005665 -0.092229 0.097724 0.095933 0.036328 0.063679 -0.066105 -0.056335 0.078726 -0.087701 0.039362 -0.045318 -0.097816 0.022509 0.084389 0.077795 -0.051299 0.035158 0.072999 -0.044626
 0.008261 -0.075097 0.060386 0.055636 0.004351 0.068300 -0.092006 0.051287 -0.087566 0.018873 0.050041 0.062713 -0.080255 0.026766 0.084950 0.022147 0.060115 -0.087991 0.070481 0.049725 -0.069928 0.036306 0.059871 -0.065632 0.066588 -0.000463 0.007175 0.051479 -0.095732 0.002854 -0.000391 0.084708
 0.001565 0.006091 -0.023972 -0.049869 -0.098719 0.074298 -0.088001 0.059172 0.084931 -0.076352 -0.048324 -0.085495 0.025755 -0.086789 -0.033014 -0.040327 0.042503 0.004745 -0.099742 -0.092420 -0.072552 -0.045428 -0.064211 0.082563 -0.094679 -0.016568 -0.025734 -0.039826 0.001878 -0.007430 0.025329 -0.037832
 0.008643 0.034886 -0.025715 0.084452 0.009162 0.030055 0.046834 -0.011775 -0.007199 0.098232 0.011941 0.063450 -0.037689 -0.048148 0.016583 0.097944 0.067442 0.005612 0.057411 -0.089970 -0.013551 0.024785 -0.009413 -0.034176 -0.057077 0.024608 0.088743 0.052380 -0.023547 0.050338 -0.086023 -0.079474
 0.072844 -0.023871 0.071485 0.040091 0.015165 0.047419 0.024082 0.021911 0.087477 0.034616 0.019112 0.068850 0.070692 -0.006091 -0.029234 0.092865 -0.085707 -0.091526 0.044276 -0.049849 0.020588 -0.002464 0.036821 -0.045854 0.030745 0.056500 0.001387 0.032177 -0.092506 0.020074 -0.010975 0.034807
 0.009783 0.001162 -0.039910 0.037914 -0.063085 -0.088950 0.072000 -0.051150 0.006809 0.020568 0.059822 0.026738 0.023774 -0.086078 -0.091885 0.067789 0.039785 -0.057913 0.047057 -0.037078 0.048165 -0.008051 0.093014 0.039409 0.015194 0.039721 0.023482 -0.034197 0.079630 0.075419 0.015309 0.076730
 0.045902 0.079575 0.078519 0.099011 0.086030 0.057750 -0.039068 0.099619 0.077822 0.097559 -0.021982 0.000442 -0.010617 0.077151 -0.045981 -0.043606 -0.050723 0.055283 -0.069907 0.072472 0.006265 -0.058765 -0.059672 -0.053391 -0.099505 -0.060639 0.028939 -0.051795 0.008824 -0.081101 -0.085459 -0.016048
 -0.062496 0.082756 -0.058067 -0.047157 -0.008703 0.030772 -0.093429 -0.012076 0.045544 -0.092945 0.059231 0.044485 -0.092618 0.038967 -0.047488 0.064573 0.061476 -0.075706 -0.002410 0.005295 -0.029676 -0.057365 0.015887 -0.019467 0.045593 -0.072994 -0.094810 0.097300 0.078061 -0.086122 -0.036386 0.074477
 -0.060418 0.011270 -0.094037 0.096118 -0.026886 -0.096073 -0.022227 -0.043099 -0.046472 0.013291 0.011550 -0.097162 -0.097308 0.002712 0.058226 -0.029284 0.077280 -0.052878 -0.023108 0.052482 -0.095446 -0.098641 -0.080507 0.072765 0.094123 0.033989 -0.046929 -0.011209 0.057357 -0.082448 -0.063336 0.048540
 0.061315 -0.081315 0.079334 0.015561 -0.089942 -0.014064 0.057737 -0.063377 -0.090773 0.071148 0.039746 0.022109 -0.013843 0.018787 0.022407 -0.024908 -0.078532 -0.080874 0.059663 -0.005757 -0.045433 -0.079999 -0.042724 0.075653 -0.022483 -0.053701 0.042207 0.059744 -0.069549 0.034442 -0.046887 -0.001745
 -0.090790 0.082061 -0.051119 -0.010100 0.098316 0.072626 0.009197 0.028989 -0.097974 0.087024 0.006292 -0.007075 -0.044725 0.077076 0.089402 0.003280 -0.041475 -0.082196 0.076651 0.001569 0.021043 0.004228 0.029947 0.029767 0.040780 -0.012463 0.059584 -0.022568 0.097800 0.072712 0.099519 0.078706
 0.055389 0.072774 0.005151 0.083310 0.026440 0.011452 0.007668 -0.024723 -0.082244 0.039369 0.030740 -0.094622 -0.083303 0.033653 -0.046455 0.070647 -0.083122 0.096230 -0.026082 0.030770 -0.002836 0.022941 -0.064445 -0.080370 0.057534 -0.062339 -0.053309 0.083315 0.027006 0.026713 0.012362 0.010019
 0.083648 -0.046370 0.021186 0.084461 -0.057050 0.090188 -0.086162 0.009312 0.087920 -0.097478 0.054261 0.052711 0.042854 0.077229 0.084378 0.042304 0.079687 -0.020800 -0.082055 -0.098293 -0.099786 0.078941 0.000611 0.002432 0.098405 0.065994 0.024621 0.084183 0.084977 -0.075624 -0.071618 0.092754
 -0.032400 -0.063846 -0.033600 -0.098397 0.074212 -0.039144 -0.016066 -0.081314 0.077869 -0.096382 -0.062957 0.088862 -0.030937 0.050385 0.023847 -0.093288 0.081886 0.005987 0.054502 0.099679 0.063241 0.062397 -0.029352 0.089865 -0.063217 -0.048973 -0.068833 0.065747 -0.062236 -0.072698 0.045049 -0.080161
 0.060210 -0.099518 0.001881 -0.032422 -0.044928 -0.070432 0.081352 0.077195 -0.069102 -0.056331 0.059436 -0.035373 0.099672 0.014313 -0.088688 0.008187 0.075808 0.033622 0.062478 -0.043140 0.058897 -0.090003 -0.038253 -0.047844 -0.048224 0.039921 0.043058 -0.054492 -0.029409 0.046294 -0.032555 -0.014739
 -0.071352 -0.055449 0.006927 -0.001981 -0.063577 0.061324 0.049103 -0.045965 -0.097533 -0.057989 0.036278 -0.094843 -0.082667 -0.062256 -0.094055 0.090982 -0.068663 0.051449 0.030882 0.045974 -0.045416 -0.062471 -0.066793 -0.013658 0.000362 -0.042457 0.064958 -0.083485 -0.050243 -0.046215 0.073394 0.025481
 0.020335 0.002014 0.073279 -0.078642 0.017525 -0.057898 0.039310 -0.029395 -0.050748 -0.094991 -0.016423 -0.059497 0.098512 0.065641 0.071604 0.050294 0.035143 -0.059692 0.021857 0.047723 -0.073763 0.015887 0.016868 -0.022293 0.005130 -0.029953 -0.004949 0.013828 0.018911 -0.002432 0.084111 0.063589
 -0.052361 0.014601 -0.085759 -0.047623 0.038748 0.048109 -0.092286 -0.066557 -0.083320 -0.006701 0.060860 0.055146 0.073574 -0.067061 -0.068444 0.021678 -0.076763 -0.045970 -0.042891 -0.096750 -0.082936 0.056641 -0.032319 0.070989 0.054988 -0.017745 0.046912 0.031523 0.075225 -0.057513 -0.096843 0.019163
 0.049215 -0.036476 -0.005238 0.075479 0.014167 -0.009946 -0.097172 -0.073589 0.017792 -0.053077 -0.022022 -0.086668 -0.063368 0.016998 0.012990 -0.065761 -0.094806 0.005205 -0.038070 -0.054799 -0.003018 -0.070724 -0.095425 -0.043818 -0.074668 -0.040388 -0.021339 -0.058230 -0.079477 0.035391 0.061587 -0.052099
 0.082994 -0.093916 -0.000104 0.036828 -0.086356 -0.095297 0.018509 -0.084357 -0.055575 0.055702 -0.081791 -0.078455 0.094056 -0.008716 -0.024693 -0.026172 0.023790 -0.015711 0.082091 -0.044926 -0.042823 0.098061 0.094708 -0.051764 -0.031829 -0.063739 -0.079283 0.018074 -0.003283 -0.045505 0.057912 0.085495
 0.066991 0.096708 -0.095499 0.080586 -0.058303 -0.024743 -0.019216 0.036496 -0.042495 0.014931 0.020568 -0.046375 -0.095812 0.090329 0.097698 0.067961 0.027664 -0.078020 -0.051294 -0.083577 -0.068715 -0.023450 -0.025990 -0.070166 -0.080832 -0.009682 0.094528 0.069020 -0.044588 -0.042546 0.007576 -0.036959
 0.068590 0.031930 0.070592 0.017617 0.030865 -0.051075 -0.013918 -0.071792 -0.064587 -0.092007 -0.009683 -0.027056 -0.090407 -0.064024 -0.014235 0.080846 0.030622 -0.023570 0.075792 -0.080375 0.082173 -0.008323 0.038370 0.044194 0.071875 0.058204 0.047557 -0.046317 -0.035333 -0.036414 -0.066888 0.031801
 -0.048078 -0.014202 0.066579 -0.079086 0.050724 -0.074225 -0.030759 0.098372 0.025928 -0.001509 0.043852 0.098108 0.086393 -0.056636 -0.092139 -0.090129 0.010648 0.074828 0.063822 -0.038830 -0.069128 0.010980 -0.052731 0.074635 -0.020079 0.027726 -0.001822 -0.066706 -0.092511 0.088247 0.061684 0.020445
 -0.084355 -0.077004 -0.070260 -0.049388 -0.065468 -0.039643 -0.035407 -0.059639 0.056906 -0.062296 -0.071954 0.084303 -0.013043 -0.082493 -0.040262 -0.067216 0.029435 0.076460 0.027367 -0.099466 -0.049525 0.037842 -0.097038 0.019357 -0.064461 0.053582 -0.036270 0.067155 -0.071989 0.032627 -0.055760 -0.071003
 -0.023187 -0.029017 -0.085700 0.099776 -0.002838 0.033074 0.028718 -0.029572 0.078058 -0.042989 0.070215 -0.031920 -0.020440 -0.030094 -0.096761 -0.010243 0.033001 -0.021170 -0.015701 0.097278 0.051768 -0.020716 -0.084915 -0.071486 -0.076454 -0.030191 -0.006936 -0.085182 -0.018464 0.023637 0.038649 -0.042939
 -0.085004 0.080277 0.065326 -0.076557 0.077344 -0.069508 0.086798 -0.081988 0.066879 0.078729 -0.032362 0.037186 -0.061621 -0.061378 -0.070157 -0.067732 0.044823 0.040269 0.061304 -0.046169 0.050764 -0.079023 0.058553 0.089213 -0.040721 0.006977 -0.033969 -0.070108 -0.094171 0.073309 0.046371 0.097186
 0.028891 -0.012501 -0.036059 -0.064191 -0.092483 -0.067179 -0.000080 0.064842 -0.042225 -0.077484 -0.020851 0.031447 0.089519 -0.086165 0.024967 0.008542 -0.041464 0.005059 -0.066547 0.083499 0.085333 -0.023352 -0.073421 -0.086186 -0.084287 -0.019750 0.038124 0.087275 0.064225 -0.014884 -0.055105 -0.056067
]
Total memory size for keys: rot_key_cnt = 798, rot_key_size = 215885295696 bytes, total_key_size = 216313115240 bytes
Total memory size for weight plain: cnt = 9519, size = 23606228280 bytes
RTLib functions         	       Count	      Elapse
--------------------    	    --------	    --------
NN                      	           -	           -
FHE                     	           -	           -
 FHE_RELIN               	         189	   61.741755 sec
 FHE_ROTATE              	        5191	 1056.731670 sec
FHE                     	   sub total	 1118.473425 sec
FINALIZE_CONTEXT        	           1	    6.785693 sec
PREPARE_CONTEXT         	           1	 1376.471962 sec
ENCODE_ARRAY            	       10090	  191.585324 sec
ENCODE_VALUE            	          91	    0.112259 sec
NTT                     	      393254	 1006.426502 sec
INTT                    	      147086	  402.732643 sec
MAIN_GRAPH              	           1	 2160.351687 sec
 HW_ADD                  	      219358	   33.448747 sec
 HW_MUL                  	      204940	  145.828735 sec
 HW_ROT                  	       24974	    4.314862 sec
 COPY_POLY               	       22576	   20.001981 sec
 EXTEND                  	        1134	   15.600047 sec
 PRECOMP                 	         329	  139.778547 sec
 MOD_DOWN                	       11334	  662.664546 sec
 DECOMP_MODUP            	        6326	  442.481871 sec
 DOT_PROD                	        2786	  167.600909 sec
 MULP                    	       11194	  511.149521 sec
 RESCALE_POLY            	        1228	   65.346886 sec
 COPY_CIPH               	        4606	    4.192987 sec
 INIT_CIPH_SM_SC         	       15684	    3.177277 sec
 INIT_CIPH_UP_SC         	        9735	    3.725874 sec
 INIT_CIPH_DN_SC         	         259	    0.543404 sec
 BOOTSTRAP               	           7	  855.421074 sec
  BS_SETUP                	           1	   75.235365 sec
  BS_KEYGEN               	           1	  187.567594 sec
  BS_EVAL                 	           7	  855.421062 sec
   BS_COEFF_TO_SLOT        	           7	  362.136730 sec
   BS_APPROX_MOD           	           7	  266.438748 sec
   BS_SLOT_TO_COEFF        	           7	  211.917620 sec
  BS_EVAL                 	   sub total	  840.493098 sec
 BOOTSTRAP               	   sub total	 1118.224020 sec
 PT_ENCODE               	        9610	  118.950868 sec
MAIN_GRAPH              	   sub total	 3194.228136 sec

real	59m3.975s
user	51m51.300s
sys	7m3.370s
