cryptonet.onnx
cryptonet.c
cryptonet.onnx.c
/app/ace-compiler/air-infra/base/src/node.cxx:534: Assertion Failure: Do not call this API to change rtype.
/app/ace-compiler/air-infra/base/src/node.cxx:534: Assertion Failure: Do not call this API to change rtype.
/app/ace-compiler/air-infra/base/src/node.cxx:524: Assertion Failure: Do not call this API to change rtype.
/app/ace-compiler/air-infra/base/src/node.cxx:524: Assertion Failure: Do not call this API to change rtype.
/app/ace-compiler/air-infra/base/src/node.cxx:534: Assertion Failure: Do not call this API to change rtype.
/app/ace-compiler/air-infra/base/src/node.cxx:534: Assertion Failure: Do not call this API to change rtype.
/app/ace-compiler/air-infra/base/src/node.cxx:524: Assertion Failure: Do not call this API to change rtype.
/app/ace-compiler/air-infra/base/src/node.cxx:524: Assertion Failure: Do not call this API to change rtype.
strided_slice fusion count: 0
total fusion count: 0
/app/ace-compiler/air-infra/include/air/core/opcode_def.inc:68: Assertion Failure: Unexpected COMMENT
/app/ace-compiler/air-infra/include/air/core/opcode_def.inc:68: Assertion Failure: Unexpected COMMENT
/app/ace-compiler/air-infra/include/air/core/opcode_def.inc:56: Assertion Failure: Unexpected PRAGMA
/app/ace-compiler/air-infra/include/air/core/opcode_def.inc:56: Assertion Failure: Unexpected PRAGMA
/app/ace-compiler/air-infra/include/air/core/opcode_def.inc:68: Assertion Failure: Unexpected COMMENT
/app/ace-compiler/air-infra/include/air/core/opcode_def.inc:68: Assertion Failure: Unexpected COMMENT
/app/ace-compiler/air-infra/include/air/core/opcode_def.inc:68: Assertion Failure: Unexpected COMMENT
/app/ace-compiler/air-infra/include/air/core/opcode_def.inc:68: Assertion Failure: Unexpected COMMENT
/app/ace-compiler/air-infra/include/air/core/opcode_def.inc:56: Assertion Failure: Unexpected PRAGMA
/app/ace-compiler/air-infra/include/air/core/opcode_def.inc:56: Assertion Failure: Unexpected PRAGMA
/app/ace-compiler/air-infra/include/air/core/opcode_def.inc:68: Assertion Failure: Unexpected COMMENT
/app/ace-compiler/air-infra/include/air/core/opcode_def.inc:68: Assertion Failure: Unexpected COMMENT
/app/ace-compiler/air-infra/include/air/core/opcode_def.inc:56: Assertion Failure: Unexpected PRAGMA
/app/ace-compiler/air-infra/include/air/core/opcode_def.inc:56: Assertion Failure: Unexpected PRAGMA
/app/ace-compiler/air-infra/include/air/core/opcode_def.inc:56: Assertion Failure: Unexpected PRAGMA
/app/ace-compiler/air-infra/include/air/core/opcode_def.inc:56: Assertion Failure: Unexpected PRAGMA
/app/ace-compiler/air-infra/include/air/core/opcode_def.inc:68: Assertion Failure: Unexpected COMMENT
/app/ace-compiler/air-infra/include/air/core/opcode_def.inc:68: Assertion Failure: Unexpected COMMENT
/app/ace-compiler/air-infra/include/air/core/opcode_def.inc:56: Assertion Failure: Unexpected PRAGMA
/app/ace-compiler/air-infra/include/air/core/opcode_def.inc:56: Assertion Failure: Unexpected PRAGMA
/app/ace-compiler/air-infra/include/air/core/opcode_def.inc:56: Assertion Failure: Unexpected PRAGMA
/app/ace-compiler/air-infra/include/air/core/opcode_def.inc:56: Assertion Failure: Unexpected PRAGMA
/app/ace-compiler/air-infra/include/air/core/opcode_def.inc:68: Assertion Failure: Unexpected COMMENT
/app/ace-compiler/air-infra/include/air/core/opcode_def.inc:68: Assertion Failure: Unexpected COMMENT
/app/ace-compiler/air-infra/include/air/core/opcode_def.inc:56: Assertion Failure: Unexpected PRAGMA
/app/ace-compiler/air-infra/include/air/core/opcode_def.inc:56: Assertion Failure: Unexpected PRAGMA
/app/ace-compiler/air-infra/include/air/core/opcode_def.inc:68: Assertion Failure: Unexpected COMMENT
/app/ace-compiler/air-infra/include/air/core/opcode_def.inc:68: Assertion Failure: Unexpected COMMENT
/app/ace-compiler/air-infra/include/air/core/opcode_def.inc:68: Assertion Failure: Unexpected COMMENT
/app/ace-compiler/air-infra/include/air/core/opcode_def.inc:68: Assertion Failure: Unexpected COMMENT
/app/ace-compiler/air-infra/include/air/core/opcode_def.inc:68: Assertion Failure: Unexpected COMMENT
/app/ace-compiler/air-infra/include/air/core/opcode_def.inc:68: Assertion Failure: Unexpected COMMENT
/app/ace-compiler/air-infra/include/air/core/opcode_def.inc:68: Assertion Failure: Unexpected COMMENT
/app/ace-compiler/air-infra/include/air/core/opcode_def.inc:68: Assertion Failure: Unexpected COMMENT
/app/ace-compiler/air-infra/include/air/core/opcode_def.inc:68: Assertion Failure: Unexpected COMMENT
/app/ace-compiler/air-infra/include/air/core/opcode_def.inc:68: Assertion Failure: Unexpected COMMENT
/app/ace-compiler/air-infra/include/air/core/opcode_def.inc:68: Assertion Failure: Unexpected COMMENT
/app/ace-compiler/air-infra/include/air/core/opcode_def.inc:68: Assertion Failure: Unexpected COMMENT
/app/ace-compiler/air-infra/include/air/core/opcode_def.inc:56: Assertion Failure: Unexpected PRAGMA
/app/ace-compiler/air-infra/include/air/core/opcode_def.inc:56: Assertion Failure: Unexpected PRAGMA
/app/ace-compiler/air-infra/include/air/core/opcode_def.inc:68: Assertion Failure: Unexpected COMMENT
/app/ace-compiler/air-infra/include/air/core/opcode_def.inc:68: Assertion Failure: Unexpected COMMENT
/app/ace-compiler/air-infra/include/air/core/opcode_def.inc:56: Assertion Failure: Unexpected PRAGMA
/app/ace-compiler/air-infra/include/air/core/opcode_def.inc:56: Assertion Failure: Unexpected PRAGMA
/app/ace-compiler/air-infra/include/air/core/opcode_def.inc:56: Assertion Failure: Unexpected PRAGMA
/app/ace-compiler/air-infra/include/air/core/opcode_def.inc:56: Assertion Failure: Unexpected PRAGMA
/app/ace-compiler/air-infra/include/air/core/opcode_def.inc:68: Assertion Failure: Unexpected COMMENT
/app/ace-compiler/air-infra/include/air/core/opcode_def.inc:68: Assertion Failure: Unexpected COMMENT
/app/ace-compiler/air-infra/include/air/core/opcode_def.inc:56: Assertion Failure: Unexpected PRAGMA
/app/ace-compiler/air-infra/include/air/core/opcode_def.inc:56: Assertion Failure: Unexpected PRAGMA
/app/ace-compiler/air-infra/include/air/core/opcode_def.inc:68: Assertion Failure: Unexpected COMMENT
/app/ace-compiler/air-infra/include/air/core/opcode_def.inc:68: Assertion Failure: Unexpected COMMENT
/app/ace-compiler/air-infra/include/air/core/opcode_def.inc:68: Assertion Failure: Unexpected COMMENT
/app/ace-compiler/air-infra/include/air/core/opcode_def.inc:68: Assertion Failure: Unexpected COMMENT
/app/ace-compiler/air-infra/include/air/core/opcode_def.inc:68: Assertion Failure: Unexpected COMMENT
/app/ace-compiler/air-infra/include/air/core/opcode_def.inc:68: Assertion Failure: Unexpected COMMENT
/app/ace-compiler/air-infra/include/air/core/opcode_def.inc:68: Assertion Failure: Unexpected COMMENT
/app/ace-compiler/air-infra/include/air/core/opcode_def.inc:68: Assertion Failure: Unexpected COMMENT
/app/ace-compiler/air-infra/include/air/core/opcode_def.inc:68: Assertion Failure: Unexpected COMMENT
/app/ace-compiler/air-infra/include/air/core/opcode_def.inc:68: Assertion Failure: Unexpected COMMENT
/app/ace-compiler/air-infra/include/air/core/opcode_def.inc:68: Assertion Failure: Unexpected COMMENT
/app/ace-compiler/air-infra/include/air/core/opcode_def.inc:68: Assertion Failure: Unexpected COMMENT
/app/ace-compiler/air-infra/include/air/core/opcode_def.inc:56: Assertion Failure: Unexpected PRAGMA
/app/ace-compiler/air-infra/include/air/core/opcode_def.inc:56: Assertion Failure: Unexpected PRAGMA

real	0m0.018s
user	0m0.010s
sys	0m0.008s

real	0m0.184s
user	0m0.150s
sys	0m0.033s
ckks_param: _provider = 0, _poly_degree = 8192, mul_depth = 10, input_lev = 11, _first_mod_size = 60, _scaling_mod_size = 59, _num_q_parts = 3, _num_p = 4, _num_rot_idx = 81,_hamming_weight = 192
input(tensor): [
 -0.071570 0.052057 0.059475 0.077795 0.087265 0.035471 0.047858 -0.075101 0.000525 -0.087764 0.027924 0.002986 0.051673 0.027888 0.093548 0.051291 -0.054384 -0.049542 -0.024962 -0.051900 0.022934 0.033800 0.041170 -0.087970 0.031090 -0.074742 0.009949 -0.073734
 -0.026093 0.034213 0.020394 -0.053722 0.042694 -0.074403 0.035473 -0.092213 0.050527 -0.060461 -0.072160 0.057922 -0.085700 -0.039704 -0.052870 -0.015750 -0.053647 0.071864 -0.048509 0.074714 0.055635 0.024818 -0.044466 0.056678 0.048608 0.012600 -0.081008 0.071877
 0.099348 -0.053766 0.082537 0.045497 -0.081175 -0.070633 -0.047859 -0.000467 0.087744 -0.093368 -0.024141 -0.026754 0.008265 -0.059501 0.066575 0.043996 -0.072481 -0.036969 0.059628 0.039338 -0.018750 0.003519 -0.085164 -0.005937 0.068697 0.096362 -0.006286 0.045380
 -0.017843 0.029795 -0.005220 -0.050000 -0.010132 0.098759 0.069739 -0.070952 0.019092 0.088500 0.084880 -0.002204 -0.074714 -0.059455 -0.089722 -0.036278 0.001725 0.041118 -0.067081 0.094090 0.095205 -0.069343 0.009647 -0.031326 0.069903 -0.010959 -0.066364 -0.015247
 -0.040727 0.097040 0.055049 0.061162 -0.076814 0.048901 0.019386 -0.021486 -0.090842 0.017391 0.014240 0.016384 0.030938 0.001589 -0.090987 -0.095709 -0.032382 0.046957 -0.050463 -0.021772 0.051496 -0.003311 0.021745 0.093052 -0.035264 -0.025232 0.000938 0.063773
 0.003889 0.019240 0.038520 -0.092329 0.019676 -0.030619 -0.068110 -0.069643 -0.009848 0.048855 0.084896 -0.099650 0.024489 0.098279 -0.038972 -0.054080 0.084462 -0.032601 0.047108 0.091647 0.050395 0.077939 -0.009934 0.029742 0.099131 -0.048915 -0.019881 0.036935
 0.011285 -0.036867 -0.088893 0.034691 0.035374 -0.027747 0.048834 -0.007361 -0.035314 0.063477 0.062517 0.031500 0.057642 0.031687 -0.027126 0.058201 -0.077358 -0.045427 0.052958 0.017749 -0.019106 -0.057603 -0.080934 0.040169 -0.045052 -0.094281 0.029128 -0.077895
 0.048151 -0.039323 -0.079674 -0.069280 -0.047427 -0.024340 0.042145 -0.097770 0.069245 -0.091533 0.086788 -0.062004 0.063670 0.079982 -0.092284 0.092816 0.041422 0.036653 -0.037285 -0.079383 0.098216 0.008024 -0.078385 0.043527 0.073404 0.048446 0.089729 0.051116
 0.056601 -0.093659 -0.039421 -0.016261 -0.050691 -0.049139 -0.081672 -0.063767 0.084510 0.080597 -0.010165 0.099114 -0.027386 0.074177 0.048097 0.065560 0.082225 -0.049536 -0.065111 -0.030355 -0.047358 -0.010219 0.007080 -0.020485 -0.021932 0.050910 0.005619 0.051642
 -0.094277 -0.050843 0.021145 0.000588 -0.006004 0.091239 0.039888 -0.008193 -0.053919 0.014301 0.059344 -0.075327 0.099814 0.057035 -0.021911 -0.051630 -0.062627 0.091845 0.046476 0.007391 -0.058287 -0.079569 -0.080572 0.087866 0.034916 0.064884 -0.039247 0.063650
 -0.049120 0.024703 0.077997 0.063885 -0.011118 -0.067214 -0.085936 0.057247 -0.022611 -0.070563 0.082155 0.053232 0.097349 0.006114 -0.007110 0.088595 0.081396 0.021242 -0.067827 0.072943 -0.087715 -0.006520 0.017991 -0.030241 -0.044992 0.027782 -0.085505 -0.011984
 -0.026310 -0.038365 -0.096974 -0.017940 0.026701 0.004422 0.044597 -0.047549 0.080704 -0.064788 0.092191 0.038768 0.099456 0.026336 0.061895 0.010092 0.074772 0.048585 0.004827 -0.076644 0.057706 0.055348 -0.070880 -0.075691 0.098115 0.088130 0.082456 -0.077885
 0.001914 -0.058160 -0.080379 -0.054860 0.044384 -0.024168 -0.086153 -0.000177 -0.013601 0.055731 0.073532 -0.052024 -0.037824 0.036197 -0.091620 0.005344 0.073967 -0.094867 0.062851 -0.047589 -0.040077 0.014382 -0.050447 0.030021 -0.036977 -0.076574 0.082112 0.003099
 0.071882 0.065666 0.054230 0.038513 0.086934 0.088624 -0.044627 -0.089503 0.083343 -0.082640 -0.098351 -0.068178 -0.002158 -0.064574 -0.011674 -0.028147 -0.011587 -0.024905 -0.089943 -0.048221 0.080359 0.078629 0.014203 -0.058867 -0.099727 0.087416 -0.086771 -0.079054
 0.044485 -0.006486 0.028269 0.044507 -0.006495 0.036468 0.072823 0.055130 -0.015604 0.079677 -0.058670 0.098978 -0.058347 0.077340 0.004796 -0.070726 -0.095197 -0.096312 -0.068957 -0.017204 -0.024046 -0.009809 -0.011721 -0.047281 0.088258 -0.091041 0.064613 0.070059
 0.065564 0.065770 -0.029093 0.037387 0.025513 -0.079309 0.057371 -0.097184 0.020822 0.088970 -0.081354 -0.099068 0.085042 0.032882 -0.073721 -0.062725 0.048694 -0.021214 0.070095 0.015826 -0.053883 0.071577 0.049283 0.051555 0.031638 -0.038837 -0.048357 -0.079127
 0.012026 -0.096374 -0.029992 0.084700 -0.032864 0.074252 -0.012447 0.070889 0.073746 0.076296 -0.084723 0.073290 0.038218 0.016867 -0.072020 -0.038039 -0.006087 -0.008252 0.020973 -0.070956 -0.019191 0.001712 -0.018162 -0.028408 0.016033 -0.001244 0.028394 0.006167
 -0.076590 -0.046961 0.073746 0.005666 -0.058338 0.020595 0.049036 -0.098345 -0.086845 0.082634 0.071678 -0.083229 -0.084561 -0.054200 0.014757 0.046065 0.076358 -0.084468 0.024125 0.081750 -0.076602 -0.028547 0.012683 0.022293 0.017473 0.053567 -0.095002 0.034320
 -0.058984 -0.085119 -0.029749 -0.010626 -0.000438 0.004159 0.085750 -0.063419 -0.022200 0.027570 0.069295 -0.038556 0.038713 0.072110 -0.033458 -0.059871 0.035735 0.064526 0.068924 0.006789 -0.070778 -0.019652 -0.021432 0.064156 -0.058330 -0.071262 0.079856 0.097108
 -0.084681 0.037370 -0.004142 0.012908 0.091143 -0.063825 -0.086798 -0.064505 -0.075843 0.007068 0.066579 -0.067729 -0.009181 0.074820 0.093982 0.071385 -0.034419 -0.011382 0.073872 0.060295 0.082247 0.069273 0.015549 -0.061818 -0.044751 0.009086 -0.056127 0.053966
 0.098603 -0.060134 0.085461 0.013293 0.054609 -0.082099 -0.005194 -0.004296 -0.041391 0.068413 -0.009334 0.047094 -0.031017 -0.045764 -0.034184 -0.067482 -0.037270 -0.017243 -0.001567 0.037102 0.096428 0.010561 -0.083900 0.042568 -0.007999 -0.089591 0.082105 -0.083936
 -0.021727 0.036990 -0.050649 0.022167 -0.067160 0.093611 0.029212 -0.008612 0.086688 -0.025519 -0.062665 -0.077018 0.054882 -0.008683 0.045250 0.092357 -0.081127 -0.041109 -0.000102 0.067707 0.024061 0.042728 0.056284 -0.026825 0.068045 -0.068948 -0.028820 0.064647
 -0.053992 -0.070989 -0.094554 0.055167 0.060948 0.080055 -0.088720 0.003154 0.062068 -0.021358 -0.075826 0.094316 0.066565 0.052130 0.060194 0.077558 0.088157 -0.067301 0.073403 -0.086314 -0.073397 0.057223 -0.069331 -0.015846 0.075647 0.066384 0.062343 -0.069985
 0.098263 0.049010 0.037851 0.090928 0.076236 -0.068628 -0.006731 -0.054080 -0.009520 0.070146 0.054196 -0.016327 0.024578 -0.072440 -0.071020 0.011616 -0.024716 -0.038923 0.094633 -0.011683 -0.037765 0.088578 0.031850 0.057857 0.014344 -0.002254 -0.008048 -0.032330
 -0.092633 0.037187 -0.059827 -0.007296 -0.045568 0.076770 0.008556 -0.044628 -0.030841 0.023128 0.064870 0.092359 0.037924 0.075851 0.095857 0.046816 -0.059418 0.071574 0.062659 0.086916 -0.002528 0.096411 0.034318 -0.097344 0.043045 0.043054 -0.038863 0.024141
 0.049689 0.041620 0.000525 -0.050660 0.085193 -0.003200 0.084460 0.077266 0.036705 0.054307 -0.023101 0.079954 0.035082 -0.057624 -0.013339 -0.041425 0.013328 -0.086837 -0.066091 -0.031014 -0.019706 0.011762 0.005539 0.059317 0.057155 -0.071494 -0.042354 0.029222
 0.063226 -0.046399 0.009447 0.036084 0.077046 0.050036 0.010452 0.091695 -0.084133 -0.024646 0.050705 0.075059 -0.014134 -0.094413 -0.035900 0.013377 0.071536 -0.033468 0.029122 -0.083139 -0.084755 0.037392 -0.096960 0.057275 0.028945 -0.032034 0.039592 0.044209
 -0.093056 0.077427 0.054367 -0.092014 -0.014042 0.043305 0.047602 0.029275 0.049023 0.086268 -0.087100 -0.092761 -0.017939 0.061981 0.005591 0.035896 0.026403 -0.026408 0.026635 -0.029950 0.032287 -0.025297 -0.021737 -0.076116 0.060851 0.042493 -0.025995 0.099790
]
Total memory size for keys: rot_key_cnt = 81, rot_key_size = 477785304 bytes, total_key_size = 487091952 bytes
Total memory size for weight plain: cnt = 123, size = 61285016 bytes
RTLib functions         	       Count	      Elapse
--------------------    	    --------	    --------
NN                      	           -	           -
FHE                     	           -	           -
 FHE_RELIN               	           2	    0.017761 sec
 FHE_ROTATE              	         107	    1.613949 sec
FHE                     	   sub total	    1.631710 sec
FINALIZE_CONTEXT        	           1	    0.023106 sec
PREPARE_CONTEXT         	           1	    2.581186 sec
ENCODE_ARRAY            	         124	    0.168430 sec
NTT                     	       12558	    1.524370 sec
INTT                    	        1736	    0.229676 sec
MAIN_GRAPH              	           1	    1.941617 sec
 HW_ADD                  	        9618	    0.063085 sec
 HW_MUL                  	        8390	    0.323473 sec
 HW_ROT                  	        1648	    0.009506 sec
 COPY_POLY               	         370	    0.007001 sec
 MOD_DOWN                	         218	    0.559119 sec
 DECOMP_MODUP            	         258	    0.660934 sec
 MULP                    	         251	    0.587495 sec
 RESCALE_POLY            	          29	    0.025925 sec
 COPY_CIPH               	          76	    0.014370 sec
 INIT_CIPH_SM_SC         	         272	    0.009006 sec
 INIT_CIPH_UP_SC         	         122	    0.004670 sec
 INIT_CIPH_DN_SC         	          14	    0.000064 sec
 BOOTSTRAP               	           -	           -
  BS_EVAL                 	           -	           -
 BOOTSTRAP               	   sub total	    0.000000 sec
 PT_ENCODE               	         123	    0.166908 sec
MAIN_GRAPH              	   sub total	    2.431557 sec

real	0m4.558s
user	0m4.204s
sys	0m0.342s
