+ '[' -e /usr/bin/time ']'
+ ./fhelipe_mobilenet.0325
ckks_param: _provider = 0, _poly_degree = 65536, mul_depth = 33, input_lev = 31, _first_mod_size = 60, _scaling_mod_size = 56, _num_q_parts = 3, _num_p = 12, _num_rot_idx = 292,_hamming_weight = 192
input(tensor): [
 0.092691 0.053793 0.060843 0.005233 -0.022996 -0.034003 0.079145 -0.056239 0.017188 -0.086797 0.043835 -0.084313 -0.086523 0.035562 0.073919 0.045522 0.088424 -0.077714 0.005369 0.080881 0.012899 0.068671 0.008499 0.075729 0.009092 -0.095789 0.098181 0.016612 -0.071939 -0.038027 0.094390 0.037179
 0.075430 -0.005355 -0.079769 -0.079463 -0.020141 -0.013890 -0.055014 -0.017780 -0.043411 -0.020157 -0.000044 0.050458 0.085505 0.031420 0.029146 0.086257 -0.003397 0.099511 -0.083990 0.093400 0.036021 -0.068691 -0.080036 -0.066702 -0.053957 0.059910 0.029939 -0.072219 -0.009609 -0.001854 -0.068643 0.021585
 0.052777 0.023152 -0.015000 0.023189 -0.072331 0.005736 -0.016395 -0.013951 0.034078 -0.008158 0.061887 -0.029289 -0.094577 -0.087145 -0.081371 0.085621 -0.038595 -0.064231 0.036986 -0.057462 0.088047 -0.049930 0.047153 -0.070532 0.088454 -0.085906 0.082955 -0.002606 0.082262 0.028151 -0.052528 -0.077534
 -0.094146 -0.011788 -0.042819 0.059540 0.038864 -0.001084 0.004902 0.027878 0.049146 0.061621 -0.040885 -0.003169 0.038535 -0.099174 -0.021352 0.040265 -0.036365 -0.040474 0.077547 -0.092384 0.062188 -0.030421 0.040885 -0.051516 -0.032478 0.036398 0.044636 -0.063790 0.046628 -0.090979 0.065942 0.028028
 -0.081903 -0.030739 -0.019491 -0.008809 0.011152 0.075521 -0.008574 0.076517 0.093970 -0.013886 0.090184 0.014836 -0.064652 0.006019 -0.015662 0.060690 0.019119 0.009704 0.049915 0.037202 0.004450 0.015274 0.068554 0.070304 -0.006642 0.063614 0.079401 0.059260 0.094823 0.062854 0.098292 -0.066339
 0.030006 0.055222 0.080746 -0.066986 0.007989 0.011179 -0.066991 0.096865 -0.001664 -0.010711 0.056249 0.061076 0.081443 0.004559 0.067421 -0.071752 0.056128 0.024278 0.005254 0.073222 -0.080649 0.001584 0.082159 -0.085523 0.037583 0.064156 -0.043503 -0.017255 0.064738 -0.096313 0.044209 -0.018252
 -0.024119 -0.014120 -0.003917 -0.052873 0.074519 0.011218 -0.008100 0.007803 -0.032785 0.071248 0.061669 -0.032422 0.026790 0.051250 0.038779 -0.006764 -0.017688 0.078087 0.011110 -0.097210 -0.020314 0.060101 -0.051732 0.015668 0.042648 0.074219 0.005172 0.040294 -0.060086 0.088054 -0.006013 0.015389
 0.082350 -0.048846 -0.056133 -0.015245 0.034986 -0.052835 -0.084119 0.085350 0.074900 -0.097360 0.042393 -0.058552 0.004284 0.003855 0.009339 -0.089440 0.079474 0.063270 -0.070673 0.075048 -0.050079 -0.091235 -0.079950 0.092379 0.070822 0.086420 0.074778 -0.031108 -0.008340 0.045559 0.079836 -0.023268
 -0.068256 0.048636 0.009583 0.095421 0.011104 0.024753 -0.002832 0.099276 -0.026653 0.061969 0.012033 -0.091293 0.018433 0.007295 -0.096492 -0.052571 0.088737 0.002202 -0.040206 -0.003389 -0.031064 -0.025842 0.093242 0.029294 0.048091 0.076637 -0.045298 0.066521 -0.095619 0.006551 0.078279 -0.091532
 -0.045442 -0.045083 -0.079161 0.049761 -0.047005 0.067372 -0.050561 -0.074751 -0.035638 -0.076117 -0.001402 0.041313 0.052332 0.013805 0.012861 -0.009534 -0.086471 0.072962 -0.055777 -0.045038 0.000850 -0.064501 -0.063637 0.027226 -0.070638 0.023547 -0.079992 0.058785 -0.058473 -0.074509 -0.034674 -0.045926
 0.038927 0.053839 0.082113 -0.091110 0.028823 -0.011852 -0.065487 -0.087477 0.084614 0.026039 0.085917 -0.022480 -0.012557 -0.001737 -0.090482 0.021642 0.093978 0.035746 0.033428 -0.035629 -0.011633 -0.045311 0.052402 0.096645 -0.046200 0.008745 -0.009469 -0.087389 0.048719 0.052439 -0.052174 -0.075287
 0.023678 0.035819 -0.006562 0.099370 -0.038019 0.097473 0.017246 -0.076557 -0.086784 0.044240 -0.036140 -0.043944 0.060546 -0.040867 0.027634 -0.062073 0.097691 -0.021380 0.083883 -0.057139 0.058695 -0.007881 -0.069367 0.043275 0.057556 0.092852 0.091681 -0.069146 0.071898 -0.059790 -0.018729 0.048543
 0.083659 -0.042603 0.020500 0.017088 -0.081547 0.071754 -0.066791 0.033399 0.029705 0.058627 0.086339 -0.017889 0.019449 0.076362 -0.014695 0.046182 -0.095497 -0.010808 -0.021058 -0.015555 -0.031450 0.007833 0.030995 0.036277 0.023402 0.056840 0.062908 0.051099 0.016776 0.024648 0.042541 -0.064130
 0.067634 -0.091199 0.023234 -0.076772 -0.091858 0.055735 0.084744 0.057694 0.078343 0.061961 0.099562 -0.020577 0.024222 0.021041 -0.039538 0.052996 0.022438 -0.099743 0.079307 -0.039960 -0.053761 0.020621 0.078524 0.029685 0.035059 0.026942 0.010514 -0.059670 0.005814 -0.045064 -0.098318 0.003702
 -0.011351 0.086339 -0.089513 -0.085453 0.086008 -0.044407 0.042460 0.026370 0.046616 0.075662 -0.042236 0.011586 0.092693 -0.030098 0.002300 0.082455 0.051748 0.031462 0.033006 -0.020599 0.094473 -0.058705 -0.075243 0.080968 0.064775 0.098989 -0.050423 -0.038600 0.073551 -0.020345 -0.077946 0.008653
 -0.058050 0.037503 -0.088515 0.007809 -0.015263 0.088765 0.035970 0.060084 -0.078601 -0.077692 0.055966 -0.056906 -0.082117 0.062420 -0.078274 0.053904 0.086762 0.051819 0.012575 -0.001809 -0.032972 0.084026 0.049959 0.015026 -0.038524 -0.083359 0.090160 0.004982 0.064661 -0.081548 0.029349 0.096561
 -0.070160 0.057327 0.090902 -0.072219 0.071316 -0.004745 -0.072809 -0.079783 0.048383 -0.051961 -0.090093 0.062050 0.088217 0.059845 0.050087 -0.063468 0.083894 -0.024464 0.039619 0.049736 -0.009876 -0.099451 -0.074900 -0.061782 0.082884 -0.088336 -0.085527 0.095492 -0.011777 0.023931 -0.066163 -0.053913
 -0.074915 0.008489 -0.066381 -0.043164 0.047389 -0.032605 -0.072025 0.071936 -0.061603 -0.077658 -0.091408 -0.043860 0.035329 -0.084495 0.000151 -0.056692 -0.049760 0.074184 -0.000092 0.027727 0.074479 0.005284 0.076669 -0.036664 0.023697 0.001845 -0.067461 0.022865 0.012656 -0.042861 0.074392 0.022646
 -0.009684 -0.002146 0.023831 -0.083441 -0.086473 0.019489 0.014103 0.056872 -0.095978 0.022398 -0.048222 0.061756 0.098926 0.098583 -0.089624 0.027816 0.050540 -0.019608 -0.081264 0.077953 -0.050534 0.082248 0.068113 -0.052326 0.088595 -0.000961 -0.080247 0.020713 0.028120 -0.050553 0.069907 -0.034438
 -0.002379 -0.053975 -0.022368 -0.026956 0.047375 0.076119 0.047998 0.009311 -0.099015 0.040505 -0.065789 -0.066117 -0.025962 0.011491 0.000011 0.046530 -0.068464 0.063052 0.085582 -0.042358 0.011969 0.039662 -0.019529 -0.065734 -0.043908 0.033050 -0.047045 -0.079664 0.098564 -0.051575 -0.001364 0.013672
 -0.018987 -0.006692 0.051465 -0.092309 0.032450 -0.084406 0.079470 0.088249 -0.080469 0.000786 -0.087657 -0.055414 0.029423 -0.014079 -0.063331 -0.033868 0.088169 0.014919 -0.081233 0.015507 0.029376 -0.007060 0.003375 -0.054435 0.078736 0.042348 -0.074158 0.016904 0.038224 0.044351 0.038515 0.091894
 -0.091744 0.036246 -0.028495 -0.029068 0.013509 -0.020163 0.078463 -0.073489 -0.006358 -0.028287 0.019845 -0.023888 0.086814 0.042448 0.096612 -0.010426 0.096964 0.088914 0.076683 -0.029412 -0.014211 -0.049919 0.012361 0.074345 0.028081 0.023772 -0.095282 0.045717 0.014224 -0.060435 -0.090737 0.019390
 -0.045494 0.096706 0.044374 0.068037 -0.045795 -0.096167 0.012151 0.072665 0.046205 -0.030906 0.014101 -0.071033 0.075967 0.061965 -0.049056 -0.049707 0.078870 -0.088264 0.065546 0.044085 -0.071982 0.044045 0.067458 -0.009464 -0.028954 -0.062353 -0.078897 0.042720 0.044338 -0.080268 -0.072274 0.052944
 0.093936 0.031833 0.048120 0.048439 -0.094755 -0.061797 0.042021 0.000747 -0.022000 0.044935 0.080837 0.032271 0.029050 -0.044795 -0.091426 -0.017930 0.067496 -0.002707 -0.075251 -0.092382 -0.034345 0.078608 0.092884 -0.039043 -0.024777 0.037227 -0.083268 0.082138 0.069297 0.079837 -0.050870 0.083934
 0.049737 -0.048167 -0.021932 -0.095968 -0.024565 -0.086120 0.083224 -0.081513 -0.086393 -0.016607 -0.013553 -0.016873 0.081017 0.069898 0.076148 0.099061 0.060838 -0.017387 0.027342 0.062496 -0.070208 0.068891 0.052708 -0.034125 0.004642 -0.020578 0.058726 0.001013 0.078988 0.078310 -0.053177 -0.011403
 0.059711 -0.016060 0.078663 -0.052361 -0.094445 0.048369 -0.048403 -0.090478 0.024713 0.048103 -0.048807 -0.057745 -0.043000 -0.050641 -0.062341 0.052333 0.052424 -0.048292 0.005783 -0.075874 0.077944 -0.021145 0.005354 0.003232 0.066921 0.026829 -0.004345 -0.062183 0.027549 -0.047287 -0.068913 0.007269
 0.050869 0.038236 0.053108 0.072864 0.064874 0.036145 0.007413 0.041112 0.022142 -0.046023 0.015133 0.048072 -0.069315 0.011771 0.085381 0.081807 0.043479 -0.048301 -0.053170 -0.031026 0.097778 -0.048590 0.067827 -0.055887 0.015513 -0.093465 0.076431 0.064714 0.020836 0.028955 -0.043815 0.056512
 0.062481 0.029998 -0.019857 0.074273 -0.036590 0.047371 0.078183 -0.090796 0.015012 0.052875 -0.063722 0.000652 0.020586 -0.025840 0.064801 0.028970 -0.058145 0.002316 -0.050634 0.090308 0.068282 -0.031160 0.049954 0.065661 0.051495 0.090873 -0.012296 0.074880 -0.019778 -0.069037 -0.069909 -0.008454
 -0.002746 0.004676 0.093372 -0.056249 0.015034 -0.085113 0.093400 0.039181 0.012670 0.019998 0.050367 -0.082405 0.003136 0.030282 -0.013088 -0.091992 -0.084641 0.002485 0.014061 0.042311 0.003514 0.093599 0.068246 0.079951 -0.056042 -0.063920 -0.051092 0.025318 0.055844 0.076016 0.033915 -0.001518
 -0.093287 -0.077252 -0.078018 0.068042 -0.070482 -0.079459 -0.049691 -0.075005 -0.046489 -0.038274 -0.096189 -0.040068 0.063774 -0.008700 -0.023252 -0.075154 -0.047176 0.033071 0.004073 0.038850 -0.040481 0.035787 0.076750 0.030174 -0.004387 0.079314 0.055209 0.025966 0.064962 -0.046264 0.011440 -0.075343
 -0.017277 0.052493 -0.056773 -0.047812 -0.016402 0.031089 0.096948 -0.030442 -0.012965 0.056306 -0.067571 0.004828 -0.005016 0.048443 0.010182 0.077739 0.031620 0.023599 -0.090560 -0.060879 -0.004874 0.092283 0.025022 -0.024855 0.055909 0.086326 0.090600 0.058449 -0.049833 0.066047 0.093370 0.007207
 -0.046993 -0.043108 -0.020758 0.086834 -0.083953 0.057435 -0.048828 -0.009208 0.037957 0.045807 0.087868 -0.023113 0.028801 -0.002578 0.033797 0.067667 0.070237 0.006512 -0.015771 0.049168 -0.058946 0.051475 -0.043962 0.094887 0.002515 -0.084864 0.095216 0.031330 0.056016 0.057738 0.076059 0.096016
 0.092368 0.030780 0.035391 -0.084541 -0.087133 0.063882 0.025614 -0.097709 -0.070824 -0.029998 0.026755 -0.045911 -0.068743 -0.012061 -0.080549 -0.044227 -0.049136 0.062098 -0.090367 0.096397 -0.084537 0.056892 -0.053846 0.057355 -0.021153 -0.089123 0.039180 0.017281 0.092012 0.067426 0.072577 -0.090289
 -0.041011 0.070050 -0.065100 -0.079889 0.000578 -0.057188 0.012009 0.095766 -0.080983 -0.069961 -0.021954 -0.019047 0.045970 -0.068845 0.024751 0.008866 -0.082737 -0.050059 0.033672 -0.036180 0.006605 0.092554 -0.050637 -0.036625 -0.044876 0.066322 -0.052940 0.017099 0.005008 -0.067959 0.027889 -0.011180
 -0.005600 0.036819 0.006172 -0.055235 -0.046928 -0.069038 0.073780 0.074657 0.094686 0.053136 0.064406 -0.065545 -0.036510 -0.008193 0.082215 0.056975 0.047394 -0.001827 0.062215 -0.037732 0.099180 0.086448 -0.092708 -0.055524 -0.009797 -0.000422 -0.001322 0.065317 0.030554 0.029482 0.016061 0.048822
 -0.018999 -0.092947 -0.027969 0.018795 -0.064727 0.041752 0.026059 0.087483 -0.081490 -0.044393 -0.017840 0.057651 -0.064789 0.029505 0.070553 -0.071959 0.062672 -0.075785 0.036032 0.059069 0.079314 -0.050490 0.095497 -0.065336 0.032650 0.060776 -0.077778 0.095388 0.089529 0.052773 -0.065120 0.038548
 -0.006778 0.042456 0.018966 -0.025836 0.016505 0.057316 -0.029308 -0.056404 0.016825 -0.075563 0.095841 0.040687 -0.063523 0.066241 -0.012181 0.027366 -0.046434 -0.034251 -0.055506 0.002160 0.049459 -0.059485 -0.059925 0.025133 0.066112 -0.074960 0.031075 0.030503 -0.031635 0.006351 0.007173 -0.043487
 -0.078569 0.051849 0.036515 0.004812 0.019117 -0.078744 -0.015436 0.098909 0.053903 0.001436 -0.095938 -0.042042 -0.015352 0.020622 -0.049597 -0.002096 0.099007 -0.065034 -0.071877 0.016861 -0.067510 -0.032761 0.093035 0.021140 -0.009075 -0.079808 0.003629 -0.030393 -0.003653 0.035347 -0.088329 -0.064190
 -0.039532 0.033436 -0.004766 0.073199 -0.087426 -0.005952 -0.097849 -0.085756 0.087869 0.087266 -0.008431 0.097134 -0.092483 -0.085921 0.079001 0.083751 -0.063468 -0.034575 0.028595 -0.045925 -0.058088 0.094329 0.099173 0.098408 0.064303 -0.055246 0.090061 -0.087869 0.033135 0.082338 0.048056 0.002792
 0.077045 0.006241 0.002188 0.052630 -0.086478 -0.051667 -0.076425 0.045902 0.091236 -0.011884 0.024222 0.039752 0.040229 -0.006544 0.027349 -0.030029 -0.084033 0.069837 -0.011360 0.036396 -0.081601 0.023660 0.079778 0.093306 0.012404 0.018610 0.068282 0.044185 -0.080792 0.067658 0.013146 0.065901
 0.067898 0.019481 0.014968 0.083689 -0.034990 0.096738 0.027323 -0.064232 -0.085450 -0.013703 0.078623 -0.042055 -0.028479 -0.003431 0.087336 -0.050062 -0.019225 0.018389 0.052717 -0.051712 -0.043989 -0.056193 -0.059433 -0.066893 -0.076002 0.021443 -0.034523 -0.065672 0.011108 -0.024873 -0.003825 0.052247
 -0.099083 0.038892 0.063208 0.094798 0.035441 0.093755 -0.049664 -0.001162 0.022318 0.082973 -0.075677 -0.005269 0.074707 0.006191 0.021538 -0.096327 0.073219 -0.016010 -0.088306 -0.021570 0.072309 0.061650 0.054988 -0.092331 -0.054949 -0.063430 0.029870 -0.064994 -0.000747 -0.015818 0.040722 -0.091232
 0.090632 -0.052118 0.095647 -0.082046 0.094457 0.044432 -0.073705 -0.011734 -0.099730 0.092781 -0.086782 -0.052028 -0.076127 0.021604 0.048432 -0.032978 0.002790 -0.027906 -0.003576 -0.055520 -0.045138 -0.053425 -0.045614 -0.036549 0.084240 0.077688 -0.021386 0.018134 0.085050 -0.090449 0.096760 0.084169
 0.022692 -0.002072 0.040707 -0.061307 0.070936 -0.002224 0.072873 0.025299 0.061883 -0.097557 0.016878 0.051570 0.052350 0.074503 -0.071448 -0.059409 -0.014784 0.035874 0.093819 -0.062934 0.036242 0.035285 0.089151 -0.060867 -0.084760 -0.078923 0.090882 0.015008 -0.029231 0.020167 0.027416 -0.016331
 -0.081142 -0.066013 -0.014469 0.023212 -0.066584 0.036769 0.049317 0.068070 -0.031674 0.077838 -0.086644 0.027421 -0.049646 -0.029255 0.075530 -0.012280 0.018251 -0.032941 0.037990 -0.001045 0.042598 -0.039324 -0.020373 0.008601 -0.088269 0.052813 0.089331 -0.070125 -0.039374 -0.029331 -0.088835 -0.012836
 0.076609 0.043749 0.033603 -0.063396 0.096212 0.030930 0.043911 0.044324 -0.033258 -0.039317 -0.015875 0.098509 -0.056233 0.087555 -0.098748 0.079908 -0.079380 -0.064908 -0.059468 -0.087877 -0.001709 -0.066178 0.017990 -0.030477 0.066420 -0.048617 -0.055933 -0.027472 -0.022631 -0.082339 0.042425 -0.066630
 -0.050307 0.055792 -0.041556 -0.043883 -0.093310 -0.059078 -0.041997 -0.028213 -0.054108 0.044994 -0.028914 -0.064596 -0.055913 0.080353 0.095905 -0.085960 0.037232 0.075072 -0.056585 0.075474 -0.074349 -0.032836 0.094174 0.039179 0.037970 -0.010801 0.026836 0.074140 0.000025 0.075241 -0.098406 -0.028110
 -0.033707 -0.018093 0.087117 -0.031469 0.061953 -0.085785 -0.085473 0.074964 0.042855 -0.056269 -0.003293 0.098168 0.056515 -0.030215 0.004525 0.087792 -0.078679 -0.024945 -0.019664 0.034447 0.054096 0.076687 0.004809 -0.090627 -0.030688 0.073891 -0.065761 -0.065263 -0.089300 0.024878 -0.069162 0.085376
 0.015871 0.017262 -0.079338 0.051146 -0.073400 -0.013412 -0.005469 -0.007857 0.035771 -0.018535 0.006936 0.024271 -0.045493 -0.006320 0.070191 0.009818 -0.086036 0.063785 0.046268 0.072371 -0.079020 -0.065743 0.037618 0.070980 -0.084481 -0.066278 -0.035322 -0.060895 0.028162 -0.089147 -0.068868 0.069390
 -0.075394 -0.039400 0.065539 -0.030191 0.009887 0.009043 -0.016977 -0.084467 -0.077493 -0.086612 0.061604 -0.005518 0.011626 0.063667 -0.084732 0.099077 0.065285 -0.080034 -0.013371 0.026588 0.088424 0.014650 -0.000508 0.003117 -0.094771 -0.005236 -0.013287 -0.020525 -0.003484 -0.085360 -0.095650 -0.089219
 0.029767 -0.072099 -0.067238 0.026263 0.009012 0.008417 -0.029607 0.098093 -0.092153 -0.055931 -0.033642 0.011451 -0.060367 0.061580 0.055123 0.063225 0.087453 0.017143 0.081734 0.094033 -0.067092 -0.096041 -0.001741 0.035199 -0.023145 0.062647 -0.031100 0.081339 -0.069865 -0.040631 0.019999 0.006376
 0.012585 0.065594 0.009353 -0.007188 -0.067268 -0.023789 0.062980 0.012567 -0.050975 0.032392 -0.063725 0.032696 0.082857 0.091621 -0.066572 0.072263 -0.003268 0.004795 0.046799 0.032790 0.024156 0.061491 -0.052344 0.048929 0.035668 0.012446 0.090205 0.043114 -0.029403 0.040969 0.041447 -0.071437
 -0.026573 -0.097423 0.009487 -0.080125 0.029712 -0.007094 -0.074393 0.042455 0.085876 -0.089551 -0.088707 0.037382 0.034756 0.048024 -0.020970 -0.089088 0.088340 -0.060295 -0.063433 -0.033111 -0.001453 -0.097106 0.047277 0.078873 -0.019610 -0.008784 -0.029806 0.061746 -0.073664 0.076879 -0.014703 -0.012682
 0.012888 -0.003592 -0.076312 -0.065456 0.009877 0.017967 0.005947 0.078738 0.067097 0.034916 0.056578 0.008659 -0.011263 0.035739 0.008011 0.048622 -0.029173 -0.024877 0.047037 0.003579 -0.004146 -0.076716 0.059661 0.024297 -0.036013 0.014375 0.095022 0.080650 -0.044677 0.061628 0.002382 0.059136
 0.013739 -0.092683 -0.098038 0.034681 0.030299 -0.004373 -0.053267 -0.030292 0.039495 -0.061383 -0.092114 -0.054968 -0.041777 0.074355 0.036200 -0.080640 0.052072 0.069691 0.080643 0.095715 -0.071003 -0.077342 -0.003483 -0.064832 -0.028869 0.073447 -0.074300 0.041548 0.072163 -0.072049 -0.069254 -0.074630
 -0.025032 0.060699 -0.033752 -0.023210 -0.085646 -0.090268 -0.073251 0.054178 0.049335 0.030020 0.061397 0.095971 -0.014601 -0.070703 -0.077900 0.011444 0.018118 0.041694 0.070205 -0.002651 0.037546 -0.090823 -0.061051 -0.002756 0.041771 0.033090 -0.094449 -0.091104 -0.057917 0.011572 -0.012686 0.064261
 -0.093146 0.066125 0.066563 0.084481 0.011453 -0.092643 -0.049195 0.077670 -0.041033 0.089664 0.020572 -0.019971 -0.030355 0.054344 0.033542 -0.058697 0.075433 -0.059301 -0.021016 0.047312 0.088466 0.051492 0.041912 -0.021901 -0.097503 -0.014802 -0.088016 0.049552 -0.050428 0.064527 -0.076655 -0.040325
 0.066252 -0.078723 0.026413 0.060660 0.000315 -0.017326 0.069379 -0.092620 0.002178 -0.055221 0.005369 -0.087953 0.070682 0.062293 -0.019803 -0.084637 0.098217 -0.036230 -0.075151 -0.012804 0.080576 0.041388 0.080801 -0.021603 -0.061762 -0.055528 -0.007431 -0.096804 -0.037940 0.022846 -0.085436 0.056705
 0.084490 0.078416 -0.005393 -0.067957 0.069771 0.064168 -0.049872 0.007796 -0.083866 -0.057817 0.068616 0.091775 -0.041520 0.090087 0.071126 -0.094149 -0.066515 0.090305 -0.064782 0.061257 -0.042271 -0.040918 -0.096151 0.082986 0.079310 -0.035571 -0.086531 -0.053902 -0.005017 -0.058854 0.021324 -0.093444
 0.064444 0.080831 -0.016930 0.082148 -0.070540 -0.080456 -0.032986 0.049260 0.003165 0.065850 -0.004188 0.001443 0.011450 0.089256 0.064678 -0.099319 0.087329 0.085782 0.073606 -0.091128 0.020944 -0.090495 -0.058165 0.091917 -0.043739 0.077659 -0.040778 -0.097681 -0.020522 -0.027957 0.047195 0.084225
 -0.073308 -0.071420 0.003914 0.095468 0.011724 -0.036456 -0.001656 0.095254 0.085971 -0.048451 -0.009789 -0.071232 -0.005886 0.011045 0.062061 -0.025839 -0.080552 0.070786 0.031067 0.050539 -0.003861 -0.035202 -0.018544 0.006579 -0.047203 -0.054849 -0.050750 0.036030 0.090496 0.093637 -0.027522 -0.077305
 0.029423 0.018655 0.059705 -0.044582 -0.047612 0.093477 -0.029922 -0.007886 0.019634 0.015339 -0.097005 0.025444 -0.005376 0.074063 -0.010469 -0.087296 0.048539 0.050255 0.030103 0.010617 -0.039004 -0.059522 -0.029495 0.089718 0.051577 -0.009961 -0.051576 -0.090151 -0.067305 0.035709 0.007676 -0.015330
 0.017815 0.012102 -0.044048 -0.027884 -0.095271 -0.055400 0.007635 0.085229 -0.011205 -0.011070 0.023678 -0.027524 -0.051878 0.045428 0.007367 0.006106 -0.056911 -0.068058 -0.065780 0.028342 -0.064426 -0.093557 -0.012075 0.071146 0.027393 -0.015699 -0.096741 -0.064239 0.096772 0.057977 -0.030803 -0.095853
 -0.099626 0.016929 0.027143 0.030435 -0.095371 0.043500 0.061051 0.010576 0.034788 0.046481 -0.069077 -0.076633 0.029592 -0.047225 -0.051594 -0.091037 -0.093025 -0.083466 0.086458 0.099021 -0.079434 0.033982 0.064781 -0.014147 -0.061772 -0.057306 0.009034 -0.002886 -0.017453 0.083831 -0.059042 -0.098342
 0.010696 -0.052028 -0.082222 0.005988 -0.016857 -0.005844 -0.099739 -0.090768 -0.059183 -0.092465 0.010407 0.003580 0.082689 0.067051 -0.016264 0.031427 0.053328 0.066071 -0.084818 0.063411 -0.000096 -0.007960 -0.096436 0.032962 0.051947 -0.010618 -0.079188 0.081877 0.091091 0.005537 -0.049868 -0.002719
 -0.076467 0.007272 -0.045640 0.020873 0.032025 -0.036617 -0.031761 -0.062004 -0.090196 0.050223 -0.097097 -0.045513 -0.023202 -0.001574 -0.065958 -0.025863 0.072412 -0.090341 0.004916 0.011565 -0.019629 -0.013139 0.008304 0.089172 -0.081893 -0.056217 0.024058 0.057531 -0.076485 0.006423 0.011519 -0.058442
 0.058305 -0.059392 0.013970 -0.001872 0.065462 -0.050826 0.005727 0.062938 -0.095219 -0.040962 0.016717 -0.057837 -0.055694 -0.003322 0.076673 0.035092 -0.024296 -0.050101 -0.076432 -0.061199 0.054831 0.089401 0.045788 0.073782 0.037935 0.081038 -0.090522 0.071315 -0.063297 0.080739 -0.090053 0.096725
 -0.098212 -0.096326 0.003221 -0.077469 -0.061593 0.085136 -0.079586 -0.041587 0.010832 -0.038709 -0.044311 -0.020571 0.093351 -0.013489 -0.050537 0.051748 -0.059923 -0.014776 -0.068602 0.075647 0.072802 -0.068011 -0.045760 -0.082441 -0.040809 0.070922 0.083453 -0.061899 0.038521 0.051706 0.032262 0.025557
 -0.006559 0.038704 0.072772 -0.021879 0.050826 0.049772 0.034461 -0.055386 0.008001 0.056404 0.065816 -0.007202 -0.093514 -0.081641 -0.040187 -0.077411 0.016976 -0.019702 -0.016746 -0.044215 -0.010265 -0.088277 -0.083207 0.090767 0.094483 0.081971 0.087114 0.032692 0.086725 -0.034475 -0.009133 -0.034034
 0.078478 0.011131 0.075412 -0.052388 0.053142 -0.027267 -0.096306 -0.054384 -0.013762 -0.056502 -0.060953 -0.042103 0.098599 -0.019613 -0.083481 0.018280 0.045503 0.065502 0.078316 0.083060 0.072577 0.022830 0.059597 0.012611 -0.006708 0.043404 0.036907 -0.083156 0.077458 0.092492 -0.095633 0.069296
 0.066950 0.045380 -0.050899 0.022943 -0.090858 -0.098694 -0.005435 -0.068478 0.095244 -0.060565 -0.045220 -0.088979 -0.089030 -0.012430 -0.060577 -0.012136 0.097923 -0.089542 0.018788 -0.077656 0.054267 -0.056023 -0.041058 -0.022505 -0.050396 -0.055730 -0.035743 -0.071953 -0.076330 0.068320 -0.062009 0.018443
 0.012455 0.083242 -0.005609 0.046660 0.008641 0.023727 -0.068516 0.017536 -0.085474 -0.080685 -0.046102 -0.058343 -0.022935 0.046917 0.035823 -0.059637 0.053207 -0.033940 -0.015499 0.077145 -0.070949 0.054109 0.047467 -0.057809 0.071792 -0.063147 -0.094217 0.026016 -0.040942 0.093757 0.006101 0.012060
 0.030720 0.053573 -0.004281 0.007859 0.032785 0.024988 -0.017543 -0.053076 -0.078182 0.079909 0.024040 -0.014451 -0.055336 -0.056892 -0.058900 -0.085568 0.062181 -0.029558 0.099654 0.029832 -0.050570 0.024757 0.027959 -0.056716 -0.067383 -0.024057 0.081833 -0.015089 -0.083137 0.033532 0.040551 -0.066187
 0.023431 0.039181 0.048772 0.030450 -0.026696 -0.038263 0.083310 -0.033826 0.086713 0.099502 0.060472 0.027761 -0.027204 -0.079437 0.004289 -0.060238 -0.063063 0.058142 0.055124 0.078911 0.055378 0.022006 -0.069819 0.056382 0.041624 0.055050 0.031169 0.007603 0.024122 0.025429 0.057599 -0.024531
 0.031819 0.071873 0.097679 -0.033104 0.073021 -0.098786 0.092827 -0.080150 0.093474 0.050345 0.033704 0.059412 0.019519 0.040288 0.077621 0.094232 0.033604 -0.038711 0.056099 -0.029128 0.031481 0.076705 -0.045337 0.051079 0.013694 -0.075759 -0.012403 0.027697 0.095422 -0.019082 0.065585 -0.014372
 -0.048261 0.039680 0.051028 -0.055555 0.006783 0.048062 0.008560 -0.074138 0.041429 -0.092736 -0.021176 0.022033 0.006324 -0.037817 -0.080362 0.063365 0.006319 0.068084 0.071934 0.073970 -0.046606 0.023535 -0.088934 0.076148 -0.098982 -0.033755 -0.078344 -0.083860 0.085303 -0.067810 0.031059 -0.067479
 -0.017460 -0.081594 -0.048602 -0.075340 -0.082671 0.028368 -0.054595 0.015265 0.012627 0.002280 0.075004 -0.034026 0.070414 -0.058317 -0.084998 0.041556 0.054858 -0.005579 0.082586 -0.093031 -0.091205 -0.001345 -0.084108 0.089822 -0.046838 -0.061788 0.084511 -0.091737 0.035533 -0.043992 -0.087894 0.074965
 -0.043380 0.065116 -0.099978 -0.057624 -0.087118 0.006116 -0.078376 0.020382 -0.075123 0.043681 -0.011568 -0.028782 -0.094799 0.021732 0.014124 -0.040489 -0.088998 0.077404 0.093525 -0.086981 0.074216 0.009658 -0.067592 -0.052933 0.069746 -0.034417 0.038098 0.048273 -0.067648 -0.072993 0.060012 0.054239
 -0.014372 0.072718 0.067442 -0.044409 0.000105 -0.026293 0.088472 -0.025984 -0.047734 0.023909 -0.014538 -0.096817 -0.007554 0.081755 0.037473 -0.026910 -0.027594 0.038740 0.055406 -0.046194 0.009810 -0.011216 -0.070236 -0.029229 0.005843 0.084736 0.063053 -0.048904 0.097104 0.060988 0.002439 0.033771
 0.028182 -0.099042 -0.061510 0.079229 -0.011953 -0.054731 0.041736 0.059122 0.087506 -0.049710 0.037116 0.025558 -0.048508 0.070664 0.072851 -0.091458 -0.090509 -0.066765 -0.046702 0.011350 -0.021465 -0.063461 -0.034132 0.093754 0.092191 0.059135 0.004311 -0.033824 -0.089332 0.008138 -0.097049 -0.000151
 0.091497 -0.051007 -0.085652 -0.006065 0.047427 0.087870 -0.023821 0.088914 -0.023939 -0.046124 -0.079458 -0.087632 0.012646 -0.093187 -0.029808 -0.058150 -0.078439 -0.099267 -0.095900 -0.080909 -0.094228 0.023050 0.031677 0.082741 -0.099688 0.098449 0.093457 0.053221 0.034649 -0.061108 0.088679 0.062589
 0.085692 -0.042201 0.076459 -0.000800 0.075095 0.067032 -0.014147 -0.032472 -0.033399 -0.076022 0.055218 0.042053 0.051519 0.091540 0.098572 -0.036005 -0.054665 0.078226 -0.050366 0.033549 0.062021 -0.007902 -0.050231 0.074717 -0.073387 0.049057 -0.053399 -0.034655 0.040374 0.045828 0.020232 0.076931
 -0.086769 0.068260 0.020286 -0.093746 0.009865 -0.079582 -0.074905 -0.092329 0.035303 0.035986 0.063892 0.034931 0.014672 0.014927 -0.072864 0.037743 0.009433 -0.051380 -0.056657 0.099889 -0.000872 0.057511 0.052410 0.085275 -0.053228 -0.024999 -0.048589 0.041843 -0.024629 -0.029215 -0.040364 0.066747
 -0.013494 0.045704 -0.075780 0.099433 0.002761 0.096583 -0.014696 0.043228 -0.079716 0.057671 0.049795 0.081266 0.056172 -0.057416 0.024076 0.035172 0.076832 -0.012600 -0.039871 0.063793 0.090183 0.082051 -0.041870 -0.034731 0.032764 -0.020931 -0.062639 -0.044113 0.053105 -0.052878 -0.057370 0.033138
 -0.006821 -0.083338 -0.061635 -0.017205 -0.057379 -0.099414 0.088623 0.026489 -0.072302 0.021746 -0.042382 0.061341 -0.078991 -0.039657 0.008964 0.012510 -0.050337 0.008956 -0.076947 -0.077038 0.026602 -0.002863 0.072992 -0.038328 0.077980 -0.027114 0.049399 -0.031658 0.087491 0.033316 -0.066041 0.016096
 -0.081757 0.037586 -0.022888 0.099797 0.080685 0.093115 -0.084694 -0.029911 -0.013797 -0.067224 0.016768 -0.019506 -0.010517 0.015624 -0.002099 0.079448 -0.026307 0.084275 -0.058665 -0.062475 -0.020015 0.075474 -0.040886 -0.040657 0.041989 -0.097227 0.089461 -0.035871 0.028840 -0.085902 0.051603 0.042409
 0.038539 -0.028715 0.034960 -0.093982 -0.027742 -0.041015 -0.064166 -0.034309 0.030280 0.033497 -0.053265 -0.062541 0.007685 -0.058219 0.061247 -0.036080 -0.035546 0.086500 -0.083818 -0.030846 0.081584 0.062218 0.005203 0.016940 0.081726 -0.052234 0.040656 -0.067175 0.046812 0.086753 -0.013737 0.029199
 -0.038851 -0.029215 0.024510 0.064308 -0.048778 -0.090242 0.003545 0.077636 0.044870 -0.001659 0.084198 -0.027785 -0.079787 -0.066905 -0.030273 -0.020231 -0.000786 -0.003232 0.057196 0.077574 0.023397 0.060542 -0.072566 0.086278 -0.011536 0.054841 0.013442 -0.070632 -0.012996 -0.075243 0.039297 -0.024067
 0.048418 0.016264 0.035817 -0.094705 -0.037166 -0.030593 0.071119 0.035136 -0.086427 -0.082130 -0.050265 0.043823 -0.018460 -0.054529 -0.031031 -0.072422 -0.024128 -0.089545 0.007586 -0.076947 0.024749 -0.051531 -0.014547 -0.033582 0.051406 0.039451 0.027111 0.088994 0.018893 -0.073104 0.058567 0.007337
 0.078309 0.082559 0.087408 0.081714 -0.057504 -0.078049 -0.030744 -0.048929 0.079977 -0.004184 0.079560 -0.046198 0.029341 0.013801 0.081515 -0.023830 0.094690 0.035809 -0.040821 -0.002147 -0.042168 -0.007343 -0.044390 -0.039866 -0.053139 0.026299 0.026905 -0.061894 -0.008780 -0.034492 -0.005876 -0.038137
 -0.015321 0.070165 -0.096895 0.008377 -0.079166 -0.023743 -0.004114 -0.080825 -0.011774 0.062670 -0.063134 0.020476 0.029758 0.060310 0.053013 -0.050087 0.090756 0.062445 -0.079620 0.002335 -0.068502 0.015467 -0.023852 -0.036783 0.008453 0.050108 0.038436 0.003631 0.037292 -0.068878 -0.019041 -0.062726
 0.070921 -0.060641 -0.068268 -0.020221 0.097943 -0.086013 0.023861 0.078983 -0.039513 0.041400 -0.010042 -0.014063 0.090672 -0.093611 0.099864 0.096537 0.022335 0.001889 -0.096411 -0.027478 0.098120 -0.034058 -0.048761 -0.070476 0.032782 0.082442 -0.028761 -0.043442 -0.097799 -0.012006 0.080024 -0.093107
 -0.000264 -0.075387 0.098417 -0.054879 -0.030354 -0.080949 0.007029 -0.094495 0.031912 -0.092026 -0.039165 -0.072533 0.001563 0.002818 0.054156 0.039314 -0.087572 0.034662 0.037206 -0.054684 0.041522 -0.032637 -0.073425 0.024788 0.034354 -0.021815 -0.055005 0.097257 -0.052898 0.079053 -0.047254 -0.023349
 -0.086835 0.068818 0.055340 -0.093421 -0.040171 -0.098725 -0.009066 0.044088 0.007914 0.029524 -0.035618 -0.039772 -0.031295 -0.085285 -0.089791 -0.060933 -0.096643 -0.098378 0.004883 -0.038259 -0.083553 -0.058732 -0.081912 0.038707 0.012223 -0.069077 -0.021513 0.031293 0.074901 -0.036408 -0.031177 -0.002118
 -0.008188 0.035862 0.090828 0.038359 -0.090009 0.034622 0.063433 -0.004939 0.089022 -0.098797 -0.032773 -0.039262 0.050917 0.026549 -0.044954 0.056890 0.088435 0.000245 0.068477 0.060987 0.060319 0.033980 -0.087122 -0.073815 0.006381 0.002590 -0.037855 -0.037167 0.081182 -0.050621 0.024668 -0.030199
 -0.019642 0.060357 -0.058790 -0.099427 0.015845 -0.068748 0.001158 -0.070112 0.014782 -0.000227 -0.001208 0.024159 -0.070072 0.080764 0.074654 0.035744 -0.076204 0.048199 -0.008434 0.055675 -0.016326 0.033573 -0.078144 0.022768 0.093539 -0.025562 -0.016452 0.083561 0.042375 0.021974 0.090517 -0.067453
]
Total memory size for keys: rot_key_cnt = 316, rot_key_size = 45726410912 bytes, total_key_size = 45955001016 bytes
Total memory size for weight plain: cnt = 3367, size = 8148726520 bytes
RTLib functions         	       Count	      Elapse
--------------------    	    --------	    --------
NN                      	           -	           -
 NN_AVGPOOL              	           1	    8.570594 sec
 NN_CONV                 	          27	  101.519042 sec
 NN_FLATTEN              	           1	    0.000536 sec
 NN_GEMM                 	           1	   10.220072 sec
 NN_RELU                 	          27	 1260.474471 sec
NN                      	   sub total	 1380.784715 sec
FHE                     	           -	           -
 FHE_ADDCC               	        4006	    6.280125 sec
 FHE_ADDCP               	         244	    0.734591 sec
 FHE_MULCC               	         729	    6.472437 sec
 FHE_MULCP               	        3501	    4.113927 sec
 FHE_RELIN               	         729	  105.386560 sec
 FHE_RESCALE             	        1422	   54.457736 sec
 FHE_ROTATE              	         844	   92.114402 sec
FHE                     	   sub total	  269.559778 sec
FINALIZE_CONTEXT        	           1	    0.348358 sec
PREPARE_CONTEXT         	           1	  279.797532 sec
ENCODE_ARRAY            	        3746	   54.820141 sec
ENCODE_VALUE            	         378	    0.242111 sec
NTT                     	      383007	  466.711177 sec
INTT                    	      108030	  144.658825 sec
MAIN_GRAPH              	           1	 1380.784828 sec
 HW_ADD                  	      120356	    9.395807 sec
 HW_MUL                  	      123156	   27.507085 sec
 HW_ROT                  	        6222	    0.687144 sec
 COPY_POLY               	       14368	   25.017257 sec
 EXTEND                  	        2400	   26.186631 sec
 PRECOMP                 	        1275	  247.192101 sec
 MOD_DOWN                	        5296	  302.799735 sec
 DECOMP_MODUP            	        4767	  309.266608 sec
 DOT_PROD                	        7050	  180.641625 sec
 MULP                    	       22756	  233.475875 sec
 RESCALE_POLY            	        6023	  144.385140 sec
 COPY_CIPH               	         861	    0.903486 sec
 INIT_CIPH_SM_SC         	        5823	    0.985650 sec
 INIT_CIPH_UP_SC         	        4230	    1.504229 sec
 INIT_CIPH_DN_SC         	        1422	    0.976571 sec
 BOOTSTRAP               	          25	 1079.445347 sec
  BS_SETUP                	           1	   24.918416 sec
  BS_KEYGEN               	           1	   25.594761 sec
  BS_EVAL                 	          25	 1079.445318 sec
   BS_COEFF_TO_SLOT        	          25	  392.465881 sec
   BS_APPROX_MOD           	          25	  429.565930 sec
   BS_SLOT_TO_COEFF        	          25	  231.947673 sec
  BS_EVAL                 	   sub total	 1053.979485 sec
 BOOTSTRAP               	   sub total	 1129.958495 sec
 PT_ENCODE               	        3745	   30.668647 sec
MAIN_GRAPH              	   sub total	 2621.038938 sec
expect relative error less than: 0.001000
expect absolute error less than: 0.000100
SUCCESS!

real	27m42.273s
user	25m17.357s
sys	2m18.201s
+ RET=0
+ return 0
