conv:	13685.6	13685.6	4	0	0
total:	13685.6	4 bts:	0	0 no_bts:	13685.6

input@5:	0.982281	4	245570
input:	0.982281	40.24557

output@1:	0.024708	4	6177
output:	0.024708	40.006177

addcc@2:	78.5382	8188	9591.87
addcc@4:	0.31024	18	17235.6
addcc:	78.8485	82060.00960864

addcp@2:	7.85891	512	15349.4
addcp:	7.85891	5120.0153494

mulcp@2:	7.98153	512	15588.9
mulcp@3:	112.716	4608	24461
mulcp@4:	0.871113	42	20740.8
mulcp@5:	0.175406	8	21925.8
mulcp:	121.744	51700.0235482

rotate@2:	711.306	4092	173829
rotate@4:	4.57772	42	108993
rotate@5:	0.998575	8	124822
rotate:	716.883	41420.173076

rescale@1:	0.069754	4	17438.5
rescale@2:	114.13	4608	24767.7
rescale@3:	0.614119	24	25588.3
rescale@4:	0.210097	8	26262.1
rescale:	115.023	46440.0247682

zero@1:	0.175016	7	25002.3
zero:	0.175016	70.0250023

total:	1041.54	22689
total elapsed:	13685.6
