conv:	13507.5	13507.5	2	0	0
total:	13507.5	2 bts:	0	0 no_bts:	13507.5

input@5:	0.378227	2	189114
input:	0.378227	20.189113

output@1:	0.013048	2	6524
output:	0.013048	20.006524

addcc@2:	90.3227	8702	10379.5
addcc@4:	0.103189	6	17198.2
addcc:	90.4259	87080.0103842

addcp@2:	7.35429	512	14363.9
addcp:	7.35429	5120.0143639

mulcp@2:	7.11364	512	13893.8
mulcp@3:	113.38	4608	24605
mulcp@4:	0.376494	18	20916.3
mulcp@5:	0.092616	4	23154
mulcp:	120.963	51420.0235245

rotate@2:	750.254	4606	162886
rotate@4:	1.95687	18	108715
rotate@5:	0.52049	4	130122
rotate:	752.731	46280.162647

rescale@1:	0.035648	2	17824
rescale@2:	114.888	4608	24932.2
rescale@3:	0.308969	12	25747.4
rescale@4:	0.104127	4	26031.8
rescale:	115.336	46260.0249322

zero@1:	0.382393	7	54627.6
zero:	0.382393	70.0546276

total:	1087.58	23627
total elapsed:	13507.5
