conv: 3965144054 9 63535097 3
relu: 717161340 9 663818371 28
avg_pool: 2979094 5 0 0
global_avg_pool: 340154 1 0 0
linear: 795387 1 0 0
total: 4686420029 25 bts: 727353468 31 no_bts: 3959066561

input@9: 193115 1
input: 193115 1

output@1: 3730 1
output: 3730 1

addcc@1: 854764 144
addcc@2: 21847716 3718
addcc@3: 571820 84
addcc@4: 479210 61
addcc@5: 55379 9
addcc@6: 69073 7
addcc@7: 7023 1
addcc@8: 64919159 5140
addcc@9: 1058208 90
addcc: 89862352 9254

addcp@1: 347061 20
addcp@2: 39141455 229
addcp@4: 50157 3
addcp@5: 45319 3
addcp@6: 42838 2
addcp@8: 100626997 296
addcp: 140253827 553

mulcc@2: 276951 5
mulcc@3: 5846737 79
mulcc@4: 9664880 117
mulcc@5: 6710936 74
mulcc@6: 5394846 56
mulcc@7: 2957079 32
mulcc@8: 1520999 14
mulcc@9: 720548 7
mulcc@10: 391229 3
mulcc: 33484205 387

mulcp@2: 5096310 386
mulcp@3: 823522399 2090
mulcp@4: 321373 25
mulcp@5: 806622 50
mulcp@6: 266387 15
mulcp@7: 467233 20
mulcp@8: 5695388 302
mulcp@9: 2068709928 2669
mulcp@10: 24989 1
mulcp: 2904910629 5558

rotate@2: 142094757 1861
rotate@3: 5020714 99
rotate@4: 2709810 40
rotate@5: 309979 4
rotate@6: 662070 8
rotate@7: 829821 9
rotate@8: 478653367 2771
rotate@9: 36648349 122
rotate: 666928867 4914

bootstrap@6: 249819377 9
bootstrap@7: 87187688 4
bootstrap@8: 110744928 5
bootstrap@9: 194527813 9
bootstrap@10: 85073662 4
bootstrap: 727353468 31

rescale@1: 2560377 171
rescale@2: 27994550 2169
rescale@3: 10705905 700
rescale@4: 2188894 124
rescale@5: 1321174 71
rescale@6: 1026566 52
rescale@7: 534940 25
rescale@8: 72970684 2676
rescale@9: 92476 4
rescale: 119395566 5992

zero@1: 635713 17
zero: 635713 17

total: 4683021472 26708
