conv: 457641545 21 0 0
relu: 1421604821 19 1314996959 57
global_avg_pool: 749627 1 0 0
batch_normal: 23621045 19 22092272 1
linear: 758107 1 0 0
total: 1904375145 61 bts: 1337089231 58 no_bts: 567285914

input@9: 188320 1
input: 188320 1

output@1: 804619 68
output: 804619 68

addcc@1: 1661870 267
addcc@2: 255337 37
addcc@3: 2728812 329
addcc@4: 1710592 132
addcc@5: 214004 18
addcc@6: 162688 12
addcc@7: 56347 5
addcc@8: 26490130 1868
addcc@9: 6243492 434
addcc@10: 102180 9
addcc: 39625452 3111

addcp@1: 639334 40
addcp@2: 20865 1
addcp@3: 316943 18
addcp@4: 970163 16
addcp@6: 322928 18
addcp@8: 5305120 130
addcp@9: 1028999 16
addcp: 8604352 239

mulcc@2: 54515 1
mulcc@3: 11398917 170
mulcc@4: 12676893 159
mulcc@5: 17462847 209
mulcc@6: 15675279 167
mulcc@7: 5317617 56
mulcc@8: 3799157 37
mulcc@9: 2444336 18
mulcc: 68829561 817

mulcp@2: 5194744 324
mulcp@3: 515287 31
mulcp@4: 4621022 269
mulcp@5: 18632795 145
mulcp@6: 53415 3
mulcp@7: 480147 23
mulcp@8: 2886469 149
mulcp@9: 89982767 1188
mulcp@10: 19297697 152
mulcp: 141664343 2284

rotate@2: 288917 6
rotate@3: 15209300 95
rotate@4: 302676 4
rotate@5: 2519842 24
rotate@6: 526617 5
rotate@7: 857134 7
rotate@8: 148201443 828
rotate@9: 72935353 434
rotate@10: 3096244 25
rotate: 243937526 1428

bootstrap@6: 501173741 20
bootstrap@8: 44892006 2
bootstrap@9: 681157487 31
bootstrap@10: 109865997 5
bootstrap: 1337089231 58

rescale@1: 4663497 325
rescale@2: 2665198 186
rescale@3: 7039087 428
rescale@4: 7115542 354
rescale@5: 3199682 170
rescale@6: 1548687 77
rescale@7: 1307703 58
rescale@8: 30886951 1206
rescale@9: 4077608 152
rescale: 62503955 2956

zero@1: 503923 12
zero: 503923 12

total: 1903751282 10974
