conv:	43.5183	43.5183	1	0	0
total:	43.5183	1 bts:	0	0 no_bts:	43.5183

input@3:	0.200506	1	200506
input:	0.200506	10.200506

output@1:	0.00758	1	7580
output:	0.00758	10.00758

addcc@2:	1.29184	111	11638.2
addcc@3:	0.30712	18	17062.2
addcc:	1.59896	1290.012395

addcp@2:	0.132346	8	16543.2
addcp:	0.132346	80.0165432

mulcp@2:	0.164896	8	20612
mulcp@3:	1.63807	72	22751
mulcp:	1.80296	800.0225371

rotate@2:	8.38539	47	178412
rotate@3:	25.1285	26	966481
rotate:	33.5139	730.459094

rescale@1:	0.021309	1	21309
rescale@2:	1.87702	72	26069.7
rescale:	1.89832	730.0260044

zero@1:	0.289742	3	96580.7
zero:	0.289742	30.0965807

total:	39.4443	368
total elapsed:	43.526
