conv:	13220.1	13220.1	1	0	0
total:	13220.1	1 bts:	0	0 no_bts:	13220.1

input@5:	0.191266	1	191266
input:	0.191266	10.191266

output@1:	0.006272	1	6272
output:	0.006272	10.006272

addcc@2:	87.3167	9215	9475.49
addcc:	87.3167	92150.00947549

addcp@2:	7.41055	512	14473.7
addcp:	7.41055	5120.0144737

mulcp@2:	7.16397	512	13992.1
mulcp@3:	113.114	4608	24547.3
mulcp@4:	0.127653	6	21275.5
mulcp@5:	0.045918	2	22959
mulcp:	120.452	51280.023489

rotate@2:	775.433	5119	151481
rotate@4:	0.685213	6	114202
rotate@5:	0.273053	2	136526
rotate:	776.391	51270.151432

rescale@1:	0.018051	1	18051
rescale@2:	115.335	4608	25029.2
rescale@3:	0.149669	6	24944.8
rescale@4:	0.052633	2	26316.5
rescale:	115.555	46170.0250282

zero@1:	0.391298	7	55899.7
zero:	0.391298	70.0558997

total:	1107.71	24608
total elapsed:	13220.1
