total:	0	0 bts:	0	0 no_bts:	0

input@3:	0.409759	1	409759
input:	0.409759	10.409759

output@1:	0.010743	1	10743
output:	0.010743	10.010743

addcc@2:	16.595	1663	9978.98
addcc@3:	0.050847	3	16949
addcc:	16.6459	16660.00999153

mulcp@2:	2.25246	128	17597.3
mulcp@3:	2.98037	128	23284.2
mulcp:	5.23283	2560.0204407

rotate@2:	239.67	1663	144119
rotate@3:	22.3673	3	7.45576e+06
rotate:	262.037	16660.157285

rescale@1:	0.024252	1	24252
rescale@2:	3.59445	128	28081.6
rescale:	3.6187	1290.0280519

zero@1:	0.076472	3	25490.7
zero:	0.076472	30.0254907

total:	288.031	3722
total elapsed:	414.168
