conv:	29.1917	29.1917	1	0	0
total:	29.1917	1 bts:	0	0 no_bts:	29.1917

input@3:	0.414563	1	414563
input:	0.414563	10.414563

output@1:	0.012749	1	12749
output:	0.012749	10.012749

addcc@2:	0.318198	21	15152.3
addcc@3:	0.452155	27	16746.5
addcc:	0.770353	480.016049

addcp@2:	0.036177	2	18088.5
addcp:	0.036177	20.0180885

mulcp@2:	0.041495	2	20747.5
mulcp@3:	0.409502	18	22750.1
mulcp:	0.450997	200.0225498

rotate@2:	0.498713	5	99742.6
rotate@3:	26.2125	35	748928
rotate:	26.7112	400.66778

rescale@1:	0.02424	1	24240
rescale@2:	0.472067	18	26225.9
rescale:	0.496307	190.0261214

zero@1:	0.074395	3	24798.3
zero:	0.074395	30.0247983

total:	28.9667	134
total elapsed:	29.2045
