conv:	44.7035	44.7035	1	0	0
total:	44.7035	1 bts:	0	0 no_bts:	44.7035

input@3:	0.201193	1	201193
input:	0.201193	10.201193

output@1:	0.007298	1	7298
output:	0.007298	10.007298

addcc@2:	1.40848	119	11836
addcc@3:	0.426695	27	15803.5
addcc:	1.83518	1460.0125697

addcp@2:	0.145508	8	18188.5
addcp:	0.145508	80.0181885

mulcp@2:	0.129921	8	16240.1
mulcp@3:	1.47744	72	20520
mulcp:	1.60736	800.020092

rotate@2:	8.6469	55	157216
rotate@3:	26.2088	35	748822
rotate:	34.8557	900.387285

rescale@1:	0.021228	1	21228
rescale@2:	1.79987	72	24998.2
rescale:	1.8211	730.0249466

zero@1:	0.28594	3	95313.3
zero:	0.28594	30.0953133

total:	40.7593	402
total elapsed:	44.7109
