conv: 7950066995 7 86575559 4
relu: 653535676 9 602300427 25
avg_pool: 24902464 4 21963484 1
global_avg_pool: 720723 1 0 0
linear: 3164947275 3 22219686 1
total: 11794173133 24 bts: 733059156 31 no_bts: 11061113977

input@9: 194624 1
input: 194624 1

output@1: 7452 1
output: 7452 1

addcc@1: 803797 132
addcc@2: 25010869 5092
addcc@3: 150392 22
addcc@4: 191587 29
addcc@5: 424008 39
addcc@6: 22937 3
addcc@7: 118662 12
addcc@8: 150363297 13523
addcc@9: 615638 39
addcc: 177701187 18891

addcp@1: 366406 20
addcp@2: 105370964 294
addcp@3: 17709 1
addcp@4: 36557 2
addcp@7: 101065 5
addcp@8: 190465245 392
addcp: 296357946 714

mulcc@2: 325195 6
mulcc@3: 5348160 73
mulcc@4: 9461603 116
mulcc@5: 7602499 85
mulcc@6: 5533761 57
mulcc@7: 2737821 29
mulcc@8: 1605996 14
mulcc@9: 546761 5
mulcc@10: 282610 2
mulcc: 33444406 387

mulcp@2: 5590068 469
mulcp@3: 2309884359 2712
mulcp@4: 278806 17
mulcp@5: 36997727 2658
mulcp@6: 155118 10
mulcp@7: 298450 14
mulcp@8: 17107224 921
mulcp@9: 6229849968 4044
mulcp@10: 187191 7
mulcp: 8600348911 10852

rotate@2: 201971077 2709
rotate@3: 463439 7
rotate@4: 280169 3
rotate@5: 4404503 63
rotate@6: 889106 11
rotate@8: 1486419688 10399
rotate@9: 29392787 61
rotate@10: 268252 2
rotate: 1724089021 13255

bootstrap@6: 274373311 10
bootstrap@7: 88535417 4
bootstrap@8: 152164743 7
bootstrap@9: 44107570 2
bootstrap@10: 173878115 8
bootstrap: 733059156 31

rescale@1: 2336433 158
rescale@2: 31455270 2785
rescale@3: 37181937 2725
rescale@4: 43324586 2707
rescale@5: 1274628 67
rescale@6: 858799 43
rescale@7: 770401 36
rescale@8: 106374427 4049
rescale@9: 211917 9
rescale: 223788398 12579

zero@1: 664628 18
zero: 664628 18

total: 11789655729 56729
