total:	0	0 bts:	0	0 no_bts:	0

input@3:	0.401587	1	401587
input:	0.401587	10.401587

output@1:	0.009579	1	9579
output:	0.009579	10.009579

addcc@2:	70.1006	6655	10533.5
addcc@3:	0.050679	3	16893
addcc:	70.1513	66580.0105364

mulcp@2:	9.80853	512	19157.3
mulcp@3:	11.9955	512	23428.7
mulcp:	21.804	10240.021293

rotate@2:	934.972	6655	140492
rotate@3:	22.3575	3	7.45251e+06
rotate:	957.33	66580.143786

rescale@1:	0.022627	1	22627
rescale@2:	14.5762	512	28469.2
rescale:	14.5989	5130.0284578

zero@1:	0.073232	3	24410.7
zero:	0.073232	30.0244107

total:	1064.37	14858
total elapsed:	3060.03
