conv:	34.9492	34.9492	1	0	0
total:	34.9492	1 bts:	0	0 no_bts:	34.9492

input@3:	0.200962	1	200962
input:	0.200962	10.200962

output@1:	0.00755	1	7550
output:	0.00755	10.00755

addcc@2:	0.47628	55	8659.64
addcc@3:	0.614679	36	17074.4
addcc:	1.09096	910.0119886

addcp@2:	0.073469	4	18367.2
addcp:	0.073469	40.0183673

mulcp@2:	0.066684	4	16671
mulcp@3:	0.821127	36	22809.1
mulcp:	0.887811	400.0221953

rotate@2:	3.02366	23	131464
rotate@3:	27.3566	44	621742
rotate:	30.3803	670.453437

rescale@1:	0.02206	1	22060
rescale@2:	0.951237	36	26423.2
rescale:	0.973297	370.0263053

zero@1:	0.288791	3	96263.7
zero:	0.288791	30.0962637

total:	33.9031	244
total elapsed:	34.9568
