conv:	30.6439	30.6439	1	0	0
total:	30.6439	1 bts:	0	0 no_bts:	30.6439

input@3:	0.19909	1	199090
input:	0.19909	10.19909

output@1:	0.013579	1	13579
output:	0.013579	10.013579

addcc@2:	0.148542	10	14854.2
addcc@3:	0.758405	45	16853.4
addcc:	0.906947	550.0164899

addcp@2:	0.01863	1	18630
addcp:	0.01863	10.01863

mulcp@2:	0.019732	1	19732
mulcp@3:	0.207455	9	23050.6
mulcp:	0.227187	100.0227187

rotate@2:	0.213545	2	106772
rotate@3:	28.4538	53	536865
rotate:	28.6674	550.521225

rescale@1:	0.022953	1	22953
rescale@2:	0.238918	9	26546.4
rescale:	0.261871	100.0261871

zero@1:	0.286663	3	95554.3
zero:	0.286663	30.0955543

total:	30.5814	136
total elapsed:	30.6576
