total:	0	0 bts:	0	0 no_bts:	0

input@3:	0.199479	1	199479
input:	0.199479	10.199479

output@1:	0.007486	1	7486
output:	0.007486	10.007486

addcc@2:	0.999446	79	12651.2
addcc@3:	0.100684	6	16780.7
addcc:	1.10013	850.0129427

mulcp@2:	0.134303	8	16787.9
mulcp@3:	0.182446	8	22805.8
mulcp:	0.316749	160.0197968

rotate@2:	9.9074	79	125410
rotate@3:	22.729	6	3.78816e+06
rotate:	32.6364	850.383957

rescale@1:	0.02214	1	22140
rescale@2:	0.209807	8	26225.9
rescale:	0.231947	90.0257719

zero@1:	0.284576	3	94858.7
zero:	0.284576	30.0948587

total:	34.7767	200
total elapsed:	35.2881
