conv:	41.9328	41.9328	1	0	0
total:	41.9328	1 bts:	0	0 no_bts:	41.9328

input@3:	0.417222	1	417222
input:	0.417222	10.417222

output@1:	0.013016	1	13016
output:	0.013016	10.013016

addcc@2:	1.17801	103	11437
addcc@3:	0.155875	9	17319.4
addcc:	1.33388	1120.0119097

addcp@2:	0.146682	8	18335.2
addcp:	0.146682	80.0183353

mulcp@2:	0.16612	8	20765
mulcp@3:	1.64257	72	22813.5
mulcp:	1.80869	800.0226086

rotate@2:	7.95054	39	203860
rotate@3:	24.1172	17	1.41866e+06
rotate:	32.0677	560.572638

rescale@1:	0.024822	1	24822
rescale@2:	1.91104	72	26542.2
rescale:	1.93586	730.0265186

zero@1:	0.07617	3	25390
zero:	0.07617	30.02539

total:	37.7993	334
total elapsed:	41.9459
