conv:	33.4632	33.4632	1	0	0
total:	33.4632	1 bts:	0	0 no_bts:	33.4632

input@3:	0.199396	1	199396
input:	0.199396	10.199396

output@1:	0.007459	1	7459
output:	0.007459	10.007459

addcc@2:	0.457991	51	8980.22
addcc@3:	0.461391	27	17088.6
addcc:	0.919382	780.0117869

addcp@2:	0.07412	4	18530
addcp:	0.07412	40.01853

mulcp@2:	0.066199	4	16549.8
mulcp@3:	0.822739	36	22853.9
mulcp:	0.888938	400.0222234

rotate@2:	2.74357	19	144398
rotate@3:	26.2808	35	750880
rotate:	29.0244	540.537488

rescale@1:	0.021164	1	21164
rescale@2:	0.954278	36	26507.7
rescale:	0.975442	370.0263633

zero@1:	0.291858	3	97286
zero:	0.291858	30.097286

total:	32.381	218
total elapsed:	33.4707
