conv:	12088.5	12088.5	8	0	0
total:	12088.5	8 bts:	0	0 no_bts:	12088.5

input@5:	1.51747	7	216782
input:	1.51747	70.216782

output@1:	0.04752	8	5940
output:	0.04752	80.00594

addcc@2:	70.0653	6712	10438.8
addcc@4:	0.630896	36	17524.9
addcc:	70.6961	67480.0104766

addcp@2:	6.48252	448	14469.9
addcp:	6.48252	4480.0144699

mulcp@2:	6.10841	448	13634.8
mulcp@3:	101.497	4032	25172.8
mulcp@4:	1.61472	78	20701.5
mulcp@5:	0.3118	14	22271.4
mulcp:	109.532	45720.023957

rotate@2:	578.767	3128	185028
rotate@4:	8.44148	78	108224
rotate@5:	1.73174	14	123695
rotate:	588.94	32200.182901

rescale@1:	0.135453	8	16931.6
rescale@2:	99.3982	4032	24652.3
rescale@3:	1.06588	42	25378.2
rescale@4:	0.368064	14	26290.3
rescale:	100.968	40960.0246503

zero@1:	0.171707	7	24529.6
zero:	0.171707	70.0245296

total:	878.354	19106
total elapsed:	12088.5
