conv: 1301666591 26 272613887 12
relu: 1071925472 16 978837619 41
avg_pool: 1501255 4 0 0
global_avg_pool: 437599 1 0 0
linear: 629243 1 0 0
total: 2376160160 48 bts: 1251451506 53 no_bts: 1124708654

input@6: 189539 1
input: 189539 1

output@1: 2488 1
output: 2488 1

addcc@1: 1588267 244
addcc@2: 845187 111
addcc@3: 1284380 156
addcc@4: 1841667 184
addcc@5: 1345021 118
addcc@6: 9741708 826
addcc@7: 3219051 257
addcc@8: 26743071 2258
addcc@9: 10045440 659
addcc@10: 2178380 153
addcc: 58832172 4966

addcp@1: 548607 34
addcp@2: 327005 11
addcp@3: 397042 19
addcp@4: 293738 13
addcp@5: 255965 8
addcp@6: 7559227 80
addcp@7: 963536 16
addcp@8: 56112341 240
addcp@9: 2732618 64
addcp: 69190079 485

mulcc@2: 170529 3
mulcc@3: 10191079 143
mulcc@4: 12702601 160
mulcc@5: 12515296 144
mulcc@6: 12180132 127
mulcc@7: 5576095 59
mulcc@8: 3379098 32
mulcc@9: 1986469 16
mulcc@10: 575449 4
mulcc: 59276748 688

mulcp@2: 4679177 299
mulcp@3: 1536927 69
mulcp@4: 2970123 150
mulcp@5: 4495375 144
mulcp@6: 6146581 156
mulcp@7: 78679185 370
mulcp@8: 23283604 393
mulcp@9: 146748561 307
mulcp@10: 25362236 329
mulcp: 293901769 2217

rotate@1: 37486 1
rotate@2: 7104414 67
rotate@3: 4338042 39
rotate@4: 10014297 71
rotate@5: 6062143 75
rotate@6: 112691808 579
rotate@7: 19927614 136
rotate@8: 343289657 2266
rotate@9: 64350826 403
rotate@10: 22998628 185
rotate: 590814915 3822

bootstrap@6: 360153859 16
bootstrap@7: 133933950 6
bootstrap@8: 90749140 4
bootstrap@9: 280877634 10
bootstrap@10: 385736923 17
bootstrap: 1251451506 53

rescale@1: 4297254 295
rescale@2: 3099011 206
rescale@3: 4950024 297
rescale@4: 5218972 288
rescale@5: 4279470 206
rescale@6: 9204888 414
rescale@7: 4321327 193
rescale@8: 6383104 267
rescale@9: 9075602 333
rescale: 50829652 2499

zero@1: 631416 17
zero: 631416 17

total: 2375120284 14749
