lenet.onnx
lenet.c
lenet.onnx.c
/app/ace-compiler/air-infra/base/src/node.cxx:534: Assertion Failure: Do not call this API to change rtype.
/app/ace-compiler/air-infra/base/src/node.cxx:534: Assertion Failure: Do not call this API to change rtype.
/app/ace-compiler/air-infra/base/src/node.cxx:524: Assertion Failure: Do not call this API to change rtype.
/app/ace-compiler/air-infra/base/src/node.cxx:524: Assertion Failure: Do not call this API to change rtype.
/app/ace-compiler/air-infra/base/src/node.cxx:534: Assertion Failure: Do not call this API to change rtype.
/app/ace-compiler/air-infra/base/src/node.cxx:534: Assertion Failure: Do not call this API to change rtype.
/app/ace-compiler/air-infra/base/src/node.cxx:524: Assertion Failure: Do not call this API to change rtype.
/app/ace-compiler/air-infra/base/src/node.cxx:524: Assertion Failure: Do not call this API to change rtype.
/app/ace-compiler/air-infra/base/src/node.cxx:534: Assertion Failure: Do not call this API to change rtype.
/app/ace-compiler/air-infra/base/src/node.cxx:534: Assertion Failure: Do not call this API to change rtype.
/app/ace-compiler/air-infra/base/src/node.cxx:524: Assertion Failure: Do not call this API to change rtype.
/app/ace-compiler/air-infra/base/src/node.cxx:524: Assertion Failure: Do not call this API to change rtype.
/app/ace-compiler/air-infra/base/src/node.cxx:534: Assertion Failure: Do not call this API to change rtype.
/app/ace-compiler/air-infra/base/src/node.cxx:534: Assertion Failure: Do not call this API to change rtype.
/app/ace-compiler/air-infra/base/src/node.cxx:524: Assertion Failure: Do not call this API to change rtype.
/app/ace-compiler/air-infra/base/src/node.cxx:524: Assertion Failure: Do not call this API to change rtype.
/app/ace-compiler/nn-addon/vector/src/vector_gen.cxx:27: Assertion Failure: Fix rtype for New_una_arith.
/app/ace-compiler/nn-addon/vector/src/vector_gen.cxx:27: Assertion Failure: Fix rtype for New_una_arith.
/app/ace-compiler/nn-addon/vector/src/vector_gen.cxx:27: Assertion Failure: Fix rtype for New_una_arith.
/app/ace-compiler/nn-addon/vector/src/vector_gen.cxx:27: Assertion Failure: Fix rtype for New_una_arith.
/app/ace-compiler/air-infra/include/air/core/opcode_def.inc:68: Assertion Failure: Unexpected COMMENT
/app/ace-compiler/air-infra/include/air/core/opcode_def.inc:68: Assertion Failure: Unexpected COMMENT
/app/ace-compiler/air-infra/include/air/core/opcode_def.inc:56: Assertion Failure: Unexpected PRAGMA
/app/ace-compiler/air-infra/include/air/core/opcode_def.inc:56: Assertion Failure: Unexpected PRAGMA
/app/ace-compiler/air-infra/include/air/core/opcode_def.inc:56: Assertion Failure: Unexpected PRAGMA
/app/ace-compiler/air-infra/include/air/core/opcode_def.inc:56: Assertion Failure: Unexpected PRAGMA
/app/ace-compiler/air-infra/include/air/core/opcode_def.inc:68: Assertion Failure: Unexpected COMMENT
/app/ace-compiler/air-infra/include/air/core/opcode_def.inc:68: Assertion Failure: Unexpected COMMENT
/app/ace-compiler/air-infra/include/air/core/opcode_def.inc:56: Assertion Failure: Unexpected PRAGMA
/app/ace-compiler/air-infra/include/air/core/opcode_def.inc:56: Assertion Failure: Unexpected PRAGMA
/app/ace-compiler/air-infra/include/air/core/opcode_def.inc:56: Assertion Failure: Unexpected PRAGMA
/app/ace-compiler/air-infra/include/air/core/opcode_def.inc:56: Assertion Failure: Unexpected PRAGMA
/app/ace-compiler/air-infra/include/air/core/opcode_def.inc:68: Assertion Failure: Unexpected COMMENT
/app/ace-compiler/air-infra/include/air/core/opcode_def.inc:68: Assertion Failure: Unexpected COMMENT
/app/ace-compiler/air-infra/include/air/core/opcode_def.inc:56: Assertion Failure: Unexpected PRAGMA
/app/ace-compiler/air-infra/include/air/core/opcode_def.inc:56: Assertion Failure: Unexpected PRAGMA
/app/ace-compiler/air-infra/include/air/core/opcode_def.inc:56: Assertion Failure: Unexpected PRAGMA
/app/ace-compiler/air-infra/include/air/core/opcode_def.inc:56: Assertion Failure: Unexpected PRAGMA
/app/ace-compiler/air-infra/include/air/core/opcode_def.inc:68: Assertion Failure: Unexpected COMMENT
/app/ace-compiler/air-infra/include/air/core/opcode_def.inc:68: Assertion Failure: Unexpected COMMENT
/app/ace-compiler/air-infra/include/air/core/opcode_def.inc:56: Assertion Failure: Unexpected PRAGMA
/app/ace-compiler/air-infra/include/air/core/opcode_def.inc:56: Assertion Failure: Unexpected PRAGMA
/app/ace-compiler/air-infra/include/air/core/opcode_def.inc:56: Assertion Failure: Unexpected PRAGMA
/app/ace-compiler/air-infra/include/air/core/opcode_def.inc:56: Assertion Failure: Unexpected PRAGMA
/app/ace-compiler/air-infra/include/air/core/opcode_def.inc:68: Assertion Failure: Unexpected COMMENT
/app/ace-compiler/air-infra/include/air/core/opcode_def.inc:68: Assertion Failure: Unexpected COMMENT
/app/ace-compiler/air-infra/include/air/core/opcode_def.inc:56: Assertion Failure: Unexpected PRAGMA
/app/ace-compiler/air-infra/include/air/core/opcode_def.inc:56: Assertion Failure: Unexpected PRAGMA
/app/ace-compiler/air-infra/include/air/core/opcode_def.inc:56: Assertion Failure: Unexpected PRAGMA
/app/ace-compiler/air-infra/include/air/core/opcode_def.inc:56: Assertion Failure: Unexpected PRAGMA
/app/ace-compiler/air-infra/include/air/core/opcode_def.inc:68: Assertion Failure: Unexpected COMMENT
/app/ace-compiler/air-infra/include/air/core/opcode_def.inc:68: Assertion Failure: Unexpected COMMENT
/app/ace-compiler/air-infra/include/air/core/opcode_def.inc:56: Assertion Failure: Unexpected PRAGMA
/app/ace-compiler/air-infra/include/air/core/opcode_def.inc:56: Assertion Failure: Unexpected PRAGMA
/app/ace-compiler/air-infra/include/air/core/opcode_def.inc:56: Assertion Failure: Unexpected PRAGMA
/app/ace-compiler/air-infra/include/air/core/opcode_def.inc:56: Assertion Failure: Unexpected PRAGMA
/app/ace-compiler/air-infra/include/air/core/opcode_def.inc:68: Assertion Failure: Unexpected COMMENT
/app/ace-compiler/air-infra/include/air/core/opcode_def.inc:68: Assertion Failure: Unexpected COMMENT
/app/ace-compiler/air-infra/include/air/core/opcode_def.inc:56: Assertion Failure: Unexpected PRAGMA
/app/ace-compiler/air-infra/include/air/core/opcode_def.inc:56: Assertion Failure: Unexpected PRAGMA
/app/ace-compiler/air-infra/include/air/core/opcode_def.inc:56: Assertion Failure: Unexpected PRAGMA
/app/ace-compiler/air-infra/include/air/core/opcode_def.inc:56: Assertion Failure: Unexpected PRAGMA
/app/ace-compiler/air-infra/include/air/core/opcode_def.inc:68: Assertion Failure: Unexpected COMMENT
/app/ace-compiler/air-infra/include/air/core/opcode_def.inc:68: Assertion Failure: Unexpected COMMENT
/app/ace-compiler/air-infra/include/air/core/opcode_def.inc:56: Assertion Failure: Unexpected PRAGMA
/app/ace-compiler/air-infra/include/air/core/opcode_def.inc:56: Assertion Failure: Unexpected PRAGMA
/app/ace-compiler/air-infra/include/air/core/opcode_def.inc:56: Assertion Failure: Unexpected PRAGMA
/app/ace-compiler/air-infra/include/air/core/opcode_def.inc:56: Assertion Failure: Unexpected PRAGMA
/app/ace-compiler/air-infra/include/air/core/opcode_def.inc:68: Assertion Failure: Unexpected COMMENT
/app/ace-compiler/air-infra/include/air/core/opcode_def.inc:68: Assertion Failure: Unexpected COMMENT
/app/ace-compiler/air-infra/include/air/core/opcode_def.inc:56: Assertion Failure: Unexpected PRAGMA
/app/ace-compiler/air-infra/include/air/core/opcode_def.inc:56: Assertion Failure: Unexpected PRAGMA
/app/ace-compiler/air-infra/include/air/core/opcode_def.inc:56: Assertion Failure: Unexpected PRAGMA
/app/ace-compiler/air-infra/include/air/core/opcode_def.inc:56: Assertion Failure: Unexpected PRAGMA
/app/ace-compiler/air-infra/include/air/core/opcode_def.inc:68: Assertion Failure: Unexpected COMMENT
/app/ace-compiler/air-infra/include/air/core/opcode_def.inc:68: Assertion Failure: Unexpected COMMENT
/app/ace-compiler/air-infra/include/air/core/opcode_def.inc:56: Assertion Failure: Unexpected PRAGMA
/app/ace-compiler/air-infra/include/air/core/opcode_def.inc:56: Assertion Failure: Unexpected PRAGMA
/app/ace-compiler/air-infra/include/air/core/opcode_def.inc:56: Assertion Failure: Unexpected PRAGMA
/app/ace-compiler/air-infra/include/air/core/opcode_def.inc:56: Assertion Failure: Unexpected PRAGMA
/app/ace-compiler/air-infra/include/air/core/opcode_def.inc:68: Assertion Failure: Unexpected COMMENT
/app/ace-compiler/air-infra/include/air/core/opcode_def.inc:68: Assertion Failure: Unexpected COMMENT
/app/ace-compiler/air-infra/include/air/core/opcode_def.inc:56: Assertion Failure: Unexpected PRAGMA
/app/ace-compiler/air-infra/include/air/core/opcode_def.inc:56: Assertion Failure: Unexpected PRAGMA
/app/ace-compiler/air-infra/include/air/core/opcode_def.inc:56: Assertion Failure: Unexpected PRAGMA
/app/ace-compiler/air-infra/include/air/core/opcode_def.inc:56: Assertion Failure: Unexpected PRAGMA
/app/ace-compiler/air-infra/include/air/core/opcode_def.inc:68: Assertion Failure: Unexpected COMMENT
/app/ace-compiler/air-infra/include/air/core/opcode_def.inc:68: Assertion Failure: Unexpected COMMENT
/app/ace-compiler/air-infra/include/air/core/opcode_def.inc:56: Assertion Failure: Unexpected PRAGMA
/app/ace-compiler/air-infra/include/air/core/opcode_def.inc:56: Assertion Failure: Unexpected PRAGMA
/app/ace-compiler/air-infra/include/air/core/opcode_def.inc:56: Assertion Failure: Unexpected PRAGMA
/app/ace-compiler/air-infra/include/air/core/opcode_def.inc:56: Assertion Failure: Unexpected PRAGMA
/app/ace-compiler/air-infra/include/air/core/opcode_def.inc:68: Assertion Failure: Unexpected COMMENT
/app/ace-compiler/air-infra/include/air/core/opcode_def.inc:68: Assertion Failure: Unexpected COMMENT
/app/ace-compiler/air-infra/include/air/core/opcode_def.inc:56: Assertion Failure: Unexpected PRAGMA
/app/ace-compiler/air-infra/include/air/core/opcode_def.inc:56: Assertion Failure: Unexpected PRAGMA
/app/ace-compiler/air-infra/include/air/core/opcode_def.inc:56: Assertion Failure: Unexpected PRAGMA
/app/ace-compiler/air-infra/include/air/core/opcode_def.inc:56: Assertion Failure: Unexpected PRAGMA
/app/ace-compiler/air-infra/include/air/core/opcode_def.inc:68: Assertion Failure: Unexpected COMMENT
/app/ace-compiler/air-infra/include/air/core/opcode_def.inc:68: Assertion Failure: Unexpected COMMENT
/app/ace-compiler/air-infra/include/air/core/opcode_def.inc:56: Assertion Failure: Unexpected PRAGMA
/app/ace-compiler/air-infra/include/air/core/opcode_def.inc:56: Assertion Failure: Unexpected PRAGMA
/app/ace-compiler/air-infra/include/air/core/opcode_def.inc:56: Assertion Failure: Unexpected PRAGMA
/app/ace-compiler/air-infra/include/air/core/opcode_def.inc:56: Assertion Failure: Unexpected PRAGMA
/app/ace-compiler/air-infra/include/air/core/opcode_def.inc:68: Assertion Failure: Unexpected COMMENT
/app/ace-compiler/air-infra/include/air/core/opcode_def.inc:68: Assertion Failure: Unexpected COMMENT
/app/ace-compiler/air-infra/include/air/core/opcode_def.inc:56: Assertion Failure: Unexpected PRAGMA
/app/ace-compiler/air-infra/include/air/core/opcode_def.inc:56: Assertion Failure: Unexpected PRAGMA
/app/ace-compiler/air-infra/include/air/core/opcode_def.inc:56: Assertion Failure: Unexpected PRAGMA
/app/ace-compiler/air-infra/include/air/core/opcode_def.inc:56: Assertion Failure: Unexpected PRAGMA
/app/ace-compiler/air-infra/include/air/core/opcode_def.inc:68: Assertion Failure: Unexpected COMMENT
/app/ace-compiler/air-infra/include/air/core/opcode_def.inc:68: Assertion Failure: Unexpected COMMENT
/app/ace-compiler/air-infra/include/air/core/opcode_def.inc:56: Assertion Failure: Unexpected PRAGMA
/app/ace-compiler/air-infra/include/air/core/opcode_def.inc:56: Assertion Failure: Unexpected PRAGMA
/app/ace-compiler/air-infra/include/air/core/opcode_def.inc:56: Assertion Failure: Unexpected PRAGMA
/app/ace-compiler/air-infra/include/air/core/opcode_def.inc:56: Assertion Failure: Unexpected PRAGMA
/app/ace-compiler/air-infra/include/air/core/opcode_def.inc:68: Assertion Failure: Unexpected COMMENT
/app/ace-compiler/air-infra/include/air/core/opcode_def.inc:68: Assertion Failure: Unexpected COMMENT
/app/ace-compiler/air-infra/include/air/core/opcode_def.inc:56: Assertion Failure: Unexpected PRAGMA
/app/ace-compiler/air-infra/include/air/core/opcode_def.inc:56: Assertion Failure: Unexpected PRAGMA
/app/ace-compiler/air-infra/include/air/core/opcode_def.inc:56: Assertion Failure: Unexpected PRAGMA
/app/ace-compiler/air-infra/include/air/core/opcode_def.inc:56: Assertion Failure: Unexpected PRAGMA
/app/ace-compiler/air-infra/include/air/core/opcode_def.inc:68: Assertion Failure: Unexpected COMMENT
/app/ace-compiler/air-infra/include/air/core/opcode_def.inc:68: Assertion Failure: Unexpected COMMENT
/app/ace-compiler/air-infra/include/air/core/opcode_def.inc:56: Assertion Failure: Unexpected PRAGMA
/app/ace-compiler/air-infra/include/air/core/opcode_def.inc:56: Assertion Failure: Unexpected PRAGMA
/app/ace-compiler/air-infra/include/air/core/opcode_def.inc:56: Assertion Failure: Unexpected PRAGMA
/app/ace-compiler/air-infra/include/air/core/opcode_def.inc:56: Assertion Failure: Unexpected PRAGMA
/app/ace-compiler/air-infra/include/air/core/opcode_def.inc:68: Assertion Failure: Unexpected COMMENT
/app/ace-compiler/air-infra/include/air/core/opcode_def.inc:68: Assertion Failure: Unexpected COMMENT
/app/ace-compiler/air-infra/include/air/core/opcode_def.inc:56: Assertion Failure: Unexpected PRAGMA
/app/ace-compiler/air-infra/include/air/core/opcode_def.inc:56: Assertion Failure: Unexpected PRAGMA
/app/ace-compiler/air-infra/include/air/core/opcode_def.inc:56: Assertion Failure: Unexpected PRAGMA
/app/ace-compiler/air-infra/include/air/core/opcode_def.inc:56: Assertion Failure: Unexpected PRAGMA
/app/ace-compiler/air-infra/include/air/core/opcode_def.inc:68: Assertion Failure: Unexpected COMMENT
/app/ace-compiler/air-infra/include/air/core/opcode_def.inc:68: Assertion Failure: Unexpected COMMENT
/app/ace-compiler/air-infra/include/air/core/opcode_def.inc:56: Assertion Failure: Unexpected PRAGMA
/app/ace-compiler/air-infra/include/air/core/opcode_def.inc:56: Assertion Failure: Unexpected PRAGMA
/app/ace-compiler/air-infra/include/air/core/opcode_def.inc:56: Assertion Failure: Unexpected PRAGMA
/app/ace-compiler/air-infra/include/air/core/opcode_def.inc:56: Assertion Failure: Unexpected PRAGMA
/app/ace-compiler/air-infra/include/air/core/opcode_def.inc:68: Assertion Failure: Unexpected COMMENT
/app/ace-compiler/air-infra/include/air/core/opcode_def.inc:68: Assertion Failure: Unexpected COMMENT
/app/ace-compiler/air-infra/include/air/core/opcode_def.inc:56: Assertion Failure: Unexpected PRAGMA
/app/ace-compiler/air-infra/include/air/core/opcode_def.inc:56: Assertion Failure: Unexpected PRAGMA
/app/ace-compiler/air-infra/include/air/core/opcode_def.inc:56: Assertion Failure: Unexpected PRAGMA
/app/ace-compiler/air-infra/include/air/core/opcode_def.inc:56: Assertion Failure: Unexpected PRAGMA
/app/ace-compiler/air-infra/include/air/core/opcode_def.inc:68: Assertion Failure: Unexpected COMMENT
/app/ace-compiler/air-infra/include/air/core/opcode_def.inc:68: Assertion Failure: Unexpected COMMENT
/app/ace-compiler/air-infra/include/air/core/opcode_def.inc:56: Assertion Failure: Unexpected PRAGMA
/app/ace-compiler/air-infra/include/air/core/opcode_def.inc:56: Assertion Failure: Unexpected PRAGMA
/app/ace-compiler/air-infra/include/air/core/opcode_def.inc:56: Assertion Failure: Unexpected PRAGMA
/app/ace-compiler/air-infra/include/air/core/opcode_def.inc:56: Assertion Failure: Unexpected PRAGMA
/app/ace-compiler/air-infra/include/air/core/opcode_def.inc:68: Assertion Failure: Unexpected COMMENT
/app/ace-compiler/air-infra/include/air/core/opcode_def.inc:68: Assertion Failure: Unexpected COMMENT
/app/ace-compiler/air-infra/include/air/core/opcode_def.inc:56: Assertion Failure: Unexpected PRAGMA
/app/ace-compiler/air-infra/include/air/core/opcode_def.inc:56: Assertion Failure: Unexpected PRAGMA
/app/ace-compiler/air-infra/include/air/core/opcode_def.inc:56: Assertion Failure: Unexpected PRAGMA
/app/ace-compiler/air-infra/include/air/core/opcode_def.inc:56: Assertion Failure: Unexpected PRAGMA
/app/ace-compiler/air-infra/include/air/core/opcode_def.inc:68: Assertion Failure: Unexpected COMMENT
/app/ace-compiler/air-infra/include/air/core/opcode_def.inc:68: Assertion Failure: Unexpected COMMENT
/app/ace-compiler/air-infra/include/air/core/opcode_def.inc:56: Assertion Failure: Unexpected PRAGMA
/app/ace-compiler/air-infra/include/air/core/opcode_def.inc:56: Assertion Failure: Unexpected PRAGMA
/app/ace-compiler/air-infra/include/air/core/opcode_def.inc:56: Assertion Failure: Unexpected PRAGMA
/app/ace-compiler/air-infra/include/air/core/opcode_def.inc:56: Assertion Failure: Unexpected PRAGMA
constant folding fusion count: 2
width_block_data=6144
/app/ace-compiler/air-infra/base/src/node.cxx:534: Assertion Failure: Do not call this API to change rtype.
/app/ace-compiler/air-infra/base/src/node.cxx:534: Assertion Failure: Do not call this API to change rtype.
/app/ace-compiler/air-infra/base/src/node.cxx:524: Assertion Failure: Do not call this API to change rtype.
/app/ace-compiler/air-infra/base/src/node.cxx:524: Assertion Failure: Do not call this API to change rtype.
/app/ace-compiler/air-infra/base/src/node.cxx:534: Assertion Failure: Do not call this API to change rtype.
/app/ace-compiler/air-infra/base/src/node.cxx:534: Assertion Failure: Do not call this API to change rtype.
/app/ace-compiler/air-infra/base/src/node.cxx:524: Assertion Failure: Do not call this API to change rtype.
/app/ace-compiler/air-infra/base/src/node.cxx:524: Assertion Failure: Do not call this API to change rtype.
width_block_data=3136
/app/ace-compiler/air-infra/base/src/node.cxx:534: Assertion Failure: Do not call this API to change rtype.
/app/ace-compiler/air-infra/base/src/node.cxx:534: Assertion Failure: Do not call this API to change rtype.
/app/ace-compiler/air-infra/base/src/node.cxx:524: Assertion Failure: Do not call this API to change rtype.
/app/ace-compiler/air-infra/base/src/node.cxx:524: Assertion Failure: Do not call this API to change rtype.
/app/ace-compiler/air-infra/base/src/node.cxx:534: Assertion Failure: Do not call this API to change rtype.
/app/ace-compiler/air-infra/base/src/node.cxx:534: Assertion Failure: Do not call this API to change rtype.
/app/ace-compiler/air-infra/base/src/node.cxx:524: Assertion Failure: Do not call this API to change rtype.
/app/ace-compiler/air-infra/base/src/node.cxx:524: Assertion Failure: Do not call this API to change rtype.
strided_slice fusion count: 0
total fusion count: 2
/app/ace-compiler/air-infra/include/air/core/opcode_def.inc:68: Assertion Failure: Unexpected COMMENT
/app/ace-compiler/air-infra/include/air/core/opcode_def.inc:68: Assertion Failure: Unexpected COMMENT
/app/ace-compiler/air-infra/include/air/core/opcode_def.inc:56: Assertion Failure: Unexpected PRAGMA
/app/ace-compiler/air-infra/include/air/core/opcode_def.inc:56: Assertion Failure: Unexpected PRAGMA
/app/ace-compiler/air-infra/include/air/core/opcode_def.inc:68: Assertion Failure: Unexpected COMMENT
/app/ace-compiler/air-infra/include/air/core/opcode_def.inc:68: Assertion Failure: Unexpected COMMENT
/app/ace-compiler/air-infra/include/air/core/opcode_def.inc:68: Assertion Failure: Unexpected COMMENT
/app/ace-compiler/air-infra/include/air/core/opcode_def.inc:68: Assertion Failure: Unexpected COMMENT
/app/ace-compiler/air-infra/include/air/core/opcode_def.inc:56: Assertion Failure: Unexpected PRAGMA
/app/ace-compiler/air-infra/include/air/core/opcode_def.inc:56: Assertion Failure: Unexpected PRAGMA
/app/ace-compiler/air-infra/include/air/core/opcode_def.inc:68: Assertion Failure: Unexpected COMMENT
/app/ace-compiler/air-infra/include/air/core/opcode_def.inc:68: Assertion Failure: Unexpected COMMENT
/app/ace-compiler/air-infra/include/air/core/opcode_def.inc:56: Assertion Failure: Unexpected PRAGMA
/app/ace-compiler/air-infra/include/air/core/opcode_def.inc:56: Assertion Failure: Unexpected PRAGMA
/app/ace-compiler/air-infra/include/air/core/opcode_def.inc:56: Assertion Failure: Unexpected PRAGMA
/app/ace-compiler/air-infra/include/air/core/opcode_def.inc:56: Assertion Failure: Unexpected PRAGMA
/app/ace-compiler/air-infra/include/air/core/opcode_def.inc:68: Assertion Failure: Unexpected COMMENT
/app/ace-compiler/air-infra/include/air/core/opcode_def.inc:68: Assertion Failure: Unexpected COMMENT
/app/ace-compiler/air-infra/include/air/core/opcode_def.inc:56: Assertion Failure: Unexpected PRAGMA
/app/ace-compiler/air-infra/include/air/core/opcode_def.inc:56: Assertion Failure: Unexpected PRAGMA
/app/ace-compiler/air-infra/include/air/core/opcode_def.inc:56: Assertion Failure: Unexpected PRAGMA
/app/ace-compiler/air-infra/include/air/core/opcode_def.inc:56: Assertion Failure: Unexpected PRAGMA
/app/ace-compiler/air-infra/include/air/core/opcode_def.inc:68: Assertion Failure: Unexpected COMMENT
/app/ace-compiler/air-infra/include/air/core/opcode_def.inc:68: Assertion Failure: Unexpected COMMENT
/app/ace-compiler/air-infra/include/air/core/opcode_def.inc:56: Assertion Failure: Unexpected PRAGMA
/app/ace-compiler/air-infra/include/air/core/opcode_def.inc:56: Assertion Failure: Unexpected PRAGMA
/app/ace-compiler/air-infra/include/air/core/opcode_def.inc:68: Assertion Failure: Unexpected COMMENT
/app/ace-compiler/air-infra/include/air/core/opcode_def.inc:68: Assertion Failure: Unexpected COMMENT
/app/ace-compiler/air-infra/include/air/core/opcode_def.inc:68: Assertion Failure: Unexpected COMMENT
/app/ace-compiler/air-infra/include/air/core/opcode_def.inc:68: Assertion Failure: Unexpected COMMENT
/app/ace-compiler/air-infra/include/air/core/opcode_def.inc:56: Assertion Failure: Unexpected PRAGMA
/app/ace-compiler/air-infra/include/air/core/opcode_def.inc:56: Assertion Failure: Unexpected PRAGMA
/app/ace-compiler/air-infra/include/air/core/opcode_def.inc:68: Assertion Failure: Unexpected COMMENT
/app/ace-compiler/air-infra/include/air/core/opcode_def.inc:68: Assertion Failure: Unexpected COMMENT
/app/ace-compiler/air-infra/include/air/core/opcode_def.inc:56: Assertion Failure: Unexpected PRAGMA
/app/ace-compiler/air-infra/include/air/core/opcode_def.inc:56: Assertion Failure: Unexpected PRAGMA
/app/ace-compiler/air-infra/include/air/core/opcode_def.inc:56: Assertion Failure: Unexpected PRAGMA
/app/ace-compiler/air-infra/include/air/core/opcode_def.inc:56: Assertion Failure: Unexpected PRAGMA
/app/ace-compiler/air-infra/include/air/core/opcode_def.inc:68: Assertion Failure: Unexpected COMMENT
/app/ace-compiler/air-infra/include/air/core/opcode_def.inc:68: Assertion Failure: Unexpected COMMENT
/app/ace-compiler/air-infra/include/air/core/opcode_def.inc:56: Assertion Failure: Unexpected PRAGMA
/app/ace-compiler/air-infra/include/air/core/opcode_def.inc:56: Assertion Failure: Unexpected PRAGMA
/app/ace-compiler/air-infra/include/air/core/opcode_def.inc:56: Assertion Failure: Unexpected PRAGMA
/app/ace-compiler/air-infra/include/air/core/opcode_def.inc:56: Assertion Failure: Unexpected PRAGMA
/app/ace-compiler/air-infra/include/air/core/opcode_def.inc:68: Assertion Failure: Unexpected COMMENT
/app/ace-compiler/air-infra/include/air/core/opcode_def.inc:68: Assertion Failure: Unexpected COMMENT
/app/ace-compiler/air-infra/include/air/core/opcode_def.inc:56: Assertion Failure: Unexpected PRAGMA
/app/ace-compiler/air-infra/include/air/core/opcode_def.inc:56: Assertion Failure: Unexpected PRAGMA
/app/ace-compiler/air-infra/include/air/core/opcode_def.inc:56: Assertion Failure: Unexpected PRAGMA
/app/ace-compiler/air-infra/include/air/core/opcode_def.inc:56: Assertion Failure: Unexpected PRAGMA
/app/ace-compiler/air-infra/include/air/core/opcode_def.inc:68: Assertion Failure: Unexpected COMMENT
/app/ace-compiler/air-infra/include/air/core/opcode_def.inc:68: Assertion Failure: Unexpected COMMENT
/app/ace-compiler/air-infra/include/air/core/opcode_def.inc:56: Assertion Failure: Unexpected PRAGMA
/app/ace-compiler/air-infra/include/air/core/opcode_def.inc:56: Assertion Failure: Unexpected PRAGMA
/app/ace-compiler/air-infra/include/air/core/opcode_def.inc:68: Assertion Failure: Unexpected COMMENT
/app/ace-compiler/air-infra/include/air/core/opcode_def.inc:68: Assertion Failure: Unexpected COMMENT
/app/ace-compiler/air-infra/include/air/core/opcode_def.inc:68: Assertion Failure: Unexpected COMMENT
/app/ace-compiler/air-infra/include/air/core/opcode_def.inc:68: Assertion Failure: Unexpected COMMENT
/app/ace-compiler/air-infra/include/air/core/opcode_def.inc:68: Assertion Failure: Unexpected COMMENT
/app/ace-compiler/air-infra/include/air/core/opcode_def.inc:68: Assertion Failure: Unexpected COMMENT
/app/ace-compiler/air-infra/include/air/core/opcode_def.inc:68: Assertion Failure: Unexpected COMMENT
/app/ace-compiler/air-infra/include/air/core/opcode_def.inc:68: Assertion Failure: Unexpected COMMENT
/app/ace-compiler/air-infra/include/air/core/opcode_def.inc:68: Assertion Failure: Unexpected COMMENT
/app/ace-compiler/air-infra/include/air/core/opcode_def.inc:68: Assertion Failure: Unexpected COMMENT
/app/ace-compiler/air-infra/include/air/core/opcode_def.inc:68: Assertion Failure: Unexpected COMMENT
/app/ace-compiler/air-infra/include/air/core/opcode_def.inc:68: Assertion Failure: Unexpected COMMENT
/app/ace-compiler/air-infra/include/air/core/opcode_def.inc:56: Assertion Failure: Unexpected PRAGMA
/app/ace-compiler/air-infra/include/air/core/opcode_def.inc:56: Assertion Failure: Unexpected PRAGMA
/app/ace-compiler/air-infra/include/air/core/opcode_def.inc:68: Assertion Failure: Unexpected COMMENT
/app/ace-compiler/air-infra/include/air/core/opcode_def.inc:68: Assertion Failure: Unexpected COMMENT
/app/ace-compiler/air-infra/include/air/core/opcode_def.inc:56: Assertion Failure: Unexpected PRAGMA
/app/ace-compiler/air-infra/include/air/core/opcode_def.inc:56: Assertion Failure: Unexpected PRAGMA
/app/ace-compiler/air-infra/include/air/core/opcode_def.inc:56: Assertion Failure: Unexpected PRAGMA
/app/ace-compiler/air-infra/include/air/core/opcode_def.inc:56: Assertion Failure: Unexpected PRAGMA
/app/ace-compiler/air-infra/include/air/core/opcode_def.inc:68: Assertion Failure: Unexpected COMMENT
/app/ace-compiler/air-infra/include/air/core/opcode_def.inc:68: Assertion Failure: Unexpected COMMENT
/app/ace-compiler/air-infra/include/air/core/opcode_def.inc:56: Assertion Failure: Unexpected PRAGMA
/app/ace-compiler/air-infra/include/air/core/opcode_def.inc:56: Assertion Failure: Unexpected PRAGMA
/app/ace-compiler/air-infra/include/air/core/opcode_def.inc:68: Assertion Failure: Unexpected COMMENT
/app/ace-compiler/air-infra/include/air/core/opcode_def.inc:68: Assertion Failure: Unexpected COMMENT
/app/ace-compiler/air-infra/include/air/core/opcode_def.inc:68: Assertion Failure: Unexpected COMMENT
/app/ace-compiler/air-infra/include/air/core/opcode_def.inc:68: Assertion Failure: Unexpected COMMENT
/app/ace-compiler/air-infra/include/air/core/opcode_def.inc:68: Assertion Failure: Unexpected COMMENT
/app/ace-compiler/air-infra/include/air/core/opcode_def.inc:68: Assertion Failure: Unexpected COMMENT
/app/ace-compiler/air-infra/include/air/core/opcode_def.inc:68: Assertion Failure: Unexpected COMMENT
/app/ace-compiler/air-infra/include/air/core/opcode_def.inc:68: Assertion Failure: Unexpected COMMENT
/app/ace-compiler/air-infra/include/air/core/opcode_def.inc:68: Assertion Failure: Unexpected COMMENT
/app/ace-compiler/air-infra/include/air/core/opcode_def.inc:68: Assertion Failure: Unexpected COMMENT
/app/ace-compiler/air-infra/include/air/core/opcode_def.inc:68: Assertion Failure: Unexpected COMMENT
/app/ace-compiler/air-infra/include/air/core/opcode_def.inc:68: Assertion Failure: Unexpected COMMENT
/app/ace-compiler/air-infra/include/air/core/opcode_def.inc:56: Assertion Failure: Unexpected PRAGMA
/app/ace-compiler/air-infra/include/air/core/opcode_def.inc:56: Assertion Failure: Unexpected PRAGMA
/app/ace-compiler/air-infra/include/air/core/opcode_def.inc:68: Assertion Failure: Unexpected COMMENT
/app/ace-compiler/air-infra/include/air/core/opcode_def.inc:68: Assertion Failure: Unexpected COMMENT
/app/ace-compiler/air-infra/include/air/core/opcode_def.inc:56: Assertion Failure: Unexpected PRAGMA
/app/ace-compiler/air-infra/include/air/core/opcode_def.inc:56: Assertion Failure: Unexpected PRAGMA
/app/ace-compiler/air-infra/include/air/core/opcode_def.inc:56: Assertion Failure: Unexpected PRAGMA
/app/ace-compiler/air-infra/include/air/core/opcode_def.inc:56: Assertion Failure: Unexpected PRAGMA
/app/ace-compiler/air-infra/include/air/core/opcode_def.inc:68: Assertion Failure: Unexpected COMMENT
/app/ace-compiler/air-infra/include/air/core/opcode_def.inc:68: Assertion Failure: Unexpected COMMENT
/app/ace-compiler/air-infra/include/air/core/opcode_def.inc:56: Assertion Failure: Unexpected PRAGMA
/app/ace-compiler/air-infra/include/air/core/opcode_def.inc:56: Assertion Failure: Unexpected PRAGMA
/app/ace-compiler/air-infra/include/air/core/opcode_def.inc:68: Assertion Failure: Unexpected COMMENT
/app/ace-compiler/air-infra/include/air/core/opcode_def.inc:68: Assertion Failure: Unexpected COMMENT
/app/ace-compiler/air-infra/include/air/core/opcode_def.inc:68: Assertion Failure: Unexpected COMMENT
/app/ace-compiler/air-infra/include/air/core/opcode_def.inc:68: Assertion Failure: Unexpected COMMENT
/app/ace-compiler/air-infra/include/air/core/opcode_def.inc:68: Assertion Failure: Unexpected COMMENT
/app/ace-compiler/air-infra/include/air/core/opcode_def.inc:68: Assertion Failure: Unexpected COMMENT
/app/ace-compiler/air-infra/include/air/core/opcode_def.inc:68: Assertion Failure: Unexpected COMMENT
/app/ace-compiler/air-infra/include/air/core/opcode_def.inc:68: Assertion Failure: Unexpected COMMENT
/app/ace-compiler/air-infra/include/air/core/opcode_def.inc:68: Assertion Failure: Unexpected COMMENT
/app/ace-compiler/air-infra/include/air/core/opcode_def.inc:68: Assertion Failure: Unexpected COMMENT
/app/ace-compiler/air-infra/include/air/core/opcode_def.inc:68: Assertion Failure: Unexpected COMMENT
/app/ace-compiler/air-infra/include/air/core/opcode_def.inc:68: Assertion Failure: Unexpected COMMENT
/app/ace-compiler/air-infra/include/air/core/opcode_def.inc:56: Assertion Failure: Unexpected PRAGMA
/app/ace-compiler/air-infra/include/air/core/opcode_def.inc:56: Assertion Failure: Unexpected PRAGMA

real	0m0.243s
user	0m0.150s
sys	0m0.093s

real	0m0.750s
user	0m0.692s
sys	0m0.056s
ckks_param: _provider = 0, _poly_degree = 32768, mul_depth = 29, input_lev = 17, _first_mod_size = 60, _scaling_mod_size = 59, _num_q_parts = 3, _num_p = 10, _num_rot_idx = 148,_hamming_weight = 192
input(tensor): [
 -0.000428 -0.044583 0.040760 -0.037652 0.077431 0.014447 -0.011874 0.004335 0.081927 0.034492 -0.092423 0.055165 -0.016842 0.010731 -0.095304 0.035007 -0.071340 -0.060474 0.077846 0.035151 -0.085528 0.032374 -0.020394 0.064902 -0.083320 -0.009152 0.077616 -0.073482 0.096612 0.006034 0.087411 0.060846
 -0.092909 -0.026099 0.076560 0.033603 -0.048990 -0.033493 0.004470 0.020009 -0.050487 0.056083 0.082464 -0.059651 0.000904 0.026898 -0.066678 -0.018188 -0.015518 -0.094010 0.025000 0.011361 -0.050104 -0.018522 0.012787 -0.016988 -0.060557 0.076596 -0.090874 0.012552 -0.013038 0.006919 -0.045085 0.005316
 0.036106 -0.020516 0.078668 -0.024253 0.062460 -0.007932 0.045457 0.039408 0.007394 -0.044017 -0.037957 0.039844 -0.074911 -0.074396 0.000996 -0.096114 -0.055498 -0.070802 0.042599 0.009894 -0.028932 0.048700 0.039122 0.033464 0.046813 0.059972 -0.089013 -0.036700 -0.039614 -0.085104 -0.077556 -0.095323
 -0.077870 0.060454 0.066235 -0.001554 0.015438 -0.072619 0.019833 -0.000346 0.099147 0.034865 -0.010103 -0.045754 0.022677 0.070607 -0.018789 -0.039565 0.004813 -0.015932 0.082196 0.046217 -0.050703 0.027543 -0.077848 0.089510 -0.074111 0.053095 -0.035062 -0.072971 -0.070651 -0.095285 -0.020215 0.037572
 0.048266 -0.021613 0.001811 -0.007790 -0.050868 -0.040016 -0.029897 -0.016572 0.009258 -0.022432 0.042874 -0.090189 -0.015909 -0.048200 0.056835 -0.065971 -0.052914 -0.020244 0.051219 0.043360 0.037017 -0.097186 0.049215 -0.085505 -0.067730 -0.024197 -0.054807 0.068313 -0.029845 -0.076983 -0.039792 0.024115
 0.044165 -0.022000 0.007280 -0.093188 -0.089723 -0.079089 0.064855 0.061448 -0.090664 -0.088951 0.018978 -0.053917 -0.004870 0.008986 0.083959 -0.001760 -0.048279 0.018354 -0.037763 0.077616 0.014342 -0.074654 -0.050331 -0.003955 0.007769 -0.059085 -0.048995 -0.078233 0.059810 -0.073647 -0.086222 0.054649
 -0.027527 0.022625 0.017799 -0.055969 0.008073 -0.059440 0.029502 0.080891 -0.053828 -0.011087 0.095843 0.042469 0.031605 0.074290 -0.017459 -0.031439 -0.024293 0.048925 -0.011924 -0.046646 -0.025663 -0.024242 -0.043621 -0.052012 0.023625 -0.082614 0.024599 -0.027962 0.070371 -0.011367 -0.046625 0.048094
 -0.087533 0.000496 -0.026758 0.098175 0.023194 0.075629 -0.051263 -0.084115 -0.017676 -0.020830 -0.072136 -0.026093 -0.019923 -0.005616 -0.028808 -0.072910 -0.079154 0.051414 0.032560 -0.085959 -0.064922 0.044603 -0.010226 -0.056036 0.095055 0.015694 0.015209 0.017132 -0.089602 -0.057496 0.073220 0.026992
 0.088148 0.014275 -0.093711 0.070884 0.054022 0.037008 -0.063576 -0.042316 0.026432 0.002485 -0.065511 0.048202 0.055157 -0.015115 -0.079293 -0.095176 -0.092421 -0.029860 -0.060138 -0.073115 0.010352 0.000212 0.079259 0.021519 0.086773 -0.049517 0.050206 0.084490 -0.023950 0.065612 -0.068512 -0.066420
 0.045750 -0.082871 -0.028578 0.051158 0.060188 0.017937 -0.061819 0.053878 0.085055 -0.017366 0.022961 -0.031983 0.015961 0.008121 -0.092402 -0.002414 0.051410 0.076608 0.092859 0.003612 0.097548 0.028408 0.027610 -0.072063 0.003774 0.036443 0.075864 0.066495 0.089566 -0.072174 0.068412 0.053423
 0.062657 0.089756 0.080420 -0.065966 0.049840 -0.027976 0.024029 -0.054107 0.062667 0.048737 0.016908 0.053965 0.088291 -0.005885 -0.094008 -0.045637 -0.025391 0.011122 0.047699 -0.066568 0.060302 -0.047392 -0.075477 0.085301 0.067402 0.013040 -0.000382 -0.003219 -0.013590 0.059245 0.095319 0.087255
 -0.034749 -0.078069 0.079161 -0.047893 -0.016237 -0.019642 0.077498 0.064366 -0.095307 0.016427 0.028639 0.095326 -0.084332 -0.043666 -0.083086 0.095209 0.004988 -0.022116 -0.074445 -0.013259 -0.064007 0.057898 0.010266 0.063027 -0.019406 0.060965 0.047131 0.071398 0.061224 -0.098168 0.060248 -0.009407
 0.088330 -0.087329 0.099752 0.051463 -0.001202 -0.062594 0.025582 -0.095086 -0.028645 0.069244 0.006217 0.012996 0.044596 0.065868 -0.013013 0.066603 -0.036331 0.062584 -0.055119 -0.047377 -0.029638 -0.031667 -0.035410 0.001872 0.068032 0.027006 -0.073903 0.016521 -0.067077 0.081232 -0.064917 0.043022
 -0.032217 -0.007121 0.045697 -0.067875 0.053610 -0.010261 -0.008014 0.038087 0.081892 -0.061148 -0.095218 0.047060 0.057670 0.077224 -0.094030 -0.058538 0.034256 0.074287 0.060187 -0.087506 -0.046992 0.044710 0.085827 0.002941 0.065033 0.055997 0.057356 -0.057721 0.016443 0.071032 -0.024744 0.096105
 -0.071399 -0.076167 0.062301 -0.010689 0.044122 0.043344 -0.083259 -0.084843 -0.033626 -0.040509 -0.058272 0.025329 -0.049258 -0.012819 -0.025265 0.040246 -0.077280 -0.072011 0.000068 -0.011751 0.050567 -0.017064 0.053442 -0.061075 -0.056688 -0.027087 0.028452 -0.032551 0.079771 0.052514 0.028012 0.029148
 0.061642 0.022741 0.041443 -0.075458 -0.002582 -0.094981 -0.017827 -0.036709 0.011124 -0.018148 0.009866 -0.061630 0.068706 -0.020518 0.032183 -0.058457 0.066170 -0.029311 -0.033822 -0.071044 0.040075 0.045207 -0.008435 -0.067203 0.030583 -0.016534 0.023746 0.049353 -0.062105 -0.046531 0.006176 0.030551
 0.006515 -0.011327 0.085989 0.060334 0.048555 0.052098 0.062780 -0.006724 -0.045829 -0.080434 0.046981 0.040620 -0.039505 0.069445 -0.032876 -0.026743 0.081678 0.016124 -0.099037 0.040183 -0.056983 0.081274 -0.044792 0.060246 0.057849 -0.020229 0.009779 -0.044486 0.026403 0.000220 -0.027752 0.027645
 -0.014056 -0.066647 -0.063128 -0.023491 -0.035355 0.070373 -0.041950 0.011784 -0.068425 -0.088595 -0.018689 0.018083 -0.034077 -0.095761 -0.019033 0.030199 0.089386 -0.054436 0.081637 -0.038425 0.078200 -0.035801 -0.034217 0.067818 -0.071731 -0.001030 0.007353 -0.074365 0.092902 -0.020893 0.002891 -0.018266
 0.086352 -0.047521 -0.018736 -0.071615 0.086101 0.055209 -0.073942 -0.080257 0.007442 -0.017386 0.016220 -0.058515 0.055279 -0.032227 0.088311 0.042297 0.012514 -0.076416 -0.073178 -0.028963 0.096521 -0.082406 -0.010772 0.025511 -0.020142 0.048185 0.002637 -0.073689 0.033975 0.068505 0.057338 0.095544
 -0.068351 0.093220 -0.058938 0.021491 0.061386 -0.048402 0.007135 -0.043627 -0.085124 -0.029170 -0.018469 -0.030811 0.043577 0.090617 0.049855 -0.016553 0.009602 -0.033288 -0.080101 0.066178 -0.011099 -0.052598 0.071027 -0.095361 0.081035 -0.051722 0.077712 -0.016319 -0.043667 -0.074233 0.067353 -0.075242
 0.048963 0.097620 0.026626 0.048888 0.093118 -0.017979 0.007361 0.067121 -0.031433 0.061638 0.096744 0.081590 -0.045848 -0.038371 0.085654 0.006434 0.094465 0.078244 0.033198 0.093588 0.037654 0.063808 0.037551 0.068108 -0.086333 -0.090373 0.095015 0.029925 0.052938 0.022893 -0.061027 0.071241
 -0.017023 0.077485 0.058872 0.096027 -0.039642 0.029670 0.011159 0.004862 0.014272 -0.022670 -0.071998 0.074923 -0.014219 0.070038 -0.015742 -0.094362 -0.024920 -0.026569 -0.032882 0.051765 -0.006480 -0.022523 0.050369 0.058606 -0.052548 0.012218 0.072524 0.012789 0.055072 0.054023 -0.095740 0.052392
 0.043774 0.005433 -0.051978 -0.024930 0.089165 0.043075 0.091834 0.007003 0.006128 0.003578 0.016701 0.054708 0.022345 0.033316 0.064431 0.084882 0.074162 0.065676 -0.046713 0.001015 0.078933 0.052196 -0.069836 0.073590 -0.097083 0.089271 0.019723 -0.068100 -0.072736 -0.099500 -0.003817 0.089792
 0.006743 -0.065134 0.010150 0.097735 0.084802 0.020983 -0.018737 0.057403 -0.072581 -0.088042 0.008099 0.077406 0.043330 0.045697 0.071302 0.083235 -0.035146 -0.062345 0.024722 -0.087039 0.018740 0.021265 -0.050319 0.020082 -0.044825 -0.000300 -0.010235 -0.074844 -0.088263 -0.033739 -0.009370 -0.015274
 -0.038747 -0.064333 -0.063635 -0.091390 0.015263 0.041917 -0.025104 0.094443 -0.068097 0.003409 0.026206 0.028680 0.062661 -0.068116 -0.097691 -0.093616 -0.024992 0.064033 0.079188 -0.095798 0.012726 0.041018 0.046306 0.015002 0.099869 -0.038671 0.080688 0.099603 -0.042906 0.019273 -0.060323 0.037935
 0.055518 0.079871 -0.027985 0.070960 0.051668 -0.080163 0.038321 0.066675 0.062752 0.000415 0.036240 0.053733 -0.055309 0.003817 -0.053258 -0.049505 0.013391 0.024715 -0.021852 0.056338 0.058704 0.011729 -0.049309 -0.039378 0.026841 0.094448 -0.055010 0.074996 0.032978 -0.066586 -0.031195 0.060297
 -0.057033 -0.036954 -0.053981 0.027272 0.058755 0.030817 -0.043063 0.031717 0.063350 0.090804 0.043011 0.025485 -0.089209 0.053689 0.026576 -0.021775 -0.077767 0.020652 0.012901 -0.013406 0.095419 0.077107 -0.032569 -0.067728 -0.036415 -0.098717 0.047990 0.082065 0.062842 -0.088817 0.070413 -0.060007
 -0.028587 -0.043672 -0.004023 -0.039835 -0.052403 0.023569 0.007750 0.005684 -0.065406 0.089339 0.021063 -0.041721 0.087642 0.028125 -0.048385 0.051525 0.066487 -0.085348 -0.012314 0.072985 0.028488 -0.071381 0.094280 -0.056976 0.051695 -0.095453 -0.044255 -0.001165 -0.008524 0.056615 -0.083081 0.082520
 0.098669 -0.079953 -0.088417 0.088208 -0.051199 0.016362 -0.018557 -0.028890 -0.083114 -0.070067 0.048260 0.082118 -0.085184 -0.026731 -0.031453 -0.074631 0.072110 0.070822 -0.063368 0.047880 0.039413 -0.083060 0.075941 0.071871 0.027689 0.062757 0.079078 -0.095782 -0.051157 -0.093107 -0.023612 -0.092747
 -0.057010 -0.097228 0.014048 -0.032098 -0.058278 -0.087644 -0.048526 -0.026593 0.064998 -0.052876 -0.063433 0.008999 0.070965 -0.056945 -0.081873 -0.049390 -0.038958 -0.012581 -0.036334 0.008746 -0.047285 0.098772 -0.088943 0.098002 0.077563 -0.044861 -0.097279 -0.071300 -0.017253 -0.074505 -0.051350 0.098529
 -0.042946 -0.033998 -0.003940 0.098357 -0.019818 -0.061010 -0.087292 -0.011752 -0.001106 0.069224 0.016239 -0.094551 -0.009938 -0.009005 -0.067208 -0.029760 -0.046252 -0.049503 0.021904 0.061269 -0.012362 -0.033902 0.064395 -0.099831 -0.071684 -0.062986 0.014937 0.055508 0.070013 0.011182 0.033288 0.006642
 -0.066171 0.023711 -0.054543 -0.050161 0.086538 0.044164 -0.031711 0.083849 -0.009966 0.081431 0.065734 0.030463 -0.095325 -0.007799 -0.028240 0.098379 0.071760 0.020255 0.018418 0.063999 -0.015737 0.035827 0.087141 0.029264 -0.056270 0.049979 -0.008606 0.032925 -0.078326 -0.082673 -0.008734 -0.024455
 0.073044 -0.011160 0.080766 0.070493 0.041793 0.044297 -0.001600 -0.015560 0.041280 0.045668 -0.068082 0.045061 0.005127 0.004087 0.091224 -0.074928 0.026474 -0.009267 0.093722 0.007888 0.037954 -0.085051 -0.043460 -0.004329 0.099853 0.053314 0.050555 0.061664 -0.056325 0.085464 0.031440 0.098602
 -0.041018 0.093359 -0.036553 0.095029 0.040031 0.088243 -0.003723 0.042800 0.071263 -0.065437 -0.062441 0.047900 0.017824 -0.017347 -0.075575 -0.052151 -0.049726 0.041989 -0.015082 -0.066231 0.017046 -0.042111 0.022643 -0.052965 0.048774 0.011686 0.080972 0.019093 0.076808 -0.044025 -0.060100 -0.023537
 -0.028782 0.014337 0.092956 -0.043271 -0.021596 0.077856 -0.085263 0.083451 -0.068977 -0.047068 0.045161 -0.011438 -0.036842 0.059761 0.009099 -0.021932 -0.060874 -0.029786 -0.022169 -0.066607 0.071520 0.053079 0.040527 0.068422 0.013250 0.097970 -0.012828 -0.060506 -0.020508 -0.087408 0.082301 0.029835
 -0.047834 0.016129 0.039290 0.060910 0.047985 -0.060806 0.004901 0.081869 0.049694 0.016873 -0.042535 0.067946 -0.032706 0.017917 0.026470 -0.084877 -0.014013 0.055380 -0.091816 -0.039219 0.033575 0.095302 0.079062 0.012297 0.069683 -0.051851 0.087400 -0.081427 -0.094289 0.007112 -0.066551 -0.022338
 -0.028847 -0.017766 0.001948 0.036936 -0.030493 -0.079455 0.027993 -0.092778 0.031980 0.066228 0.071589 0.053884 -0.077563 -0.087241 0.069654 0.006560 -0.099575 0.043927 0.072241 0.045057 -0.068249 0.011032 -0.021460 -0.035316 -0.094340 0.018994 -0.059678 0.009505 -0.020651 0.087833 0.072662 -0.010703
 -0.052148 -0.007283 -0.039443 0.058036 -0.004453 -0.089220 0.021509 -0.089822 0.024849 -0.016858 0.009258 0.083011 -0.073487 0.053715 0.055388 -0.045242 0.073884 0.099097 -0.011576 -0.089649 0.070739 -0.094139 -0.050794 0.012369 0.073904 0.025133 0.091420 0.056965 -0.066023 0.090517 0.055630 -0.015551
 0.025040 0.012250 0.037849 -0.043917 0.037516 -0.051834 0.089200 0.079884 0.097871 -0.098040 0.008039 0.071506 0.061059 0.061427 0.041523 -0.085831 -0.089074 0.073875 0.008077 0.083603 0.041687 0.045075 0.018379 -0.089399 0.039934 -0.019279 0.010840 -0.089962 0.037649 -0.072884 0.030267 0.049196
 0.071296 -0.067796 0.034942 -0.075996 0.028330 0.008039 0.083112 0.090796 0.075250 0.052044 -0.042410 -0.005916 0.092095 -0.099467 -0.002540 -0.093996 0.055161 -0.084013 0.048685 -0.063145 0.081173 -0.070229 0.011761 0.073300 -0.025909 0.072358 0.035011 -0.029280 -0.088109 -0.053059 0.080887 -0.078680
 0.003587 -0.018869 0.054791 0.002795 0.079036 -0.041450 -0.054166 0.000853 -0.088475 0.022835 0.091831 -0.009418 -0.073141 0.039225 0.062620 -0.037143 0.040126 0.060764 -0.024096 0.075250 0.049416 0.082496 -0.024076 0.037653 0.018338 -0.078975 -0.041072 0.074661 -0.052565 -0.070857 0.004738 -0.046162
 0.016798 0.025074 0.066499 0.096138 0.043763 -0.025228 0.001735 0.024594 0.087402 0.063095 0.036754 0.041438 0.044815 0.099079 0.062598 0.071974 0.012487 -0.079812 0.039878 0.018084 -0.066036 0.033545 0.016424 -0.027430 0.085688 -0.044694 0.061239 -0.014043 -0.036247 0.063035 0.048106 0.092990
 0.009905 -0.024163 -0.023755 0.054003 0.048236 -0.013569 0.052379 0.075981 -0.085354 0.045318 0.024925 0.089598 -0.034916 -0.015681 0.023262 -0.076290 0.067700 0.071553 -0.029736 0.059209 0.032451 -0.012325 -0.044616 -0.060768 0.021588 0.057834 -0.092261 0.032769 -0.077365 -0.070577 -0.074292 -0.066103
 -0.063198 0.025056 -0.084671 0.072727 0.092960 0.070387 -0.090871 0.044990 -0.088387 -0.098527 -0.021278 0.001496 0.040349 0.003079 0.015502 -0.064317 0.081439 0.062687 0.018572 -0.051932 0.050016 -0.068166 0.053524 0.045761 0.061003 -0.049235 -0.070459 -0.079317 0.024825 0.074323 -0.034963 0.046605
 -0.054590 0.048765 -0.099343 -0.087592 -0.031227 0.094327 0.014177 -0.002043 -0.081407 0.012349 -0.096475 0.018888 -0.063937 -0.063626 0.000015 0.049463 0.008401 -0.040303 -0.056388 0.082320 -0.044949 -0.091054 -0.032944 -0.070415 -0.093879 0.062303 0.019871 -0.027157 0.013919 -0.090866 0.077765 -0.004887
 0.007558 -0.098898 -0.050953 -0.087065 0.095087 -0.050195 -0.042557 0.094890 0.064511 -0.040740 0.040979 0.030213 0.056595 0.095460 -0.013369 -0.085605 -0.089115 0.031666 -0.040962 0.090933 0.035891 0.034883 0.042969 -0.028111 -0.048196 0.072508 0.073535 0.045874 -0.034377 -0.048901 -0.049044 -0.014963
 0.035737 0.041096 0.093597 0.035494 0.072594 -0.029574 0.099274 0.032882 0.072391 0.029665 0.028067 0.062473 0.063914 -0.087823 -0.086573 0.070861 -0.099214 0.012821 -0.020123 0.014545 0.013809 -0.030613 -0.000522 0.022695 0.035206 0.041174 -0.052933 0.039506 0.029575 -0.038462 0.080282 0.059256
 0.096268 0.059219 -0.021791 0.064008 0.084060 -0.046327 -0.053922 -0.000146 -0.064366 0.093974 0.058930 -0.072683 -0.067104 -0.092819 -0.060886 0.025475 -0.069286 0.021506 -0.002582 0.086232 0.065458 -0.064660 -0.018551 0.094472 0.022504 -0.058918 0.003996 -0.009655 -0.080394 -0.058188 0.078829 0.087826
 -0.024225 0.089182 -0.084091 -0.040495 -0.071597 0.013726 0.040814 -0.065564 -0.054001 0.079962 -0.003933 0.012455 -0.083546 -0.091149 0.056727 0.088270 -0.097227 0.020895 0.075898 0.034450 -0.038731 -0.025286 0.053139 -0.076164 -0.042086 -0.055639 0.034821 0.086953 -0.013272 0.097073 -0.044189 -0.069873
 -0.013198 0.066740 0.093751 0.041332 0.057357 0.084704 0.066636 0.097553 0.062430 0.040571 0.046344 0.093459 -0.027912 0.094185 0.032161 0.092445 0.085597 -0.023552 0.076413 0.047431 0.023557 -0.012487 0.092653 0.031067 -0.083643 0.067328 0.088737 0.055671 -0.036706 -0.083694 -0.041623 0.044606
 0.057332 -0.074155 -0.093865 -0.017223 0.028412 0.049997 0.080672 0.026638 -0.010099 -0.079274 -0.086600 0.053274 -0.024344 -0.019879 -0.091317 -0.047264 -0.099873 -0.029363 0.061841 -0.029708 -0.026387 0.029461 -0.043736 -0.043037 0.019039 0.050409 0.020403 -0.091757 0.085267 0.084251 -0.022410 -0.088499
 -0.080768 0.025155 -0.029576 -0.056682 0.022508 -0.088191 -0.044131 -0.041266 -0.065282 -0.063527 -0.090616 0.097398 0.005556 0.012748 -0.013054 0.097756 -0.078229 0.087559 -0.060276 0.013255 0.044660 0.048175 0.010886 0.087125 -0.022644 -0.086076 0.029893 -0.056450 -0.016675 -0.085440 0.079211 0.009866
 0.036195 0.009833 0.088270 -0.040759 -0.030205 0.006718 -0.080932 0.029530 -0.048789 -0.024870 0.003023 -0.006499 -0.048433 -0.067789 -0.044203 -0.090229 0.082827 0.017446 -0.010446 0.072983 0.022567 0.069590 -0.065891 -0.028334 0.028899 -0.059707 -0.041056 0.002455 -0.071716 -0.005091 -0.001356 -0.052782
 0.038408 -0.087248 0.087741 0.045310 -0.036387 0.072133 0.041837 0.061041 0.061582 0.012982 -0.089483 -0.020356 0.072498 -0.076827 0.072363 -0.053880 -0.033274 -0.073678 -0.042724 0.089025 -0.013413 0.087225 0.037357 0.047978 0.066748 0.044766 -0.047637 0.028010 -0.021392 -0.084861 -0.019155 0.081228
 0.051865 -0.077036 0.082427 -0.036024 0.082782 0.049639 0.051363 0.029460 -0.012070 -0.073714 -0.036250 -0.081806 -0.089085 -0.099233 -0.090942 -0.042235 -0.042173 0.046099 -0.050350 -0.018261 -0.026718 0.061646 0.049279 0.050921 -0.033828 -0.070759 0.037563 0.059402 0.006225 0.062710 -0.073226 0.084296
 0.003571 -0.079577 0.022015 0.073989 0.030910 0.072104 -0.039692 -0.049139 0.085585 0.070368 0.052675 -0.039568 -0.033033 -0.047655 -0.047188 -0.016805 0.015328 0.035510 -0.013411 -0.066448 -0.007668 -0.096106 -0.044502 0.068565 -0.060059 -0.035849 0.082157 0.084470 0.058976 0.021701 0.080326 0.040505
 -0.015252 0.049233 -0.006683 0.071324 0.058469 0.039448 0.003395 -0.050532 -0.089944 0.092845 0.074694 0.073526 -0.035067 0.087755 -0.021976 -0.025179 0.073897 -0.027134 0.066994 0.047578 -0.040444 0.086438 -0.043641 -0.004158 0.024292 0.083075 0.054923 -0.059030 0.086724 -0.034754 0.029550 0.057743
 -0.083920 0.052606 -0.030462 -0.053255 -0.090578 -0.040161 0.036654 -0.051439 0.044311 0.025674 0.021493 -0.060313 -0.057207 -0.032953 -0.017314 0.094483 0.086368 -0.087471 0.053400 0.065810 0.068812 -0.039273 0.082293 0.001336 0.041552 -0.073597 -0.033551 0.022770 0.057730 0.078754 0.069458 -0.011383
 -0.051288 -0.064702 0.033198 0.050795 -0.079885 -0.086763 -0.052684 -0.074697 -0.056809 -0.021179 0.036932 0.087047 -0.091968 0.072551 0.008877 -0.027445 0.061867 -0.041365 0.000220 0.077067 0.021439 -0.025693 0.056990 0.087319 0.021716 0.074789 -0.032278 -0.052656 0.008234 0.027929 -0.034100 -0.032508
 0.086260 0.086751 0.034461 -0.048009 -0.025926 0.060464 0.088808 0.081266 0.032645 0.034516 0.028478 -0.044358 0.027842 0.036459 -0.075048 0.071229 -0.069270 -0.087411 -0.026895 0.043527 0.097613 0.007413 0.076166 0.088818 -0.008263 -0.011061 -0.053114 -0.043038 -0.058923 0.030176 0.005614 0.061314
 0.060073 0.090723 0.081233 0.050606 0.039931 -0.078854 -0.005166 -0.012079 -0.063630 -0.009153 -0.062729 -0.029507 -0.030510 -0.054067 -0.028708 -0.067770 -0.006222 -0.084658 0.004702 -0.080496 0.024463 0.073328 -0.064880 0.018545 -0.054395 -0.083546 -0.005507 0.017230 0.074629 -0.060564 -0.065436 0.085245
 -0.051554 0.005640 0.052137 0.016341 -0.052785 -0.097297 0.091487 -0.011666 0.028249 -0.078655 -0.032639 -0.069533 -0.036979 0.093494 0.056400 0.056170 0.042180 0.042629 -0.081830 0.011620 0.096819 -0.052876 0.048029 -0.050587 -0.083544 -0.093271 0.082349 -0.067335 -0.013654 0.095077 -0.053864 0.049299
 0.039561 0.082346 0.076750 -0.080119 0.073375 -0.023936 -0.006894 0.076872 -0.054347 -0.058142 0.065882 -0.088114 -0.034103 -0.065071 -0.092416 0.029637 -0.012794 -0.042344 0.084645 0.063636 -0.019423 0.045831 -0.033040 0.068313 0.071747 -0.097589 -0.060399 0.014309 0.094344 0.067991 -0.029096 0.004937
 -0.075608 0.056728 0.024345 0.019853 0.095777 -0.018641 0.015673 -0.022179 0.028024 -0.006724 0.019821 -0.048861 0.034162 0.078708 -0.082028 0.038423 -0.079334 0.072071 -0.064803 -0.068706 -0.050268 -0.025403 0.010832 0.021520 0.059890 0.047094 0.074872 -0.048910 -0.052157 -0.092462 0.005812 0.033318
 0.088870 0.032740 -0.092212 -0.005090 -0.057091 0.003799 -0.025953 0.012671 -0.038623 0.044205 0.016677 0.021201 -0.024686 0.080091 0.052323 0.006332 0.090214 -0.083192 0.094933 0.079953 0.089823 -0.052428 -0.096318 -0.045983 -0.019670 -0.018167 -0.076140 -0.009530 -0.008313 0.047186 -0.090364 0.055371
 -0.010032 -0.029670 -0.069312 -0.097242 0.048178 0.010386 0.098428 0.088996 0.033082 -0.022217 0.051846 -0.041867 0.031157 0.082612 0.014696 0.053179 -0.079549 -0.048880 -0.013325 0.047520 -0.069829 0.074469 0.070871 0.072500 -0.004522 -0.000569 -0.078628 -0.082637 -0.005367 -0.059856 -0.054158 0.010844
 0.090526 0.060225 0.067085 0.014272 -0.075956 -0.064903 -0.028891 0.097474 -0.068920 -0.049980 0.024628 0.051670 -0.094167 0.039276 -0.066428 -0.095114 -0.050130 0.063821 0.012660 -0.022079 -0.039859 -0.075614 -0.071647 0.033183 -0.003212 0.014663 -0.018792 0.081155 -0.014233 -0.082885 -0.012618 0.073345
 -0.056483 -0.011254 0.026391 0.082359 0.092521 -0.030909 0.087351 0.034338 0.008331 -0.072596 0.018809 0.037820 -0.046050 -0.071548 -0.027078 -0.039015 -0.000912 -0.003663 -0.010077 -0.060617 0.057343 -0.040071 -0.085747 -0.003696 0.030961 -0.039540 -0.093951 -0.065868 -0.092447 -0.049360 0.086124 -0.079870
 0.095457 -0.081464 0.046338 -0.087265 -0.058977 -0.023011 0.099632 0.029033 -0.016080 0.021012 0.050312 -0.054846 0.076120 -0.002410 -0.007918 0.097485 0.051396 0.067106 -0.081405 0.017825 -0.054142 0.033505 0.036525 0.090531 -0.003542 0.066153 -0.097700 -0.079504 0.003602 -0.066499 -0.066173 0.056557
 -0.087562 -0.010599 -0.003524 -0.079547 0.003973 0.031313 -0.028266 -0.013607 -0.073875 0.089621 0.078880 -0.033161 -0.033199 0.037192 -0.060308 0.064994 -0.028042 0.092489 -0.073178 0.060133 0.054815 -0.042394 0.085454 0.006633 -0.069423 -0.056521 -0.058875 0.030465 -0.066559 0.092350 -0.033191 -0.042901
 -0.015925 0.098114 -0.022035 0.073494 0.078988 -0.059763 -0.019284 -0.070997 -0.027035 -0.033554 -0.082860 0.021156 -0.040788 0.021536 0.000776 0.069362 0.096458 0.090461 0.047884 -0.043796 -0.015023 0.040346 -0.093654 0.069931 0.081554 -0.051813 0.087399 0.053616 -0.026466 0.083315 -0.027403 0.059971
 0.051335 0.021703 0.036326 0.077188 -0.079715 0.006373 0.091571 -0.097111 0.076830 0.016042 0.094926 -0.091417 0.058323 -0.030687 -0.060251 -0.034333 0.094767 0.081870 -0.030142 -0.023299 0.000067 -0.047297 -0.016054 0.024671 0.065108 0.059982 0.069298 -0.066308 -0.024575 -0.080991 0.033249 0.044870
 0.046081 -0.094102 0.065054 0.062289 -0.024704 -0.027099 0.050252 0.020794 -0.071663 -0.020499 0.093468 0.096722 0.048075 0.093517 -0.057636 -0.023023 -0.001621 0.063717 -0.042464 0.080493 0.015783 -0.054246 -0.040515 -0.073640 0.030962 -0.009925 -0.033311 -0.092107 0.023408 -0.025462 0.003089 0.058846
 -0.036180 0.091057 -0.053253 -0.086488 -0.018910 -0.021032 0.004235 0.045932 0.002829 0.080165 -0.098620 0.030486 0.030405 0.022639 -0.010695 -0.006192 -0.018245 0.011991 0.026987 0.006955 -0.013233 -0.028913 -0.068290 -0.028918 -0.052696 0.075002 -0.036188 0.073336 0.093086 0.083159 0.039712 0.034624
 0.053437 -0.052276 -0.032497 -0.081005 0.000654 0.025861 -0.096776 -0.098873 -0.020322 0.099896 0.023795 -0.010220 0.079393 0.093825 0.065601 -0.063895 -0.029927 0.027158 -0.016900 -0.033959 0.062787 -0.048156 -0.047674 -0.032965 -0.071622 0.037565 0.043092 -0.017054 0.088966 0.054222 0.078544 -0.035033
 0.036845 -0.033405 -0.093953 0.090591 -0.014250 -0.076104 -0.018062 -0.027394 0.036125 -0.028860 -0.036670 0.066259 -0.027888 0.059621 -0.052215 -0.013451 -0.097639 0.093788 -0.088855 -0.095381 -0.037656 0.078525 -0.031188 0.019829 0.013231 0.060885 -0.085482 0.041185 0.040455 0.008376 0.082275 0.075477
 0.070272 -0.036608 -0.025821 0.023797 0.082720 0.064679 -0.086046 0.038989 0.025693 -0.019597 0.070732 -0.069650 0.088652 0.090989 -0.034534 0.062863 0.061041 -0.053110 0.010703 0.092090 0.012319 0.005454 -0.031615 -0.082817 -0.059138 0.068665 -0.022695 0.038800 0.048840 0.033289 0.033598 -0.011581
 -0.035057 -0.021387 -0.096045 0.083886 -0.053187 -0.010829 -0.075059 -0.012960 -0.048024 0.014361 0.086554 0.073424 -0.053182 -0.032464 0.016975 -0.006177 -0.035686 0.082020 -0.071824 0.070723 -0.048993 0.050779 -0.086735 -0.031306 0.037501 0.075989 0.015899 -0.033289 -0.000329 -0.015813 -0.061254 -0.070081
 0.094459 0.051464 0.026437 0.018865 -0.042929 -0.092975 -0.050357 0.055240 0.083642 -0.002327 -0.027408 -0.084374 -0.036982 -0.054049 0.094664 0.018171 -0.031764 -0.010245 -0.002566 0.062425 -0.037193 -0.089668 0.033013 0.079361 0.018526 0.000078 -0.093418 -0.006912 -0.047428 0.059926 -0.017226 -0.032076
 -0.087206 -0.082102 0.038043 -0.080154 0.011365 0.023103 0.086789 -0.000294 -0.023606 -0.086830 0.040992 -0.056851 0.032886 -0.013161 -0.043884 0.058869 0.057050 -0.055910 -0.097795 -0.058020 0.065517 -0.010258 0.041686 -0.084652 -0.056594 0.056748 -0.052707 -0.029653 -0.074696 0.025354 -0.046719 -0.046942
 0.052356 0.004619 -0.040442 -0.080192 0.069998 -0.087072 -0.008231 0.038754 -0.022248 -0.091812 0.042553 -0.089095 0.002171 -0.052343 0.060010 0.077307 0.087316 0.033950 0.090292 -0.051615 -0.038129 0.016146 -0.015871 0.026869 -0.027114 0.075717 -0.071026 0.068410 0.020087 0.009982 -0.060576 -0.015586
 0.030790 0.095470 0.025339 0.023691 -0.046522 -0.006730 0.038126 -0.024396 0.056503 -0.086319 0.040982 -0.001407 0.023543 -0.001177 -0.051200 0.085174 -0.030247 0.047706 -0.029006 -0.040679 -0.096575 0.064569 0.090321 -0.041110 -0.010637 -0.002291 -0.021022 -0.000102 -0.035450 -0.064222 0.086783 0.045360
 -0.050040 -0.071393 -0.062913 -0.031202 0.020642 0.010030 -0.069174 0.066233 0.006594 0.053475 0.038475 -0.004358 0.074025 0.052513 0.005251 -0.091337 0.058839 0.024805 -0.046702 0.052351 -0.075297 -0.036929 0.005245 0.080530 -0.032586 0.010804 0.020088 -0.039532 0.067237 0.065510 -0.017949 0.083283
 -0.007104 -0.024335 0.013806 -0.043260 -0.032377 -0.018522 -0.045447 0.063330 0.039095 0.023703 0.049198 0.091825 -0.093269 -0.003661 -0.017109 -0.081194 0.082413 0.055841 0.036271 -0.032770 -0.085237 -0.030051 -0.086227 0.073264 -0.026143 0.005289 0.035889 0.056307 0.005986 0.007385 0.084550 0.050456
 0.094237 -0.022237 -0.057420 0.057642 0.013111 0.017914 0.034202 -0.080344 -0.071839 0.023700 0.080818 0.001778 0.029635 0.052980 -0.042211 0.031229 -0.052824 -0.072825 0.004048 -0.087396 0.064888 0.037622 -0.048157 0.075102 0.012918 0.058553 0.033656 -0.039452 0.005488 -0.006784 0.094665 -0.093120
 0.008118 -0.095846 0.075856 0.027980 0.022026 0.031300 -0.044731 -0.051459 0.059312 0.063446 0.011026 -0.080813 0.040067 -0.044472 -0.007646 0.009670 0.005448 0.006722 -0.061603 0.005461 -0.062000 0.016068 0.078180 0.097770 -0.093306 -0.074431 -0.044622 -0.097766 -0.072155 -0.076479 0.033237 0.068799
 -0.066986 -0.075337 -0.070906 0.056252 0.011303 -0.042214 0.038367 0.034607 -0.030390 0.051101 0.032179 -0.060762 -0.060510 0.070694 -0.055584 0.058356 -0.049120 0.024062 -0.098635 0.035296 0.091472 0.040584 -0.080370 -0.059500 -0.070560 -0.006484 0.062651 -0.094546 -0.017967 -0.024864 0.081267 0.003095
 0.063998 0.036228 -0.061188 0.010472 0.032626 -0.067902 -0.023160 0.044126 0.064175 0.083201 -0.055811 -0.094238 -0.081444 -0.073061 0.090349 0.056449 -0.043210 0.048367 0.054876 0.070414 -0.097435 0.087035 0.007994 0.043394 -0.088054 -0.050777 0.045510 -0.059338 0.099041 0.079922 -0.011565 0.022045
 -0.045525 -0.089886 0.092574 -0.080015 -0.061056 -0.073117 -0.010798 -0.041539 0.093216 -0.085535 0.052514 -0.005398 -0.090659 -0.064684 -0.071970 -0.048093 -0.077164 -0.094079 -0.099693 0.073872 0.009328 -0.035614 0.060705 0.063522 0.052360 -0.082129 0.018176 -0.007298 -0.096709 -0.070765 0.063490 0.018389
 -0.031318 -0.006504 0.082950 0.008695 -0.081147 0.031259 0.025315 0.082627 0.081621 -0.066165 -0.088216 0.053023 0.063563 -0.055710 -0.040432 -0.099915 -0.005227 0.062170 0.008651 -0.074501 -0.062994 0.015627 0.093047 -0.095100 -0.002151 -0.034164 0.088002 -0.090055 -0.096925 -0.055268 0.073681 0.062934
 0.082807 0.028449 0.032330 -0.072640 0.097023 -0.045897 -0.092417 0.044506 0.047817 -0.072689 0.094035 0.020530 -0.030616 -0.019795 -0.032420 -0.089422 -0.019817 -0.027731 0.076010 0.068359 -0.041993 0.008818 -0.076000 0.039388 0.015747 -0.005401 0.054715 0.078013 0.081958 -0.020548 -0.023893 -0.008971
 0.079571 -0.085381 0.076317 0.089360 0.003789 -0.098710 -0.013880 0.037701 -0.026197 -0.063969 0.060067 -0.094627 -0.048404 0.094303 0.096120 0.038500 -0.065857 -0.093805 0.035981 0.032190 0.016280 0.006143 -0.079021 -0.007159 -0.042937 -0.019400 -0.043768 0.090671 0.091882 0.090664 0.074060 -0.076817
 -0.029798 0.097977 -0.091277 0.088074 0.096889 0.087124 -0.008638 0.028066 0.045652 0.006185 0.073395 -0.030309 -0.055952 -0.088856 0.096996 0.071155 0.097272 0.041503 -0.071698 -0.053286 0.088662 0.009432 -0.042955 0.002388 0.005734 -0.007955 -0.033072 0.018154 0.079367 -0.061581 0.009515 -0.049098
 0.038340 0.003674 0.033592 0.097194 0.049679 0.086031 0.028966 0.071954 0.000414 -0.034009 0.009106 -0.095447 0.029958 -0.014535 0.096841 0.067566 -0.025206 0.059935 -0.036606 -0.078013 0.032584 0.048309 0.090051 0.056068 0.045685 -0.084695 0.010272 0.074725 -0.006459 -0.065819 -0.022765 0.033432
 0.050836 0.041500 0.045168 -0.077594 0.052625 0.097436 0.034192 -0.095841 0.003619 -0.093927 0.051919 -0.059913 0.054781 -0.002766 0.018692 0.028513 0.060407 0.064575 -0.005716 -0.060638 -0.089902 0.005880 -0.006350 0.076918 -0.062486 -0.045583 -0.093669 0.039447 -0.056374 0.081791 -0.098258 0.067973
 -0.002738 -0.036388 0.008347 0.041791 0.030357 0.077434 -0.007743 0.044788 -0.036401 -0.035088 -0.082517 -0.064405 -0.031119 -0.028499 -0.082300 -0.023267 0.083431 0.099033 0.051910 0.097014 -0.007589 0.044531 0.041989 0.039241 -0.024780 0.014050 0.023700 -0.019154 -0.043046 0.018987 0.044793 0.090164
]
Total memory size for keys: rot_key_cnt = 218, rot_key_size = 13715449072 bytes, total_key_size = 13815064328 bytes
Total memory size for weight plain: cnt = 528, size = 1063556224 bytes
RTLib functions         	       Count	      Elapse
--------------------    	    --------	    --------
NN                      	           -	           -
FHE                     	           -	           -
 FHE_RELIN               	         108	    7.358344 sec
 FHE_ROTATE              	         256	   16.866587 sec
FHE                     	   sub total	   24.224931 sec
FINALIZE_CONTEXT        	           1	    0.231376 sec
PREPARE_CONTEXT         	           1	   85.160248 sec
ENCODE_ARRAY            	         843	   11.530211 sec
ENCODE_VALUE            	          52	    0.011037 sec
NTT                     	      107290	   59.975595 sec
INTT                    	       17710	   10.655836 sec
MAIN_GRAPH              	           1	  110.559640 sec
 HW_ADD                  	       29782	    0.958461 sec
 HW_MUL                  	       28360	    4.420945 sec
 HW_ROT                  	        3298	    0.100831 sec
 COPY_POLY               	        2686	    0.792690 sec
 EXTEND                  	         392	    1.194942 sec
 PRECOMP                 	         188	   17.348748 sec
 MOD_DOWN                	        1056	   23.379967 sec
 DECOMP_MODUP            	         928	   25.566413 sec
 DOT_PROD                	        1080	   14.727282 sec
 MULP                    	        3638	   32.206476 sec
 RESCALE_POLY            	         717	    8.049767 sec
 COPY_CIPH               	         235	    0.205082 sec
 INIT_CIPH_SM_SC         	        1036	    0.136682 sec
 INIT_CIPH_UP_SC         	         651	    0.149151 sec
 INIT_CIPH_DN_SC         	         159	    0.032066 sec
 BOOTSTRAP               	           4	   78.317574 sec
  BS_SETUP                	           1	    8.339254 sec
  BS_KEYGEN               	           1	   24.401806 sec
  BS_EVAL                 	           4	   78.317571 sec
   BS_COEFF_TO_SLOT        	           4	   28.613560 sec
   BS_APPROX_MOD           	           4	   32.828545 sec
   BS_SLOT_TO_COEFF        	           4	   15.093711 sec
  BS_EVAL                 	   sub total	   76.535816 sec
 BOOTSTRAP               	   sub total	  111.058632 sec
 PT_ENCODE               	         580	    3.354579 sec
MAIN_GRAPH              	   sub total	  210.941658 sec

real	3m16.350s
user	3m0.824s
sys	0m15.048s
