lenet_ax2.onnx
lenet_ax2.c
lenet_ax2.onnx.c
/app/ace-compiler/air-infra/base/src/node.cxx:534: Assertion Failure: Do not call this API to change rtype.
/app/ace-compiler/air-infra/base/src/node.cxx:534: Assertion Failure: Do not call this API to change rtype.
/app/ace-compiler/air-infra/base/src/node.cxx:524: Assertion Failure: Do not call this API to change rtype.
/app/ace-compiler/air-infra/base/src/node.cxx:524: Assertion Failure: Do not call this API to change rtype.
/app/ace-compiler/air-infra/base/src/node.cxx:534: Assertion Failure: Do not call this API to change rtype.
/app/ace-compiler/air-infra/base/src/node.cxx:534: Assertion Failure: Do not call this API to change rtype.
/app/ace-compiler/air-infra/base/src/node.cxx:524: Assertion Failure: Do not call this API to change rtype.
/app/ace-compiler/air-infra/base/src/node.cxx:524: Assertion Failure: Do not call this API to change rtype.
/app/ace-compiler/air-infra/base/src/node.cxx:534: Assertion Failure: Do not call this API to change rtype.
/app/ace-compiler/air-infra/base/src/node.cxx:534: Assertion Failure: Do not call this API to change rtype.
/app/ace-compiler/air-infra/base/src/node.cxx:524: Assertion Failure: Do not call this API to change rtype.
/app/ace-compiler/air-infra/base/src/node.cxx:524: Assertion Failure: Do not call this API to change rtype.
/app/ace-compiler/air-infra/base/src/node.cxx:534: Assertion Failure: Do not call this API to change rtype.
/app/ace-compiler/air-infra/base/src/node.cxx:534: Assertion Failure: Do not call this API to change rtype.
/app/ace-compiler/air-infra/base/src/node.cxx:524: Assertion Failure: Do not call this API to change rtype.
/app/ace-compiler/air-infra/base/src/node.cxx:524: Assertion Failure: Do not call this API to change rtype.
/app/ace-compiler/nn-addon/vector/src/vector_gen.cxx:27: Assertion Failure: Fix rtype for New_una_arith.
/app/ace-compiler/nn-addon/vector/src/vector_gen.cxx:27: Assertion Failure: Fix rtype for New_una_arith.
/app/ace-compiler/air-infra/include/air/core/opcode_def.inc:68: Assertion Failure: Unexpected COMMENT
/app/ace-compiler/air-infra/include/air/core/opcode_def.inc:68: Assertion Failure: Unexpected COMMENT
/app/ace-compiler/air-infra/include/air/core/opcode_def.inc:56: Assertion Failure: Unexpected PRAGMA
/app/ace-compiler/air-infra/include/air/core/opcode_def.inc:56: Assertion Failure: Unexpected PRAGMA
/app/ace-compiler/air-infra/include/air/core/opcode_def.inc:56: Assertion Failure: Unexpected PRAGMA
/app/ace-compiler/air-infra/include/air/core/opcode_def.inc:56: Assertion Failure: Unexpected PRAGMA
/app/ace-compiler/air-infra/include/air/core/opcode_def.inc:68: Assertion Failure: Unexpected COMMENT
/app/ace-compiler/air-infra/include/air/core/opcode_def.inc:68: Assertion Failure: Unexpected COMMENT
/app/ace-compiler/air-infra/include/air/core/opcode_def.inc:56: Assertion Failure: Unexpected PRAGMA
/app/ace-compiler/air-infra/include/air/core/opcode_def.inc:56: Assertion Failure: Unexpected PRAGMA
/app/ace-compiler/air-infra/include/air/core/opcode_def.inc:56: Assertion Failure: Unexpected PRAGMA
/app/ace-compiler/air-infra/include/air/core/opcode_def.inc:56: Assertion Failure: Unexpected PRAGMA
/app/ace-compiler/air-infra/include/air/core/opcode_def.inc:68: Assertion Failure: Unexpected COMMENT
/app/ace-compiler/air-infra/include/air/core/opcode_def.inc:68: Assertion Failure: Unexpected COMMENT
/app/ace-compiler/air-infra/include/air/core/opcode_def.inc:56: Assertion Failure: Unexpected PRAGMA
/app/ace-compiler/air-infra/include/air/core/opcode_def.inc:56: Assertion Failure: Unexpected PRAGMA
/app/ace-compiler/air-infra/include/air/core/opcode_def.inc:56: Assertion Failure: Unexpected PRAGMA
/app/ace-compiler/air-infra/include/air/core/opcode_def.inc:56: Assertion Failure: Unexpected PRAGMA
/app/ace-compiler/air-infra/include/air/core/opcode_def.inc:68: Assertion Failure: Unexpected COMMENT
/app/ace-compiler/air-infra/include/air/core/opcode_def.inc:68: Assertion Failure: Unexpected COMMENT
/app/ace-compiler/air-infra/include/air/core/opcode_def.inc:56: Assertion Failure: Unexpected PRAGMA
/app/ace-compiler/air-infra/include/air/core/opcode_def.inc:56: Assertion Failure: Unexpected PRAGMA
/app/ace-compiler/air-infra/include/air/core/opcode_def.inc:56: Assertion Failure: Unexpected PRAGMA
/app/ace-compiler/air-infra/include/air/core/opcode_def.inc:56: Assertion Failure: Unexpected PRAGMA
/app/ace-compiler/air-infra/include/air/core/opcode_def.inc:68: Assertion Failure: Unexpected COMMENT
/app/ace-compiler/air-infra/include/air/core/opcode_def.inc:68: Assertion Failure: Unexpected COMMENT
/app/ace-compiler/air-infra/include/air/core/opcode_def.inc:56: Assertion Failure: Unexpected PRAGMA
/app/ace-compiler/air-infra/include/air/core/opcode_def.inc:56: Assertion Failure: Unexpected PRAGMA
/app/ace-compiler/air-infra/include/air/core/opcode_def.inc:56: Assertion Failure: Unexpected PRAGMA
/app/ace-compiler/air-infra/include/air/core/opcode_def.inc:56: Assertion Failure: Unexpected PRAGMA
/app/ace-compiler/air-infra/include/air/core/opcode_def.inc:68: Assertion Failure: Unexpected COMMENT
/app/ace-compiler/air-infra/include/air/core/opcode_def.inc:68: Assertion Failure: Unexpected COMMENT
/app/ace-compiler/air-infra/include/air/core/opcode_def.inc:56: Assertion Failure: Unexpected PRAGMA
/app/ace-compiler/air-infra/include/air/core/opcode_def.inc:56: Assertion Failure: Unexpected PRAGMA
/app/ace-compiler/air-infra/include/air/core/opcode_def.inc:56: Assertion Failure: Unexpected PRAGMA
/app/ace-compiler/air-infra/include/air/core/opcode_def.inc:56: Assertion Failure: Unexpected PRAGMA
/app/ace-compiler/air-infra/include/air/core/opcode_def.inc:68: Assertion Failure: Unexpected COMMENT
/app/ace-compiler/air-infra/include/air/core/opcode_def.inc:68: Assertion Failure: Unexpected COMMENT
/app/ace-compiler/air-infra/include/air/core/opcode_def.inc:56: Assertion Failure: Unexpected PRAGMA
/app/ace-compiler/air-infra/include/air/core/opcode_def.inc:56: Assertion Failure: Unexpected PRAGMA
/app/ace-compiler/air-infra/include/air/core/opcode_def.inc:56: Assertion Failure: Unexpected PRAGMA
/app/ace-compiler/air-infra/include/air/core/opcode_def.inc:56: Assertion Failure: Unexpected PRAGMA
/app/ace-compiler/air-infra/include/air/core/opcode_def.inc:68: Assertion Failure: Unexpected COMMENT
/app/ace-compiler/air-infra/include/air/core/opcode_def.inc:68: Assertion Failure: Unexpected COMMENT
/app/ace-compiler/air-infra/include/air/core/opcode_def.inc:56: Assertion Failure: Unexpected PRAGMA
/app/ace-compiler/air-infra/include/air/core/opcode_def.inc:56: Assertion Failure: Unexpected PRAGMA
/app/ace-compiler/air-infra/include/air/core/opcode_def.inc:56: Assertion Failure: Unexpected PRAGMA
/app/ace-compiler/air-infra/include/air/core/opcode_def.inc:56: Assertion Failure: Unexpected PRAGMA
/app/ace-compiler/air-infra/include/air/core/opcode_def.inc:68: Assertion Failure: Unexpected COMMENT
/app/ace-compiler/air-infra/include/air/core/opcode_def.inc:68: Assertion Failure: Unexpected COMMENT
/app/ace-compiler/air-infra/include/air/core/opcode_def.inc:56: Assertion Failure: Unexpected PRAGMA
/app/ace-compiler/air-infra/include/air/core/opcode_def.inc:56: Assertion Failure: Unexpected PRAGMA
/app/ace-compiler/air-infra/include/air/core/opcode_def.inc:56: Assertion Failure: Unexpected PRAGMA
/app/ace-compiler/air-infra/include/air/core/opcode_def.inc:56: Assertion Failure: Unexpected PRAGMA
/app/ace-compiler/air-infra/include/air/core/opcode_def.inc:68: Assertion Failure: Unexpected COMMENT
/app/ace-compiler/air-infra/include/air/core/opcode_def.inc:68: Assertion Failure: Unexpected COMMENT
/app/ace-compiler/air-infra/include/air/core/opcode_def.inc:56: Assertion Failure: Unexpected PRAGMA
/app/ace-compiler/air-infra/include/air/core/opcode_def.inc:56: Assertion Failure: Unexpected PRAGMA
/app/ace-compiler/air-infra/include/air/core/opcode_def.inc:56: Assertion Failure: Unexpected PRAGMA
/app/ace-compiler/air-infra/include/air/core/opcode_def.inc:56: Assertion Failure: Unexpected PRAGMA
/app/ace-compiler/air-infra/include/air/core/opcode_def.inc:68: Assertion Failure: Unexpected COMMENT
/app/ace-compiler/air-infra/include/air/core/opcode_def.inc:68: Assertion Failure: Unexpected COMMENT
/app/ace-compiler/air-infra/include/air/core/opcode_def.inc:56: Assertion Failure: Unexpected PRAGMA
/app/ace-compiler/air-infra/include/air/core/opcode_def.inc:56: Assertion Failure: Unexpected PRAGMA
/app/ace-compiler/air-infra/include/air/core/opcode_def.inc:56: Assertion Failure: Unexpected PRAGMA
/app/ace-compiler/air-infra/include/air/core/opcode_def.inc:56: Assertion Failure: Unexpected PRAGMA
/app/ace-compiler/air-infra/include/air/core/opcode_def.inc:68: Assertion Failure: Unexpected COMMENT
/app/ace-compiler/air-infra/include/air/core/opcode_def.inc:68: Assertion Failure: Unexpected COMMENT
/app/ace-compiler/air-infra/include/air/core/opcode_def.inc:56: Assertion Failure: Unexpected PRAGMA
/app/ace-compiler/air-infra/include/air/core/opcode_def.inc:56: Assertion Failure: Unexpected PRAGMA
/app/ace-compiler/air-infra/include/air/core/opcode_def.inc:56: Assertion Failure: Unexpected PRAGMA
/app/ace-compiler/air-infra/include/air/core/opcode_def.inc:56: Assertion Failure: Unexpected PRAGMA
/app/ace-compiler/air-infra/include/air/core/opcode_def.inc:68: Assertion Failure: Unexpected COMMENT
/app/ace-compiler/air-infra/include/air/core/opcode_def.inc:68: Assertion Failure: Unexpected COMMENT
/app/ace-compiler/air-infra/include/air/core/opcode_def.inc:56: Assertion Failure: Unexpected PRAGMA
/app/ace-compiler/air-infra/include/air/core/opcode_def.inc:56: Assertion Failure: Unexpected PRAGMA
/app/ace-compiler/air-infra/include/air/core/opcode_def.inc:56: Assertion Failure: Unexpected PRAGMA
/app/ace-compiler/air-infra/include/air/core/opcode_def.inc:56: Assertion Failure: Unexpected PRAGMA
/app/ace-compiler/air-infra/include/air/core/opcode_def.inc:68: Assertion Failure: Unexpected COMMENT
/app/ace-compiler/air-infra/include/air/core/opcode_def.inc:68: Assertion Failure: Unexpected COMMENT
/app/ace-compiler/air-infra/include/air/core/opcode_def.inc:56: Assertion Failure: Unexpected PRAGMA
/app/ace-compiler/air-infra/include/air/core/opcode_def.inc:56: Assertion Failure: Unexpected PRAGMA
/app/ace-compiler/air-infra/include/air/core/opcode_def.inc:56: Assertion Failure: Unexpected PRAGMA
/app/ace-compiler/air-infra/include/air/core/opcode_def.inc:56: Assertion Failure: Unexpected PRAGMA
/app/ace-compiler/air-infra/include/air/core/opcode_def.inc:68: Assertion Failure: Unexpected COMMENT
/app/ace-compiler/air-infra/include/air/core/opcode_def.inc:68: Assertion Failure: Unexpected COMMENT
/app/ace-compiler/air-infra/include/air/core/opcode_def.inc:56: Assertion Failure: Unexpected PRAGMA
/app/ace-compiler/air-infra/include/air/core/opcode_def.inc:56: Assertion Failure: Unexpected PRAGMA
/app/ace-compiler/air-infra/include/air/core/opcode_def.inc:56: Assertion Failure: Unexpected PRAGMA
/app/ace-compiler/air-infra/include/air/core/opcode_def.inc:56: Assertion Failure: Unexpected PRAGMA
/app/ace-compiler/air-infra/include/air/core/opcode_def.inc:68: Assertion Failure: Unexpected COMMENT
/app/ace-compiler/air-infra/include/air/core/opcode_def.inc:68: Assertion Failure: Unexpected COMMENT
/app/ace-compiler/air-infra/include/air/core/opcode_def.inc:56: Assertion Failure: Unexpected PRAGMA
/app/ace-compiler/air-infra/include/air/core/opcode_def.inc:56: Assertion Failure: Unexpected PRAGMA
/app/ace-compiler/air-infra/include/air/core/opcode_def.inc:56: Assertion Failure: Unexpected PRAGMA
/app/ace-compiler/air-infra/include/air/core/opcode_def.inc:56: Assertion Failure: Unexpected PRAGMA
/app/ace-compiler/air-infra/include/air/core/opcode_def.inc:68: Assertion Failure: Unexpected COMMENT
/app/ace-compiler/air-infra/include/air/core/opcode_def.inc:68: Assertion Failure: Unexpected COMMENT
/app/ace-compiler/air-infra/include/air/core/opcode_def.inc:56: Assertion Failure: Unexpected PRAGMA
/app/ace-compiler/air-infra/include/air/core/opcode_def.inc:56: Assertion Failure: Unexpected PRAGMA
/app/ace-compiler/air-infra/include/air/core/opcode_def.inc:56: Assertion Failure: Unexpected PRAGMA
/app/ace-compiler/air-infra/include/air/core/opcode_def.inc:56: Assertion Failure: Unexpected PRAGMA
/app/ace-compiler/air-infra/include/air/core/opcode_def.inc:68: Assertion Failure: Unexpected COMMENT
/app/ace-compiler/air-infra/include/air/core/opcode_def.inc:68: Assertion Failure: Unexpected COMMENT
/app/ace-compiler/air-infra/include/air/core/opcode_def.inc:56: Assertion Failure: Unexpected PRAGMA
/app/ace-compiler/air-infra/include/air/core/opcode_def.inc:56: Assertion Failure: Unexpected PRAGMA
/app/ace-compiler/air-infra/include/air/core/opcode_def.inc:56: Assertion Failure: Unexpected PRAGMA
/app/ace-compiler/air-infra/include/air/core/opcode_def.inc:56: Assertion Failure: Unexpected PRAGMA
/app/ace-compiler/air-infra/include/air/core/opcode_def.inc:68: Assertion Failure: Unexpected COMMENT
/app/ace-compiler/air-infra/include/air/core/opcode_def.inc:68: Assertion Failure: Unexpected COMMENT
/app/ace-compiler/air-infra/include/air/core/opcode_def.inc:56: Assertion Failure: Unexpected PRAGMA
/app/ace-compiler/air-infra/include/air/core/opcode_def.inc:56: Assertion Failure: Unexpected PRAGMA
/app/ace-compiler/air-infra/include/air/core/opcode_def.inc:56: Assertion Failure: Unexpected PRAGMA
/app/ace-compiler/air-infra/include/air/core/opcode_def.inc:56: Assertion Failure: Unexpected PRAGMA
/app/ace-compiler/air-infra/include/air/core/opcode_def.inc:68: Assertion Failure: Unexpected COMMENT
/app/ace-compiler/air-infra/include/air/core/opcode_def.inc:68: Assertion Failure: Unexpected COMMENT
/app/ace-compiler/air-infra/include/air/core/opcode_def.inc:56: Assertion Failure: Unexpected PRAGMA
/app/ace-compiler/air-infra/include/air/core/opcode_def.inc:56: Assertion Failure: Unexpected PRAGMA
/app/ace-compiler/air-infra/include/air/core/opcode_def.inc:56: Assertion Failure: Unexpected PRAGMA
/app/ace-compiler/air-infra/include/air/core/opcode_def.inc:56: Assertion Failure: Unexpected PRAGMA
/app/ace-compiler/air-infra/include/air/core/opcode_def.inc:68: Assertion Failure: Unexpected COMMENT
/app/ace-compiler/air-infra/include/air/core/opcode_def.inc:68: Assertion Failure: Unexpected COMMENT
/app/ace-compiler/air-infra/include/air/core/opcode_def.inc:56: Assertion Failure: Unexpected PRAGMA
/app/ace-compiler/air-infra/include/air/core/opcode_def.inc:56: Assertion Failure: Unexpected PRAGMA
/app/ace-compiler/air-infra/include/air/core/opcode_def.inc:56: Assertion Failure: Unexpected PRAGMA
/app/ace-compiler/air-infra/include/air/core/opcode_def.inc:56: Assertion Failure: Unexpected PRAGMA
/app/ace-compiler/air-infra/include/air/core/opcode_def.inc:68: Assertion Failure: Unexpected COMMENT
/app/ace-compiler/air-infra/include/air/core/opcode_def.inc:68: Assertion Failure: Unexpected COMMENT
/app/ace-compiler/air-infra/include/air/core/opcode_def.inc:56: Assertion Failure: Unexpected PRAGMA
/app/ace-compiler/air-infra/include/air/core/opcode_def.inc:56: Assertion Failure: Unexpected PRAGMA
/app/ace-compiler/air-infra/include/air/core/opcode_def.inc:56: Assertion Failure: Unexpected PRAGMA
/app/ace-compiler/air-infra/include/air/core/opcode_def.inc:56: Assertion Failure: Unexpected PRAGMA
/app/ace-compiler/air-infra/include/air/core/opcode_def.inc:68: Assertion Failure: Unexpected COMMENT
/app/ace-compiler/air-infra/include/air/core/opcode_def.inc:68: Assertion Failure: Unexpected COMMENT
/app/ace-compiler/air-infra/include/air/core/opcode_def.inc:56: Assertion Failure: Unexpected PRAGMA
/app/ace-compiler/air-infra/include/air/core/opcode_def.inc:56: Assertion Failure: Unexpected PRAGMA
/app/ace-compiler/air-infra/include/air/core/opcode_def.inc:56: Assertion Failure: Unexpected PRAGMA
/app/ace-compiler/air-infra/include/air/core/opcode_def.inc:56: Assertion Failure: Unexpected PRAGMA
/app/ace-compiler/air-infra/include/air/core/opcode_def.inc:68: Assertion Failure: Unexpected COMMENT
/app/ace-compiler/air-infra/include/air/core/opcode_def.inc:68: Assertion Failure: Unexpected COMMENT
/app/ace-compiler/air-infra/include/air/core/opcode_def.inc:56: Assertion Failure: Unexpected PRAGMA
/app/ace-compiler/air-infra/include/air/core/opcode_def.inc:56: Assertion Failure: Unexpected PRAGMA
/app/ace-compiler/air-infra/include/air/core/opcode_def.inc:56: Assertion Failure: Unexpected PRAGMA
/app/ace-compiler/air-infra/include/air/core/opcode_def.inc:56: Assertion Failure: Unexpected PRAGMA
/app/ace-compiler/air-infra/include/air/core/opcode_def.inc:68: Assertion Failure: Unexpected COMMENT
/app/ace-compiler/air-infra/include/air/core/opcode_def.inc:68: Assertion Failure: Unexpected COMMENT
/app/ace-compiler/air-infra/include/air/core/opcode_def.inc:56: Assertion Failure: Unexpected PRAGMA
/app/ace-compiler/air-infra/include/air/core/opcode_def.inc:56: Assertion Failure: Unexpected PRAGMA
/app/ace-compiler/air-infra/include/air/core/opcode_def.inc:56: Assertion Failure: Unexpected PRAGMA
/app/ace-compiler/air-infra/include/air/core/opcode_def.inc:56: Assertion Failure: Unexpected PRAGMA
/app/ace-compiler/air-infra/include/air/core/opcode_def.inc:68: Assertion Failure: Unexpected COMMENT
/app/ace-compiler/air-infra/include/air/core/opcode_def.inc:68: Assertion Failure: Unexpected COMMENT
/app/ace-compiler/air-infra/include/air/core/opcode_def.inc:56: Assertion Failure: Unexpected PRAGMA
/app/ace-compiler/air-infra/include/air/core/opcode_def.inc:56: Assertion Failure: Unexpected PRAGMA
/app/ace-compiler/air-infra/include/air/core/opcode_def.inc:56: Assertion Failure: Unexpected PRAGMA
/app/ace-compiler/air-infra/include/air/core/opcode_def.inc:56: Assertion Failure: Unexpected PRAGMA
/app/ace-compiler/air-infra/include/air/core/opcode_def.inc:68: Assertion Failure: Unexpected COMMENT
/app/ace-compiler/air-infra/include/air/core/opcode_def.inc:68: Assertion Failure: Unexpected COMMENT
/app/ace-compiler/air-infra/include/air/core/opcode_def.inc:56: Assertion Failure: Unexpected PRAGMA
/app/ace-compiler/air-infra/include/air/core/opcode_def.inc:56: Assertion Failure: Unexpected PRAGMA
/app/ace-compiler/air-infra/include/air/core/opcode_def.inc:56: Assertion Failure: Unexpected PRAGMA
/app/ace-compiler/air-infra/include/air/core/opcode_def.inc:56: Assertion Failure: Unexpected PRAGMA
/app/ace-compiler/air-infra/include/air/core/opcode_def.inc:68: Assertion Failure: Unexpected COMMENT
/app/ace-compiler/air-infra/include/air/core/opcode_def.inc:68: Assertion Failure: Unexpected COMMENT
/app/ace-compiler/air-infra/include/air/core/opcode_def.inc:56: Assertion Failure: Unexpected PRAGMA
/app/ace-compiler/air-infra/include/air/core/opcode_def.inc:56: Assertion Failure: Unexpected PRAGMA
/app/ace-compiler/air-infra/include/air/core/opcode_def.inc:56: Assertion Failure: Unexpected PRAGMA
/app/ace-compiler/air-infra/include/air/core/opcode_def.inc:56: Assertion Failure: Unexpected PRAGMA
/app/ace-compiler/air-infra/include/air/core/opcode_def.inc:68: Assertion Failure: Unexpected COMMENT
/app/ace-compiler/air-infra/include/air/core/opcode_def.inc:68: Assertion Failure: Unexpected COMMENT
/app/ace-compiler/air-infra/include/air/core/opcode_def.inc:56: Assertion Failure: Unexpected PRAGMA
/app/ace-compiler/air-infra/include/air/core/opcode_def.inc:56: Assertion Failure: Unexpected PRAGMA
/app/ace-compiler/air-infra/include/air/core/opcode_def.inc:56: Assertion Failure: Unexpected PRAGMA
/app/ace-compiler/air-infra/include/air/core/opcode_def.inc:56: Assertion Failure: Unexpected PRAGMA
/app/ace-compiler/air-infra/include/air/core/opcode_def.inc:68: Assertion Failure: Unexpected COMMENT
/app/ace-compiler/air-infra/include/air/core/opcode_def.inc:68: Assertion Failure: Unexpected COMMENT
/app/ace-compiler/air-infra/include/air/core/opcode_def.inc:56: Assertion Failure: Unexpected PRAGMA
/app/ace-compiler/air-infra/include/air/core/opcode_def.inc:56: Assertion Failure: Unexpected PRAGMA
/app/ace-compiler/air-infra/include/air/core/opcode_def.inc:56: Assertion Failure: Unexpected PRAGMA
/app/ace-compiler/air-infra/include/air/core/opcode_def.inc:56: Assertion Failure: Unexpected PRAGMA
/app/ace-compiler/air-infra/include/air/core/opcode_def.inc:68: Assertion Failure: Unexpected COMMENT
/app/ace-compiler/air-infra/include/air/core/opcode_def.inc:68: Assertion Failure: Unexpected COMMENT
/app/ace-compiler/air-infra/include/air/core/opcode_def.inc:56: Assertion Failure: Unexpected PRAGMA
/app/ace-compiler/air-infra/include/air/core/opcode_def.inc:56: Assertion Failure: Unexpected PRAGMA
/app/ace-compiler/air-infra/include/air/core/opcode_def.inc:56: Assertion Failure: Unexpected PRAGMA
/app/ace-compiler/air-infra/include/air/core/opcode_def.inc:56: Assertion Failure: Unexpected PRAGMA
/app/ace-compiler/air-infra/include/air/core/opcode_def.inc:68: Assertion Failure: Unexpected COMMENT
/app/ace-compiler/air-infra/include/air/core/opcode_def.inc:68: Assertion Failure: Unexpected COMMENT
/app/ace-compiler/air-infra/include/air/core/opcode_def.inc:56: Assertion Failure: Unexpected PRAGMA
/app/ace-compiler/air-infra/include/air/core/opcode_def.inc:56: Assertion Failure: Unexpected PRAGMA
/app/ace-compiler/air-infra/include/air/core/opcode_def.inc:56: Assertion Failure: Unexpected PRAGMA
/app/ace-compiler/air-infra/include/air/core/opcode_def.inc:56: Assertion Failure: Unexpected PRAGMA
/app/ace-compiler/air-infra/include/air/core/opcode_def.inc:68: Assertion Failure: Unexpected COMMENT
/app/ace-compiler/air-infra/include/air/core/opcode_def.inc:68: Assertion Failure: Unexpected COMMENT
/app/ace-compiler/air-infra/include/air/core/opcode_def.inc:56: Assertion Failure: Unexpected PRAGMA
/app/ace-compiler/air-infra/include/air/core/opcode_def.inc:56: Assertion Failure: Unexpected PRAGMA
/app/ace-compiler/air-infra/include/air/core/opcode_def.inc:56: Assertion Failure: Unexpected PRAGMA
/app/ace-compiler/air-infra/include/air/core/opcode_def.inc:56: Assertion Failure: Unexpected PRAGMA
/app/ace-compiler/air-infra/include/air/core/opcode_def.inc:68: Assertion Failure: Unexpected COMMENT
/app/ace-compiler/air-infra/include/air/core/opcode_def.inc:68: Assertion Failure: Unexpected COMMENT
/app/ace-compiler/air-infra/include/air/core/opcode_def.inc:56: Assertion Failure: Unexpected PRAGMA
/app/ace-compiler/air-infra/include/air/core/opcode_def.inc:56: Assertion Failure: Unexpected PRAGMA
/app/ace-compiler/air-infra/include/air/core/opcode_def.inc:56: Assertion Failure: Unexpected PRAGMA
/app/ace-compiler/air-infra/include/air/core/opcode_def.inc:56: Assertion Failure: Unexpected PRAGMA
/app/ace-compiler/air-infra/include/air/core/opcode_def.inc:68: Assertion Failure: Unexpected COMMENT
/app/ace-compiler/air-infra/include/air/core/opcode_def.inc:68: Assertion Failure: Unexpected COMMENT
/app/ace-compiler/air-infra/include/air/core/opcode_def.inc:56: Assertion Failure: Unexpected PRAGMA
/app/ace-compiler/air-infra/include/air/core/opcode_def.inc:56: Assertion Failure: Unexpected PRAGMA
/app/ace-compiler/air-infra/include/air/core/opcode_def.inc:56: Assertion Failure: Unexpected PRAGMA
/app/ace-compiler/air-infra/include/air/core/opcode_def.inc:56: Assertion Failure: Unexpected PRAGMA
/app/ace-compiler/air-infra/include/air/core/opcode_def.inc:68: Assertion Failure: Unexpected COMMENT
/app/ace-compiler/air-infra/include/air/core/opcode_def.inc:68: Assertion Failure: Unexpected COMMENT
/app/ace-compiler/air-infra/include/air/core/opcode_def.inc:56: Assertion Failure: Unexpected PRAGMA
/app/ace-compiler/air-infra/include/air/core/opcode_def.inc:56: Assertion Failure: Unexpected PRAGMA
/app/ace-compiler/air-infra/include/air/core/opcode_def.inc:56: Assertion Failure: Unexpected PRAGMA
/app/ace-compiler/air-infra/include/air/core/opcode_def.inc:56: Assertion Failure: Unexpected PRAGMA
/app/ace-compiler/air-infra/include/air/core/opcode_def.inc:68: Assertion Failure: Unexpected COMMENT
/app/ace-compiler/air-infra/include/air/core/opcode_def.inc:68: Assertion Failure: Unexpected COMMENT
/app/ace-compiler/air-infra/include/air/core/opcode_def.inc:56: Assertion Failure: Unexpected PRAGMA
/app/ace-compiler/air-infra/include/air/core/opcode_def.inc:56: Assertion Failure: Unexpected PRAGMA
/app/ace-compiler/air-infra/include/air/core/opcode_def.inc:56: Assertion Failure: Unexpected PRAGMA
/app/ace-compiler/air-infra/include/air/core/opcode_def.inc:56: Assertion Failure: Unexpected PRAGMA
/app/ace-compiler/air-infra/include/air/core/opcode_def.inc:68: Assertion Failure: Unexpected COMMENT
/app/ace-compiler/air-infra/include/air/core/opcode_def.inc:68: Assertion Failure: Unexpected COMMENT
/app/ace-compiler/air-infra/include/air/core/opcode_def.inc:56: Assertion Failure: Unexpected PRAGMA
/app/ace-compiler/air-infra/include/air/core/opcode_def.inc:56: Assertion Failure: Unexpected PRAGMA
/app/ace-compiler/air-infra/include/air/core/opcode_def.inc:56: Assertion Failure: Unexpected PRAGMA
/app/ace-compiler/air-infra/include/air/core/opcode_def.inc:56: Assertion Failure: Unexpected PRAGMA
/app/ace-compiler/air-infra/include/air/core/opcode_def.inc:68: Assertion Failure: Unexpected COMMENT
/app/ace-compiler/air-infra/include/air/core/opcode_def.inc:68: Assertion Failure: Unexpected COMMENT
/app/ace-compiler/air-infra/include/air/core/opcode_def.inc:56: Assertion Failure: Unexpected PRAGMA
/app/ace-compiler/air-infra/include/air/core/opcode_def.inc:56: Assertion Failure: Unexpected PRAGMA
/app/ace-compiler/air-infra/include/air/core/opcode_def.inc:56: Assertion Failure: Unexpected PRAGMA
/app/ace-compiler/air-infra/include/air/core/opcode_def.inc:56: Assertion Failure: Unexpected PRAGMA
/app/ace-compiler/air-infra/include/air/core/opcode_def.inc:68: Assertion Failure: Unexpected COMMENT
/app/ace-compiler/air-infra/include/air/core/opcode_def.inc:68: Assertion Failure: Unexpected COMMENT
/app/ace-compiler/air-infra/include/air/core/opcode_def.inc:56: Assertion Failure: Unexpected PRAGMA
/app/ace-compiler/air-infra/include/air/core/opcode_def.inc:56: Assertion Failure: Unexpected PRAGMA
/app/ace-compiler/air-infra/include/air/core/opcode_def.inc:56: Assertion Failure: Unexpected PRAGMA
/app/ace-compiler/air-infra/include/air/core/opcode_def.inc:56: Assertion Failure: Unexpected PRAGMA
/app/ace-compiler/air-infra/include/air/core/opcode_def.inc:68: Assertion Failure: Unexpected COMMENT
/app/ace-compiler/air-infra/include/air/core/opcode_def.inc:68: Assertion Failure: Unexpected COMMENT
/app/ace-compiler/air-infra/include/air/core/opcode_def.inc:56: Assertion Failure: Unexpected PRAGMA
/app/ace-compiler/air-infra/include/air/core/opcode_def.inc:56: Assertion Failure: Unexpected PRAGMA
/app/ace-compiler/air-infra/include/air/core/opcode_def.inc:56: Assertion Failure: Unexpected PRAGMA
/app/ace-compiler/air-infra/include/air/core/opcode_def.inc:56: Assertion Failure: Unexpected PRAGMA
/app/ace-compiler/air-infra/include/air/core/opcode_def.inc:68: Assertion Failure: Unexpected COMMENT
/app/ace-compiler/air-infra/include/air/core/opcode_def.inc:68: Assertion Failure: Unexpected COMMENT
/app/ace-compiler/air-infra/include/air/core/opcode_def.inc:56: Assertion Failure: Unexpected PRAGMA
/app/ace-compiler/air-infra/include/air/core/opcode_def.inc:56: Assertion Failure: Unexpected PRAGMA
/app/ace-compiler/air-infra/include/air/core/opcode_def.inc:56: Assertion Failure: Unexpected PRAGMA
/app/ace-compiler/air-infra/include/air/core/opcode_def.inc:56: Assertion Failure: Unexpected PRAGMA
/app/ace-compiler/air-infra/include/air/core/opcode_def.inc:68: Assertion Failure: Unexpected COMMENT
/app/ace-compiler/air-infra/include/air/core/opcode_def.inc:68: Assertion Failure: Unexpected COMMENT
/app/ace-compiler/air-infra/include/air/core/opcode_def.inc:56: Assertion Failure: Unexpected PRAGMA
/app/ace-compiler/air-infra/include/air/core/opcode_def.inc:56: Assertion Failure: Unexpected PRAGMA
/app/ace-compiler/air-infra/include/air/core/opcode_def.inc:56: Assertion Failure: Unexpected PRAGMA
/app/ace-compiler/air-infra/include/air/core/opcode_def.inc:56: Assertion Failure: Unexpected PRAGMA
/app/ace-compiler/air-infra/include/air/core/opcode_def.inc:68: Assertion Failure: Unexpected COMMENT
/app/ace-compiler/air-infra/include/air/core/opcode_def.inc:68: Assertion Failure: Unexpected COMMENT
/app/ace-compiler/air-infra/include/air/core/opcode_def.inc:56: Assertion Failure: Unexpected PRAGMA
/app/ace-compiler/air-infra/include/air/core/opcode_def.inc:56: Assertion Failure: Unexpected PRAGMA
/app/ace-compiler/air-infra/include/air/core/opcode_def.inc:56: Assertion Failure: Unexpected PRAGMA
/app/ace-compiler/air-infra/include/air/core/opcode_def.inc:56: Assertion Failure: Unexpected PRAGMA
/app/ace-compiler/air-infra/include/air/core/opcode_def.inc:68: Assertion Failure: Unexpected COMMENT
/app/ace-compiler/air-infra/include/air/core/opcode_def.inc:68: Assertion Failure: Unexpected COMMENT
/app/ace-compiler/air-infra/include/air/core/opcode_def.inc:56: Assertion Failure: Unexpected PRAGMA
/app/ace-compiler/air-infra/include/air/core/opcode_def.inc:56: Assertion Failure: Unexpected PRAGMA
/app/ace-compiler/air-infra/include/air/core/opcode_def.inc:56: Assertion Failure: Unexpected PRAGMA
/app/ace-compiler/air-infra/include/air/core/opcode_def.inc:56: Assertion Failure: Unexpected PRAGMA
/app/ace-compiler/air-infra/include/air/core/opcode_def.inc:68: Assertion Failure: Unexpected COMMENT
/app/ace-compiler/air-infra/include/air/core/opcode_def.inc:68: Assertion Failure: Unexpected COMMENT
/app/ace-compiler/air-infra/include/air/core/opcode_def.inc:56: Assertion Failure: Unexpected PRAGMA
/app/ace-compiler/air-infra/include/air/core/opcode_def.inc:56: Assertion Failure: Unexpected PRAGMA
/app/ace-compiler/air-infra/include/air/core/opcode_def.inc:56: Assertion Failure: Unexpected PRAGMA
/app/ace-compiler/air-infra/include/air/core/opcode_def.inc:56: Assertion Failure: Unexpected PRAGMA
/app/ace-compiler/air-infra/include/air/core/opcode_def.inc:68: Assertion Failure: Unexpected COMMENT
/app/ace-compiler/air-infra/include/air/core/opcode_def.inc:68: Assertion Failure: Unexpected COMMENT
/app/ace-compiler/air-infra/include/air/core/opcode_def.inc:56: Assertion Failure: Unexpected PRAGMA
/app/ace-compiler/air-infra/include/air/core/opcode_def.inc:56: Assertion Failure: Unexpected PRAGMA
/app/ace-compiler/air-infra/include/air/core/opcode_def.inc:56: Assertion Failure: Unexpected PRAGMA
/app/ace-compiler/air-infra/include/air/core/opcode_def.inc:56: Assertion Failure: Unexpected PRAGMA
/app/ace-compiler/air-infra/include/air/core/opcode_def.inc:68: Assertion Failure: Unexpected COMMENT
/app/ace-compiler/air-infra/include/air/core/opcode_def.inc:68: Assertion Failure: Unexpected COMMENT
/app/ace-compiler/air-infra/include/air/core/opcode_def.inc:56: Assertion Failure: Unexpected PRAGMA
/app/ace-compiler/air-infra/include/air/core/opcode_def.inc:56: Assertion Failure: Unexpected PRAGMA
/app/ace-compiler/air-infra/include/air/core/opcode_def.inc:56: Assertion Failure: Unexpected PRAGMA
/app/ace-compiler/air-infra/include/air/core/opcode_def.inc:56: Assertion Failure: Unexpected PRAGMA
constant folding fusion count: 3
width_block_data=6144
/app/ace-compiler/air-infra/base/src/node.cxx:534: Assertion Failure: Do not call this API to change rtype.
/app/ace-compiler/air-infra/base/src/node.cxx:534: Assertion Failure: Do not call this API to change rtype.
/app/ace-compiler/air-infra/base/src/node.cxx:524: Assertion Failure: Do not call this API to change rtype.
/app/ace-compiler/air-infra/base/src/node.cxx:524: Assertion Failure: Do not call this API to change rtype.
/app/ace-compiler/air-infra/base/src/node.cxx:534: Assertion Failure: Do not call this API to change rtype.
/app/ace-compiler/air-infra/base/src/node.cxx:534: Assertion Failure: Do not call this API to change rtype.
/app/ace-compiler/air-infra/base/src/node.cxx:524: Assertion Failure: Do not call this API to change rtype.
/app/ace-compiler/air-infra/base/src/node.cxx:524: Assertion Failure: Do not call this API to change rtype.
width_block_data=3136
/app/ace-compiler/air-infra/base/src/node.cxx:534: Assertion Failure: Do not call this API to change rtype.
/app/ace-compiler/air-infra/base/src/node.cxx:534: Assertion Failure: Do not call this API to change rtype.
/app/ace-compiler/air-infra/base/src/node.cxx:524: Assertion Failure: Do not call this API to change rtype.
/app/ace-compiler/air-infra/base/src/node.cxx:524: Assertion Failure: Do not call this API to change rtype.
/app/ace-compiler/air-infra/base/src/node.cxx:534: Assertion Failure: Do not call this API to change rtype.
/app/ace-compiler/air-infra/base/src/node.cxx:534: Assertion Failure: Do not call this API to change rtype.
/app/ace-compiler/air-infra/base/src/node.cxx:524: Assertion Failure: Do not call this API to change rtype.
/app/ace-compiler/air-infra/base/src/node.cxx:524: Assertion Failure: Do not call this API to change rtype.
strided_slice fusion count: 0
total fusion count: 3
/app/ace-compiler/air-infra/include/air/core/opcode_def.inc:68: Assertion Failure: Unexpected COMMENT
/app/ace-compiler/air-infra/include/air/core/opcode_def.inc:68: Assertion Failure: Unexpected COMMENT
/app/ace-compiler/air-infra/include/air/core/opcode_def.inc:56: Assertion Failure: Unexpected PRAGMA
/app/ace-compiler/air-infra/include/air/core/opcode_def.inc:56: Assertion Failure: Unexpected PRAGMA
/app/ace-compiler/air-infra/include/air/core/opcode_def.inc:68: Assertion Failure: Unexpected COMMENT
/app/ace-compiler/air-infra/include/air/core/opcode_def.inc:68: Assertion Failure: Unexpected COMMENT
/app/ace-compiler/air-infra/include/air/core/opcode_def.inc:68: Assertion Failure: Unexpected COMMENT
/app/ace-compiler/air-infra/include/air/core/opcode_def.inc:68: Assertion Failure: Unexpected COMMENT
/app/ace-compiler/air-infra/include/air/core/opcode_def.inc:56: Assertion Failure: Unexpected PRAGMA
/app/ace-compiler/air-infra/include/air/core/opcode_def.inc:56: Assertion Failure: Unexpected PRAGMA
/app/ace-compiler/air-infra/include/air/core/opcode_def.inc:68: Assertion Failure: Unexpected COMMENT
/app/ace-compiler/air-infra/include/air/core/opcode_def.inc:68: Assertion Failure: Unexpected COMMENT
/app/ace-compiler/air-infra/include/air/core/opcode_def.inc:56: Assertion Failure: Unexpected PRAGMA
/app/ace-compiler/air-infra/include/air/core/opcode_def.inc:56: Assertion Failure: Unexpected PRAGMA
/app/ace-compiler/air-infra/include/air/core/opcode_def.inc:56: Assertion Failure: Unexpected PRAGMA
/app/ace-compiler/air-infra/include/air/core/opcode_def.inc:56: Assertion Failure: Unexpected PRAGMA
/app/ace-compiler/air-infra/include/air/core/opcode_def.inc:68: Assertion Failure: Unexpected COMMENT
/app/ace-compiler/air-infra/include/air/core/opcode_def.inc:68: Assertion Failure: Unexpected COMMENT
/app/ace-compiler/air-infra/include/air/core/opcode_def.inc:56: Assertion Failure: Unexpected PRAGMA
/app/ace-compiler/air-infra/include/air/core/opcode_def.inc:56: Assertion Failure: Unexpected PRAGMA
/app/ace-compiler/air-infra/include/air/core/opcode_def.inc:56: Assertion Failure: Unexpected PRAGMA
/app/ace-compiler/air-infra/include/air/core/opcode_def.inc:56: Assertion Failure: Unexpected PRAGMA
/app/ace-compiler/air-infra/include/air/core/opcode_def.inc:68: Assertion Failure: Unexpected COMMENT
/app/ace-compiler/air-infra/include/air/core/opcode_def.inc:68: Assertion Failure: Unexpected COMMENT
/app/ace-compiler/air-infra/include/air/core/opcode_def.inc:56: Assertion Failure: Unexpected PRAGMA
/app/ace-compiler/air-infra/include/air/core/opcode_def.inc:56: Assertion Failure: Unexpected PRAGMA
/app/ace-compiler/air-infra/include/air/core/opcode_def.inc:56: Assertion Failure: Unexpected PRAGMA
/app/ace-compiler/air-infra/include/air/core/opcode_def.inc:56: Assertion Failure: Unexpected PRAGMA
/app/ace-compiler/air-infra/include/air/core/opcode_def.inc:68: Assertion Failure: Unexpected COMMENT
/app/ace-compiler/air-infra/include/air/core/opcode_def.inc:68: Assertion Failure: Unexpected COMMENT
/app/ace-compiler/air-infra/include/air/core/opcode_def.inc:56: Assertion Failure: Unexpected PRAGMA
/app/ace-compiler/air-infra/include/air/core/opcode_def.inc:56: Assertion Failure: Unexpected PRAGMA
/app/ace-compiler/air-infra/include/air/core/opcode_def.inc:56: Assertion Failure: Unexpected PRAGMA
/app/ace-compiler/air-infra/include/air/core/opcode_def.inc:56: Assertion Failure: Unexpected PRAGMA
/app/ace-compiler/air-infra/include/air/core/opcode_def.inc:68: Assertion Failure: Unexpected COMMENT
/app/ace-compiler/air-infra/include/air/core/opcode_def.inc:68: Assertion Failure: Unexpected COMMENT
/app/ace-compiler/air-infra/include/air/core/opcode_def.inc:56: Assertion Failure: Unexpected PRAGMA
/app/ace-compiler/air-infra/include/air/core/opcode_def.inc:56: Assertion Failure: Unexpected PRAGMA
/app/ace-compiler/air-infra/include/air/core/opcode_def.inc:56: Assertion Failure: Unexpected PRAGMA
/app/ace-compiler/air-infra/include/air/core/opcode_def.inc:56: Assertion Failure: Unexpected PRAGMA
/app/ace-compiler/air-infra/include/air/core/opcode_def.inc:68: Assertion Failure: Unexpected COMMENT
/app/ace-compiler/air-infra/include/air/core/opcode_def.inc:68: Assertion Failure: Unexpected COMMENT
/app/ace-compiler/air-infra/include/air/core/opcode_def.inc:56: Assertion Failure: Unexpected PRAGMA
/app/ace-compiler/air-infra/include/air/core/opcode_def.inc:56: Assertion Failure: Unexpected PRAGMA
/app/ace-compiler/air-infra/include/air/core/opcode_def.inc:68: Assertion Failure: Unexpected COMMENT
/app/ace-compiler/air-infra/include/air/core/opcode_def.inc:68: Assertion Failure: Unexpected COMMENT
/app/ace-compiler/air-infra/include/air/core/opcode_def.inc:68: Assertion Failure: Unexpected COMMENT
/app/ace-compiler/air-infra/include/air/core/opcode_def.inc:68: Assertion Failure: Unexpected COMMENT
/app/ace-compiler/air-infra/include/air/core/opcode_def.inc:56: Assertion Failure: Unexpected PRAGMA
/app/ace-compiler/air-infra/include/air/core/opcode_def.inc:56: Assertion Failure: Unexpected PRAGMA
/app/ace-compiler/air-infra/include/air/core/opcode_def.inc:68: Assertion Failure: Unexpected COMMENT
/app/ace-compiler/air-infra/include/air/core/opcode_def.inc:68: Assertion Failure: Unexpected COMMENT
/app/ace-compiler/air-infra/include/air/core/opcode_def.inc:56: Assertion Failure: Unexpected PRAGMA
/app/ace-compiler/air-infra/include/air/core/opcode_def.inc:56: Assertion Failure: Unexpected PRAGMA
/app/ace-compiler/air-infra/include/air/core/opcode_def.inc:56: Assertion Failure: Unexpected PRAGMA
/app/ace-compiler/air-infra/include/air/core/opcode_def.inc:56: Assertion Failure: Unexpected PRAGMA
/app/ace-compiler/air-infra/include/air/core/opcode_def.inc:68: Assertion Failure: Unexpected COMMENT
/app/ace-compiler/air-infra/include/air/core/opcode_def.inc:68: Assertion Failure: Unexpected COMMENT
/app/ace-compiler/air-infra/include/air/core/opcode_def.inc:56: Assertion Failure: Unexpected PRAGMA
/app/ace-compiler/air-infra/include/air/core/opcode_def.inc:56: Assertion Failure: Unexpected PRAGMA
/app/ace-compiler/air-infra/include/air/core/opcode_def.inc:56: Assertion Failure: Unexpected PRAGMA
/app/ace-compiler/air-infra/include/air/core/opcode_def.inc:56: Assertion Failure: Unexpected PRAGMA
/app/ace-compiler/air-infra/include/air/core/opcode_def.inc:68: Assertion Failure: Unexpected COMMENT
/app/ace-compiler/air-infra/include/air/core/opcode_def.inc:68: Assertion Failure: Unexpected COMMENT
/app/ace-compiler/air-infra/include/air/core/opcode_def.inc:56: Assertion Failure: Unexpected PRAGMA
/app/ace-compiler/air-infra/include/air/core/opcode_def.inc:56: Assertion Failure: Unexpected PRAGMA
/app/ace-compiler/air-infra/include/air/core/opcode_def.inc:56: Assertion Failure: Unexpected PRAGMA
/app/ace-compiler/air-infra/include/air/core/opcode_def.inc:56: Assertion Failure: Unexpected PRAGMA
/app/ace-compiler/air-infra/include/air/core/opcode_def.inc:68: Assertion Failure: Unexpected COMMENT
/app/ace-compiler/air-infra/include/air/core/opcode_def.inc:68: Assertion Failure: Unexpected COMMENT
/app/ace-compiler/air-infra/include/air/core/opcode_def.inc:56: Assertion Failure: Unexpected PRAGMA
/app/ace-compiler/air-infra/include/air/core/opcode_def.inc:56: Assertion Failure: Unexpected PRAGMA
/app/ace-compiler/air-infra/include/air/core/opcode_def.inc:56: Assertion Failure: Unexpected PRAGMA
/app/ace-compiler/air-infra/include/air/core/opcode_def.inc:56: Assertion Failure: Unexpected PRAGMA
/app/ace-compiler/air-infra/include/air/core/opcode_def.inc:68: Assertion Failure: Unexpected COMMENT
/app/ace-compiler/air-infra/include/air/core/opcode_def.inc:68: Assertion Failure: Unexpected COMMENT
/app/ace-compiler/air-infra/include/air/core/opcode_def.inc:56: Assertion Failure: Unexpected PRAGMA
/app/ace-compiler/air-infra/include/air/core/opcode_def.inc:56: Assertion Failure: Unexpected PRAGMA
/app/ace-compiler/air-infra/include/air/core/opcode_def.inc:56: Assertion Failure: Unexpected PRAGMA
/app/ace-compiler/air-infra/include/air/core/opcode_def.inc:56: Assertion Failure: Unexpected PRAGMA
/app/ace-compiler/air-infra/include/air/core/opcode_def.inc:68: Assertion Failure: Unexpected COMMENT
/app/ace-compiler/air-infra/include/air/core/opcode_def.inc:68: Assertion Failure: Unexpected COMMENT
/app/ace-compiler/air-infra/include/air/core/opcode_def.inc:56: Assertion Failure: Unexpected PRAGMA
/app/ace-compiler/air-infra/include/air/core/opcode_def.inc:56: Assertion Failure: Unexpected PRAGMA
/app/ace-compiler/air-infra/include/air/core/opcode_def.inc:56: Assertion Failure: Unexpected PRAGMA
/app/ace-compiler/air-infra/include/air/core/opcode_def.inc:56: Assertion Failure: Unexpected PRAGMA
/app/ace-compiler/air-infra/include/air/core/opcode_def.inc:68: Assertion Failure: Unexpected COMMENT
/app/ace-compiler/air-infra/include/air/core/opcode_def.inc:68: Assertion Failure: Unexpected COMMENT
/app/ace-compiler/air-infra/include/air/core/opcode_def.inc:56: Assertion Failure: Unexpected PRAGMA
/app/ace-compiler/air-infra/include/air/core/opcode_def.inc:56: Assertion Failure: Unexpected PRAGMA
/app/ace-compiler/air-infra/include/air/core/opcode_def.inc:68: Assertion Failure: Unexpected COMMENT
/app/ace-compiler/air-infra/include/air/core/opcode_def.inc:68: Assertion Failure: Unexpected COMMENT
/app/ace-compiler/air-infra/include/air/core/opcode_def.inc:68: Assertion Failure: Unexpected COMMENT
/app/ace-compiler/air-infra/include/air/core/opcode_def.inc:68: Assertion Failure: Unexpected COMMENT
/app/ace-compiler/air-infra/include/air/core/opcode_def.inc:68: Assertion Failure: Unexpected COMMENT
/app/ace-compiler/air-infra/include/air/core/opcode_def.inc:68: Assertion Failure: Unexpected COMMENT
/app/ace-compiler/air-infra/include/air/core/opcode_def.inc:68: Assertion Failure: Unexpected COMMENT
/app/ace-compiler/air-infra/include/air/core/opcode_def.inc:68: Assertion Failure: Unexpected COMMENT
/app/ace-compiler/air-infra/include/air/core/opcode_def.inc:68: Assertion Failure: Unexpected COMMENT
/app/ace-compiler/air-infra/include/air/core/opcode_def.inc:68: Assertion Failure: Unexpected COMMENT
/app/ace-compiler/air-infra/include/air/core/opcode_def.inc:68: Assertion Failure: Unexpected COMMENT
/app/ace-compiler/air-infra/include/air/core/opcode_def.inc:68: Assertion Failure: Unexpected COMMENT
/app/ace-compiler/air-infra/include/air/core/opcode_def.inc:56: Assertion Failure: Unexpected PRAGMA
/app/ace-compiler/air-infra/include/air/core/opcode_def.inc:56: Assertion Failure: Unexpected PRAGMA
/app/ace-compiler/air-infra/include/air/core/opcode_def.inc:68: Assertion Failure: Unexpected COMMENT
/app/ace-compiler/air-infra/include/air/core/opcode_def.inc:68: Assertion Failure: Unexpected COMMENT
/app/ace-compiler/air-infra/include/air/core/opcode_def.inc:56: Assertion Failure: Unexpected PRAGMA
/app/ace-compiler/air-infra/include/air/core/opcode_def.inc:56: Assertion Failure: Unexpected PRAGMA
/app/ace-compiler/air-infra/include/air/core/opcode_def.inc:56: Assertion Failure: Unexpected PRAGMA
/app/ace-compiler/air-infra/include/air/core/opcode_def.inc:56: Assertion Failure: Unexpected PRAGMA
/app/ace-compiler/air-infra/include/air/core/opcode_def.inc:68: Assertion Failure: Unexpected COMMENT
/app/ace-compiler/air-infra/include/air/core/opcode_def.inc:68: Assertion Failure: Unexpected COMMENT
/app/ace-compiler/air-infra/include/air/core/opcode_def.inc:56: Assertion Failure: Unexpected PRAGMA
/app/ace-compiler/air-infra/include/air/core/opcode_def.inc:56: Assertion Failure: Unexpected PRAGMA
/app/ace-compiler/air-infra/include/air/core/opcode_def.inc:56: Assertion Failure: Unexpected PRAGMA
/app/ace-compiler/air-infra/include/air/core/opcode_def.inc:56: Assertion Failure: Unexpected PRAGMA
/app/ace-compiler/air-infra/include/air/core/opcode_def.inc:68: Assertion Failure: Unexpected COMMENT
/app/ace-compiler/air-infra/include/air/core/opcode_def.inc:68: Assertion Failure: Unexpected COMMENT
/app/ace-compiler/air-infra/include/air/core/opcode_def.inc:56: Assertion Failure: Unexpected PRAGMA
/app/ace-compiler/air-infra/include/air/core/opcode_def.inc:56: Assertion Failure: Unexpected PRAGMA
/app/ace-compiler/air-infra/include/air/core/opcode_def.inc:56: Assertion Failure: Unexpected PRAGMA
/app/ace-compiler/air-infra/include/air/core/opcode_def.inc:56: Assertion Failure: Unexpected PRAGMA
/app/ace-compiler/air-infra/include/air/core/opcode_def.inc:68: Assertion Failure: Unexpected COMMENT
/app/ace-compiler/air-infra/include/air/core/opcode_def.inc:68: Assertion Failure: Unexpected COMMENT
/app/ace-compiler/air-infra/include/air/core/opcode_def.inc:56: Assertion Failure: Unexpected PRAGMA
/app/ace-compiler/air-infra/include/air/core/opcode_def.inc:56: Assertion Failure: Unexpected PRAGMA
/app/ace-compiler/air-infra/include/air/core/opcode_def.inc:56: Assertion Failure: Unexpected PRAGMA
/app/ace-compiler/air-infra/include/air/core/opcode_def.inc:56: Assertion Failure: Unexpected PRAGMA
/app/ace-compiler/air-infra/include/air/core/opcode_def.inc:68: Assertion Failure: Unexpected COMMENT
/app/ace-compiler/air-infra/include/air/core/opcode_def.inc:68: Assertion Failure: Unexpected COMMENT
/app/ace-compiler/air-infra/include/air/core/opcode_def.inc:56: Assertion Failure: Unexpected PRAGMA
/app/ace-compiler/air-infra/include/air/core/opcode_def.inc:56: Assertion Failure: Unexpected PRAGMA
/app/ace-compiler/air-infra/include/air/core/opcode_def.inc:68: Assertion Failure: Unexpected COMMENT
/app/ace-compiler/air-infra/include/air/core/opcode_def.inc:68: Assertion Failure: Unexpected COMMENT
/app/ace-compiler/air-infra/include/air/core/opcode_def.inc:68: Assertion Failure: Unexpected COMMENT
/app/ace-compiler/air-infra/include/air/core/opcode_def.inc:68: Assertion Failure: Unexpected COMMENT
/app/ace-compiler/air-infra/include/air/core/opcode_def.inc:68: Assertion Failure: Unexpected COMMENT
/app/ace-compiler/air-infra/include/air/core/opcode_def.inc:68: Assertion Failure: Unexpected COMMENT
/app/ace-compiler/air-infra/include/air/core/opcode_def.inc:68: Assertion Failure: Unexpected COMMENT
/app/ace-compiler/air-infra/include/air/core/opcode_def.inc:68: Assertion Failure: Unexpected COMMENT
/app/ace-compiler/air-infra/include/air/core/opcode_def.inc:68: Assertion Failure: Unexpected COMMENT
/app/ace-compiler/air-infra/include/air/core/opcode_def.inc:68: Assertion Failure: Unexpected COMMENT
/app/ace-compiler/air-infra/include/air/core/opcode_def.inc:68: Assertion Failure: Unexpected COMMENT
/app/ace-compiler/air-infra/include/air/core/opcode_def.inc:68: Assertion Failure: Unexpected COMMENT
/app/ace-compiler/air-infra/include/air/core/opcode_def.inc:56: Assertion Failure: Unexpected PRAGMA
/app/ace-compiler/air-infra/include/air/core/opcode_def.inc:56: Assertion Failure: Unexpected PRAGMA
/app/ace-compiler/air-infra/include/air/core/opcode_def.inc:68: Assertion Failure: Unexpected COMMENT
/app/ace-compiler/air-infra/include/air/core/opcode_def.inc:68: Assertion Failure: Unexpected COMMENT
/app/ace-compiler/air-infra/include/air/core/opcode_def.inc:56: Assertion Failure: Unexpected PRAGMA
/app/ace-compiler/air-infra/include/air/core/opcode_def.inc:56: Assertion Failure: Unexpected PRAGMA
/app/ace-compiler/air-infra/include/air/core/opcode_def.inc:56: Assertion Failure: Unexpected PRAGMA
/app/ace-compiler/air-infra/include/air/core/opcode_def.inc:56: Assertion Failure: Unexpected PRAGMA
/app/ace-compiler/air-infra/include/air/core/opcode_def.inc:68: Assertion Failure: Unexpected COMMENT
/app/ace-compiler/air-infra/include/air/core/opcode_def.inc:68: Assertion Failure: Unexpected COMMENT
/app/ace-compiler/air-infra/include/air/core/opcode_def.inc:56: Assertion Failure: Unexpected PRAGMA
/app/ace-compiler/air-infra/include/air/core/opcode_def.inc:56: Assertion Failure: Unexpected PRAGMA
/app/ace-compiler/air-infra/include/air/core/opcode_def.inc:56: Assertion Failure: Unexpected PRAGMA
/app/ace-compiler/air-infra/include/air/core/opcode_def.inc:56: Assertion Failure: Unexpected PRAGMA
/app/ace-compiler/air-infra/include/air/core/opcode_def.inc:68: Assertion Failure: Unexpected COMMENT
/app/ace-compiler/air-infra/include/air/core/opcode_def.inc:68: Assertion Failure: Unexpected COMMENT
/app/ace-compiler/air-infra/include/air/core/opcode_def.inc:56: Assertion Failure: Unexpected PRAGMA
/app/ace-compiler/air-infra/include/air/core/opcode_def.inc:56: Assertion Failure: Unexpected PRAGMA
/app/ace-compiler/air-infra/include/air/core/opcode_def.inc:56: Assertion Failure: Unexpected PRAGMA
/app/ace-compiler/air-infra/include/air/core/opcode_def.inc:56: Assertion Failure: Unexpected PRAGMA
/app/ace-compiler/air-infra/include/air/core/opcode_def.inc:68: Assertion Failure: Unexpected COMMENT
/app/ace-compiler/air-infra/include/air/core/opcode_def.inc:68: Assertion Failure: Unexpected COMMENT
/app/ace-compiler/air-infra/include/air/core/opcode_def.inc:56: Assertion Failure: Unexpected PRAGMA
/app/ace-compiler/air-infra/include/air/core/opcode_def.inc:56: Assertion Failure: Unexpected PRAGMA
/app/ace-compiler/air-infra/include/air/core/opcode_def.inc:56: Assertion Failure: Unexpected PRAGMA
/app/ace-compiler/air-infra/include/air/core/opcode_def.inc:56: Assertion Failure: Unexpected PRAGMA
/app/ace-compiler/air-infra/include/air/core/opcode_def.inc:68: Assertion Failure: Unexpected COMMENT
/app/ace-compiler/air-infra/include/air/core/opcode_def.inc:68: Assertion Failure: Unexpected COMMENT
/app/ace-compiler/air-infra/include/air/core/opcode_def.inc:56: Assertion Failure: Unexpected PRAGMA
/app/ace-compiler/air-infra/include/air/core/opcode_def.inc:56: Assertion Failure: Unexpected PRAGMA
/app/ace-compiler/air-infra/include/air/core/opcode_def.inc:68: Assertion Failure: Unexpected COMMENT
/app/ace-compiler/air-infra/include/air/core/opcode_def.inc:68: Assertion Failure: Unexpected COMMENT
/app/ace-compiler/air-infra/include/air/core/opcode_def.inc:68: Assertion Failure: Unexpected COMMENT
/app/ace-compiler/air-infra/include/air/core/opcode_def.inc:68: Assertion Failure: Unexpected COMMENT
/app/ace-compiler/air-infra/include/air/core/opcode_def.inc:68: Assertion Failure: Unexpected COMMENT
/app/ace-compiler/air-infra/include/air/core/opcode_def.inc:68: Assertion Failure: Unexpected COMMENT
/app/ace-compiler/air-infra/include/air/core/opcode_def.inc:68: Assertion Failure: Unexpected COMMENT
/app/ace-compiler/air-infra/include/air/core/opcode_def.inc:68: Assertion Failure: Unexpected COMMENT
/app/ace-compiler/air-infra/include/air/core/opcode_def.inc:68: Assertion Failure: Unexpected COMMENT
/app/ace-compiler/air-infra/include/air/core/opcode_def.inc:68: Assertion Failure: Unexpected COMMENT
/app/ace-compiler/air-infra/include/air/core/opcode_def.inc:68: Assertion Failure: Unexpected COMMENT
/app/ace-compiler/air-infra/include/air/core/opcode_def.inc:68: Assertion Failure: Unexpected COMMENT
/app/ace-compiler/air-infra/include/air/core/opcode_def.inc:56: Assertion Failure: Unexpected PRAGMA
/app/ace-compiler/air-infra/include/air/core/opcode_def.inc:56: Assertion Failure: Unexpected PRAGMA

real	0m0.100s
user	0m0.060s
sys	0m0.040s

real	0m0.269s
user	0m0.235s
sys	0m0.033s
ckks_param: _provider = 0, _poly_degree = 32768, mul_depth = 28, input_lev = 14, _first_mod_size = 60, _scaling_mod_size = 59, _num_q_parts = 3, _num_p = 10, _num_rot_idx = 148,_hamming_weight = 192
input(tensor): [
 0.007331 0.027814 -0.020999 -0.070658 -0.080087 0.067778 -0.042461 -0.010188 0.074718 -0.026642 -0.096064 -0.096005 0.059822 -0.079085 0.091599 -0.075612 -0.031441 -0.091220 0.000809 -0.003362 -0.026860 -0.084711 -0.010364 0.076669 0.075249 -0.086700 -0.081505 0.043692 -0.031206 -0.055877 -0.098733 -0.035302
 0.001493 -0.063396 0.008040 0.001443 0.035701 0.035267 -0.081417 0.096227 0.028345 -0.012530 0.019159 0.043673 0.016096 0.058242 0.027283 -0.084542 0.054480 -0.097031 -0.087234 0.045960 0.095656 -0.036661 0.046242 -0.056436 0.031846 -0.058935 -0.004797 0.078541 0.012290 -0.026341 0.039251 -0.027637
 0.060453 -0.043245 -0.064074 -0.063301 -0.081064 -0.010798 -0.022398 0.002978 -0.010575 -0.058140 -0.021797 0.082035 -0.065331 -0.068672 -0.064285 -0.053355 0.059838 0.060525 -0.046531 -0.059285 -0.017493 -0.075380 -0.023425 0.099652 -0.004673 0.008091 -0.004437 -0.069427 -0.033858 -0.002027 0.082085 -0.024719
 0.084130 -0.058611 0.027326 0.006003 0.046474 -0.068814 -0.089517 -0.087128 0.021326 -0.044486 0.060344 0.085398 -0.095452 0.036905 0.017998 -0.000636 0.065166 0.024360 -0.022165 0.033145 0.042425 -0.067843 -0.082196 -0.051093 -0.061413 -0.047847 -0.014129 -0.079413 -0.031466 -0.052067 0.004713 -0.048570
 0.046461 0.073252 -0.004740 -0.050210 -0.078813 -0.072531 -0.013787 0.063775 0.098311 -0.018818 -0.032941 -0.006738 -0.081593 0.082816 -0.035089 0.083759 0.007329 -0.089767 0.005574 0.088710 0.059543 0.079410 -0.016032 -0.097605 -0.099675 0.001958 -0.002566 -0.005474 -0.092810 -0.047174 -0.019480 0.002212
 -0.085926 0.002676 -0.005497 -0.022065 -0.009926 0.021782 -0.001841 -0.097337 0.052449 -0.077150 -0.044948 -0.032379 0.013717 -0.079171 -0.055300 0.024683 0.081405 -0.040667 -0.073375 -0.046447 -0.019467 -0.024316 -0.065243 -0.007201 0.078371 -0.077890 0.066167 0.068587 0.025723 0.028413 0.044022 0.069992
 -0.016497 -0.069509 -0.043676 -0.072666 -0.052354 0.066955 -0.096509 0.069002 0.043437 -0.073329 -0.085195 -0.040251 0.069374 -0.044372 -0.058510 0.080090 -0.009500 -0.025638 0.061150 -0.062681 0.035980 0.058150 -0.082558 -0.034537 0.026021 0.089008 0.048533 0.072026 0.045985 -0.032700 -0.037520 -0.019562
 -0.018949 0.075760 0.044362 -0.022331 -0.092883 0.068465 0.029917 0.049981 0.097919 0.085011 0.074367 -0.050309 -0.057651 -0.013712 -0.038436 0.001057 0.036378 -0.076190 0.052390 0.066558 -0.017132 0.007346 0.081640 -0.021916 -0.024582 0.018352 0.084746 -0.034943 0.024323 0.026109 0.049102 0.066664
 0.041527 -0.013713 -0.050741 0.008485 -0.020136 0.039221 0.055918 -0.086711 -0.057247 -0.087194 0.069989 -0.081107 0.068309 0.067718 -0.094625 0.062524 0.080335 0.085819 -0.001274 0.008346 -0.018802 0.019073 -0.033028 0.029132 -0.034362 -0.073458 -0.027801 -0.029652 -0.021374 0.006881 0.047926 0.074703
 0.034168 0.011528 -0.007602 0.045381 0.011466 0.032801 -0.080529 -0.062416 -0.048196 -0.013585 -0.076875 0.013001 -0.019143 -0.003313 0.047014 0.082748 0.087611 -0.059392 -0.084490 -0.010935 -0.053705 0.021129 0.027408 0.092586 0.009204 -0.085483 0.074095 -0.056510 -0.058138 0.037338 0.064548 -0.038113
 -0.033741 -0.079034 -0.082216 -0.047696 -0.099251 0.075362 -0.010224 0.060869 -0.020255 0.029500 -0.098759 -0.013175 -0.038352 0.025611 -0.042430 0.085892 -0.073742 0.050421 -0.080152 -0.038589 0.066565 0.057027 -0.019649 0.089260 -0.072521 -0.049250 0.066415 -0.077989 0.087644 -0.085765 -0.036432 -0.031944
 0.097605 -0.088079 -0.080849 -0.026911 0.054112 -0.060020 -0.030628 0.063413 -0.043690 0.032744 -0.076687 0.074627 -0.007759 0.070975 0.014202 -0.045886 -0.061149 -0.036077 -0.009456 -0.085387 0.015513 -0.088380 -0.043981 -0.044648 -0.007362 -0.001977 -0.014997 0.000301 -0.059420 -0.080061 -0.042821 -0.003599
 0.087990 0.063439 0.092421 0.024917 0.051060 -0.099490 0.053237 -0.073284 0.041362 0.068809 -0.091031 0.033218 -0.009588 0.086490 -0.097809 -0.005949 0.087804 0.039642 0.018507 0.070517 0.014589 0.089982 0.096989 0.071549 0.028951 -0.043398 -0.057406 -0.016389 0.022927 -0.039911 0.050151 0.017321
 -0.032038 -0.042498 0.086912 0.046783 -0.002303 -0.059223 -0.002421 0.057680 0.070779 -0.004832 0.050147 -0.024706 -0.065051 -0.036688 -0.074958 0.086974 0.045893 0.035875 -0.048005 0.083292 -0.054099 0.089523 0.046637 -0.060899 -0.057837 -0.059506 -0.097212 -0.071571 0.052885 -0.038951 0.018079 0.088396
 -0.044375 -0.070625 0.006190 0.023378 -0.077540 -0.092523 -0.063862 0.078972 -0.039311 -0.054798 0.069559 0.033083 -0.068871 0.065790 0.026054 0.002736 -0.034483 0.062608 0.059490 0.007853 -0.024609 -0.029470 0.002077 0.088312 -0.082953 0.052118 0.014158 0.078926 0.068683 -0.073974 0.029374 -0.064152
 0.053380 0.007241 -0.011064 0.092405 -0.012046 0.026414 -0.046339 0.041253 -0.061777 0.070920 -0.091285 -0.035846 -0.057996 -0.063868 -0.031548 0.035882 -0.070995 -0.002912 -0.082381 0.052921 -0.097246 0.091945 0.010415 0.070353 0.069502 0.040118 -0.000813 0.021592 -0.063712 -0.026116 0.068037 -0.005365
 0.034628 -0.064971 0.030018 0.053195 -0.075658 -0.063379 -0.004569 -0.046477 -0.084465 -0.022497 0.081475 -0.003853 0.063518 -0.042528 -0.023165 0.008732 0.008806 0.021357 -0.013713 0.031442 0.011086 0.073319 0.068646 -0.009301 -0.045763 -0.049942 0.067843 -0.045214 -0.053874 -0.000519 0.070540 0.039476
 0.006003 0.002199 -0.033039 -0.045997 -0.036843 -0.011698 -0.015870 0.072099 -0.051519 0.023913 0.029161 0.045050 -0.069876 -0.095894 0.098144 0.058057 0.006332 -0.060438 0.054708 -0.000078 0.045042 0.020456 0.086125 -0.010040 0.080940 0.088593 0.017701 -0.048098 0.039058 0.062688 0.071109 0.034218
 -0.088248 -0.086480 -0.029614 -0.004599 0.033987 0.084956 0.013136 -0.029292 0.078902 0.094780 -0.044281 0.007095 0.044200 0.030320 -0.080306 0.037409 -0.094854 0.060642 0.055544 0.038758 0.037069 -0.080910 0.042324 0.069166 -0.050490 -0.068361 -0.094894 -0.069383 -0.054627 0.053434 -0.039729 -0.046900
 -0.057506 0.098380 -0.098376 -0.005633 -0.019665 0.008683 0.097859 -0.098863 -0.081440 0.054035 -0.092058 -0.067366 -0.085999 -0.032012 -0.049353 -0.045630 0.055200 0.035528 -0.082678 0.071764 0.094409 0.022759 -0.057400 -0.099914 0.077883 0.004892 0.002402 0.037487 0.029576 -0.005307 -0.037469 0.062752
 -0.093831 0.074765 0.073040 -0.017886 0.009360 -0.015035 0.018367 0.049587 0.070292 0.059719 -0.010172 0.034101 0.034251 -0.013928 0.023313 -0.034136 -0.019805 0.097848 -0.009595 0.009243 -0.083130 -0.028137 0.030768 0.041160 0.073289 -0.051991 0.092545 -0.070422 -0.030011 -0.021015 -0.041607 0.055631
 0.046607 -0.020673 -0.052149 0.078027 0.011887 0.053039 0.037249 0.087372 0.051458 -0.000096 -0.036437 0.007474 0.054743 -0.047064 0.044787 -0.043817 0.066165 0.044998 -0.037118 0.080544 -0.055365 0.038756 -0.060160 -0.042278 0.043390 -0.086393 -0.007555 0.043846 0.005538 0.019734 -0.048000 -0.034458
 0.073474 0.068107 -0.003922 -0.070358 -0.034834 0.053989 0.034422 0.075844 0.078299 0.053301 0.005698 -0.051898 -0.093727 0.010212 -0.087905 0.026414 -0.038425 -0.006553 0.054932 0.073046 -0.051049 -0.029645 -0.080997 0.066045 0.040987 -0.067290 0.018382 0.036807 -0.093005 -0.081561 0.055779 -0.018896
 -0.095322 -0.097303 -0.084112 0.061325 0.047010 -0.059127 -0.098932 0.036180 -0.026181 0.080538 -0.060731 0.073793 -0.094240 -0.038898 -0.097280 -0.047260 -0.067505 0.092968 0.083273 -0.047955 0.063189 -0.009425 0.017254 0.004257 0.011243 0.010749 0.006208 0.000047 -0.032568 -0.016385 0.004154 0.070015
 -0.088592 -0.082490 0.019946 -0.048970 -0.076836 -0.067936 -0.050922 0.023046 0.010888 0.026783 0.053297 -0.018045 -0.009209 -0.071998 0.016421 0.007355 0.069983 0.005038 0.096717 -0.023944 0.053617 -0.055366 0.043685 -0.055635 -0.065664 -0.006927 -0.043599 0.091711 -0.075981 0.014518 -0.034496 0.079209
 0.017343 0.033911 -0.089718 -0.086634 0.032208 -0.084513 0.039037 -0.040666 0.001949 0.034036 0.031833 -0.027292 -0.054369 -0.081189 0.085311 0.081812 0.018943 0.072600 0.077867 -0.053379 -0.071681 0.047945 -0.051320 0.035537 -0.022932 0.049178 -0.058442 0.015185 0.058610 -0.052068 -0.017594 0.058470
 0.083034 -0.078207 -0.069123 0.047373 0.085538 0.090611 -0.088171 -0.095436 -0.059387 0.018729 -0.095734 -0.003149 -0.061316 0.054606 -0.030988 -0.011810 0.086246 0.090948 0.072703 -0.029178 0.009947 0.008043 -0.024530 -0.061598 -0.018277 0.066996 0.049081 0.053951 -0.048418 0.076171 -0.084959 -0.059550
 0.055768 0.063387 0.066298 -0.061788 -0.041264 0.029266 0.088040 0.091094 -0.052673 0.092929 -0.020305 0.016911 -0.016806 0.017072 -0.077720 0.022159 0.079854 -0.031338 -0.021893 0.016434 -0.053730 0.023244 -0.095230 0.082106 -0.083035 -0.024570 0.037948 -0.018680 0.010960 0.014085 -0.074908 0.008533
 -0.010428 0.049508 0.093775 0.070610 -0.091553 0.064336 -0.002540 0.015350 -0.034417 0.091795 0.080522 0.017192 -0.090688 -0.034341 0.076059 0.040643 0.090132 -0.024390 -0.017368 0.001200 -0.055166 -0.097166 0.037977 -0.009698 -0.088690 -0.095389 0.002520 -0.082955 -0.085217 0.027265 -0.019288 0.041635
 0.035386 0.087400 -0.077938 0.016622 -0.053467 -0.016205 0.050272 -0.027391 0.057058 0.087523 -0.084051 -0.044218 -0.064637 -0.059827 -0.046325 0.010771 -0.087474 -0.042225 -0.002272 -0.092262 0.006343 -0.002715 -0.016858 -0.043390 -0.096535 0.070105 0.031421 -0.026311 -0.024236 -0.044197 -0.063569 -0.016381
 0.070544 -0.059449 0.085507 -0.050779 0.084933 -0.062272 -0.001576 0.061753 0.068591 -0.095424 -0.077444 0.043277 -0.003096 0.015304 0.048872 -0.081119 0.020074 -0.009220 -0.030301 0.056695 0.070823 0.073339 -0.083003 0.017607 0.093225 0.006882 -0.064996 -0.000409 0.012530 0.096318 0.091265 -0.030062
 0.048341 -0.054353 0.020024 -0.012080 0.073683 0.089746 -0.048500 -0.058533 -0.017510 0.009961 0.020499 0.080414 -0.065594 0.039942 -0.048118 0.022041 -0.046954 0.074760 0.037811 -0.048396 0.092793 0.043434 0.070856 -0.068726 0.041130 -0.053303 -0.012120 0.094654 -0.093003 0.092882 -0.037670 0.067989
 -0.055608 -0.039238 0.097412 0.009724 0.025962 -0.016881 0.017724 -0.066815 0.005498 0.037224 -0.071473 0.060404 0.060797 -0.089640 -0.051741 0.002442 -0.010172 0.049431 -0.091471 -0.099422 0.062157 -0.030073 -0.080604 0.021547 0.006667 -0.038029 -0.063279 0.080191 -0.085540 0.098509 -0.085263 -0.049967
 -0.098374 -0.084079 -0.097939 -0.091305 -0.029242 -0.072809 -0.017405 -0.018536 -0.036805 -0.031823 0.088822 0.035650 -0.025936 -0.083158 0.084735 0.033607 -0.037806 0.045287 0.079847 0.007139 0.041921 -0.095855 -0.066112 0.029162 0.037379 -0.022333 0.086936 -0.091327 -0.039757 0.002210 0.084785 -0.033111
 0.021503 -0.076311 -0.025224 -0.048012 -0.089394 -0.000399 0.025446 -0.017872 -0.091105 0.066883 0.073175 -0.074000 -0.094760 -0.028666 -0.079952 0.002857 0.002281 -0.052544 -0.044451 0.029458 0.010252 -0.074025 -0.006807 -0.026579 0.008209 0.030895 0.041707 -0.024932 -0.024249 -0.054234 -0.022200 0.052742
 -0.093946 -0.036571 0.027952 -0.065829 0.092478 -0.054850 -0.086707 0.024345 0.029756 0.027163 -0.097939 0.069436 0.008861 -0.072227 0.049128 0.067696 -0.040680 -0.093187 -0.098508 -0.060022 -0.097839 -0.056357 -0.053247 -0.088770 0.031699 -0.064290 -0.072985 -0.094552 0.033202 0.066026 0.033864 0.086738
 0.077942 -0.083589 -0.068760 0.013352 0.020605 -0.033552 -0.069087 -0.064919 -0.038537 0.062657 0.098594 -0.024721 -0.013400 0.021914 -0.090445 -0.014458 0.045721 -0.074138 0.093314 0.013292 -0.024052 -0.008054 0.018315 -0.021563 0.079881 0.004889 0.072482 0.044975 0.078901 0.005304 -0.051658 -0.020520
 0.009551 0.025025 -0.081928 0.098203 0.087032 -0.013231 -0.060260 -0.016227 -0.071386 -0.060216 -0.061422 -0.021644 -0.051586 0.013136 0.019543 0.015290 -0.067295 0.037273 -0.021217 -0.033023 0.082285 -0.071829 0.023189 -0.075078 0.028037 0.016041 -0.029636 -0.017480 -0.065829 -0.061792 -0.079908 -0.026537
 -0.059213 0.087652 -0.019034 -0.019635 -0.084323 0.072423 0.024892 -0.061749 -0.005972 -0.001682 -0.072250 0.048307 -0.013526 0.036853 0.074012 0.038428 -0.043346 0.094130 0.002994 -0.082977 -0.099637 -0.036302 0.087535 -0.069067 0.003182 0.057721 -0.012382 -0.031913 0.059105 0.064617 -0.024891 0.054610
 -0.003152 0.022151 -0.007117 0.090834 -0.049531 0.045263 0.031492 0.044581 -0.026972 -0.062651 -0.039932 0.031730 -0.021298 -0.050429 0.057203 -0.046554 0.080747 0.030241 0.063682 0.096506 0.098193 -0.055520 -0.037466 -0.025796 -0.012391 0.001356 0.096575 -0.019113 -0.066540 -0.097978 0.085886 -0.034931
 -0.030816 -0.037050 -0.047829 0.008178 0.016391 -0.014557 0.030642 0.091557 0.006470 -0.018262 -0.019092 0.000345 0.003265 0.094683 -0.097660 0.050765 -0.082647 0.097831 0.085008 0.035528 -0.046356 0.054081 -0.027769 -0.067178 0.013289 -0.057960 -0.003200 0.026005 0.042533 -0.026451 -0.063205 0.033221
 0.012380 0.074882 0.087306 -0.072370 -0.054352 0.027535 -0.088690 -0.024110 -0.050530 0.053706 0.048869 0.025511 0.063691 0.037883 -0.002279 -0.096570 0.043922 0.065850 0.077177 0.051391 0.094088 -0.088808 -0.019725 -0.077828 0.039848 -0.062499 -0.017534 -0.045833 -0.093413 -0.078870 0.093964 0.027329
 0.079939 0.069539 0.077975 -0.011813 -0.096641 0.099859 0.084031 -0.060372 -0.066185 -0.085209 0.098950 -0.088563 -0.092790 -0.037050 0.050751 0.003980 0.018243 0.013437 0.092183 0.024556 -0.044625 -0.005112 0.035779 -0.030959 0.044631 0.045990 0.080096 0.073259 0.047183 -0.083805 0.047327 0.075501
 0.052302 -0.089213 -0.044654 -0.090561 -0.067317 -0.039931 -0.067672 0.099360 0.069525 0.062878 -0.076151 0.046080 0.016240 -0.024337 0.006175 -0.062135 -0.037325 0.078802 -0.057126 -0.011460 -0.070913 0.006911 -0.036727 0.040698 -0.063637 -0.079968 0.021062 -0.017740 -0.045882 -0.043670 -0.052348 0.079976
 0.030204 0.073347 -0.014352 0.047557 -0.015367 -0.099049 0.088179 -0.055816 0.047061 0.007208 -0.015365 -0.071673 -0.076092 -0.008104 -0.050102 0.011169 0.097118 0.025460 -0.041501 0.051713 0.002983 0.024537 0.072034 -0.085470 0.028955 0.047732 -0.062881 0.083520 -0.029546 0.076146 -0.082050 -0.045970
 0.074612 0.032872 0.085488 0.074688 0.050518 -0.077061 -0.076249 0.011861 0.013367 0.035184 -0.082740 0.079904 -0.082705 0.060410 -0.044118 -0.050946 0.000520 0.064127 0.096037 -0.088587 0.099729 0.028934 0.068822 0.011211 -0.089011 -0.014782 0.047647 0.093111 -0.069988 -0.049223 0.088669 -0.079309
 0.094601 0.060572 -0.050740 0.098738 -0.034783 -0.025220 0.022205 0.018706 -0.045828 0.032936 0.045616 0.057365 -0.036051 0.096979 0.021129 -0.079113 0.041928 -0.035543 0.067524 -0.025010 -0.097974 0.070162 -0.050468 0.009220 -0.037698 -0.086965 -0.008593 -0.038322 0.062118 0.070054 0.059105 0.067821
 -0.032937 -0.062976 0.016191 0.071428 0.067918 0.059978 -0.017659 -0.053885 -0.085676 0.010164 0.033776 -0.031382 -0.052331 0.084866 0.042650 -0.066756 -0.026150 -0.058772 -0.012367 -0.045196 -0.089961 0.074324 -0.098471 -0.051425 0.011929 -0.073210 -0.074728 0.012038 0.018021 -0.017042 0.006069 -0.051874
 -0.005341 -0.002148 0.074908 -0.029070 0.087377 -0.045690 -0.099161 0.022283 0.055980 -0.004870 -0.028370 0.082459 -0.093331 0.048303 -0.080880 0.069427 -0.022148 -0.034770 -0.047393 -0.045256 -0.086666 0.023365 0.034153 0.072710 -0.083299 -0.093563 0.085578 -0.056978 0.084362 -0.053340 -0.033560 0.073598
 -0.094485 -0.067280 -0.078680 -0.047362 -0.059923 -0.064036 -0.071800 0.013036 0.010663 -0.045248 -0.032669 -0.024857 0.077452 -0.059050 0.060780 -0.032021 0.096607 0.045679 0.037793 -0.047587 0.071600 0.086880 -0.055997 -0.012027 0.008593 0.042673 0.029329 0.089268 -0.051603 0.061684 0.068224 -0.030471
 -0.009636 -0.099826 -0.005821 0.066613 0.078657 -0.030465 0.060114 0.085321 -0.086088 -0.023402 -0.049484 0.028118 0.024692 -0.057119 -0.073639 -0.071841 0.089685 0.021918 -0.027762 -0.061005 0.095379 0.055117 -0.093702 0.018644 0.036569 -0.033983 0.044060 -0.040861 0.045512 -0.099569 -0.053149 0.053679
 -0.003917 0.052981 0.097288 0.093333 -0.072579 -0.041719 0.024747 -0.025686 -0.005997 -0.005293 -0.027055 0.006134 0.097379 -0.013560 -0.044334 0.004738 0.001041 -0.050662 -0.034244 -0.063752 0.073546 0.076883 -0.045155 0.018199 -0.070018 -0.089012 -0.011549 0.045052 -0.026838 -0.097941 0.096858 -0.059639
 -0.019032 0.037376 0.071430 0.062363 -0.023126 0.058082 -0.051944 0.017680 -0.098477 -0.081052 -0.004886 -0.031214 0.019922 -0.002864 0.043101 -0.007593 -0.089706 -0.085883 -0.057974 0.013168 0.013736 0.092071 0.000460 -0.016118 -0.065478 -0.022130 0.068110 -0.075452 0.014172 -0.068434 0.038149 -0.008916
 0.023415 -0.096611 0.011881 -0.061211 -0.042905 0.032773 0.012235 -0.033627 -0.096116 -0.003655 -0.042579 0.036882 0.096170 -0.097364 -0.042215 0.095978 0.027461 0.096766 -0.076918 -0.010110 -0.032004 0.080517 0.034507 -0.066774 0.076640 0.089766 -0.007036 -0.059073 -0.047311 -0.040685 -0.056146 0.008074
 -0.067923 0.039509 -0.093757 -0.036821 -0.066025 -0.061612 0.003359 -0.017085 -0.069540 0.081416 0.062265 0.018428 -0.021277 -0.093898 0.087868 0.029818 0.061951 0.092470 -0.029826 0.068986 0.048932 -0.099188 0.076385 -0.025388 0.094179 -0.079150 -0.086944 0.040620 -0.042194 -0.061382 -0.088851 -0.054214
 0.099147 0.098197 0.096240 0.046317 -0.010391 0.087330 -0.028376 -0.003979 0.070105 0.069105 -0.056931 0.027769 -0.035131 0.086390 -0.043282 -0.098118 0.074433 -0.089078 0.022814 0.055559 0.006959 -0.057475 0.029087 -0.002249 0.011928 0.027734 0.083464 -0.088127 0.088461 0.030430 0.018712 -0.081225
 0.039487 -0.018987 0.033724 0.017133 0.027387 0.013635 -0.046273 -0.075786 -0.023267 0.012567 -0.087851 0.090588 -0.005191 0.054047 -0.007504 0.069419 0.006342 -0.077179 0.062487 -0.058788 0.052277 -0.092555 -0.001438 -0.055171 0.080571 0.047520 0.084479 0.057119 0.096286 -0.026268 -0.048535 0.044726
 -0.004286 -0.010072 0.058933 0.040496 -0.000394 -0.044858 0.099379 0.063188 0.072439 0.050233 -0.084722 -0.054924 0.074886 0.045651 0.095565 -0.095621 -0.023385 -0.031597 0.005873 -0.026867 -0.053271 0.017032 -0.018713 0.082707 0.074784 0.023812 -0.079243 0.096826 0.077719 -0.093063 -0.005776 0.037505
 0.008480 -0.006460 -0.069912 0.045434 0.013761 -0.044654 0.010674 -0.099098 0.074876 0.078572 0.076291 -0.034142 0.095222 -0.007349 0.080934 0.052952 -0.010933 -0.018190 -0.099543 -0.030406 -0.063710 0.007469 -0.044283 -0.090912 -0.003117 -0.060962 0.095981 0.078421 0.077381 -0.091999 -0.019944 0.057659
 -0.033075 -0.030320 0.071188 -0.072713 -0.065445 0.018492 -0.091032 0.004876 0.034642 0.092786 0.079704 0.060673 0.090503 -0.018357 -0.028819 0.099392 0.045241 0.049422 0.039817 0.064929 0.093969 -0.020297 -0.058179 0.033912 0.068179 -0.012131 -0.054487 -0.002892 0.080824 0.042677 0.098782 -0.066043
 -0.069059 0.089901 -0.097738 -0.049094 -0.094199 0.011480 0.066449 -0.069993 -0.095671 -0.076947 -0.012292 -0.036962 0.087323 0.020814 -0.091600 -0.078942 0.054356 0.030439 0.006005 0.012887 -0.005877 0.040113 0.058929 -0.058842 -0.085518 -0.060882 -0.017323 -0.075078 0.079972 0.043425 -0.048453 0.035432
 -0.020567 -0.001789 0.026116 -0.059473 -0.085192 -0.050469 0.056041 -0.029265 0.092496 0.032624 -0.052079 0.087607 -0.065129 0.045972 0.046857 -0.073626 0.071256 -0.067266 0.035353 0.061201 0.043465 0.083113 0.050827 -0.069790 -0.020456 0.057128 0.033286 -0.059761 0.017354 0.031440 0.088459 -0.063642
 -0.099175 -0.095811 -0.050652 0.072286 0.028304 -0.024740 0.078084 -0.043076 -0.081810 -0.091005 0.026252 -0.003930 0.037239 0.075024 0.088253 0.014117 0.014636 -0.008614 0.079048 -0.028910 -0.053588 -0.013286 0.097939 -0.046128 -0.082757 -0.036345 -0.072629 -0.032187 -0.041014 0.085966 0.030741 0.013059
 0.033302 0.063834 -0.028004 0.053165 -0.057314 0.090459 0.088841 -0.092116 0.009135 0.076039 0.001602 -0.057169 0.059679 -0.020328 -0.072470 -0.099608 0.037124 -0.096516 -0.075934 -0.060735 0.085437 0.013539 -0.082397 0.000876 0.062271 0.092541 -0.044111 0.013701 -0.040405 -0.051468 -0.066446 -0.010785
 0.053892 -0.072613 0.010537 0.084821 0.093561 -0.075903 0.076819 0.026805 0.036167 0.021620 -0.006454 0.069585 0.046225 0.006791 -0.024454 0.058474 -0.053454 -0.075005 -0.043643 0.039070 0.022629 0.040043 0.019231 0.056013 -0.037951 -0.037329 -0.065190 0.017476 0.053094 0.041049 -0.006942 -0.048598
 0.088228 -0.012429 0.087463 0.014412 0.083588 0.078781 -0.072169 0.094639 0.020595 0.065218 -0.056816 0.079125 0.082743 -0.089100 0.089005 -0.040059 0.055334 0.054499 -0.061148 -0.098284 -0.078735 -0.018219 0.004267 0.069877 0.047524 0.007653 0.066676 -0.054643 0.060739 0.019954 -0.060911 -0.007900
 -0.072721 -0.038542 -0.002915 -0.076739 0.061468 0.011410 0.078010 -0.082069 0.062751 0.004843 -0.041670 0.038399 0.014630 -0.024361 0.032084 -0.002847 0.085018 -0.016133 0.055803 -0.001025 0.048046 -0.053093 0.028070 -0.001927 0.032816 0.006628 -0.062433 0.019757 0.003955 -0.026702 0.070108 -0.074321
 -0.017644 0.073063 0.086061 0.045186 0.037623 -0.029977 0.069939 0.084658 0.021243 -0.016927 0.087473 0.005620 -0.002547 -0.050636 0.090471 -0.084512 -0.072687 0.039095 -0.087993 0.006309 -0.068162 0.065567 -0.040867 -0.021004 0.020200 0.088538 -0.082099 -0.023529 0.089413 0.073067 0.060587 0.042150
 0.065223 0.025181 -0.096513 0.057070 -0.033536 -0.076814 -0.089817 -0.031643 -0.021808 0.022568 -0.099167 -0.024027 -0.074510 0.049434 -0.030341 0.047160 0.098336 0.016565 -0.035585 -0.039352 0.061744 0.057396 -0.006471 -0.055964 0.046605 -0.036852 0.094996 -0.037087 0.046549 -0.026290 0.014001 -0.098610
 0.015222 0.082879 -0.055632 0.084188 -0.063435 0.035529 0.078193 0.078552 0.049395 0.051199 -0.087874 0.062445 -0.066017 0.048992 0.026875 0.012826 0.050020 -0.011195 -0.084838 0.038837 -0.072222 -0.012315 -0.003096 0.070678 0.064253 -0.052558 -0.001303 0.006493 0.020228 -0.092507 -0.028966 0.049919
 -0.062676 0.038162 0.040851 0.016132 -0.055756 0.007003 0.067727 -0.019087 0.086856 -0.001177 -0.000004 -0.013378 -0.021987 0.094266 0.021797 0.050645 -0.057027 0.050984 0.021191 -0.049069 0.090418 -0.070194 0.087808 0.080019 -0.067613 0.052667 -0.048372 0.074727 0.014665 -0.016494 -0.034324 -0.032817
 0.012664 -0.086151 0.088312 0.074013 0.020512 -0.065957 -0.067928 0.073292 0.033493 -0.008135 0.071532 -0.061801 0.092580 -0.077975 -0.056073 -0.011090 -0.009253 0.098494 -0.028790 0.003246 0.014672 0.091721 0.093766 -0.061075 0.044127 -0.079224 0.052400 0.060847 0.033690 -0.093545 -0.063324 -0.015782
 0.085418 0.018045 -0.065892 0.076533 -0.004760 0.080212 -0.076579 -0.025689 -0.087106 -0.062375 -0.080663 0.013263 -0.053739 0.043303 -0.064875 -0.079456 -0.096349 0.025130 0.022818 -0.086968 -0.004643 -0.051365 -0.038643 0.029043 0.001359 0.076370 0.036548 -0.095341 -0.028011 0.056564 -0.026049 0.035571
 0.006429 0.064048 0.028712 0.025450 -0.091565 0.054656 -0.009158 0.013083 0.081870 0.073783 0.093181 -0.090829 -0.068465 -0.035381 -0.042642 0.067808 -0.077472 0.047066 0.084897 0.024323 0.035101 -0.017574 0.065277 0.070512 0.050541 -0.044177 -0.054683 -0.012231 -0.097488 -0.026404 0.063401 -0.062737
 -0.010960 -0.082322 -0.072422 0.017359 -0.046173 0.052627 -0.067168 0.036144 0.024520 0.003447 -0.039243 0.014579 0.073733 -0.024059 0.050784 -0.090723 0.008264 -0.024674 0.082108 0.042030 0.003716 -0.070659 -0.039445 -0.066265 -0.048614 -0.056600 0.007385 -0.034947 0.060289 0.038148 -0.035716 0.000274
 -0.011435 0.094020 0.016555 0.009855 0.012086 0.018976 -0.098002 -0.093446 -0.073318 0.001909 -0.032530 0.022151 -0.060419 0.000637 -0.043452 0.056424 0.085539 -0.012277 0.095679 0.064140 0.083782 -0.073107 0.047002 -0.046167 0.095015 0.040384 0.002577 0.056941 -0.075820 -0.033970 -0.000775 0.009785
 0.049378 0.095527 -0.064718 0.070344 -0.015507 0.060728 0.017591 -0.007726 -0.048452 -0.032191 0.064478 -0.007202 -0.040766 0.033023 0.094392 0.062769 0.093220 -0.017928 -0.082584 -0.095279 0.017005 0.048664 -0.083650 0.035192 0.083738 0.007166 -0.082649 -0.067799 -0.082789 -0.095233 -0.031816 0.021411
 -0.061022 0.087621 -0.022039 -0.089426 -0.041964 -0.075064 0.019184 0.055564 0.035959 -0.084449 0.016336 -0.091917 0.040244 0.021002 -0.098194 -0.053214 0.005298 0.036151 -0.007919 0.011894 -0.012486 -0.003706 -0.075347 0.054713 -0.030722 0.000888 -0.027612 0.082319 0.025059 -0.041081 -0.064696 0.022181
 0.016017 -0.059510 -0.081783 -0.068942 0.071079 0.076211 -0.017930 0.060683 0.015793 0.083901 -0.093972 0.042680 -0.017851 0.072893 -0.041054 -0.090318 0.029979 -0.020540 0.031078 -0.027946 -0.091642 -0.058883 -0.043063 0.084379 -0.038225 -0.006785 0.016647 0.001891 0.033199 0.046774 -0.034516 0.030349
 -0.008955 -0.009880 0.006633 0.032462 0.064732 0.032742 -0.054602 -0.082745 0.072681 -0.012029 0.099510 -0.092398 0.064475 0.091945 0.094645 -0.054257 -0.089179 -0.097883 -0.024119 -0.087085 0.082632 -0.080596 -0.015120 -0.010790 -0.022125 0.012565 -0.048498 0.033352 0.051557 0.080833 0.093289 -0.089484
 0.083796 -0.005437 0.099346 0.051230 0.064475 0.089266 -0.099325 0.010277 0.082105 -0.009402 -0.038700 -0.021122 -0.070201 -0.075302 -0.071061 0.002257 -0.098558 0.008900 0.063197 -0.028243 0.005068 -0.036208 0.054332 -0.046367 -0.075718 -0.002299 -0.082673 -0.083539 -0.005430 -0.084701 -0.084961 -0.004227
 -0.030192 0.066548 -0.048477 -0.035361 0.043071 -0.064436 -0.099884 0.063955 0.061742 0.064326 -0.032396 -0.020579 0.065411 -0.036910 0.082750 0.003870 0.056717 0.010884 -0.055761 0.063672 -0.053369 -0.042770 0.066852 0.092257 -0.026267 -0.025055 0.048781 -0.044131 -0.039107 0.011736 -0.030585 0.027904
 -0.043626 -0.035099 0.086614 -0.064842 0.072929 -0.079447 -0.076861 0.043284 0.013161 0.002806 -0.083493 -0.078457 -0.044618 0.044189 0.076926 0.046139 -0.039407 -0.093562 0.000968 -0.013654 -0.076157 0.032914 -0.094685 -0.058734 0.055706 -0.080357 -0.040337 0.095892 0.097409 0.075773 -0.039203 -0.002362
 0.025041 0.018008 0.066647 0.073943 0.052336 0.004648 0.020988 -0.020036 -0.028514 0.016027 -0.084162 -0.005831 -0.055185 -0.017259 0.024823 -0.038973 -0.098758 -0.082074 -0.038423 -0.081378 -0.043837 0.081897 -0.084021 0.000575 -0.030247 -0.025614 -0.011294 0.063368 0.005168 0.098097 0.045434 -0.054359
 0.098471 0.036882 0.060062 -0.027534 -0.009801 -0.072985 0.003271 0.076878 0.088026 -0.037554 0.060067 -0.045953 -0.095104 -0.061031 0.091811 -0.033743 -0.009280 0.027929 0.016133 0.013489 0.065602 -0.021074 -0.068554 -0.061043 -0.023341 -0.024230 -0.010145 -0.004720 0.071009 0.094964 0.056288 0.074727
 -0.037232 -0.029380 0.038621 0.079799 0.089495 -0.096219 0.085735 0.001055 0.019557 0.028406 -0.040299 0.094340 0.056254 0.063385 -0.023930 -0.020787 -0.033324 -0.003066 -0.073601 0.044628 -0.095844 0.063153 -0.089851 -0.001186 -0.075302 0.086594 -0.029730 -0.064909 0.093446 -0.060369 -0.059139 0.052530
 -0.014021 0.083615 0.052364 0.012270 -0.021926 0.026791 0.072685 0.011482 -0.037651 -0.048718 0.019177 0.067777 -0.047072 -0.027521 -0.067091 -0.009267 -0.053241 -0.013386 -0.015480 -0.012061 0.018321 0.071220 0.012228 -0.006701 0.044766 0.064097 0.086369 0.040704 0.009277 0.062751 0.025960 -0.009714
 0.030287 0.076198 -0.000717 0.059916 0.000993 0.068224 -0.048324 -0.045061 -0.072104 0.091590 -0.045870 0.061230 0.009616 0.076983 0.087868 -0.092644 -0.069876 -0.041597 0.070682 0.089001 -0.031308 0.076970 -0.015048 -0.040587 -0.006702 -0.064831 0.043040 -0.039168 0.086257 -0.060633 -0.047001 -0.030070
 -0.020296 0.052915 0.048182 0.028945 0.063265 -0.025299 0.099172 0.093275 -0.092315 0.005845 0.035549 -0.098621 0.076600 0.097217 -0.030171 0.021016 -0.071676 -0.094466 0.066000 -0.014725 0.049786 0.087719 -0.085537 -0.083750 0.028340 0.043330 -0.029694 -0.087356 0.002482 -0.085679 0.080674 -0.057678
 0.016226 0.038944 0.021408 0.043327 0.059261 -0.064196 -0.061127 -0.093402 -0.028601 -0.000424 -0.030464 -0.014485 0.016779 -0.095181 0.023889 0.067283 -0.030672 0.037369 0.072856 -0.033065 -0.003951 0.027204 0.079154 0.029932 0.048889 -0.012909 0.041379 0.003892 -0.015016 0.050935 0.063464 -0.003034
 -0.005650 -0.086301 -0.060743 0.051274 -0.056971 -0.001473 0.099055 -0.048376 -0.059812 0.086694 -0.004339 0.092497 -0.025271 0.074716 0.022463 0.044918 0.035193 -0.063547 0.007699 0.092127 -0.090093 -0.092652 0.033107 -0.015718 0.023880 0.072148 -0.049564 0.010212 -0.052817 0.038304 -0.043080 -0.060259
 -0.096285 0.084744 -0.093177 0.096878 -0.055548 0.052636 -0.009111 0.034664 -0.018572 0.056099 0.002543 -0.096049 0.091427 -0.076411 0.002155 0.095589 0.003482 -0.057919 -0.086109 -0.039001 0.093608 -0.048779 -0.000488 -0.037943 -0.017405 0.071849 -0.033212 -0.087948 -0.033304 0.036136 -0.012412 0.077746
 0.097708 0.078341 0.039688 0.060937 0.032849 -0.003470 -0.014504 0.023370 0.049873 0.046248 -0.031348 -0.063219 -0.015267 0.070656 0.017968 -0.040437 -0.070794 0.006681 -0.057183 0.095337 0.049121 0.085117 0.054830 0.019864 -0.038870 0.021191 -0.048231 -0.031531 -0.043300 0.081711 -0.082900 -0.070581
 0.050675 0.009072 -0.063137 -0.094098 -0.044070 -0.023778 -0.037577 -0.029251 0.030580 0.023792 -0.077031 -0.089178 0.024694 0.070376 0.072427 -0.078582 -0.055156 -0.074822 0.028042 -0.071994 0.098840 -0.032095 0.026720 -0.031633 -0.017679 -0.006964 0.036649 -0.071897 -0.087235 -0.083646 0.073872 -0.068438
 0.009472 -0.097531 -0.052138 0.032364 0.014295 -0.070302 0.039467 -0.089271 0.054946 -0.099517 -0.014556 -0.077980 0.079648 0.060328 0.078058 -0.092898 -0.050974 -0.098169 0.014605 -0.063738 -0.066801 0.041151 -0.006597 0.022335 -0.054267 0.033477 0.043250 0.093459 0.004536 0.030455 0.056072 -0.017927
 0.078576 -0.000971 -0.042458 -0.043988 -0.054565 -0.025640 -0.016850 -0.075857 0.008683 0.091558 -0.059821 0.090648 0.055827 -0.033363 0.038886 -0.094866 -0.000410 -0.054590 -0.005558 0.062856 0.023773 0.024336 -0.068236 0.002084 0.049242 -0.087873 0.058394 -0.003918 -0.022200 -0.005296 -0.050089 0.055245
]
Total memory size for keys: rot_key_cnt = 218, rot_key_size = 13372564720 bytes, total_key_size = 13469558536 bytes
Total memory size for weight plain: cnt = 461, size = 914653608 bytes
RTLib functions         	       Count	      Elapse
--------------------    	    --------	    --------
NN                      	           -	           -
FHE                     	           -	           -
 FHE_RELIN               	           4	    0.313815 sec
 FHE_ROTATE              	         256	   18.998216 sec
FHE                     	   sub total	   19.312031 sec
FINALIZE_CONTEXT        	           1	    0.227713 sec
PREPARE_CONTEXT         	           1	   83.237645 sec
ENCODE_ARRAY            	         776	   10.878939 sec
ENCODE_VALUE            	           6	    0.001347 sec
NTT                     	       81112	   45.196380 sec
INTT                    	        9305	    5.532353 sec
MAIN_GRAPH              	           1	   45.588058 sec
 HW_ADD                  	       23117	    0.750813 sec
 HW_MUL                  	       20304	    3.180680 sec
 HW_ROT                  	        4088	    0.128677 sec
 COPY_POLY               	        1312	    0.336002 sec
 EXTEND                  	          98	    0.324353 sec
 PRECOMP                 	          47	    4.663225 sec
 MOD_DOWN                	         602	   12.167844 sec
 DECOMP_MODUP            	         470	   11.177623 sec
 DOT_PROD                	         270	    4.100734 sec
 MULP                    	        1406	   22.074027 sec
 RESCALE_POLY            	         158	    1.925114 sec
 COPY_CIPH               	         210	    0.182099 sec
 INIT_CIPH_SM_SC         	         788	    0.081615 sec
 INIT_CIPH_UP_SC         	         466	    0.094286 sec
 INIT_CIPH_DN_SC         	          30	    0.001938 sec
 BOOTSTRAP               	           1	   21.305489 sec
  BS_SETUP                	           1	    8.115164 sec
  BS_KEYGEN               	           1	   23.889607 sec
  BS_EVAL                 	           1	   21.305488 sec
   BS_COEFF_TO_SLOT        	           1	    7.750939 sec
   BS_APPROX_MOD           	           1	    8.874483 sec
   BS_SLOT_TO_COEFF        	           1	    4.189281 sec
  BS_EVAL                 	   sub total	   20.814702 sec
 BOOTSTRAP               	   sub total	   53.310260 sec
 PT_ENCODE               	         467	    2.922819 sec
MAIN_GRAPH              	   sub total	   85.417337 sec

real	2m9.430s
user	1m58.303s
sys	0m10.811s
