+ '[' -e /usr/bin/time ']'
+ ./fhelipe_squeezenet.0325
ckks_param: _provider = 0, _poly_degree = 65536, mul_depth = 33, input_lev = 30, _first_mod_size = 60, _scaling_mod_size = 56, _num_q_parts = 3, _num_p = 12, _num_rot_idx = 268,_hamming_weight = 192
input(tensor): [
 0.092086 -0.008995 -0.041558 0.052620 -0.092666 0.022028 0.091184 0.053488 -0.009649 -0.011712 0.003853 -0.023763 0.016483 0.028829 -0.055628 0.019474 0.001834 0.095382 -0.058546 0.011334 0.061255 -0.059603 -0.053285 -0.064379 -0.064587 0.086335 0.073824 -0.051886 -0.068022 -0.084140 0.012348 -0.043417
 -0.042738 -0.053985 0.005431 0.039601 -0.084257 -0.008177 0.056433 -0.031453 0.062698 0.013054 0.065023 0.006090 -0.018881 -0.060073 0.007249 0.090731 -0.083903 -0.068401 0.054315 0.098531 0.007804 -0.002842 0.052957 -0.067372 -0.011880 0.042755 0.057906 0.047530 -0.097787 0.068749 0.027649 -0.099421
 -0.070170 -0.052051 -0.029419 0.051126 0.019330 -0.055541 0.075463 -0.078627 0.048106 0.099927 0.090226 0.099603 0.086982 -0.007176 -0.028764 -0.036694 -0.034262 0.029556 -0.034199 0.064652 0.029018 -0.044342 -0.029864 -0.002500 0.039915 0.024100 -0.042131 -0.087136 0.077893 0.054619 0.029083 -0.071697
 0.068153 -0.073577 0.002651 0.032372 0.058309 0.005937 0.097101 -0.068979 -0.052320 0.014949 0.040210 -0.067777 0.099843 -0.015053 -0.055382 -0.006586 -0.069629 0.055214 -0.026433 0.054159 -0.058630 -0.054239 -0.000695 -0.058515 -0.002695 0.033630 0.047905 -0.056715 0.072231 -0.051902 -0.058324 -0.001645
 -0.014290 -0.025199 0.085746 -0.080639 -0.043107 -0.030579 0.078129 -0.018276 0.026442 0.053235 0.010461 0.043768 -0.075209 0.062947 0.032382 0.013184 0.065545 -0.035258 -0.068084 -0.016295 0.067938 -0.014138 0.015780 0.029727 0.058815 0.081991 -0.061835 0.096342 0.084996 0.016694 -0.029694 -0.042174
 -0.017266 0.015725 0.083955 -0.009408 0.046631 0.024672 0.040671 -0.016989 0.063330 0.086440 0.011093 -0.027896 -0.091393 -0.048172 -0.007153 0.042045 -0.012945 -0.043555 0.095132 -0.001360 -0.013147 0.067349 -0.045946 0.053048 -0.042117 0.029798 0.037028 -0.045713 -0.084147 -0.036626 0.083016 0.031185
 -0.005897 0.038241 0.063249 -0.078965 0.037669 0.066995 0.010475 -0.067345 -0.049344 -0.038885 -0.024431 -0.064392 -0.094371 0.050324 -0.000955 -0.092844 0.080948 -0.069389 0.064525 0.022559 0.048280 -0.092803 0.048706 0.075118 0.071803 0.032138 0.082715 0.025809 0.097407 -0.031231 -0.071655 0.019566
 -0.067329 0.023847 0.091721 -0.090865 0.020385 -0.088015 -0.068263 0.092829 0.023699 0.083944 0.008701 0.070125 0.023186 -0.022765 0.090332 -0.024089 0.037631 0.065357 -0.097447 -0.089135 0.099040 0.049819 -0.099090 0.016427 0.087235 0.094016 0.001074 -0.094432 -0.058442 0.089433 -0.096688 -0.075576
 0.029287 -0.069231 0.038473 0.045101 0.080887 0.097158 -0.029251 0.097910 -0.026740 -0.073558 0.095488 -0.080204 -0.012906 -0.074461 0.002228 -0.021985 -0.029586 0.017679 0.074222 -0.031279 0.038031 -0.080900 0.007412 -0.035363 0.088583 -0.003897 0.046901 -0.001537 0.098588 0.049122 -0.045721 -0.045062
 0.019506 0.023924 -0.038160 0.005961 -0.022823 0.047277 0.011707 0.007445 -0.047424 0.029251 0.059321 -0.002156 0.067539 0.059347 -0.071338 0.008211 -0.032107 0.071825 0.054755 0.086326 -0.049853 0.090967 0.057484 -0.076862 0.073919 -0.001007 0.079209 -0.071357 -0.044140 0.081259 0.088444 0.063330
 -0.039333 0.082212 0.097121 0.027121 0.079151 0.084781 -0.017895 0.016418 -0.023097 0.068471 -0.069849 0.094511 0.087272 -0.050563 -0.096252 -0.067558 -0.090652 -0.089459 0.058095 -0.089996 0.022348 0.003830 -0.080942 0.055373 0.095459 -0.041070 0.033138 0.084615 -0.058940 -0.013423 0.084362 0.051988
 -0.063827 0.016769 0.046652 0.088436 0.014970 0.018978 0.024027 -0.018137 0.002012 0.050650 -0.061959 -0.082097 -0.010160 -0.032986 -0.096231 -0.001500 -0.037278 0.012981 0.062609 0.048304 0.001667 0.010309 -0.036382 -0.080183 -0.085197 0.011286 -0.048676 -0.038855 -0.017563 0.033931 -0.065245 0.091738
 -0.062072 0.055025 0.052678 0.066600 0.031911 -0.013966 0.001055 -0.063622 0.018913 0.002761 -0.031656 0.047108 -0.038796 -0.075447 -0.030910 0.002023 0.030134 0.024718 0.050525 0.081019 0.093172 0.046559 0.064941 -0.076098 -0.050326 0.020471 -0.049903 -0.071394 -0.097191 -0.059797 0.004965 -0.029700
 -0.083641 0.079368 -0.039032 -0.043609 -0.058762 0.064804 -0.061094 0.049207 0.013889 0.020792 0.027246 0.017264 -0.054811 -0.089363 0.089061 -0.064008 0.006385 -0.059769 -0.072896 -0.014055 -0.016477 -0.035091 0.019161 0.050156 -0.044934 -0.004503 0.017019 0.048602 -0.094885 0.006639 -0.092157 -0.006527
 -0.032358 -0.023019 0.057685 0.081169 0.029580 0.019569 -0.000373 0.027219 -0.099516 -0.074059 0.010056 -0.030760 0.005159 -0.017325 0.059932 -0.020420 0.099656 -0.066592 0.040014 -0.031777 -0.077206 0.013062 0.079033 0.003449 0.011462 -0.063517 -0.068063 -0.075113 -0.048987 0.038143 -0.079755 -0.085588
 -0.081304 0.097055 -0.053033 0.090359 -0.092907 -0.089258 0.062088 0.048139 0.056417 0.049770 0.096489 -0.053545 -0.085545 -0.088953 -0.064038 0.017469 -0.042687 -0.095556 0.040455 -0.012257 0.074332 0.025947 0.088396 0.004172 -0.042738 -0.045095 0.011953 0.013027 -0.024662 0.092129 -0.077436 -0.027855
 0.033657 0.019363 0.063177 -0.035167 -0.098355 -0.024524 0.000319 -0.041446 0.060021 -0.025257 0.052304 0.036245 0.042462 -0.009631 -0.013634 -0.073363 0.051089 0.057697 -0.086465 -0.053095 -0.095262 0.033456 0.065578 -0.012498 -0.051601 -0.023430 0.038022 0.057641 -0.089868 -0.002127 -0.022795 -0.020908
 -0.070076 0.066956 -0.093398 -0.072544 -0.039235 0.004298 0.092313 0.062916 0.034969 0.009975 0.075161 -0.013232 -0.078329 0.066116 0.091876 -0.009198 -0.037408 -0.087451 -0.011394 0.069261 -0.064031 -0.089459 -0.073207 -0.036273 0.014837 0.038225 -0.084077 -0.000644 0.012651 -0.008940 0.096303 0.044363
 -0.026739 -0.037367 -0.022194 -0.051093 0.049950 0.040072 0.070932 -0.035588 -0.062496 -0.097375 0.013580 -0.071959 -0.089468 0.026973 0.032015 0.050717 -0.004503 0.003549 -0.000551 0.059027 0.033786 -0.021141 -0.033138 -0.067337 -0.098973 -0.068683 -0.024764 -0.091263 -0.099603 -0.076023 0.048924 -0.097584
 -0.005477 0.099431 -0.019855 0.031410 0.004552 -0.008642 0.041104 -0.027213 0.010745 0.013232 0.064895 -0.013653 0.053253 -0.041554 -0.026021 -0.051588 -0.018877 -0.032184 0.010611 0.041916 0.069221 0.073659 0.058101 0.062750 0.098048 -0.076445 0.005988 0.040856 -0.096096 -0.079541 0.049344 -0.047447
 -0.018522 0.089026 -0.050388 -0.046130 -0.059683 -0.052647 0.075679 0.035209 -0.082642 0.096735 0.056387 0.065088 0.089775 0.021030 -0.064525 0.003732 -0.006618 -0.049182 0.080137 0.014533 0.077759 0.016668 -0.030067 0.086405 -0.069073 0.032367 -0.046135 0.017561 0.083303 0.064156 0.011188 -0.092292
 -0.094904 0.076988 0.012482 -0.037347 -0.092631 0.098283 -0.042293 -0.097699 0.093783 0.065172 -0.033476 -0.071795 0.031487 0.083514 0.063219 -0.031707 0.071511 -0.021339 -0.090342 -0.034687 0.016025 -0.069867 0.052182 0.003469 0.078609 0.006273 0.096091 0.021949 -0.085089 0.058707 0.071559 0.091400
 0.000288 -0.072795 -0.037883 -0.055585 -0.059996 -0.045789 -0.095702 -0.047951 -0.024489 0.010373 0.038559 0.072171 -0.097623 -0.015348 -0.065952 -0.098954 -0.002406 -0.073199 -0.063050 0.055499 -0.057346 -0.085448 -0.056905 0.043723 -0.026084 0.027075 0.075154 -0.075810 -0.030636 -0.021332 -0.078732 -0.028336
 -0.025567 -0.098002 -0.058311 0.030461 -0.048053 -0.055767 0.019233 0.050359 -0.050904 -0.001631 0.019248 -0.040700 0.031446 -0.007843 -0.090844 -0.081981 0.013843 -0.055884 -0.043785 0.097649 -0.031426 -0.012678 0.079852 -0.008169 -0.013631 0.030121 -0.001837 0.048320 -0.011317 -0.020073 0.021126 -0.079701
 -0.048787 -0.068776 -0.096414 0.057300 0.046622 0.032932 -0.095109 0.019925 -0.052413 -0.007458 -0.015303 -0.023523 -0.085588 0.053602 0.088905 -0.098141 -0.031292 0.014872 0.083693 -0.032319 0.033190 -0.075363 -0.070666 -0.010424 0.074099 -0.055786 -0.013809 0.000295 0.034750 -0.089326 0.027253 -0.012610
 0.037643 -0.008769 0.056251 -0.092670 0.024963 0.078900 -0.061296 0.037337 0.079125 -0.009245 -0.056646 -0.034390 0.026529 0.069427 0.074513 -0.054252 -0.075753 0.018638 -0.051330 -0.006571 0.047946 -0.010301 0.016727 -0.061675 -0.095439 0.067415 -0.012098 0.000122 0.089107 -0.090715 0.020584 0.081813
 -0.016694 0.099511 -0.011673 -0.051489 -0.031594 -0.050129 -0.090430 0.084297 0.071355 0.013693 -0.045616 -0.033792 0.071691 -0.031418 0.069692 0.032714 -0.018112 0.071314 0.090470 0.009429 0.024263 0.039450 -0.055559 0.046320 -0.071922 -0.029404 0.012232 0.034389 0.016784 0.059949 -0.096539 -0.085128
 -0.058865 0.067547 0.074459 -0.001286 0.073215 0.050892 -0.047387 -0.079135 0.074027 -0.075852 -0.033774 0.015354 -0.092917 0.007940 0.003700 0.077523 -0.005466 -0.090880 0.086025 0.085067 -0.063654 0.071622 0.017373 -0.035110 0.061333 -0.061242 0.011387 0.076654 0.068794 0.069166 -0.031902 0.042854
 -0.084308 -0.024184 0.028565 -0.044276 0.092640 -0.092787 -0.001263 -0.069797 0.021017 -0.027184 0.011819 -0.064688 -0.006347 -0.084295 0.045961 0.042637 0.075617 -0.088134 0.025207 0.038730 -0.066822 -0.075424 0.081215 -0.017537 0.067240 0.089509 -0.061930 0.029168 0.048980 -0.042288 -0.064862 0.051752
 0.096472 0.072809 0.067213 -0.034051 -0.052610 0.080446 0.080948 -0.083134 -0.038716 0.045047 0.070538 0.036633 -0.093632 -0.063307 0.051373 0.028292 -0.052964 -0.012857 0.044910 -0.009136 -0.083787 0.055929 0.007583 -0.013372 0.081259 -0.058192 -0.072232 0.098004 0.084328 0.010491 -0.019405 -0.072711
 -0.089736 -0.017909 -0.081405 0.072007 -0.039674 0.059384 0.038426 -0.057361 -0.063877 0.092454 -0.072698 -0.021226 0.083452 0.068011 0.033762 0.026929 0.038441 0.034581 -0.012184 0.039670 -0.069846 -0.099868 -0.080342 0.026655 0.019457 -0.040338 -0.018801 -0.023448 0.055873 0.098569 -0.064357 0.019156
 -0.042119 0.004353 0.039387 0.001815 0.074436 -0.014784 -0.079802 -0.014706 -0.019379 -0.023261 0.026572 0.003524 0.096938 -0.078506 0.031365 0.029581 -0.004611 0.081914 -0.029317 -0.011461 -0.041403 0.004476 0.086897 -0.075874 -0.043579 -0.076129 -0.021911 -0.045829 0.084828 -0.033520 -0.075631 -0.086760
 0.082507 0.005809 -0.024103 0.008367 0.060175 -0.068752 -0.056439 -0.065901 -0.071163 0.044702 0.071425 0.093668 0.036659 -0.076574 -0.001289 0.069838 -0.068753 -0.079929 -0.048858 -0.090061 0.056975 0.043605 -0.037840 -0.061483 -0.078439 -0.071478 -0.090766 -0.043811 -0.040882 0.037299 -0.079311 -0.050580
 0.011155 -0.008580 0.088101 -0.098741 0.072292 0.007849 0.013438 0.088128 0.093454 -0.075290 0.092339 0.063424 0.035843 -0.092139 0.009231 -0.039271 -0.078199 -0.062865 -0.090783 -0.036541 0.096863 0.084834 0.055317 -0.051340 -0.029970 0.085311 -0.004108 -0.022420 0.071361 0.032241 0.058150 -0.031499
 0.017716 -0.091716 -0.049090 -0.008704 0.003510 -0.096586 -0.007683 0.071945 -0.096699 0.090252 0.080202 -0.054459 -0.086442 -0.026796 0.023687 0.008647 0.004123 -0.072328 0.011502 0.069249 0.098594 0.038356 -0.055591 0.070857 0.006076 -0.003151 0.025467 0.088807 -0.080217 -0.024108 0.043670 0.039006
 0.055122 -0.064156 -0.083790 0.075017 -0.042690 0.049589 -0.029995 -0.085002 -0.020289 -0.032142 -0.062761 0.003368 0.034230 -0.002050 0.072151 0.012618 -0.029472 0.097007 -0.027330 -0.088840 -0.009481 0.083770 -0.022807 0.022600 0.069777 -0.069587 -0.019621 0.026689 -0.064482 0.096826 0.055582 -0.079642
 0.044181 0.026260 0.061144 0.097204 0.026753 0.093697 0.066780 -0.081757 0.045537 0.052541 -0.014019 -0.035246 -0.078315 0.008771 0.033322 0.012718 0.003742 0.090045 0.058300 0.078889 -0.074013 -0.018891 -0.075698 0.061063 0.009755 -0.057349 -0.040299 0.020711 0.014366 -0.044757 -0.033628 0.096062
 0.007182 0.049882 -0.030937 -0.079705 -0.087913 -0.016151 -0.096167 -0.050213 0.038707 -0.016984 -0.002841 0.083184 -0.051094 0.017214 0.004776 -0.009996 0.018793 0.005985 0.040673 -0.075060 -0.075201 0.054734 0.042717 0.082683 -0.051394 -0.068056 -0.048956 0.043990 -0.028975 0.074573 -0.028227 0.019494
 -0.024508 -0.063404 0.023650 -0.013713 0.026681 0.007596 0.006239 -0.032956 -0.078337 -0.085322 0.032472 0.097924 -0.035578 0.019054 -0.095824 0.098727 0.029081 -0.038207 0.072627 -0.081440 0.052718 -0.087515 0.017290 0.031102 -0.086927 -0.037356 0.097625 -0.030748 0.076623 0.092278 -0.072704 0.081007
 0.052848 0.074461 -0.086431 0.088679 -0.029826 -0.022171 -0.008836 0.003429 -0.047497 0.067805 -0.058310 0.073904 -0.099385 0.097218 0.081433 0.054792 0.074267 0.043636 0.052055 0.015086 0.021098 0.065283 0.016343 -0.000638 0.003661 0.061197 -0.033905 0.059342 0.039380 -0.076380 0.089387 -0.060737
 0.016832 0.050425 -0.051552 -0.002347 -0.040841 -0.008719 -0.053855 -0.052045 -0.029663 0.044337 -0.088556 0.024056 -0.015945 0.075240 -0.077331 0.045148 0.035671 -0.039305 0.099367 -0.016824 0.078536 0.035070 -0.043627 0.064608 -0.057618 -0.002845 -0.056750 -0.053624 0.044022 -0.020156 -0.087906 -0.026813
 -0.095077 -0.017173 0.063433 -0.082496 0.057159 -0.005667 0.098160 -0.011500 -0.090790 -0.054243 -0.086997 -0.064092 0.008169 -0.076734 -0.086747 -0.055659 -0.083905 -0.009614 -0.091078 0.030253 0.045887 0.016097 0.093703 -0.092750 -0.065443 0.007752 -0.055841 -0.072355 -0.063250 -0.056200 0.078171 0.011933
 0.045505 0.027406 0.089744 -0.050443 -0.036439 -0.041040 0.004007 -0.070734 0.033748 -0.043493 -0.036026 0.078517 -0.004563 0.085708 0.064896 -0.094835 0.077416 -0.050279 0.091161 0.091066 -0.013320 0.030562 0.026631 -0.058847 0.038139 0.097423 0.012831 0.042910 -0.080348 -0.038107 -0.050200 -0.062936
 -0.070429 0.040934 -0.082639 0.028204 -0.037012 -0.069627 -0.098154 -0.076390 -0.021221 -0.010174 0.077278 0.097020 0.013341 -0.007437 0.040286 0.026854 0.047850 -0.095555 0.073556 0.090895 -0.078223 0.044964 -0.028656 -0.025199 0.075110 -0.043504 0.020946 -0.086605 -0.090130 0.009261 -0.079715 0.030157
 -0.000926 0.079332 -0.076062 0.057419 0.041548 0.090007 -0.076939 -0.008706 0.020233 0.078649 0.026117 0.061844 -0.020596 0.042683 0.088261 -0.010799 -0.094804 -0.026864 -0.075557 -0.049691 0.089362 0.062097 0.097082 0.050992 -0.027472 -0.097468 -0.091712 -0.005303 0.080738 0.017166 0.025953 0.010603
 -0.050198 0.003109 -0.008128 -0.069161 0.086305 -0.071240 0.031872 0.006077 0.099333 -0.073982 0.050855 0.004849 0.076313 -0.056841 0.004756 0.055359 0.056501 0.010758 0.078456 0.057531 -0.062499 0.061020 0.059942 -0.016611 0.090459 0.075515 0.088242 -0.045017 0.054867 0.004046 0.025557 -0.042762
 -0.041900 -0.082580 0.087710 -0.089547 0.014061 0.077365 0.035595 -0.034604 -0.058629 -0.043808 0.035411 -0.004399 -0.028295 -0.088275 -0.074644 0.066546 0.011689 0.084060 0.096618 -0.084717 -0.098232 0.024789 -0.026887 -0.040170 -0.036474 0.051358 -0.023064 -0.013619 0.066714 0.030505 -0.021299 -0.003010
 0.040600 -0.027332 0.068186 0.011509 0.026940 -0.062444 0.069305 -0.087585 0.021400 0.090320 0.047068 -0.046229 -0.060206 0.070957 0.019370 0.009877 0.050679 -0.000289 0.023624 0.016236 0.099329 -0.087713 -0.023416 -0.035695 0.074516 -0.021061 -0.078546 0.029392 -0.004862 -0.031864 -0.068967 -0.057713
 -0.067570 -0.033382 0.034373 0.054644 0.050095 0.053203 -0.063246 -0.026880 0.063198 -0.059348 -0.033359 -0.014777 -0.042686 0.047097 -0.002626 -0.006347 0.060570 0.048103 0.057664 0.066225 -0.028142 0.090468 -0.080531 -0.099887 0.016851 0.060874 -0.081494 -0.058740 0.043275 0.021897 0.064749 -0.091025
 0.000762 0.096796 0.013585 0.031337 0.089905 0.028932 -0.050701 0.010662 -0.051348 0.005305 -0.083379 -0.022652 0.003851 -0.014699 0.077581 0.035467 0.072415 0.004372 -0.087753 -0.016430 0.075436 -0.006955 0.069476 -0.082026 -0.031436 -0.052161 -0.031889 -0.097302 0.060683 0.099104 0.022222 0.062576
 -0.065554 -0.080563 -0.048140 0.026938 0.045929 0.061178 -0.096198 -0.066846 -0.098306 0.035518 0.044522 0.093146 0.033278 0.040949 0.044637 -0.021568 0.010345 -0.008324 -0.087774 -0.036490 0.056751 0.090097 -0.006633 0.011995 0.033986 -0.065173 0.017121 0.013617 -0.067973 -0.003540 0.078883 -0.042465
 -0.084050 0.066150 0.056123 -0.034374 0.050607 0.063642 0.031118 -0.095901 -0.067506 0.070325 -0.076437 0.005510 0.087360 -0.030554 0.094304 -0.086911 0.075898 0.032663 0.089858 0.073918 0.091339 -0.031912 -0.001531 0.032797 0.026338 0.097475 -0.045596 0.073917 0.014267 -0.071838 -0.029592 0.061029
 0.036196 0.003899 0.085490 0.051188 -0.036263 0.051882 -0.046865 -0.099136 0.030819 0.090877 0.092478 0.040019 -0.002895 0.076761 -0.077241 0.096890 -0.011007 0.006041 0.083104 -0.091622 -0.095489 0.072698 -0.048972 0.090611 -0.054148 -0.037881 0.011639 -0.078177 -0.034424 -0.082715 0.024416 -0.053980
 -0.078283 0.043375 -0.060598 0.090581 -0.030095 -0.045869 -0.038065 0.065013 0.078535 0.049661 -0.037145 -0.073666 0.008065 0.088149 0.054336 0.045581 -0.030215 0.085240 -0.027137 -0.007997 -0.068849 -0.030071 -0.092366 0.067187 0.062437 -0.039968 -0.009643 -0.029023 0.031573 0.004821 0.071858 -0.078829
 -0.054892 0.098322 -0.094640 -0.089628 0.030756 0.017041 -0.002161 0.072314 0.099056 -0.098357 0.096024 -0.047808 0.046407 -0.019989 -0.094838 0.085794 0.069060 -0.008336 0.037057 -0.081919 0.085960 -0.089581 -0.092444 -0.043177 0.046527 0.045051 0.045314 0.085554 -0.091801 0.089831 -0.039353 -0.029853
 -0.035480 0.017670 0.092165 -0.057138 0.053054 0.011962 -0.098312 0.040650 -0.089126 -0.088927 0.038340 0.003155 -0.072597 0.007079 -0.027351 0.082725 -0.042377 -0.078090 -0.089250 0.018088 -0.084124 -0.071110 0.081723 0.099630 -0.005553 -0.042139 0.061395 -0.094012 -0.008884 0.050958 0.012000 0.033351
 -0.011528 -0.044747 -0.043175 -0.052357 0.010350 0.091648 -0.099065 0.010211 -0.049148 0.065556 0.013669 0.047153 0.043135 -0.008063 -0.009868 0.094983 -0.090527 0.041750 0.070641 -0.070085 0.068497 0.085366 -0.019261 -0.065018 -0.039106 0.044521 0.035635 -0.052882 -0.085776 0.020831 0.019384 -0.064916
 -0.040012 -0.005352 -0.093972 0.041849 0.019180 -0.041299 -0.075840 0.018396 0.094732 -0.090990 -0.002132 0.046734 -0.099973 -0.084109 -0.041196 -0.010608 0.025328 -0.069461 0.047391 -0.048259 -0.038419 0.087075 0.072884 -0.043744 0.020863 0.063459 0.061504 -0.004934 0.031119 0.010684 0.085905 -0.044612
 -0.009224 -0.013586 -0.043440 -0.061324 -0.075943 -0.015103 0.043607 0.088322 -0.089530 -0.005643 0.065885 -0.077215 0.015410 -0.057790 0.065621 0.022330 0.046131 0.031484 0.092579 -0.047351 -0.040407 0.008901 -0.080242 0.081027 0.027418 0.013263 -0.056220 0.097555 0.034363 -0.039079 -0.059183 0.066685
 -0.044797 0.096884 0.080705 0.037409 -0.087276 0.033477 0.005591 0.068416 0.037155 0.006294 -0.036596 -0.044438 -0.018659 0.068724 -0.042938 0.065675 0.040195 0.036776 -0.027120 0.041931 -0.094012 0.063654 0.033382 0.005212 0.085087 0.055784 -0.092136 -0.054540 0.022873 0.094496 -0.076406 0.085256
 -0.065225 0.058987 0.047391 0.095091 0.085242 -0.023245 -0.098905 0.000637 0.013224 -0.036559 0.072908 -0.031356 -0.014507 0.087242 -0.051419 0.083953 0.071097 0.086794 0.095667 -0.050829 -0.001473 -0.041254 -0.099076 -0.030508 0.097232 -0.054009 0.010484 -0.054272 -0.038604 -0.087685 -0.005277 0.078639
 -0.085726 0.043395 0.074407 -0.062290 -0.072654 0.093497 -0.062858 0.021861 0.005209 -0.024816 -0.086446 -0.025521 0.073662 0.098268 -0.019953 -0.055180 0.088406 -0.085197 0.029573 0.075365 -0.091661 -0.020156 -0.050772 0.000615 -0.086925 -0.075612 0.051131 0.060638 0.023283 0.034064 -0.047134 0.096378
 -0.085868 -0.066639 -0.086664 -0.045138 -0.013670 -0.009499 -0.074602 -0.062662 -0.040235 0.000881 -0.005746 -0.056714 0.023513 -0.065780 -0.057754 -0.009138 -0.059711 -0.006055 0.010004 -0.074933 0.020331 0.075902 -0.014365 0.080026 -0.036824 0.083412 -0.073011 0.002542 0.046848 0.095539 0.020467 0.053517
 0.046480 0.065408 0.065216 -0.019464 0.057405 0.046105 -0.027193 -0.037671 -0.010166 0.012505 0.005629 0.043389 0.016499 -0.000357 -0.027161 -0.057939 0.040115 0.083202 0.057764 -0.080249 0.012449 -0.004315 0.009906 -0.071140 -0.064041 -0.015849 -0.096044 -0.077932 -0.057487 0.051022 0.045787 -0.088171
 0.035543 -0.027785 0.014637 0.059234 0.036257 0.029050 -0.047516 -0.073193 -0.057840 0.016719 -0.093705 0.000907 -0.092526 0.027720 0.016442 -0.070065 0.026679 -0.037917 0.069472 0.072493 0.088979 0.022510 -0.016702 -0.033837 0.048448 0.068764 -0.001101 -0.039685 0.010520 0.085156 -0.035453 -0.050580
 0.092166 0.059769 -0.012602 0.029114 -0.076471 -0.037689 -0.000596 0.077405 -0.043060 -0.057428 -0.099028 0.012949 0.073808 -0.051683 0.047285 -0.066847 -0.000767 0.014084 0.063610 -0.021572 -0.050990 -0.089643 0.063430 0.014838 0.027478 -0.066940 0.065602 -0.041776 -0.027550 0.033764 -0.014876 0.053084
 0.060445 -0.099103 0.097322 0.030559 -0.051029 0.006006 0.028508 -0.039537 -0.058739 0.017995 -0.013315 0.086346 -0.087185 0.038794 -0.058936 0.008177 -0.062881 -0.052473 0.064333 -0.057878 0.098637 -0.055597 -0.080976 -0.092729 0.045612 -0.040533 0.051251 0.017922 0.014490 0.027787 -0.053373 -0.022457
 0.055421 -0.081282 0.096251 -0.023265 -0.033966 0.087169 0.098343 0.056570 -0.011599 0.093146 -0.094578 -0.035831 -0.064722 0.082054 0.002387 -0.075742 0.087314 -0.055261 -0.093110 0.019578 -0.071452 -0.078510 -0.056942 -0.042628 -0.071158 -0.069728 0.006151 -0.068893 -0.094106 0.072829 0.002957 -0.014927
 0.033141 0.070005 0.077188 -0.016832 0.077721 -0.056006 -0.012161 -0.038058 -0.017114 -0.059836 -0.027567 0.026062 -0.095636 -0.057041 -0.028626 -0.051085 -0.085621 0.060739 -0.089587 -0.032555 0.070598 -0.074881 -0.047989 -0.009730 0.011822 0.074617 0.012452 -0.046532 -0.032868 0.002180 -0.021316 -0.080707
 0.091016 -0.076692 0.022677 -0.035011 -0.046583 0.001788 0.036286 -0.047911 -0.086772 0.009006 -0.033652 -0.035380 0.056201 -0.092852 0.058884 -0.015469 -0.042998 0.011472 -0.078342 0.052548 0.066986 -0.054092 0.043230 0.075854 0.023185 -0.011601 -0.034147 -0.064396 -0.019931 -0.064794 0.023889 0.007539
 -0.089135 -0.076357 -0.087822 0.025400 0.028869 0.031434 0.073682 0.011688 0.017432 -0.047240 0.063216 0.041443 -0.014014 0.010590 0.069734 0.011001 0.085956 0.026405 -0.004955 0.077292 0.016189 0.058069 0.062507 -0.046050 0.007589 0.031234 0.047721 -0.018888 -0.080697 -0.077369 -0.026633 0.029598
 0.017855 0.077778 -0.096176 -0.063558 0.034340 0.011429 -0.014112 -0.025219 0.064066 -0.054384 0.037880 0.046085 0.009929 0.024069 -0.090612 -0.049073 -0.055132 -0.005725 -0.038233 0.061194 -0.061383 0.083285 0.022239 -0.037080 -0.010020 -0.031752 0.070238 0.009604 0.093245 0.088442 0.088664 0.068203
 0.050714 0.091856 -0.095874 0.025661 0.071386 -0.010176 0.040208 -0.014850 0.041012 0.017543 -0.066028 -0.084823 -0.073394 0.029416 0.029012 -0.044889 0.016511 0.042533 -0.020696 -0.001959 -0.094065 0.051899 0.009574 -0.019564 0.006857 0.068867 0.034858 0.023615 -0.017814 0.007113 0.039114 -0.030174
 -0.000852 -0.053060 0.010894 -0.066591 -0.051794 -0.044072 0.014462 -0.013244 0.067887 -0.058486 -0.024766 -0.043620 0.001258 -0.022406 -0.084316 0.046009 -0.073760 -0.061101 0.012185 0.090128 0.032010 -0.043615 -0.003657 -0.094106 0.063861 0.052832 -0.052540 -0.027081 0.091277 0.053405 -0.069689 0.060733
 -0.002967 -0.052010 -0.095215 -0.058405 0.096458 -0.009018 0.036590 -0.023032 -0.024942 0.035594 -0.074114 -0.005528 0.083727 0.095849 -0.046396 -0.013122 -0.062287 0.084152 -0.088177 -0.014181 0.005377 0.018532 0.015614 -0.005028 -0.043703 0.064088 -0.005182 0.030692 -0.000063 0.026592 0.099403 0.006997
 -0.063569 -0.081039 0.079615 -0.025232 0.047203 0.082217 -0.082082 -0.057562 0.086494 -0.025016 0.084858 -0.030793 -0.017641 -0.023190 0.043865 0.079073 0.033730 0.076210 0.081610 -0.092747 0.052856 0.065807 -0.049046 -0.067607 -0.082342 0.062289 0.030204 0.031149 -0.009281 -0.011999 0.043643 -0.017136
 -0.030781 0.058615 -0.086603 0.004347 -0.031172 0.095471 0.024056 0.006278 0.004876 0.045381 0.011871 0.057085 -0.082870 -0.025349 -0.039532 0.090289 0.096499 0.078835 -0.043019 0.032665 -0.090784 -0.080890 -0.079171 0.004266 0.023205 0.063379 0.020869 -0.039603 -0.021304 -0.099748 -0.028599 -0.078386
 -0.087336 -0.000180 -0.041421 0.020273 0.022769 -0.046646 -0.074802 -0.084051 0.042996 0.011500 -0.025084 -0.055832 0.021386 -0.003330 0.039334 0.060516 0.099567 -0.085212 -0.073555 0.010783 0.003024 -0.015922 -0.060381 -0.060507 -0.032731 0.012295 -0.058807 -0.092725 0.095441 -0.005598 -0.014321 0.006196
 0.016314 0.000519 0.012402 0.015167 -0.061736 -0.043276 -0.022061 0.052054 0.068985 0.084058 -0.023079 -0.040214 -0.043651 -0.034075 -0.005256 -0.009333 -0.093455 -0.010191 0.016300 -0.096999 -0.081949 -0.031641 0.092995 -0.089528 0.027033 0.094740 0.090843 0.032347 -0.081888 -0.031982 0.048626 0.003618
 0.090126 -0.046399 -0.005360 0.024859 -0.066923 0.011885 0.009275 -0.021612 0.065347 0.006151 -0.030660 -0.031910 -0.095228 -0.074073 -0.097949 0.040999 -0.001123 0.032232 0.038556 0.090879 0.013849 0.083772 0.094211 -0.048121 0.051237 0.091966 0.048265 -0.024640 0.006766 0.055492 -0.070776 -0.036155
 -0.041764 -0.080282 0.020055 -0.096059 -0.057390 0.062959 -0.090717 -0.084808 -0.081653 -0.053684 -0.015525 0.077499 -0.052451 0.063345 -0.014871 0.088792 0.092105 -0.018395 -0.015099 0.019560 0.030135 0.013656 0.075344 -0.060957 -0.072014 0.096330 0.018043 -0.048048 -0.020069 -0.041739 0.014948 -0.021296
 0.040307 -0.067896 0.098513 0.035645 0.058327 0.006205 0.042113 0.042314 -0.022597 0.021554 -0.087411 -0.073720 -0.024479 -0.018712 0.095614 -0.037287 0.056292 -0.064692 0.019882 0.048541 0.041182 0.016824 0.026543 0.040720 -0.065237 -0.034720 -0.089474 -0.016935 -0.098294 0.038422 -0.099297 0.017812
 -0.050240 0.052127 -0.099208 0.084552 -0.024009 -0.070300 -0.028206 -0.059524 -0.091822 0.068290 -0.020989 -0.086543 -0.069083 0.075648 0.083292 0.060107 -0.047382 0.029073 0.009413 0.041109 -0.052742 0.007446 0.023616 -0.098173 0.064463 0.040138 0.078573 -0.002138 -0.072063 0.022723 -0.035044 -0.078846
 0.082430 0.043147 0.087868 0.052622 -0.022851 0.019453 -0.053764 0.036000 0.037792 0.075770 -0.054272 0.062264 -0.028314 0.030389 0.047304 0.085540 0.091205 -0.056932 0.032322 -0.063409 -0.000733 -0.070444 0.069004 -0.046710 0.031527 0.076217 -0.005179 -0.036627 -0.060570 0.086067 0.043639 -0.051470
 -0.087002 0.022558 0.074561 0.035666 0.033759 -0.001487 -0.068753 0.011753 0.042786 0.024630 -0.094532 0.027569 0.013025 0.022632 -0.056765 -0.080892 -0.094374 -0.094492 -0.026296 -0.053246 0.065811 0.032687 0.036495 -0.079371 0.040323 0.095157 0.004551 -0.084067 0.009683 -0.015368 -0.050559 -0.052602
 -0.057907 -0.067945 -0.029941 -0.055725 -0.044081 -0.036164 0.038307 0.074311 0.015727 -0.038944 0.086320 -0.040156 0.084530 -0.038740 0.020541 0.000295 0.070117 -0.081870 -0.075771 -0.057744 -0.054089 0.080682 0.000240 -0.049402 -0.076160 0.005979 -0.073057 -0.080377 -0.067995 0.064719 0.029587 -0.028172
 0.093741 0.098557 -0.077249 0.013958 0.093608 0.045266 0.040902 0.022132 -0.062290 -0.028891 -0.072832 0.001691 0.094307 -0.022218 0.096458 -0.091664 0.079329 -0.088249 0.083919 0.028655 0.042315 0.043323 -0.009107 -0.094418 -0.053426 0.060307 -0.020928 0.077018 -0.050176 -0.099441 0.084295 0.014449
 0.084243 -0.073314 -0.025819 0.084073 -0.010749 -0.064396 0.006842 -0.097658 0.092487 0.054895 0.003060 0.008270 -0.093213 0.067284 -0.091379 -0.086127 0.004858 0.087358 -0.096223 -0.060565 0.017054 -0.051915 0.078825 -0.092875 0.081332 -0.001467 0.015997 0.082142 0.042928 -0.064302 -0.017144 -0.061301
 0.007998 0.089642 0.056435 0.004901 -0.000986 -0.080994 0.092558 -0.018725 -0.009336 -0.042014 -0.084758 0.078646 0.025867 -0.062525 0.061202 -0.091570 0.018856 -0.055741 -0.069248 0.025624 -0.011623 -0.054375 -0.068113 -0.031110 -0.060449 0.018030 0.022638 0.048689 0.034429 -0.083496 -0.085633 -0.060440
 0.032405 -0.021675 -0.093659 -0.076850 0.006135 -0.011057 0.044898 -0.096706 0.032174 -0.090823 0.020232 -0.047396 -0.049583 0.008726 -0.083115 -0.001124 0.024161 -0.057757 -0.036060 -0.099750 0.057885 -0.028330 0.010161 0.033757 0.056938 -0.028629 0.018075 -0.070965 -0.094678 -0.099965 -0.047693 -0.077186
 -0.063428 0.015683 -0.009231 -0.028602 0.019521 0.033371 0.048644 -0.028479 0.048757 -0.019501 0.068037 -0.075341 -0.059445 0.005495 0.017563 -0.045428 -0.048582 -0.061881 -0.024214 -0.073128 -0.095275 0.057976 0.097880 -0.053955 0.099745 0.026952 -0.017662 -0.060352 0.079801 0.099598 0.040300 0.020812
 -0.094473 0.061363 -0.090147 -0.006189 0.095047 0.044183 0.036547 0.048066 -0.090663 -0.067256 -0.053491 -0.030729 0.014929 -0.026626 0.099945 0.027238 0.035442 -0.028205 -0.090031 -0.094733 -0.096580 -0.018329 -0.014194 0.059100 -0.032250 -0.016174 0.024438 -0.091630 -0.071384 0.059333 0.099023 0.015036
 0.024685 -0.076677 0.047892 0.068303 0.019430 0.073171 -0.068984 0.085117 -0.028340 0.094794 -0.076042 -0.057453 0.091318 0.034417 0.001070 -0.046754 -0.020012 -0.098216 -0.088611 0.050392 0.036892 0.010542 0.047310 -0.061918 -0.068371 -0.066084 0.057221 -0.002733 0.074592 -0.050461 -0.014967 -0.044427
 -0.004303 0.097171 -0.067332 -0.010205 0.035018 0.058124 0.053183 0.047248 -0.043854 -0.034101 0.046744 -0.005450 0.066508 -0.031338 0.033556 -0.063816 0.042074 -0.087169 -0.082276 -0.030953 -0.024573 0.047548 0.061282 0.010395 -0.015183 -0.050009 -0.004522 0.033553 -0.040319 -0.029347 0.042050 0.005016
 -0.083898 0.008529 0.096710 0.019320 0.066695 0.011268 0.066646 0.051691 0.070184 -0.052252 -0.037801 0.078788 0.004028 -0.033153 -0.012171 -0.012144 -0.019373 -0.006786 -0.048388 -0.033908 0.056786 -0.082339 0.071623 -0.092047 -0.058828 0.088131 0.059908 0.070571 0.022134 0.010297 -0.042683 -0.017253
 -0.090729 0.056182 -0.016736 0.006970 -0.038121 -0.043512 -0.027423 0.066387 0.044959 -0.093498 -0.071081 0.006285 -0.066919 0.014583 0.054753 -0.066366 0.045380 -0.021078 0.020103 0.024607 0.014900 0.003560 -0.020356 0.020374 0.064478 -0.000861 0.006741 0.045370 -0.033439 0.034299 0.030811 0.047893
]
Total memory size for keys: rot_key_cnt = 290, rot_key_size = 41964111280 bytes, total_key_size = 42192701384 bytes
Total memory size for weight plain: cnt = 4391, size = 10075558648 bytes
RTLib functions         	       Count	      Elapse
--------------------    	    --------	    --------
NN                      	           -	           -
 NN_AVGPOOL              	           4	   34.519740 sec
 NN_CONCAT               	           8	    0.566256 sec
 NN_CONV                 	          26	  240.919452 sec
 NN_FLATTEN              	           1	    0.000537 sec
 NN_GEMM                 	           1	    3.168853 sec
 NN_GLOBAL_AVGPOOL       	           1	    1.938677 sec
 NN_RELU                 	          18	  817.562609 sec
NN                      	   sub total	 1098.676124 sec
FHE                     	           -	           -
 FHE_ADDCC               	        5023	    9.195212 sec
 FHE_ADDCP               	         171	    0.499737 sec
 FHE_MULCC               	         486	    4.487363 sec
 FHE_MULCP               	        4473	    3.283434 sec
 FHE_RELIN               	         486	   72.869466 sec
 FHE_RESCALE             	         977	   38.990423 sec
 FHE_ROTATE              	        2504	  237.014383 sec
FHE                     	   sub total	  366.340017 sec
FINALIZE_CONTEXT        	           1	    0.335745 sec
PREPARE_CONTEXT         	           1	  258.913255 sec
ENCODE_ARRAY            	        4770	   63.915196 sec
ENCODE_VALUE            	         253	    0.155221 sec
NTT                     	      324121	  407.935020 sec
INTT                    	      122779	  161.420065 sec
MAIN_GRAPH              	           1	 1098.676230 sec
 HW_ADD                  	      167766	   12.135251 sec
 HW_MUL                  	      161880	   34.338135 sec
 HW_ROT                  	       14886	    1.234396 sec
 COPY_POLY               	       16700	   19.753983 sec
 EXTEND                  	        1536	   16.770036 sec
 PRECOMP                 	         816	  161.993782 sec
 MOD_DOWN                	        7356	  299.941303 sec
 DECOMP_MODUP            	        5115	  258.422694 sec
 DOT_PROD                	        4512	  112.177020 sec
 MULP                    	       14830	  164.974004 sec
 RESCALE_POLY            	        4008	  100.381294 sec
 COPY_CIPH               	        2320	    1.273111 sec
 INIT_CIPH_SM_SC         	        8184	    1.030225 sec
 INIT_CIPH_UP_SC         	        4959	    1.399416 sec
 INIT_CIPH_DN_SC         	         977	    0.644555 sec
 BOOTSTRAP               	          16	  691.513335 sec
  BS_SETUP                	           1	   25.227579 sec
  BS_KEYGEN               	           1	   23.989076 sec
  BS_EVAL                 	          16	  691.513314 sec
   BS_COEFF_TO_SLOT        	          16	  248.297812 sec
   BS_APPROX_MOD           	          16	  281.254744 sec
   BS_SLOT_TO_COEFF        	          16	  145.267117 sec
  BS_EVAL                 	   sub total	  674.819674 sec
 BOOTSTRAP               	   sub total	  740.729969 sec
 PT_ENCODE               	        4644	   39.392672 sec
MAIN_GRAPH              	   sub total	 1917.375213 sec
expect relative error less than: 0.001000
index: 0, value: 0.028028 != 0.025309, result relative error: 0.107433
expect absolute error less than: 0.000100
index: 0, value: 0.028028 != 0.025309, result absolute error=0.002719
FAILED!

real	22m39.198s
user	20m59.257s
sys	1m35.117s
+ RET=1
+ return 1
