+ '[' -e /usr/bin/time ']'
+ ./resnet20_cifar10_pre.0325
ckks_param: _provider = 0, _poly_degree = 65536, mul_depth = 32, input_lev = 31, _first_mod_size = 60, _scaling_mod_size = 56, _num_q_parts = 3, _num_p = 11, _num_rot_idx = 115,_hamming_weight = 192
input(tensor): [
 -0.048921 -0.058516 0.092752 0.061323 -0.067419 -0.066153 0.059654 0.076113 0.098581 -0.004216 0.035886 0.083739 -0.082122 0.009707 0.056683 -0.080014 -0.007626 0.014419 -0.016276 -0.060141 -0.031866 0.035503 0.019853 -0.066935 -0.006092 -0.056192 -0.029690 -0.046492 -0.096454 0.074462 0.037895 0.014743
 -0.085684 -0.003691 0.021538 -0.075014 0.068225 -0.024627 0.092711 -0.001142 -0.067398 -0.094993 -0.063968 0.007238 0.003905 0.080856 -0.011101 -0.011487 -0.001915 0.052910 0.013886 -0.073903 0.036556 0.059224 -0.097970 0.020483 -0.062273 0.024621 -0.037267 0.080480 0.021568 -0.009231 -0.066931 -0.013706
 -0.096089 -0.099918 -0.025694 0.085699 0.008420 0.046403 0.046032 -0.018717 -0.058564 0.023879 -0.034595 0.053421 -0.054442 -0.045652 -0.038077 0.011364 0.003655 0.062425 0.059429 0.052397 0.028794 -0.014665 -0.046653 0.056026 -0.008427 -0.004872 -0.090159 0.091347 -0.055413 0.092178 0.046202 -0.070917
 -0.043301 0.072097 0.019240 0.082217 0.030169 0.045185 -0.046269 -0.092703 -0.079676 0.068465 0.097338 0.080062 0.015597 -0.038980 -0.074451 -0.027539 0.027150 -0.085197 -0.029157 -0.025479 0.054601 -0.067227 -0.081410 0.068425 0.094959 0.066668 0.044725 0.023089 0.074534 0.047859 -0.079151 -0.024655
 0.040209 -0.056144 0.099429 -0.066381 -0.040524 -0.060837 -0.088658 -0.020118 0.047956 0.025695 -0.057470 0.024254 0.053314 0.086792 -0.052060 -0.081975 -0.022452 0.073948 -0.095266 0.095911 -0.006083 0.056178 0.068204 0.095422 0.079738 0.060227 -0.096076 -0.047351 -0.018951 0.065659 -0.039122 0.026062
 -0.032053 -0.057811 -0.032750 0.034474 0.073502 -0.090364 0.032052 0.002386 -0.067635 -0.003884 0.012424 0.067402 0.008404 0.043908 -0.095413 -0.061300 0.073919 0.073240 0.032830 0.000074 0.067704 -0.005697 -0.050405 -0.007886 0.000309 0.053854 -0.076630 -0.072150 -0.079346 -0.024590 -0.019944 -0.065025
 0.009039 0.020850 -0.078192 0.016485 -0.087964 0.078047 -0.085833 0.074023 -0.079498 -0.097471 0.088586 -0.022125 -0.042931 -0.034513 -0.028825 -0.099520 -0.079465 -0.038760 -0.061293 0.086607 -0.087910 -0.072470 -0.080178 -0.067256 0.011089 0.043334 -0.078513 0.096772 -0.092121 -0.054807 0.075897 -0.050938
 -0.095409 -0.056717 -0.056294 -0.023243 -0.009752 0.024961 0.000683 0.010564 -0.028803 0.030390 -0.014273 0.068129 -0.078201 0.032118 -0.082378 -0.046451 -0.079836 0.025783 -0.026213 -0.037198 0.077819 -0.082835 0.069661 0.082285 -0.056690 -0.002565 -0.052682 0.050031 0.053045 -0.054237 0.067404 0.002899
 0.000205 -0.094292 0.018170 0.031014 0.043513 -0.017732 0.051130 -0.081603 -0.031846 0.092122 -0.002574 0.068514 0.030272 -0.022056 0.060227 0.034268 -0.016974 -0.086904 -0.009888 0.024688 -0.091127 0.033642 -0.056990 -0.055291 0.008607 0.009740 -0.009456 0.050464 0.029628 -0.060973 0.063116 0.047494
 0.010648 -0.075146 0.005475 0.015347 0.027306 -0.008134 0.021730 -0.018168 0.062473 -0.095600 -0.098234 -0.071930 0.091927 -0.005844 -0.094978 -0.060613 0.085115 -0.084592 -0.047929 -0.016705 0.065997 0.036104 -0.023713 -0.024769 -0.012535 -0.077449 -0.089657 0.093099 0.067702 0.005719 0.086571 0.037670
 -0.038131 0.047184 0.072853 -0.000014 -0.030189 -0.089781 0.012243 0.025922 -0.064564 -0.042126 0.074957 -0.023370 0.086056 -0.057376 0.063514 -0.056223 -0.076121 0.090052 -0.090871 -0.024823 -0.097253 -0.083362 -0.057045 -0.075013 -0.016567 -0.092882 0.044865 0.039781 -0.032833 -0.021747 0.086763 0.015626
 -0.016058 0.043114 -0.059140 0.080536 0.066432 0.050504 -0.031669 0.007836 -0.034642 -0.057037 0.054427 -0.012013 -0.031951 -0.088022 -0.029230 0.002843 0.078043 0.049335 0.042402 -0.012397 0.072712 0.020638 -0.025694 -0.017885 0.037952 -0.051863 -0.031561 0.009722 0.086892 0.008185 -0.034995 -0.027499
 0.006517 -0.048556 -0.055823 0.043761 -0.075199 -0.087167 0.029441 0.052212 0.039056 -0.008446 0.033205 -0.095940 0.014012 -0.076592 -0.074479 0.022818 0.046825 -0.080190 0.003172 -0.094548 -0.095852 0.098747 -0.004146 -0.024553 -0.016580 0.089249 0.070193 -0.044285 0.067442 0.078899 0.071109 -0.062049
 -0.090398 -0.040839 0.054081 0.011122 -0.058756 -0.062733 -0.084376 -0.075421 -0.045088 0.036910 -0.077531 -0.096882 -0.090521 -0.007956 0.091282 -0.059892 -0.019269 0.057689 -0.034915 0.065363 0.044283 -0.068847 0.007736 -0.001355 -0.046123 -0.043422 -0.090321 0.088384 0.045640 0.066557 0.027802 -0.018475
 -0.051415 0.057853 0.080091 -0.038155 -0.097351 -0.078488 0.047621 0.093224 -0.052813 0.070518 0.086163 -0.014972 -0.041715 -0.042317 -0.067016 0.081974 -0.057417 -0.038914 -0.097239 0.088938 0.088646 -0.087374 -0.082623 0.013125 -0.013782 -0.054272 -0.026822 0.070980 0.068494 0.010385 -0.062897 0.035186
 0.079566 0.066365 -0.052474 -0.048448 0.071977 -0.070796 -0.095419 -0.039172 0.072357 0.081772 -0.027549 0.064416 0.057710 -0.034314 -0.075004 0.014424 0.007906 0.039623 -0.043798 0.014927 0.003844 -0.090598 0.077511 -0.059282 -0.080836 0.054212 0.024934 -0.054460 -0.089530 0.022991 0.062082 0.065501
 0.089037 -0.079240 -0.001847 0.029463 0.044129 -0.060185 0.064765 0.092979 -0.061380 0.082770 0.009971 -0.026390 0.046819 -0.083832 -0.031727 0.062187 0.096623 0.044722 -0.020612 -0.030577 -0.077199 -0.008105 0.040922 -0.061570 0.002395 -0.089232 -0.080310 0.032593 -0.017907 0.008005 -0.031091 -0.037470
 0.063732 -0.025404 0.065642 -0.042637 -0.091750 0.085309 -0.077545 0.089420 0.043293 0.024977 -0.089254 0.053355 0.032725 -0.007333 0.001084 0.016220 -0.034904 -0.090433 0.021902 0.052924 -0.074485 -0.077415 -0.013896 -0.076469 0.055424 0.082027 0.066737 0.049629 -0.040711 0.074886 0.072416 -0.048394
 0.074527 -0.083576 0.071198 0.042590 0.015155 0.025591 -0.052275 -0.020214 -0.088132 -0.067823 0.018222 -0.052720 0.080171 0.061062 -0.072810 0.045738 -0.074404 -0.006037 -0.066495 -0.084343 0.077961 -0.087991 -0.045998 0.047812 0.084154 -0.042467 -0.066403 0.012983 -0.038970 0.003354 -0.024925 0.066212
 -0.048643 0.085463 0.075634 -0.050233 -0.085831 0.099626 0.024142 -0.000455 0.078929 0.026121 -0.055530 0.035140 0.015057 -0.008300 -0.060393 0.074024 0.021594 0.009535 0.022386 0.076900 -0.004488 -0.087145 0.081358 0.056922 -0.065915 -0.003447 -0.090278 0.020122 -0.076291 -0.044928 0.038897 -0.064429
 -0.083943 0.097149 0.094521 -0.042540 0.037351 -0.059836 0.040725 -0.013483 0.050556 0.026003 -0.054042 0.012492 -0.069196 -0.002891 -0.037307 -0.072567 0.081095 0.059953 -0.017345 0.046841 0.019455 -0.028997 0.089448 -0.074730 -0.096941 -0.030409 -0.046703 -0.052856 -0.012182 0.021454 0.019612 0.024342
 0.051357 -0.066591 0.052701 0.019612 -0.069026 0.050782 0.056712 0.029599 -0.010273 -0.048896 -0.001795 -0.008884 0.026435 0.079457 0.071919 0.069990 0.040644 0.093118 0.017830 0.068183 -0.094032 0.016257 -0.024060 0.062260 0.073269 0.033359 -0.089148 -0.080091 -0.027532 0.086363 -0.040797 0.031171
 -0.028717 -0.009245 0.032135 -0.032717 0.009232 -0.009534 0.038798 0.087569 -0.037888 0.062192 -0.055284 -0.056723 0.034160 0.045655 -0.069163 0.052758 -0.007745 0.044127 0.086745 0.004961 -0.049032 -0.020534 -0.019794 0.004795 0.099198 0.005424 -0.025273 -0.047042 0.081175 0.060266 -0.036067 0.059073
 0.009324 0.041067 0.049840 -0.047790 -0.012806 -0.042553 0.034572 0.016295 0.072175 -0.001171 0.038165 0.068403 0.076914 -0.077141 0.015498 -0.097825 0.033060 0.024955 0.039388 0.026179 0.096185 0.079224 -0.029269 -0.043017 -0.048880 -0.096846 0.022213 -0.087365 0.096866 0.008678 -0.043130 0.078421
 -0.040144 0.058564 -0.093387 0.065096 0.087961 -0.070447 -0.096658 0.083788 0.065991 0.032294 -0.044365 0.084055 0.016000 -0.048416 0.070943 0.011609 0.079967 -0.085928 0.092020 -0.015557 -0.011079 -0.009279 0.024620 0.030413 0.075469 -0.056763 0.011949 -0.061546 -0.007737 -0.030622 0.036179 -0.008776
 -0.010978 -0.020525 0.026465 0.091249 0.049160 -0.053639 -0.077368 0.015647 -0.072125 0.096165 -0.007085 0.038949 -0.015801 -0.010659 0.029670 -0.080916 0.036057 -0.094549 -0.038240 0.005897 -0.034686 -0.082531 -0.007325 0.002898 0.002821 0.022397 0.029052 0.048469 0.028950 0.097906 -0.047705 -0.008074
 0.029856 0.019204 0.005400 -0.056951 0.056127 -0.038938 0.013933 -0.037282 0.003690 -0.055827 -0.029401 0.069229 0.064825 0.030615 -0.050765 -0.067399 0.086237 0.012618 -0.037161 0.027822 -0.062215 0.096512 -0.063876 -0.023845 -0.050638 0.063162 0.011493 0.050033 -0.030419 -0.077065 -0.086157 0.095549
 0.086884 0.087641 -0.025154 0.058158 0.041324 -0.076393 0.018895 -0.011918 0.036224 -0.000009 -0.077895 0.077070 -0.011712 -0.030705 0.097964 -0.084789 0.030223 -0.038341 0.064852 0.060977 -0.078125 0.085229 0.054380 -0.075849 -0.072975 0.021012 0.038460 -0.005821 0.035046 -0.044302 -0.015579 -0.037653
 -0.017215 -0.098062 0.090170 0.065931 -0.054689 -0.077640 -0.041045 0.004380 -0.085859 0.021568 0.085174 -0.032103 0.018939 0.020661 -0.070074 -0.089277 0.073319 0.096507 -0.037152 -0.054183 0.028105 -0.068257 -0.035896 -0.054907 -0.037579 0.005712 -0.046453 0.052817 -0.051744 0.063422 0.006752 0.048124
 0.058864 -0.075793 0.092357 -0.020695 -0.058504 -0.073114 -0.036462 0.061263 0.033072 0.091146 -0.084745 -0.082798 -0.038675 -0.039299 0.048911 0.028581 -0.077921 -0.082305 -0.031081 -0.050874 0.071879 -0.077884 0.065533 0.048750 0.030917 0.079187 -0.031286 0.039044 -0.057484 -0.066493 -0.087193 0.001671
 0.038278 -0.079228 0.037334 -0.043295 -0.008348 -0.034903 -0.058991 0.005498 0.067352 0.065934 -0.099908 0.076689 0.091818 0.075782 -0.039617 0.029935 0.011344 -0.032447 -0.018808 -0.074018 0.087934 -0.017889 0.086278 0.016299 -0.029042 -0.080549 0.049759 0.096798 0.011977 -0.096516 -0.060934 0.007732
 -0.064517 0.042319 0.034460 0.017439 -0.078187 0.044886 0.052607 0.059915 0.085497 0.069089 -0.076144 0.000734 -0.062127 -0.083341 -0.073813 0.079049 0.009582 -0.070759 0.001790 0.087092 0.085052 -0.002265 0.089387 -0.039445 -0.018089 -0.068491 -0.038648 0.000528 0.044682 -0.004409 0.022835 -0.092017
 0.063221 0.056205 -0.096701 -0.094423 0.069645 -0.046229 -0.074117 -0.040914 0.032083 0.053610 -0.093095 -0.091323 -0.040597 0.040506 -0.044233 -0.021986 0.070385 0.038866 -0.072032 -0.008742 0.056993 0.097931 -0.055259 0.091992 0.050711 0.044688 -0.002426 0.096646 0.012879 -0.001895 -0.075062 0.024949
 -0.042771 0.080664 0.033986 -0.010065 0.065154 -0.080744 -0.045708 0.026439 0.044599 -0.082789 -0.070872 0.011088 0.075529 0.020697 -0.087905 -0.070204 0.090042 -0.045624 0.024372 -0.075843 0.080871 0.014390 0.051880 -0.076946 0.024903 -0.027135 0.045355 0.078807 -0.028162 -0.010208 0.061813 -0.000921
 0.037590 -0.009471 -0.097235 0.021687 -0.042302 0.071130 -0.030559 0.080868 0.052437 0.087313 0.042025 -0.035856 0.048242 -0.034323 0.037540 -0.010665 0.066703 0.009121 0.055729 0.097495 -0.086156 0.017754 -0.010384 0.095828 0.082191 -0.032139 0.082837 0.089774 0.058867 0.022590 0.010984 0.030680
 0.025097 0.005333 0.042701 -0.038091 0.047400 0.024808 -0.048511 0.030861 0.014860 0.062906 -0.062222 -0.085228 -0.096718 -0.010873 -0.001254 -0.017018 -0.068564 0.052594 -0.022265 0.059745 -0.013830 -0.026964 0.037735 -0.063920 -0.099375 -0.032011 -0.062031 0.079627 0.064151 -0.042180 -0.086378 -0.073819
 -0.011331 -0.050921 -0.055792 -0.011389 -0.015063 0.048967 0.012555 0.050956 -0.003771 -0.049042 0.087555 0.084497 0.078148 0.083511 -0.013806 0.084830 0.064574 -0.050069 -0.004400 0.090747 0.093785 0.075901 -0.043572 0.081790 0.097520 -0.089716 0.082686 0.068842 0.047773 0.083164 -0.021867 0.008060
 -0.013058 0.092298 0.076536 0.026263 0.019616 -0.020363 -0.074734 -0.068973 -0.050148 0.098899 -0.083000 0.098972 -0.080085 -0.005640 -0.030847 -0.097720 0.076062 0.037240 0.015754 -0.055502 0.057036 -0.030418 -0.003983 -0.029672 0.097646 0.088126 0.019440 0.095037 -0.041578 0.039806 -0.035877 0.043941
 -0.022587 -0.058914 -0.061191 0.028933 0.053641 0.088319 -0.045256 0.078053 0.002578 -0.010217 0.060143 0.086457 0.026938 -0.020381 -0.072074 0.083734 -0.044910 0.072438 -0.045006 -0.080024 0.027327 0.046914 0.028909 -0.078967 -0.092588 0.042224 -0.023955 0.086236 0.091555 0.021722 -0.032869 0.043343
 -0.029159 0.072332 0.027117 -0.056378 0.077371 -0.076398 -0.027950 -0.011671 -0.082610 -0.085649 -0.029356 -0.017653 0.060499 -0.028532 -0.075674 -0.023166 -0.063235 -0.024849 0.092138 -0.027359 -0.079253 0.059695 0.018700 0.023453 0.009746 0.012667 -0.051152 0.081843 0.026847 0.097938 0.022682 0.079027
 -0.052520 -0.019397 0.028509 0.029851 -0.093049 0.026443 0.067303 0.070524 -0.004422 0.056272 0.012310 -0.041628 -0.037033 0.043628 0.040459 0.062852 0.012314 -0.052362 0.014399 -0.048802 0.058128 0.018670 0.082021 -0.041127 -0.092480 0.015743 -0.006565 -0.012062 0.060798 0.017233 -0.035369 -0.054257
 0.027660 0.042694 0.089716 -0.078379 -0.017110 0.066496 -0.015716 0.066527 -0.047509 -0.018193 -0.051753 -0.016593 0.041604 0.049988 -0.077547 -0.062537 -0.045781 -0.008513 -0.083199 0.084995 0.041176 -0.049382 0.066233 0.097173 -0.098920 0.030006 0.019832 0.050197 0.077649 0.090335 -0.050269 -0.050704
 0.091392 -0.041318 0.058051 0.099520 -0.004735 -0.013373 -0.026349 0.006357 -0.025380 0.043175 -0.019274 0.000751 0.018800 -0.065495 -0.019982 -0.057807 -0.072760 -0.013600 0.092746 -0.076601 -0.063904 -0.099326 0.091210 -0.066626 -0.015516 0.079998 0.000225 -0.011312 -0.020671 0.070382 -0.026265 -0.073002
 -0.047712 0.068894 0.033119 -0.079469 0.060251 -0.025062 -0.074531 -0.021797 0.051136 -0.036578 -0.093368 -0.016516 0.078541 0.051827 -0.066507 0.048448 -0.001618 -0.012089 0.038975 0.015533 0.074075 0.009473 0.042989 -0.051694 -0.049428 -0.050994 -0.051779 -0.055062 0.046872 0.026459 -0.097466 0.007854
 0.032687 0.070750 0.042452 -0.089945 0.014500 0.024809 0.025145 -0.026954 -0.012266 -0.094519 -0.037094 0.068123 -0.067255 0.086229 -0.045001 0.091784 0.088825 0.043386 -0.053649 0.037563 0.006904 0.004884 -0.048367 -0.022781 0.088089 0.050456 0.012733 -0.065959 0.049854 -0.079705 -0.038022 0.057268
 -0.053909 0.080702 0.008901 0.013598 -0.074714 0.016414 -0.037447 -0.069698 -0.072074 0.007050 0.077965 -0.054680 0.016827 0.014775 0.034653 0.027547 0.064582 -0.043723 0.063223 0.085519 -0.023954 -0.025346 -0.046686 0.095954 -0.005661 -0.079302 0.040156 -0.051937 -0.029122 -0.045522 -0.098546 0.004517
 0.069536 0.061711 0.033468 0.025688 -0.035537 -0.091469 -0.055096 0.088090 -0.051771 0.025856 -0.099030 -0.030784 0.015601 0.011762 -0.062990 0.040140 0.075150 0.030150 -0.037477 0.043208 -0.074379 0.095197 0.063984 -0.095920 0.082550 0.032550 -0.010128 -0.013955 -0.004992 -0.096084 0.090419 -0.064333
 0.023238 -0.098429 0.003207 0.014487 0.087010 0.049802 -0.056536 -0.058973 0.074538 -0.012677 -0.021869 0.076298 0.089915 -0.073418 0.087187 0.046275 0.027063 0.004770 0.084567 -0.032351 -0.043070 -0.067096 0.036037 0.096706 0.064401 -0.020477 -0.097890 -0.008472 -0.065812 0.083294 -0.083064 0.088459
 -0.070407 0.028538 -0.093873 -0.047073 -0.090556 0.094288 0.004649 -0.062994 0.044938 0.013150 0.008664 0.071924 0.033815 -0.036221 -0.008265 -0.042788 0.014532 0.019013 -0.031902 -0.019164 -0.043217 -0.084433 -0.026255 0.096167 -0.000671 0.045938 -0.048974 -0.017340 0.094236 0.034923 -0.085110 0.029673
 -0.089617 0.044964 0.071688 -0.041511 -0.096401 -0.022846 0.085941 -0.092370 -0.006621 -0.009808 0.010655 0.075380 0.084292 -0.058110 -0.025830 0.089524 -0.044062 -0.074355 -0.059398 -0.000187 -0.098511 0.029181 -0.049849 0.084952 -0.051626 -0.050736 0.000050 -0.040559 0.009640 0.035409 0.038572 0.028442
 -0.005232 -0.070643 0.024926 -0.057683 0.016194 0.086816 -0.043701 0.017980 0.080129 0.091024 -0.039482 -0.052847 0.033610 0.093689 -0.029625 0.041501 0.043672 -0.026761 0.013019 0.010381 0.061298 0.006925 0.052534 -0.019585 -0.052616 0.022987 -0.052074 0.004318 -0.043631 0.013729 -0.055771 -0.067539
 0.023962 -0.051465 -0.022003 0.066529 -0.070359 0.047086 -0.061027 0.089328 -0.042005 0.035331 -0.024480 -0.026121 0.014417 -0.058787 -0.080503 0.068505 0.036190 -0.023964 -0.094375 0.018305 0.045538 -0.037555 0.037509 -0.071273 -0.084754 -0.074840 0.094770 0.073247 0.095650 0.081948 -0.007945 -0.083616
 -0.011100 -0.099649 -0.030792 0.090681 0.048768 -0.057915 0.064089 0.045280 -0.034619 0.018965 0.074780 -0.025221 0.073696 0.038633 -0.028030 0.065555 0.003856 -0.079926 -0.061136 0.070555 -0.061859 0.009113 0.078577 -0.027454 -0.072007 0.009499 -0.097157 0.027183 -0.049401 0.093984 0.098593 -0.018077
 -0.005623 -0.046209 0.051864 0.006805 -0.089172 0.023529 -0.020145 -0.093848 0.045578 -0.054694 -0.020956 -0.045422 -0.003407 -0.068250 -0.026635 0.095482 -0.017491 -0.001294 -0.007799 -0.051977 0.093212 0.082627 -0.088405 -0.075092 0.012649 -0.067800 0.058159 -0.007916 -0.082146 0.018900 0.000326 0.099575
 0.099789 0.093728 0.032956 -0.022545 -0.032428 -0.070849 -0.053461 -0.018789 0.028359 0.075487 -0.094271 -0.067064 0.082291 0.046003 -0.081336 -0.064160 -0.052847 -0.001395 -0.066359 0.021174 -0.009904 -0.088013 0.050096 0.034367 -0.034839 -0.017302 -0.037074 0.016709 -0.001165 0.026034 -0.070393 0.006806
 0.047914 0.014653 -0.001668 -0.087474 0.071503 0.016835 0.048560 0.085975 -0.067160 -0.088493 0.013046 0.007510 0.022839 -0.032317 -0.043141 0.070792 -0.087965 -0.047691 0.016957 0.072347 -0.000081 -0.087726 -0.096405 -0.041425 0.070824 0.033303 0.080553 -0.017261 0.097379 0.070235 0.050991 -0.086568
 0.018491 0.005760 0.076094 -0.054491 0.010036 -0.058118 -0.069661 -0.004251 -0.053734 0.073913 -0.091578 -0.071671 -0.027050 0.081537 0.025546 0.049759 0.044741 0.004918 0.050526 -0.042095 -0.010957 0.017836 -0.077397 -0.064423 0.011131 -0.083344 0.098055 -0.060909 -0.087994 0.090587 -0.047540 0.034710
 0.032603 -0.076741 -0.096564 -0.006014 -0.034569 0.084675 0.083186 0.067044 0.081635 0.040573 -0.073729 -0.068637 0.034050 0.056825 0.014262 0.045441 0.026421 0.016824 0.044935 -0.067985 -0.075890 -0.091471 0.019371 -0.050195 -0.036302 0.042429 -0.052941 -0.060114 -0.041411 -0.089185 0.030241 -0.028878
 -0.068776 -0.096358 -0.082796 0.050567 0.078343 -0.094395 0.035515 -0.064111 -0.069376 -0.010671 0.006358 0.066487 0.079236 0.035048 -0.023357 -0.027327 0.073408 -0.057322 -0.002851 0.011479 0.079942 -0.070334 0.032859 0.080926 -0.040072 -0.011356 -0.068047 -0.011560 -0.069333 -0.063053 -0.016335 -0.039873
 -0.023361 0.033806 -0.068305 -0.061995 -0.053207 -0.068359 0.062448 -0.007896 -0.026302 -0.081935 0.003845 -0.019270 -0.096802 0.068456 0.096023 0.092774 0.069622 0.000886 0.038291 0.006041 0.086124 -0.065578 -0.098831 -0.037421 -0.021291 -0.023045 0.045834 -0.098107 -0.099837 -0.039030 0.085464 -0.006800
 0.045504 -0.093074 0.083935 0.075320 -0.021759 -0.072963 -0.075693 0.050817 0.068486 -0.096308 -0.076196 -0.005488 -0.078424 0.093633 0.095177 0.084015 -0.048800 0.018586 -0.031196 0.033866 -0.026062 -0.044638 0.046465 0.048313 -0.070362 0.045662 -0.018455 -0.003065 0.058478 -0.006672 0.037373 0.061732
 0.036067 -0.096804 0.055218 0.072254 -0.032172 -0.096753 -0.003117 0.053995 -0.041231 0.008023 -0.069655 0.010429 0.015104 0.029125 0.085306 0.067154 0.084870 0.057794 0.078272 -0.021323 -0.001745 -0.065331 -0.053782 0.044914 -0.003915 -0.012470 0.053683 0.035305 -0.027814 0.014025 -0.008571 0.002550
 -0.035375 0.016908 0.022301 -0.087994 0.063080 0.004474 -0.012632 0.041929 -0.080749 -0.096378 -0.080663 -0.030240 0.029527 -0.093061 0.062457 0.060719 -0.031741 0.050456 -0.023889 -0.008932 -0.011266 0.074849 0.049668 0.036614 -0.005670 0.064274 0.066724 -0.045907 0.059362 -0.023450 -0.047502 0.096819
 -0.061842 -0.085231 0.011283 -0.008101 -0.001659 -0.003428 -0.032684 -0.068561 0.045647 -0.008415 -0.078497 0.018727 0.039891 0.071919 0.069285 -0.070707 0.097892 -0.003848 -0.056605 -0.014144 -0.008149 0.039030 -0.070199 -0.078447 -0.044392 -0.041328 -0.021090 0.045252 -0.003382 -0.005323 0.046853 0.071265
 -0.019083 0.059373 -0.053402 -0.011873 -0.052447 -0.024550 0.007354 0.070458 -0.095061 0.032137 -0.057852 -0.016568 0.043474 -0.066053 -0.047523 -0.038430 0.072455 0.079022 -0.036912 -0.028422 0.048597 -0.088934 -0.015406 0.051531 0.051543 0.095115 0.028502 -0.004326 0.035615 -0.026749 -0.099547 0.036875
 0.081373 0.005997 -0.092374 -0.071693 -0.020789 -0.067690 -0.085689 0.026679 0.020520 0.018375 0.012212 -0.051803 -0.002885 -0.004976 -0.035769 0.078383 -0.005609 -0.010546 -0.016098 0.069612 0.049357 0.084426 -0.070463 0.080413 0.057504 -0.061205 0.034993 0.098838 0.053751 -0.034057 -0.075613 0.026927
 -0.064049 -0.075493 -0.084379 0.059943 0.070835 -0.064506 -0.088578 -0.069917 0.082555 0.036937 0.029854 0.072796 -0.093883 -0.004360 -0.007994 -0.093882 0.051271 0.091393 -0.066347 -0.075586 0.012677 0.088274 -0.044077 -0.088100 -0.085175 -0.084079 -0.030859 0.077847 0.015639 -0.048758 -0.069232 0.032426
 0.049538 0.042955 0.036696 -0.035853 0.048306 0.067846 -0.067733 -0.004629 -0.090008 -0.044753 0.075276 0.018232 0.041424 0.003187 -0.074234 0.090649 0.026424 0.070807 -0.020730 -0.096981 -0.056250 0.054211 0.004652 0.040419 0.068527 0.007860 -0.057608 -0.033754 0.033565 -0.019454 0.076932 -0.056887
 -0.095182 0.051884 -0.013567 0.061716 0.059757 0.001705 0.023799 -0.049564 -0.062004 0.047572 -0.048955 -0.093042 0.051543 -0.033507 0.076076 -0.052051 0.059403 -0.010442 0.017514 0.034152 -0.054767 -0.056615 0.001308 -0.040259 0.089109 -0.001531 0.070418 0.032729 0.032177 -0.094815 -0.076461 -0.086883
 0.027194 -0.093904 0.061437 -0.000127 -0.083861 -0.057261 -0.041566 0.084662 0.048825 0.088898 -0.068629 -0.032601 0.013622 0.049775 0.016883 0.088382 -0.065749 0.050509 -0.018172 0.076630 0.067699 -0.015206 -0.001405 0.067926 -0.016691 -0.092969 -0.022624 0.053959 0.009834 0.064408 -0.070371 -0.044135
 -0.073933 0.058623 -0.011974 0.038339 -0.098849 0.083087 -0.094553 -0.065700 0.031408 -0.004771 0.009684 -0.087386 0.033239 0.083492 -0.008215 -0.034461 0.026451 0.057373 0.029422 0.046683 -0.045347 0.045696 -0.012614 -0.008580 -0.006105 -0.015051 0.050536 0.084266 -0.012696 0.002631 0.092763 -0.058918
 -0.056521 -0.006562 0.041421 0.075830 -0.022882 -0.063492 -0.063897 -0.007041 -0.065325 0.006331 0.013241 0.042088 0.019629 0.094914 -0.099155 -0.025142 0.089184 0.097478 0.002358 0.073981 -0.024988 0.037572 -0.000729 0.063066 -0.019648 0.043732 -0.056869 0.027853 -0.049412 0.006471 -0.075240 0.037800
 0.086010 -0.068341 -0.068315 -0.028570 0.033063 -0.075402 -0.005919 -0.020192 0.044664 -0.077964 -0.064911 -0.057902 -0.047663 -0.063830 0.012515 0.069466 0.063563 -0.063309 0.053226 0.071829 -0.019660 0.028405 0.023055 0.059205 0.051399 -0.017987 0.060268 -0.045878 -0.073297 -0.006177 0.065784 0.077926
 -0.017572 -0.002193 0.061254 -0.084936 -0.054473 -0.051120 0.025262 -0.068193 0.089063 -0.034870 0.041670 -0.098501 0.091467 0.062177 0.034122 -0.068796 -0.070480 0.026730 -0.028372 -0.059778 -0.060765 -0.064361 -0.083204 0.053192 -0.049683 -0.003200 0.051048 0.028678 -0.025232 -0.056400 0.077241 0.023184
 -0.057906 0.096797 -0.094005 -0.047026 0.014102 -0.044144 0.047751 0.092675 -0.086644 0.044035 0.037584 0.022293 0.026284 -0.023887 0.078132 0.027607 0.026418 0.075787 -0.016809 0.061993 0.036996 0.077290 -0.067474 -0.071580 0.053833 0.041662 -0.062688 -0.072395 -0.097454 0.068018 -0.002223 0.043429
 -0.030292 -0.093016 -0.008791 -0.005569 0.066579 0.042607 0.042168 0.059966 0.066153 -0.001235 -0.089025 0.079636 -0.074478 -0.045159 0.065143 0.069859 -0.093855 -0.024877 -0.020334 -0.089819 0.017312 -0.041313 -0.021987 0.019282 -0.025070 0.000991 -0.096397 0.067268 -0.083367 -0.058571 -0.018712 0.026285
 -0.074149 -0.031333 0.017891 -0.092652 -0.019842 -0.037882 -0.011097 -0.074386 0.045294 -0.076901 0.000751 -0.089929 -0.005603 -0.090452 0.065851 -0.044969 -0.066418 -0.053768 -0.061028 -0.044493 -0.067095 -0.019709 -0.064863 0.046166 -0.096888 0.003461 -0.097987 -0.026571 -0.078547 -0.030842 0.012861 0.079248
 0.059164 0.061793 -0.041753 0.060536 -0.014710 0.065531 0.077596 0.070023 0.098597 -0.025398 0.011667 0.084619 0.018767 0.078311 -0.098805 -0.094755 -0.030864 0.052978 -0.005471 0.003654 0.092424 0.080770 0.007466 0.035506 0.059783 0.041179 0.033289 0.036362 0.012466 0.068918 -0.095036 -0.037759
 0.021010 0.062614 0.013505 0.033184 0.069740 -0.026340 -0.093407 -0.021053 -0.025483 0.008117 -0.071902 0.042037 0.091939 0.049695 0.029322 0.017938 -0.034793 -0.014302 -0.073944 -0.092176 -0.003236 -0.095651 0.030911 0.061774 0.030577 0.018247 0.039616 0.036967 -0.073902 -0.070672 -0.072051 -0.014090
 -0.099599 0.090574 -0.008392 -0.009832 -0.009680 0.066429 -0.048516 -0.062692 0.081576 -0.068718 -0.032025 0.060006 -0.071338 0.006033 -0.070230 -0.076961 -0.042927 0.043639 0.019839 -0.058662 -0.005298 -0.088347 -0.089169 -0.049310 0.046734 0.092469 -0.047423 0.036582 0.078176 0.067568 0.004670 -0.059162
 0.038726 -0.065366 -0.062197 0.083682 -0.019794 -0.074083 -0.033607 -0.011270 -0.041852 0.026707 -0.038323 0.086604 0.033891 0.099710 0.088736 -0.049542 -0.089169 0.098146 0.027652 0.054161 -0.061051 0.082275 -0.094184 0.042368 -0.076604 0.082052 0.069044 -0.022096 -0.077997 0.045540 0.068473 0.008244
 0.088888 0.008614 -0.051079 -0.081033 -0.078522 -0.030818 -0.000781 0.039564 0.065416 -0.051155 0.099489 0.057189 0.057701 -0.035281 0.014030 0.054130 0.054144 0.052630 -0.061149 -0.082479 0.074409 0.035450 0.029110 0.028732 0.050749 -0.018913 0.022133 -0.088756 0.031091 -0.003756 -0.007758 0.015995
 -0.074574 0.090578 -0.046891 -0.093842 -0.024403 -0.014275 0.054682 -0.000294 0.051236 0.086512 -0.079761 0.024952 -0.033152 -0.035342 -0.084542 0.006859 0.097418 0.009273 -0.030881 0.090375 0.065487 -0.036659 -0.031425 -0.007845 0.078813 -0.056364 0.046022 0.060774 0.014376 0.012331 0.015186 0.093084
 -0.021495 0.055792 0.084155 0.072350 0.065024 0.079430 0.017784 -0.034612 0.058399 -0.061773 -0.015807 0.034832 0.003605 -0.040715 0.027366 -0.072225 -0.067174 -0.078496 -0.050438 0.024986 0.039095 -0.095706 -0.044911 0.019010 -0.051764 0.048873 -0.011385 0.024745 -0.071404 0.063775 -0.067014 -0.097954
 0.006563 0.044025 -0.008841 -0.082770 -0.006920 0.075942 -0.069323 0.013551 0.031060 0.038905 -0.043203 -0.078281 0.006035 -0.066741 -0.080284 0.017964 0.055333 0.031914 0.088992 -0.030078 -0.095700 -0.067278 0.037953 0.047971 -0.041941 -0.085466 0.086125 0.076925 -0.010524 0.013566 0.075095 0.089537
 0.074840 0.072234 0.095259 0.031617 -0.021572 -0.099562 -0.052332 -0.042473 0.007325 0.043445 0.001229 0.078579 -0.044698 0.084076 0.023569 0.028367 0.043153 -0.018224 0.035713 -0.053488 -0.031456 -0.068327 -0.012422 -0.089576 -0.024321 -0.010863 0.004074 -0.062669 -0.037421 -0.037714 -0.056714 -0.011741
 0.015911 -0.098011 0.040016 0.099095 -0.052668 0.056375 -0.018731 0.062404 -0.020226 0.078355 0.026531 -0.037914 -0.039662 0.026129 -0.063130 0.062878 0.018695 0.023129 0.046371 -0.007930 0.084321 -0.017674 -0.050609 -0.033334 0.031399 0.070147 0.013724 -0.051277 0.038599 0.022889 0.064632 0.090614
 0.047053 0.087402 -0.082184 -0.068872 -0.084913 0.000954 -0.085513 0.062736 -0.068612 0.099004 0.097190 -0.058490 0.034900 -0.073458 -0.037907 0.012331 -0.087451 0.097189 -0.056727 0.041353 -0.056681 -0.070316 0.029616 -0.059426 -0.095273 -0.080709 0.004598 -0.067476 -0.089173 0.036895 -0.003556 -0.014203
 -0.065495 0.054309 -0.061158 0.008192 0.070115 0.067288 0.039970 -0.071841 0.034856 0.002885 0.049287 0.005582 -0.086059 -0.052320 0.052608 -0.048161 0.070437 -0.058844 -0.098146 -0.058566 -0.064384 0.034742 -0.085678 0.095772 -0.079990 0.022252 0.091042 -0.035473 0.063431 -0.060385 -0.043824 -0.066063
 0.078852 -0.012040 0.025583 0.069550 0.063267 0.086942 0.027486 -0.070013 0.041316 0.008577 0.014249 -0.000434 0.027294 0.092007 -0.088546 0.080653 -0.039152 0.004745 0.048938 0.059445 0.074072 -0.026105 0.045310 -0.009819 -0.067422 -0.075031 -0.002348 0.082047 -0.001635 0.050237 0.034638 -0.006369
 -0.061600 -0.071231 0.024794 -0.015525 -0.042130 0.056824 0.028930 -0.006735 0.084362 0.078130 0.040390 -0.065952 -0.055043 0.075429 0.022758 -0.071569 -0.035808 -0.099153 -0.091096 0.037752 -0.059726 0.023708 -0.070243 -0.042257 0.002161 0.072015 0.001874 -0.009053 0.077389 0.047588 -0.071480 -0.067286
 -0.036144 -0.075440 -0.016541 -0.083628 0.059650 0.067145 -0.093172 0.008274 0.030295 -0.002350 0.043817 -0.068568 -0.014147 0.059996 0.072195 0.089548 0.051457 0.067232 -0.092802 0.080415 0.072518 -0.075197 -0.071165 0.009933 -0.029355 0.093732 -0.092084 0.079639 -0.098031 -0.027259 -0.002196 0.044440
 0.038017 -0.082718 -0.040389 0.012821 -0.025661 -0.079719 -0.084334 0.027430 -0.052497 -0.044011 0.092703 -0.024401 -0.024319 -0.028048 0.094504 -0.014050 -0.011970 -0.040210 0.000904 -0.076505 -0.050237 -0.023109 -0.058818 0.029753 0.086388 -0.066061 -0.004954 -0.099419 -0.086617 0.012462 0.009763 -0.059145
 -0.068208 0.048121 -0.043184 0.089853 -0.017178 -0.022369 0.028754 0.081408 -0.017874 -0.033532 -0.028817 0.027279 0.048384 -0.087859 0.094536 0.061387 0.087314 -0.088889 0.000099 0.067804 0.051068 -0.062911 0.012839 -0.084467 -0.063606 0.043360 0.081554 -0.044856 -0.038500 0.045945 -0.035492 0.023200
 0.078995 0.074600 0.002603 -0.084460 -0.066844 -0.022391 0.097058 0.064795 -0.013339 -0.008508 -0.077349 -0.011171 -0.047977 0.001321 0.017990 -0.038962 -0.063322 0.099475 -0.038853 0.023379 -0.093041 -0.011179 0.024066 0.099440 -0.012375 -0.032737 -0.089546 -0.004492 -0.065724 -0.090243 -0.013311 0.022522
 0.039833 0.087629 0.003866 0.091719 0.010954 -0.095893 0.096515 -0.008614 -0.050617 -0.018196 -0.024797 0.020191 0.079538 -0.017918 -0.028304 0.069229 -0.048790 -0.048398 0.068626 0.090978 -0.059580 0.019719 -0.076966 -0.082003 -0.061891 0.015530 -0.010464 -0.098079 -0.087560 0.050598 -0.051485 0.009800
]
Total memory size for keys: rot_key_cnt = 145, rot_key_size = 20069794520 bytes, total_key_size = 20288947440 bytes
Total memory size for weight plain: cnt = 3330, size = 8425547920 bytes
RTLib functions         	       Count	      Elapse
--------------------    	    --------	    --------
NN                      	           -	           -
 NN_ADD                  	           9	    0.001930 sec
 NN_CONV                 	          21	  107.051099 sec
 NN_FLATTEN              	           1	    0.000979 sec
 NN_GEMM                 	           1	    1.227228 sec
 NN_GLOBAL_AVGPOOL       	           1	    1.356735 sec
 NN_RELU                 	          19	  825.801540 sec
NN                      	   sub total	  935.439510 sec
FHE                     	           -	           -
 FHE_ADDCC               	        3961	    7.205379 sec
 FHE_ADDCP               	         174	    0.511657 sec
 FHE_MULCC               	         513	    4.566226 sec
 FHE_MULCP               	        3423	    3.137510 sec
 FHE_RELIN               	         513	   71.611129 sec
 FHE_RESCALE             	        1008	   38.774007 sec
 FHE_ROTATE              	         749	   76.732093 sec
FHE                     	   sub total	  202.538000 sec
FINALIZE_CONTEXT        	           1	    0.335878 sec
PREPARE_CONTEXT         	           1	  133.968817 sec
ENCODE_ARRAY            	        3709	   53.787522 sec
ENCODE_VALUE            	         267	    0.155819 sec
NTT                     	      255077	  308.407530 sec
INTT                    	       75037	  100.462713 sec
MAIN_GRAPH              	           1	  935.439634 sec
 HW_ADD                  	      103763	    7.740359 sec
 HW_MUL                  	      103328	   20.038700 sec
 HW_ROT                  	        6020	    0.483676 sec
 COPY_POLY               	       10194	   16.929938 sec
 EXTEND                  	        1632	   17.218449 sec
 PRECOMP                 	         867	  168.313179 sec
 MOD_DOWN                	        3986	  204.476127 sec
 DECOMP_MODUP            	        3603	  218.025929 sec
 DOT_PROD                	        4794	  114.213634 sec
 MULP                    	       15267	  133.083516 sec
 RESCALE_POLY            	        4195	   99.605873 sec
 COPY_CIPH               	         605	    0.670954 sec
 INIT_CIPH_SM_SC         	        5397	    0.787557 sec
 INIT_CIPH_UP_SC         	        3936	    1.226035 sec
 INIT_CIPH_DN_SC         	        1008	    0.655220 sec
 BOOTSTRAP               	          17	  700.945593 sec
  BS_SETUP                	           1	   23.304332 sec
  BS_KEYGEN               	           1	   22.562055 sec
  BS_EVAL                 	          17	  700.945574 sec
   BS_COEFF_TO_SLOT        	          17	  248.985132 sec
   BS_APPROX_MOD           	          17	  289.056737 sec
   BS_SLOT_TO_COEFF        	          17	  146.157218 sec
  BS_EVAL                 	   sub total	  684.199087 sec
 BOOTSTRAP               	   sub total	  746.811961 sec
 PT_ENCODE               	        3597	   31.147440 sec
MAIN_GRAPH              	   sub total	 1735.562179 sec
expect relative error less than: 0.001000
index: 3, value: 5.030310 != 4.733109, result relative error: 0.062792
expect absolute error less than: 0.000100
index: 0, value: 0.135158 != -1.065799, result absolute error=1.200957
FAILED!

real	17m50.372s
user	16m29.786s
sys	1m16.519s
+ RET=1
+ return 1
