+ export RTLIB_TIMING_OUTPUT=-
+ RTLIB_TIMING_OUTPUT=-
+ export OMP_NUM_THREADS=1
+ OMP_NUM_THREADS=1
+ export RTLIB_BTS_EVEN_POLY=1
+ RTLIB_BTS_EVEN_POLY=1
+ TEST=resnet18_imagenet
+ ID=ace
++ pwd
+ WRK_DIR=/app/release
+ VEC_OPT=-VEC:ms=32768:gemmf:convf:ssf:conv_parl:sharding:rtt
+ SIHE_OPT=-SIHE:relu_vr_def=100:rtt
+ CKKS_OPT=-CKKS:hw=192:q0=60:sf=56:N=65536:icl=4:pots:rtt
+ POLY_OPT=-POLY:rtt
+ P2C_OPT=-P2C:df=/app/release/resnet18_imagenet.ace.bin:fp
+ timed_run ./driver/fhe_cmplr -VEC:ms=32768:gemmf:convf:ssf:conv_parl:sharding:rtt -SIHE:relu_vr_def=100:rtt -CKKS:hw=192:q0=60:sf=56:N=65536:icl=4:pots:rtt -POLY:rtt -P2C:df=/app/release/resnet18_imagenet.ace.bin:fp ../metak/resnet18_imagenet.onnx
+ '[' -e /usr/bin/time ']'
+ /usr/bin/time ./driver/fhe_cmplr -VEC:ms=32768:gemmf:convf:ssf:conv_parl:sharding:rtt -SIHE:relu_vr_def=100:rtt -CKKS:hw=192:q0=60:sf=56:N=65536:icl=4:pots:rtt -POLY:rtt -P2C:df=/app/release/resnet18_imagenet.ace.bin:fp ../metak/resnet18_imagenet.onnx
/app/nn-addon/onnx2air/src/air_stmt.cxx:862: Assertion Failure: Fix rtype for New_una_arith.
/app/nn-addon/onnx2air/src/air_stmt.cxx:862: Assertion Failure: Fix rtype for New_una_arith.
/app/air-infra/base/src/node.cxx:534: Assertion Failure: Do not call this API to change rtype.
/app/air-infra/base/src/node.cxx:534: Assertion Failure: Do not call this API to change rtype.
/app/air-infra/base/src/node.cxx:524: Assertion Failure: Do not call this API to change rtype.
/app/air-infra/base/src/node.cxx:524: Assertion Failure: Do not call this API to change rtype.
/app/air-infra/base/src/node.cxx:534: Assertion Failure: Do not call this API to change rtype.
/app/air-infra/base/src/node.cxx:534: Assertion Failure: Do not call this API to change rtype.
/app/air-infra/base/src/node.cxx:524: Assertion Failure: Do not call this API to change rtype.
/app/air-infra/base/src/node.cxx:524: Assertion Failure: Do not call this API to change rtype.
/app/air-infra/base/src/node.cxx:534: Assertion Failure: Do not call this API to change rtype.
/app/air-infra/base/src/node.cxx:534: Assertion Failure: Do not call this API to change rtype.
/app/air-infra/base/src/node.cxx:524: Assertion Failure: Do not call this API to change rtype.
/app/air-infra/base/src/node.cxx:524: Assertion Failure: Do not call this API to change rtype.
/app/air-infra/base/src/node.cxx:534: Assertion Failure: Do not call this API to change rtype.
/app/air-infra/base/src/node.cxx:534: Assertion Failure: Do not call this API to change rtype.
/app/air-infra/base/src/node.cxx:524: Assertion Failure: Do not call this API to change rtype.
/app/air-infra/base/src/node.cxx:524: Assertion Failure: Do not call this API to change rtype.
/app/air-infra/base/src/node.cxx:534: Assertion Failure: Do not call this API to change rtype.
/app/air-infra/base/src/node.cxx:534: Assertion Failure: Do not call this API to change rtype.
/app/air-infra/base/src/node.cxx:524: Assertion Failure: Do not call this API to change rtype.
/app/air-infra/base/src/node.cxx:524: Assertion Failure: Do not call this API to change rtype.
/app/air-infra/base/src/node.cxx:534: Assertion Failure: Do not call this API to change rtype.
/app/air-infra/base/src/node.cxx:534: Assertion Failure: Do not call this API to change rtype.
/app/air-infra/base/src/node.cxx:524: Assertion Failure: Do not call this API to change rtype.
/app/air-infra/base/src/node.cxx:524: Assertion Failure: Do not call this API to change rtype.
/app/air-infra/base/src/node.cxx:534: Assertion Failure: Do not call this API to change rtype.
/app/air-infra/base/src/node.cxx:534: Assertion Failure: Do not call this API to change rtype.
/app/air-infra/base/src/node.cxx:524: Assertion Failure: Do not call this API to change rtype.
/app/air-infra/base/src/node.cxx:524: Assertion Failure: Do not call this API to change rtype.
/app/air-infra/base/src/node.cxx:534: Assertion Failure: Do not call this API to change rtype.
/app/air-infra/base/src/node.cxx:534: Assertion Failure: Do not call this API to change rtype.
/app/air-infra/base/src/node.cxx:524: Assertion Failure: Do not call this API to change rtype.
/app/air-infra/base/src/node.cxx:524: Assertion Failure: Do not call this API to change rtype.
/app/air-infra/base/src/node.cxx:534: Assertion Failure: Do not call this API to change rtype.
/app/air-infra/base/src/node.cxx:534: Assertion Failure: Do not call this API to change rtype.
/app/air-infra/base/src/node.cxx:524: Assertion Failure: Do not call this API to change rtype.
/app/air-infra/base/src/node.cxx:524: Assertion Failure: Do not call this API to change rtype.
/app/air-infra/base/src/node.cxx:534: Assertion Failure: Do not call this API to change rtype.
/app/air-infra/base/src/node.cxx:534: Assertion Failure: Do not call this API to change rtype.
/app/air-infra/base/src/node.cxx:524: Assertion Failure: Do not call this API to change rtype.
/app/air-infra/base/src/node.cxx:524: Assertion Failure: Do not call this API to change rtype.
/app/air-infra/base/src/node.cxx:534: Assertion Failure: Do not call this API to change rtype.
/app/air-infra/base/src/node.cxx:534: Assertion Failure: Do not call this API to change rtype.
/app/air-infra/base/src/node.cxx:524: Assertion Failure: Do not call this API to change rtype.
/app/air-infra/base/src/node.cxx:524: Assertion Failure: Do not call this API to change rtype.
/app/air-infra/base/src/node.cxx:534: Assertion Failure: Do not call this API to change rtype.
/app/air-infra/base/src/node.cxx:534: Assertion Failure: Do not call this API to change rtype.
/app/air-infra/base/src/node.cxx:524: Assertion Failure: Do not call this API to change rtype.
/app/air-infra/base/src/node.cxx:524: Assertion Failure: Do not call this API to change rtype.
/app/air-infra/base/src/node.cxx:534: Assertion Failure: Do not call this API to change rtype.
/app/air-infra/base/src/node.cxx:534: Assertion Failure: Do not call this API to change rtype.
/app/air-infra/base/src/node.cxx:524: Assertion Failure: Do not call this API to change rtype.
/app/air-infra/base/src/node.cxx:524: Assertion Failure: Do not call this API to change rtype.
/app/air-infra/base/src/node.cxx:534: Assertion Failure: Do not call this API to change rtype.
/app/air-infra/base/src/node.cxx:534: Assertion Failure: Do not call this API to change rtype.
/app/air-infra/base/src/node.cxx:524: Assertion Failure: Do not call this API to change rtype.
/app/air-infra/base/src/node.cxx:524: Assertion Failure: Do not call this API to change rtype.
/app/air-infra/base/src/node.cxx:534: Assertion Failure: Do not call this API to change rtype.
/app/air-infra/base/src/node.cxx:534: Assertion Failure: Do not call this API to change rtype.
/app/air-infra/base/src/node.cxx:524: Assertion Failure: Do not call this API to change rtype.
/app/air-infra/base/src/node.cxx:524: Assertion Failure: Do not call this API to change rtype.
/app/air-infra/base/src/node.cxx:534: Assertion Failure: Do not call this API to change rtype.
/app/air-infra/base/src/node.cxx:534: Assertion Failure: Do not call this API to change rtype.
/app/air-infra/base/src/node.cxx:524: Assertion Failure: Do not call this API to change rtype.
/app/air-infra/base/src/node.cxx:524: Assertion Failure: Do not call this API to change rtype.
/app/air-infra/base/src/node.cxx:534: Assertion Failure: Do not call this API to change rtype.
/app/air-infra/base/src/node.cxx:534: Assertion Failure: Do not call this API to change rtype.
/app/air-infra/base/src/node.cxx:524: Assertion Failure: Do not call this API to change rtype.
/app/air-infra/base/src/node.cxx:524: Assertion Failure: Do not call this API to change rtype.
/app/air-infra/base/src/node.cxx:534: Assertion Failure: Do not call this API to change rtype.
/app/air-infra/base/src/node.cxx:534: Assertion Failure: Do not call this API to change rtype.
/app/air-infra/base/src/node.cxx:524: Assertion Failure: Do not call this API to change rtype.
/app/air-infra/base/src/node.cxx:524: Assertion Failure: Do not call this API to change rtype.
/app/air-infra/base/src/node.cxx:534: Assertion Failure: Do not call this API to change rtype.
/app/air-infra/base/src/node.cxx:534: Assertion Failure: Do not call this API to change rtype.
/app/air-infra/base/src/node.cxx:524: Assertion Failure: Do not call this API to change rtype.
/app/air-infra/base/src/node.cxx:524: Assertion Failure: Do not call this API to change rtype.
/app/air-infra/base/src/node.cxx:534: Assertion Failure: Do not call this API to change rtype.
/app/air-infra/base/src/node.cxx:534: Assertion Failure: Do not call this API to change rtype.
/app/air-infra/base/src/node.cxx:524: Assertion Failure: Do not call this API to change rtype.
/app/air-infra/base/src/node.cxx:524: Assertion Failure: Do not call this API to change rtype.
/app/air-infra/base/src/node.cxx:534: Assertion Failure: Do not call this API to change rtype.
/app/air-infra/base/src/node.cxx:534: Assertion Failure: Do not call this API to change rtype.
/app/air-infra/base/src/node.cxx:524: Assertion Failure: Do not call this API to change rtype.
/app/air-infra/base/src/node.cxx:524: Assertion Failure: Do not call this API to change rtype.
/app/air-infra/base/src/node.cxx:534: Assertion Failure: Do not call this API to change rtype.
/app/air-infra/base/src/node.cxx:534: Assertion Failure: Do not call this API to change rtype.
/app/air-infra/base/src/node.cxx:524: Assertion Failure: Do not call this API to change rtype.
/app/air-infra/base/src/node.cxx:524: Assertion Failure: Do not call this API to change rtype.
/app/air-infra/base/src/node.cxx:534: Assertion Failure: Do not call this API to change rtype.
/app/air-infra/base/src/node.cxx:534: Assertion Failure: Do not call this API to change rtype.
/app/air-infra/base/src/node.cxx:524: Assertion Failure: Do not call this API to change rtype.
/app/air-infra/base/src/node.cxx:524: Assertion Failure: Do not call this API to change rtype.
/app/air-infra/base/src/node.cxx:534: Assertion Failure: Do not call this API to change rtype.
/app/air-infra/base/src/node.cxx:534: Assertion Failure: Do not call this API to change rtype.
/app/air-infra/base/src/node.cxx:524: Assertion Failure: Do not call this API to change rtype.
/app/air-infra/base/src/node.cxx:524: Assertion Failure: Do not call this API to change rtype.
/app/air-infra/base/src/node.cxx:534: Assertion Failure: Do not call this API to change rtype.
/app/air-infra/base/src/node.cxx:534: Assertion Failure: Do not call this API to change rtype.
/app/air-infra/base/src/node.cxx:524: Assertion Failure: Do not call this API to change rtype.
/app/air-infra/base/src/node.cxx:524: Assertion Failure: Do not call this API to change rtype.
/app/air-infra/base/src/node.cxx:534: Assertion Failure: Do not call this API to change rtype.
/app/air-infra/base/src/node.cxx:534: Assertion Failure: Do not call this API to change rtype.
/app/air-infra/base/src/node.cxx:524: Assertion Failure: Do not call this API to change rtype.
/app/air-infra/base/src/node.cxx:524: Assertion Failure: Do not call this API to change rtype.
/app/air-infra/base/src/node.cxx:534: Assertion Failure: Do not call this API to change rtype.
/app/air-infra/base/src/node.cxx:534: Assertion Failure: Do not call this API to change rtype.
/app/air-infra/base/src/node.cxx:524: Assertion Failure: Do not call this API to change rtype.
/app/air-infra/base/src/node.cxx:524: Assertion Failure: Do not call this API to change rtype.
/app/air-infra/base/src/node.cxx:534: Assertion Failure: Do not call this API to change rtype.
/app/air-infra/base/src/node.cxx:534: Assertion Failure: Do not call this API to change rtype.
/app/air-infra/base/src/node.cxx:524: Assertion Failure: Do not call this API to change rtype.
/app/air-infra/base/src/node.cxx:524: Assertion Failure: Do not call this API to change rtype.
/app/air-infra/base/src/node.cxx:534: Assertion Failure: Do not call this API to change rtype.
/app/air-infra/base/src/node.cxx:534: Assertion Failure: Do not call this API to change rtype.
/app/air-infra/base/src/node.cxx:524: Assertion Failure: Do not call this API to change rtype.
/app/air-infra/base/src/node.cxx:524: Assertion Failure: Do not call this API to change rtype.
/app/air-infra/base/src/node.cxx:534: Assertion Failure: Do not call this API to change rtype.
/app/air-infra/base/src/node.cxx:534: Assertion Failure: Do not call this API to change rtype.
/app/air-infra/base/src/node.cxx:524: Assertion Failure: Do not call this API to change rtype.
/app/air-infra/base/src/node.cxx:524: Assertion Failure: Do not call this API to change rtype.
17.34user 29.67system 0:48.17elapsed 97%CPU (0avgtext+0avgdata 22132892maxresident)k
3488inputs+20716632outputs (19major+17921723minor)pagefaults 0swaps
+ RET=0
+ return 0
+ '[' 0 -ne 0 ']'
+ mv resnet18_imagenet.t resnet18_imagenet.ace.ckks.log
+ cp resnet18_imagenet.onnx.c resnet18_imagenet.ace.onnx.c
+ HOST_DEF=-DRTLIB_SUPPORT_LINUX
+ HOST_INC='-I../fhe-cmplr/rtlib/include -I../fhe-cmplr/rtlib/ant/include -Irtlib/build/_deps/uthash-src/src -I../air-infra/include -I../nn-addon/include -I../fhe-cmplr/include'
+ HOST_LIBS='-L./rtlib/build/common -L./rtlib/build/ant -lFHErt_ant -lFHErt_common -lgmp -lm'
+ HOST_SRCS='../metak/resnet18_imagenet.main.c resnet18_imagenet.onnx.c'
+ timed_run gcc -DRTLIB_SUPPORT_LINUX -I../fhe-cmplr/rtlib/include -I../fhe-cmplr/rtlib/ant/include -Irtlib/build/_deps/uthash-src/src -I../air-infra/include -I../nn-addon/include -I../fhe-cmplr/include ../metak/resnet18_imagenet.main.c resnet18_imagenet.onnx.c -L./rtlib/build/common -L./rtlib/build/ant -lFHErt_ant -lFHErt_common -lgmp -lm -o resnet18_imagenet.ace
+ '[' -e /usr/bin/time ']'
+ /usr/bin/time gcc -DRTLIB_SUPPORT_LINUX -I../fhe-cmplr/rtlib/include -I../fhe-cmplr/rtlib/ant/include -Irtlib/build/_deps/uthash-src/src -I../air-infra/include -I../nn-addon/include -I../fhe-cmplr/include ../metak/resnet18_imagenet.main.c resnet18_imagenet.onnx.c -L./rtlib/build/common -L./rtlib/build/ant -lFHErt_ant -lFHErt_common -lgmp -lm -o resnet18_imagenet.ace
1.26user 0.11system 0:01.39elapsed 99%CPU (0avgtext+0avgdata 143388maxresident)k
96inputs+20320outputs (2major+58250minor)pagefaults 0swaps
+ RET=0
+ return 0
+ '[' 0 -ne 0 ']'
+ timed_run ./resnet18_imagenet.ace
