conv_3x32x16x3.onnx
conv_3x32x16x3.c
conv_3x32x16x3.onnx.c
conv_3x32x16x3.t
/app/ant_compiler/air-infra/base/src/node.cxx:534: Assertion Failure: Do not call this API to change rtype.
/app/ant_compiler/air-infra/base/src/node.cxx:534: Assertion Failure: Do not call this API to change rtype.
/app/ant_compiler/air-infra/base/src/node.cxx:524: Assertion Failure: Do not call this API to change rtype.
/app/ant_compiler/air-infra/base/src/node.cxx:524: Assertion Failure: Do not call this API to change rtype.
width_block_data=8192 width_block_pad=768
0.00 13612
rm: cannot remove './conv_3x32x16x3.out': No such file or directory

real	0m0.167s
user	0m0.138s
sys	0m0.028s
ckks_param: _provider = 0, _poly_degree = 65536, mul_depth = 2, input_lev = 3, _first_mod_size = 60, _scaling_mod_size = 56, _num_q_parts = 2, _num_p = 2, _num_rot_idx = 20,_hamming_weight = 192
input(tensor): [
 -0.033197 -0.098248 0.067284 -0.087812 0.064679 0.048835 -0.088901 -0.071159 0.042317 -0.063003 -0.020987 0.032395 -0.026340 -0.077072 0.039516 -0.042523
 -0.002626 0.075535 0.099701 0.035436 -0.072875 -0.079168 -0.007689 0.099851 0.096225 0.042622 0.039608 0.014693 -0.040251 -0.091649 0.028993 -0.001663
 -0.089848 -0.017593 0.070733 0.009890 0.032372 0.069845 0.093561 -0.075775 0.045540 0.021860 0.051861 -0.076974 0.060722 0.065375 0.012132 0.095338
 0.030298 -0.068520 0.043769 -0.015149 -0.059422 -0.003663 -0.094108 0.024340 0.063906 0.074646 -0.026163 -0.060687 -0.026322 0.095600 0.086688 -0.057150
 -0.093872 -0.061792 -0.033736 -0.032897 0.052943 -0.028369 0.095117 -0.053812 -0.077178 0.082173 -0.093190 0.078305 -0.086138 -0.023457 0.036008 0.077970
 -0.029232 -0.056224 0.051538 -0.017448 0.079821 0.008627 0.044182 -0.034404 -0.046770 -0.093019 -0.069800 -0.045461 0.033121 -0.019359 0.075484 -0.083738
 -0.033268 0.065828 -0.019113 0.061394 -0.021156 -0.062947 -0.034912 -0.032782 -0.015212 0.013951 0.057119 -0.026060 -0.063027 -0.072950 -0.084203 0.046272
 0.046336 -0.047241 0.070874 0.032572 -0.030520 -0.004880 0.050899 -0.078158 0.094958 -0.097842 0.059275 0.033896 0.071072 -0.007258 -0.079532 -0.068927
 -0.076406 -0.000755 -0.050086 0.069232 0.097648 0.024350 0.070129 -0.016653 -0.023977 0.087301 -0.037409 -0.097927 0.032628 -0.016821 0.003649 0.032917
 0.052608 0.056170 -0.057510 0.012388 0.070408 -0.028025 -0.063645 -0.032852 0.029546 0.011300 -0.005615 -0.034158 0.024785 0.079078 0.032246 -0.092903
 0.046952 -0.091374 0.054802 -0.052749 -0.095025 -0.002854 0.029576 0.059975 0.066635 -0.005439 -0.089932 -0.022672 -0.018538 -0.092491 0.088589 -0.024335
 -0.042201 -0.077547 -0.036538 -0.076674 0.089771 -0.077110 0.096886 -0.065926 0.095203 -0.059565 -0.094291 -0.083396 -0.078112 -0.033107 -0.099915 -0.032122
 0.018443 0.023774 -0.071879 0.056198 0.017067 0.027256 0.083923 0.037072 0.034181 -0.098732 0.063853 0.009194 0.036928 0.079601 0.061893 0.035435
 0.065518 0.056207 0.089841 -0.081734 -0.086272 -0.092493 0.031496 0.056469 0.008500 0.047302 -0.010047 -0.046980 -0.065237 0.019645 0.082224 -0.046025
 0.042436 -0.011944 -0.029923 0.017546 -0.080913 -0.003520 0.026942 -0.024566 -0.053182 -0.044080 -0.083453 -0.069645 -0.017750 -0.013817 -0.087003 -0.014249
 0.055007 0.012136 0.084261 -0.088012 -0.077587 0.059895 -0.071119 0.094281 -0.095426 0.016693 -0.008566 0.061710 0.092434 -0.073702 -0.022214 -0.093303
 0.087508 0.028405 -0.090774 0.007208 0.005541 0.010470 0.004767 0.085936 -0.056404 0.035350 0.012223 -0.035017 0.043262 -0.099239 0.082601 -0.065513
 -0.063076 -0.081011 -0.027552 -0.098228 -0.039356 0.091095 0.087347 -0.017157 0.075360 0.053264 0.018927 0.083370 0.070055 -0.062486 -0.076431 -0.070610
 0.068936 -0.099604 0.011705 0.005294 0.058060 -0.050172 0.097239 -0.012706 -0.067094 0.039735 -0.092013 -0.048461 -0.047181 -0.050644 -0.004441 0.047060
 -0.006742 -0.076571 -0.099426 0.044180 0.014072 -0.054444 -0.008255 0.064965 0.016475 -0.029868 0.058563 -0.072888 -0.060803 -0.037317 0.099308 0.057526
 -0.085275 -0.084704 -0.010856 -0.017519 -0.029897 0.039473 0.093529 -0.000922 -0.067150 -0.013291 0.014539 -0.057507 0.082602 -0.014895 0.091048 -0.012211
 0.045529 -0.017117 0.074293 -0.048376 0.084838 0.091459 -0.090848 -0.098164 -0.034324 0.088286 0.093000 -0.005574 -0.053172 0.043466 0.036149 0.084199
 0.034988 -0.066090 0.007109 0.025546 -0.021447 -0.016235 0.007584 -0.006954 0.048163 0.049373 -0.032052 -0.040046 0.006377 0.019732 -0.063829 0.086418
 -0.030123 -0.057737 0.036491 0.057451 0.065775 -0.062470 0.022669 -0.096619 0.040531 0.010123 0.097474 -0.076340 -0.007130 0.052452 -0.094360 -0.046538
 -0.034138 -0.077799 -0.051361 -0.093850 0.050148 0.070887 0.014076 0.058345 -0.061320 0.080818 0.011696 0.031252 -0.095821 0.092367 0.050227 -0.087516
 0.004146 -0.053977 0.006545 0.033927 0.019072 0.049124 -0.045710 -0.099755 0.035104 -0.080681 0.094739 0.023818 -0.072751 -0.036959 0.069994 -0.065691
 -0.010993 -0.015227 0.092831 -0.076963 -0.038674 0.042425 0.096069 -0.052152 -0.078650 -0.081053 -0.003579 -0.026922 -0.017241 -0.000270 0.066430 -0.023797
 -0.069868 -0.034635 -0.047344 -0.066162 0.044641 0.018892 0.010936 0.015433 0.087927 -0.070611 -0.056950 0.072622 -0.024304 -0.052921 0.046068 -0.022905
 0.037734 0.070503 -0.009252 0.082208 -0.067417 0.037867 -0.002684 -0.012046 0.054128 0.065261 -0.070212 -0.072015 0.050719 -0.023093 -0.004081 0.037734
 -0.025117 0.013061 0.091824 -0.038825 -0.080497 0.094070 -0.047823 0.011190 -0.092999 0.046144 -0.089866 0.069313 0.052819 0.006440 0.020081 -0.072537
 -0.027403 -0.026272 0.057923 0.030878 0.039815 0.005283 -0.061796 -0.042506 -0.078240 0.062967 -0.080374 0.067501 0.030848 0.055896 0.071262 0.052737
 0.001808 0.037433 0.041988 0.059738 -0.024951 -0.030976 -0.024423 -0.090336 -0.006358 -0.082539 0.083382 0.055633 -0.017039 -0.021190 -0.057705 -0.002298
 0.065300 -0.026965 0.048763 -0.087076 0.021282 -0.028405 -0.028141 -0.083146 -0.082674 0.053206 -0.092608 -0.081803 -0.021277 -0.025117 0.092928 0.022365
 -0.065129 -0.095320 0.090594 -0.098003 -0.035817 0.060025 -0.065206 -0.073733 0.002472 -0.017987 -0.050967 0.029535 0.005524 0.008686 0.090154 0.097897
 0.063396 0.066201 -0.012622 -0.071982 0.037845 -0.062994 -0.031451 -0.025090 -0.095933 -0.081391 0.090248 -0.030605 0.090904 -0.044446 0.074640 0.001088
 0.046584 -0.025289 0.090274 -0.046253 -0.063455 -0.075815 0.057740 -0.052297 -0.023137 0.068896 0.009353 0.048498 0.091932 0.022325 0.038368 0.006718
 -0.074943 0.075076 -0.009204 -0.093725 0.013479 -0.007176 -0.071957 -0.023391 -0.039539 -0.034937 0.058978 0.003125 -0.096240 -0.043545 -0.095455 -0.060546
 0.000542 -0.056701 -0.079877 0.033034 0.042849 0.001834 0.095044 0.009610 0.070823 0.098864 -0.074947 0.014239 -0.004767 0.030768 0.078714 0.013209
 0.057243 -0.038215 0.040034 0.088880 0.077264 0.002323 -0.099828 -0.042563 -0.078691 -0.008232 0.096658 0.007229 -0.056899 0.043904 -0.015441 -0.074588
 -0.057799 -0.063646 0.043198 -0.024087 -0.028400 -0.025345 0.066862 -0.049525 0.037849 -0.098839 0.066511 -0.030752 0.068430 0.008574 -0.074826 0.005584
 -0.042604 -0.043665 0.017327 0.069083 0.043396 0.098216 -0.023896 0.045228 -0.079779 0.086563 -0.071864 -0.014150 0.087689 -0.039998 0.081925 0.051297
 -0.056452 0.013090 -0.024087 -0.047277 -0.015277 0.087393 0.030684 -0.038995 -0.088849 -0.023245 0.083583 -0.017368 -0.069192 0.055878 0.050356 0.084750
 -0.052955 -0.062703 0.023936 0.064208 -0.077422 -0.028921 0.005149 -0.066456 0.002255 0.033397 0.070690 0.094890 0.017548 -0.087265 -0.041340 0.058993
 0.015850 0.058211 0.014461 -0.043907 0.093289 0.006045 0.099610 -0.041700 -0.026918 0.018019 -0.074911 -0.095946 0.083318 -0.064425 -0.057694 0.004988
 -0.008252 -0.067342 -0.030598 -0.021344 -0.019221 -0.082857 -0.005419 -0.042097 -0.098584 0.087394 0.059923 0.056744 0.089437 0.051830 0.038113 -0.008389
 0.072925 0.030417 -0.026787 -0.098824 0.093256 0.060104 -0.082760 0.021858 -0.048804 -0.055888 -0.067663 0.030729 -0.089141 -0.023404 0.029575 -0.022854
 -0.040031 0.004429 0.024955 -0.061385 0.066665 0.056274 -0.076644 0.093582 0.038851 -0.026491 -0.082408 0.074413 -0.035454 0.081639 -0.009890 -0.086202
 -0.072383 0.004698 -0.050822 0.010879 -0.075015 -0.065289 -0.014462 -0.096592 -0.012423 0.020342 0.069688 0.064145 -0.059802 -0.083946 0.070050 -0.081780
]
Total memory size for keys: rot_key_cnt = 20, rot_key_size = 209720000 bytes, total_key_size = 228594800 bytes
Total memory size for weight plain: cnt = 39, size = 59247352 bytes
RTLib functions         	       Count	      Elapse
--------------------    	    --------	    --------
NN                      	           -	           -
FHE                     	           -	           -
 FHE_ADDCC               	          48	    0.075235 sec
 FHE_ADDCP               	           1	    0.000240 sec
 FHE_MULCP               	          38	    0.006698 sec
 FHE_RESCALE             	           3	    0.021557 sec
 FHE_ROTATE              	          21	    0.935056 sec
FHE                     	   sub total	    1.038786 sec
FINALIZE_CONTEXT        	           1	    0.001830 sec
PREPARE_CONTEXT         	           1	    1.352441 sec
ENCODE_ARRAY            	          40	    0.255910 sec
NTT                     	         817	    0.973566 sec
INTT                    	         153	    0.207148 sec
MAIN_GRAPH              	           1	    1.314126 sec
 HW_ADD                  	         755	    0.061325 sec
 HW_MUL                  	         632	    0.121185 sec
 HW_ROT                  	         124	    0.022591 sec
 COPY_POLY               	          70	    0.015932 sec
 MOD_DOWN                	          42	    0.376312 sec
 DECOMP_MODUP            	          41	    0.342078 sec
 MULP                    	          47	    0.315495 sec
 RESCALE_POLY            	           6	    0.021353 sec
 COPY_CIPH               	          14	    0.013766 sec
 INIT_CIPH_SM_SC         	          70	    0.003000 sec
 INIT_CIPH_UP_SC         	          38	    0.004364 sec
 INIT_CIPH_DN_SC         	           3	    0.000202 sec
 BOOTSTRAP               	           -	           -
  BS_EVAL                 	           -	           -
 BOOTSTRAP               	   sub total	    0.000000 sec
 PT_ENCODE               	          39	    0.249102 sec
MAIN_GRAPH              	   sub total	    1.546706 sec
2.71 402368
