conv_16x32x16x3.onnx
conv_16x32x16x3.c
conv_16x32x16x3.onnx.c
conv_16x32x16x3.t
/app/ant_compiler/air-infra/base/src/node.cxx:534: Assertion Failure: Do not call this API to change rtype.
/app/ant_compiler/air-infra/base/src/node.cxx:534: Assertion Failure: Do not call this API to change rtype.
/app/ant_compiler/air-infra/base/src/node.cxx:524: Assertion Failure: Do not call this API to change rtype.
/app/ant_compiler/air-infra/base/src/node.cxx:524: Assertion Failure: Do not call this API to change rtype.
0.02 27380
rm: cannot remove './conv_16x32x16x3.out': No such file or directory

real	0m0.172s
user	0m0.148s
sys	0m0.024s
ckks_param: _provider = 0, _poly_degree = 65536, mul_depth = 1, input_lev = 2, _first_mod_size = 60, _scaling_mod_size = 56, _num_q_parts = 2, _num_p = 1, _num_rot_idx = 22,_hamming_weight = 192
input(tensor): [
 0.010482 -0.021164 -0.041388 -0.062438 -0.061625 0.097864 -0.081006 -0.012886 -0.009575 -0.097288 -0.074175 0.080326 -0.053568 -0.069931 0.029906 -0.003348
 0.027895 0.064162 -0.014627 -0.045778 -0.019127 0.090075 -0.008264 -0.095291 0.040760 -0.059189 -0.083666 -0.023001 0.094209 -0.093193 -0.095186 -0.049398
 0.080854 0.072184 -0.020136 0.054777 -0.013348 -0.069931 -0.052842 -0.001322 -0.072834 0.031005 0.021049 0.080765 -0.030056 0.081621 0.095419 -0.040321
 -0.097901 0.053374 -0.008353 -0.040058 0.094434 0.075468 0.070745 0.007971 -0.019630 0.041416 -0.087250 0.077757 0.001795 -0.047276 0.047055 0.045746
 -0.007853 -0.052004 0.087833 -0.081190 0.090493 -0.032871 -0.066152 -0.019866 0.088078 -0.037361 0.074649 0.058144 0.067857 0.065158 -0.051530 0.049391
 -0.046436 -0.062887 0.083519 -0.020301 -0.072695 -0.062419 0.090134 0.013722 0.018961 0.029523 0.062849 0.068129 0.034970 0.025516 -0.053183 -0.090703
 0.012785 -0.048311 0.072645 0.019249 -0.097165 0.054839 0.096328 0.009863 0.028975 0.001569 -0.016481 -0.030739 0.053130 -0.019526 0.082999 0.079510
 0.088206 0.059071 -0.057848 0.007952 -0.079741 0.074727 0.002364 -0.065414 0.029708 -0.056570 0.011067 0.056049 0.068275 -0.048119 0.035496 0.016836
 0.041989 -0.094929 -0.082710 -0.010037 0.068857 -0.006974 0.026482 -0.079293 0.081181 0.010964 0.001591 0.031906 0.002181 -0.048924 -0.081249 0.001354
 -0.025501 0.071514 -0.072599 -0.018680 -0.013096 0.020999 -0.098934 0.081445 -0.078855 0.064303 -0.089911 0.016679 0.029480 -0.084874 -0.072651 0.047603
 0.049849 0.049827 -0.046743 -0.090827 0.072761 0.054928 0.031830 -0.038415 0.059836 0.014646 0.093195 0.070852 0.024983 0.075025 -0.003025 -0.087604
 -0.018437 0.020929 -0.016504 -0.075183 -0.040015 0.028957 0.067277 0.033709 -0.061809 -0.077792 -0.075888 0.053413 0.039835 -0.011936 0.065714 -0.055526
 -0.004963 0.035541 0.068548 -0.014306 0.091962 0.086958 -0.025203 0.085119 0.003732 0.071388 0.039111 0.018955 0.098509 -0.078375 0.030946 0.058315
 -0.063099 -0.044692 -0.042650 -0.074792 -0.019121 -0.025734 -0.037622 -0.052794 -0.011374 0.081162 -0.071935 0.099479 -0.035091 0.004718 0.023752 -0.081407
 -0.001764 0.063037 0.067358 0.058739 -0.002384 0.083254 -0.025562 -0.053035 0.006623 0.089190 0.028691 0.032322 0.059246 -0.078070 -0.055799 0.067926
 0.056807 -0.020263 -0.081056 -0.021970 0.038284 -0.057806 0.076105 0.069919 -0.013275 -0.042503 0.021976 0.037919 0.002064 0.001594 0.017942 -0.006279
 0.022631 0.046351 0.075122 -0.003929 -0.036574 0.039287 -0.058760 -0.088022 0.072156 0.064340 0.095129 -0.056961 -0.079397 0.023537 -0.043288 -0.077871
 0.047546 0.082532 -0.071336 0.019332 -0.013717 0.086551 -0.005606 0.027177 -0.059463 0.096813 0.005580 -0.034527 -0.012280 0.020729 0.043515 0.031545
 -0.057759 -0.029042 0.060414 0.041418 0.028466 -0.038226 -0.006178 -0.003244 0.039054 -0.061081 0.034056 -0.063583 -0.018526 -0.029994 0.021311 -0.065618
 0.036936 -0.012402 -0.021321 -0.093679 0.069801 -0.046894 -0.046229 0.025838 0.095607 0.061666 -0.021073 0.027595 -0.096620 -0.017221 0.006558 0.018031
 -0.013924 -0.026867 0.005550 0.007427 -0.083893 -0.090150 -0.020081 -0.014960 -0.094997 -0.034539 0.016253 0.008360 0.081040 -0.053429 -0.028536 0.049304
 -0.051198 -0.073726 -0.038246 0.094640 -0.059165 -0.093406 0.048068 0.000191 0.030254 -0.066173 -0.083723 0.045048 -0.028294 -0.056842 0.043018 0.024299
 0.054064 0.016053 0.018293 0.088346 0.035847 0.005614 0.045303 -0.025188 0.010868 0.047924 -0.003000 -0.080300 0.045258 -0.045690 0.047582 -0.043045
 0.047093 -0.083969 -0.083692 0.029414 -0.089674 0.007553 -0.095214 0.030108 0.042359 -0.019452 0.074797 0.025222 0.079908 0.064547 0.069230 -0.087483
 -0.079226 0.026722 0.069047 0.060057 0.070042 -0.081591 -0.013007 0.042546 -0.098542 -0.022108 0.098253 0.006769 -0.052609 0.092893 -0.019531 -0.035242
 0.007219 -0.040619 0.096477 -0.047379 -0.050187 -0.072446 -0.034140 -0.090256 -0.017002 -0.096596 0.047834 -0.058527 0.093653 -0.072241 -0.014927 -0.083193
 -0.013708 -0.013497 0.010470 -0.067191 0.060522 0.010555 -0.021445 0.014464 -0.062047 -0.061931 0.081675 -0.092546 0.028483 0.091993 0.024126 -0.035267
 -0.070687 0.089081 -0.089674 0.006812 -0.093248 -0.047460 -0.001162 -0.039417 0.069513 -0.073916 0.092513 -0.029532 -0.014204 -0.020030 0.019151 0.087768
 -0.085322 -0.063456 0.057102 -0.033789 0.037716 -0.057102 -0.001491 -0.048356 0.069825 -0.059943 -0.088326 -0.052558 0.038692 0.006820 0.072522 0.071456
 -0.058745 0.099046 -0.098260 -0.071728 0.019808 0.074061 0.049050 -0.034700 -0.099424 -0.088229 -0.032199 0.028528 -0.050264 0.030607 -0.062151 0.044720
 -0.079068 -0.061770 0.018808 0.057858 0.032840 -0.077845 0.017382 0.017665 0.029007 0.049965 -0.052935 0.069843 0.002016 -0.034626 0.007929 0.071411
 0.018966 0.036239 0.049107 -0.033162 -0.065165 -0.002278 -0.086386 -0.008589 0.091768 -0.091862 0.056798 0.079568 -0.051448 -0.087583 0.088405 0.039891
 0.027302 -0.096596 0.035181 -0.062614 -0.038744 0.064868 0.067486 -0.005497 0.005135 -0.048747 0.029285 0.008867 0.051452 -0.010357 0.073392 0.053681
 0.051847 -0.003530 0.033175 0.088474 -0.060912 0.029112 -0.000932 -0.057309 -0.051970 0.063591 -0.057791 -0.006511 0.083922 0.027575 0.060943 -0.054977
 -0.003271 0.076301 -0.013808 -0.009219 -0.049225 0.089430 -0.011428 -0.088028 0.073609 0.010807 0.028188 -0.080143 -0.029056 0.019843 -0.001308 -0.002280
 0.049197 -0.032144 -0.039374 -0.034218 -0.059796 0.011767 -0.086345 0.048437 -0.000141 0.029791 -0.029135 -0.030718 -0.028252 -0.035663 -0.019076 -0.072513
 -0.061487 0.068512 0.012474 -0.006465 -0.093068 0.002522 0.024152 0.067526 -0.023262 0.007353 -0.054063 -0.003305 -0.059114 0.091565 0.073857 -0.058242
 0.054225 -0.077546 0.014918 -0.044620 -0.042614 -0.055817 -0.095549 0.030529 -0.031279 0.088405 0.025274 0.025268 -0.028976 -0.085480 -0.046064 -0.079441
 0.052036 -0.077014 -0.087159 -0.078560 -0.050270 0.071448 -0.009031 0.096101 -0.035723 -0.091680 -0.094304 0.048657 -0.015663 0.021306 -0.080275 0.001441
 0.093726 0.047242 0.047494 0.032405 -0.003217 0.093433 0.083890 -0.084886 -0.058210 0.037692 0.023462 -0.042912 0.008827 0.015055 0.008227 0.014481
 -0.028469 0.041389 -0.066644 -0.036607 -0.009800 -0.099412 -0.063368 0.008312 -0.026078 0.040476 -0.005971 0.045068 0.069331 0.048153 -0.014915 -0.050100
 0.042707 -0.035084 0.044623 -0.053140 -0.024575 0.015650 -0.059314 -0.092554 -0.034772 -0.011934 0.098638 0.006481 -0.000030 -0.047212 -0.006260 0.040494
 0.079252 -0.077301 0.058984 0.030898 -0.069640 0.033002 -0.079347 -0.053201 -0.041782 0.030596 0.031636 0.043213 0.066703 0.010168 -0.009545 -0.057211
 0.058884 0.032846 0.053242 -0.000516 -0.030098 0.063698 -0.089099 0.040657 -0.054497 0.097638 0.001708 0.077141 -0.027721 0.073883 0.037893 -0.027855
 -0.021944 -0.024077 -0.040781 -0.062226 0.037546 0.004865 -0.032487 -0.042830 -0.014887 0.078000 -0.098002 -0.073435 -0.087695 -0.061226 -0.033488 -0.050812
 0.068195 0.017133 -0.061785 -0.004362 0.061222 -0.098500 0.087699 0.094286 -0.075273 0.055114 -0.006753 0.089643 0.060080 0.053631 -0.054420 -0.038275
 0.057323 -0.015091 0.036619 0.052955 -0.087395 0.057752 -0.052077 -0.042567 -0.021278 -0.073643 -0.039354 0.064968 0.056790 -0.091692 -0.064863 -0.076294
 -0.045259 -0.016852 0.080194 0.021414 0.021172 0.048104 0.068734 -0.048625 -0.046477 0.072878 0.099833 -0.018643 -0.067646 -0.062028 -0.015790 -0.070220
 -0.035490 0.085805 -0.037102 0.005676 -0.018600 -0.001098 -0.065551 0.012410 0.062272 -0.003358 0.007138 -0.010438 -0.009006 0.006546 -0.095948 0.054718
 0.099080 -0.015880 0.069951 0.019249 0.095594 -0.044732 -0.069657 0.012135 0.029459 -0.069620 -0.013734 -0.006758 0.071074 -0.013668 -0.016380 -0.019104
 0.098991 -0.000973 -0.035942 -0.087743 -0.089573 0.092534 0.079626 -0.066094 0.044856 -0.077271 0.084935 -0.091892 0.064972 -0.075891 0.043879 -0.075738
 -0.073299 0.023735 -0.053443 0.088253 0.035695 0.061878 -0.022906 0.071453 0.040954 0.085268 0.016827 -0.047957 -0.061187 -0.095049 0.099817 -0.055708
 0.043212 -0.078308 0.096348 0.094944 0.052861 0.082479 -0.061350 -0.081079 -0.016920 0.045294 0.075417 -0.014500 -0.081280 0.012591 0.076625 0.020323
 -0.097640 0.036882 0.051667 0.090659 -0.062160 -0.074131 0.035468 -0.011115 0.077459 0.045727 0.026949 -0.021025 -0.051950 -0.039089 -0.085436 0.025962
 -0.025791 -0.097661 -0.091283 -0.080914 -0.058955 0.077161 -0.019792 0.004076 -0.054007 -0.066995 0.093394 0.051794 -0.016950 0.036084 0.002346 -0.002729
 -0.012144 0.071758 -0.016430 0.041789 -0.006667 0.023441 -0.065552 -0.058168 0.098834 0.085927 -0.074728 -0.012937 0.058103 0.074981 0.009738 0.032147
 0.036071 -0.049410 -0.039328 0.065216 -0.045203 -0.064738 0.053039 0.044879 0.012044 -0.019784 0.092299 0.064582 -0.046339 0.004370 -0.080553 0.007831
 0.089872 -0.052740 -0.006698 -0.014755 -0.048860 0.012398 -0.059815 -0.001528 -0.080981 -0.003138 0.056667 0.000641 0.075959 0.047052 -0.058840 -0.004568
 0.072867 0.046772 -0.075359 0.040877 -0.082121 0.090650 0.099166 -0.018854 0.044427 -0.067949 0.043972 -0.061500 0.068047 0.071841 0.051266 -0.047380
 0.079390 -0.062368 0.020052 -0.007149 -0.067028 -0.073951 0.047487 -0.078929 0.067993 0.054853 0.073067 0.019902 -0.007706 0.038665 0.039184 -0.001255
 0.070735 -0.057069 0.074465 0.039796 -0.092859 -0.094498 -0.071720 0.064740 -0.065620 -0.038712 0.082887 0.034140 0.072522 0.038155 -0.079542 -0.028679
 0.054835 -0.097667 -0.071401 0.056750 0.049167 0.037630 0.049394 0.051608 -0.066447 0.045077 0.035320 0.090172 -0.033135 -0.089587 0.067258 0.054509
 -0.005335 0.031037 -0.008905 0.097925 -0.076303 0.072227 -0.039846 0.015021 0.036787 -0.032128 -0.030794 -0.025732 0.037425 -0.088148 -0.087179 -0.099297
 0.057867 0.011360 -0.093506 0.019808 -0.077623 -0.053101 0.002647 -0.047756 -0.026129 0.006655 0.068073 -0.057096 -0.083937 -0.035274 0.098739 -0.053691
 0.020363 0.045862 -0.013145 0.082530 -0.080508 -0.005333 -0.037843 0.027161 0.063102 0.054246 -0.023877 -0.003737 0.036740 -0.058277 0.062868 -0.082977
 -0.037626 0.086393 0.091467 0.007834 0.081241 0.087931 0.081124 0.080410 0.073506 -0.039722 -0.004209 0.016987 0.051661 0.055462 0.012971 -0.009117
 0.003640 -0.053309 0.057070 -0.064533 -0.080781 -0.042229 -0.091314 -0.014529 -0.049779 0.095920 0.045213 0.003367 0.002970 -0.051102 -0.063117 -0.042910
 -0.017854 -0.012162 -0.028076 -0.095074 -0.086011 -0.079404 -0.076662 0.016890 -0.056227 -0.094766 -0.047761 -0.029176 0.041628 -0.026914 0.088474 0.096883
 0.047100 -0.027855 0.067273 -0.013830 -0.013765 0.034551 -0.094302 0.055272 -0.030711 0.004454 -0.024647 -0.058687 0.050939 0.029771 0.090815 0.070663
 -0.024484 -0.045134 -0.073513 0.087178 0.099891 -0.077805 -0.047070 -0.025971 -0.080701 -0.024117 -0.003093 0.016526 -0.067192 0.037280 -0.004625 -0.077692
 0.095146 0.077408 -0.020093 0.005636 -0.026027 0.051603 -0.051541 0.059098 -0.098195 0.047728 0.025051 0.092739 0.074689 -0.082183 -0.006022 -0.009502
 -0.012262 -0.080953 0.096789 -0.067529 0.029510 0.065525 -0.079033 -0.061330 -0.051217 0.009308 0.055861 -0.076610 -0.029235 0.039646 0.040782 0.011539
 -0.067495 -0.057803 0.010576 -0.029799 0.011264 -0.042187 0.074166 0.030699 0.020581 -0.060171 -0.044762 -0.080044 -0.054013 -0.081311 0.012020 0.078163
 -0.061898 0.046835 0.067330 0.058129 -0.069551 0.094177 -0.038662 -0.073291 0.045730 0.010334 -0.006152 0.085391 -0.038156 -0.075430 -0.099231 -0.086423
 0.047342 -0.041111 -0.046626 -0.060052 0.065426 -0.013341 -0.009351 0.058815 -0.081106 -0.030315 -0.035917 -0.033472 0.024988 -0.039977 0.081435 -0.039955
 -0.034559 -0.035441 0.038278 0.032287 -0.021297 0.005055 -0.059812 0.022657 0.005691 -0.087564 -0.044477 -0.009412 -0.048903 -0.035106 0.071208 0.023244
 0.024085 0.022698 -0.032654 0.034237 -0.087965 -0.036856 -0.007559 0.089266 -0.046694 -0.068172 -0.025407 -0.095582 0.022907 -0.055254 0.086292 0.051414
 -0.046574 0.063788 -0.014135 0.047437 0.015684 -0.039579 0.013864 0.052827 -0.095685 0.094406 -0.021458 0.094786 -0.025245 -0.048261 -0.042518 -0.048483
 -0.016670 0.042602 0.001384 0.020491 0.008139 0.026376 -0.050094 0.072389 0.064350 -0.054229 -0.011285 0.025046 0.045177 -0.019549 0.088775 0.093566
 0.065120 -0.058064 0.041853 0.037403 -0.098311 0.009666 0.044736 -0.093538 -0.066354 -0.064044 0.049390 -0.066322 -0.010358 -0.088134 0.084408 -0.056015
 0.036474 -0.026352 0.093167 0.061981 0.095685 0.077992 -0.099229 -0.074329 -0.056291 -0.098323 0.068682 0.016598 0.040862 0.038335 -0.036386 0.019591
 0.070932 0.012343 0.047826 -0.091050 0.093268 -0.051272 -0.058654 0.069777 -0.039872 -0.063315 0.060160 -0.034209 -0.004501 -0.046643 -0.076684 0.084330
 0.085117 0.006907 -0.086324 -0.030599 -0.002312 -0.018096 0.031920 -0.058655 0.043001 0.026775 -0.052601 0.092004 -0.042554 0.007843 -0.062164 0.011632
 -0.042765 0.049588 0.060418 0.019369 -0.086746 -0.009830 0.058984 -0.010330 0.097075 -0.003847 -0.022263 0.062738 0.038254 0.052250 -0.072707 -0.093220
 0.024953 -0.060715 -0.097477 -0.061398 0.005607 -0.044064 0.036761 -0.003216 -0.043161 -0.038166 -0.035620 0.007204 0.047178 -0.094732 -0.031726 -0.045975
 0.084181 0.005320 -0.030564 -0.079005 -0.022957 -0.034763 -0.059694 -0.028256 0.088509 -0.056909 -0.040032 0.061296 0.011374 0.071557 -0.057002 0.097909
 0.067349 0.038173 0.011487 -0.021052 -0.009699 0.085708 0.062005 0.036013 0.030554 -0.081721 0.027370 0.064661 -0.061121 0.032225 0.043147 -0.019095
 -0.057761 -0.016643 -0.012924 0.059588 -0.038386 0.098165 -0.033139 0.094672 -0.049461 -0.025848 0.058802 -0.047386 -0.071308 0.035011 -0.027356 0.098027
 0.097897 0.000623 0.015332 -0.029282 -0.021345 0.085088 -0.024190 0.048428 -0.042555 -0.073054 -0.010152 -0.039848 0.026965 0.062677 -0.086453 -0.064587
 -0.000082 0.056779 0.007907 0.053153 0.081673 0.032469 -0.011550 0.045007 0.040736 0.014828 -0.039614 0.033039 0.023292 -0.093678 -0.092060 -0.006160
 0.092188 -0.042845 -0.056139 0.013718 0.070108 -0.019823 0.046850 -0.084859 0.008236 0.000043 -0.087932 -0.043481 -0.073528 0.056863 -0.063517 0.069632
 -0.031557 0.063333 0.091043 -0.095835 -0.006420 0.010226 0.028978 -0.074135 -0.041338 0.001134 0.096823 0.026116 -0.043814 -0.020024 0.094572 0.082051
 -0.021576 0.002199 0.006332 0.064187 -0.066195 -0.071160 -0.063368 -0.083748 0.069203 -0.053088 -0.082614 0.043718 0.007009 0.083499 0.085523 0.057535
 0.023938 0.041795 0.067547 -0.078678 0.094015 0.061094 0.013006 -0.061334 0.032579 0.068947 -0.087011 0.074483 -0.038717 0.043930 0.012323 -0.057026
 -0.033659 0.036316 -0.095611 -0.088071 -0.014404 0.079075 -0.024968 0.010761 -0.029211 0.043749 -0.037583 0.011147 -0.070569 -0.019326 0.097955 0.072076
 -0.048820 0.091122 -0.039500 -0.073289 -0.019295 -0.061323 -0.073906 -0.053173 0.030834 0.090556 0.069335 0.023892 0.008577 0.083633 -0.075281 0.088515
 0.002532 -0.099536 -0.017595 -0.040404 0.053424 0.086096 -0.053290 0.096317 -0.015195 0.072474 0.060625 -0.047406 0.013408 0.014956 0.018083 -0.066154
 -0.058836 0.001478 -0.043038 -0.085566 -0.072330 -0.078902 0.096773 -0.002491 0.028093 -0.041412 0.093159 0.033335 0.055699 0.020071 -0.086803 0.099320
 -0.061625 -0.028165 -0.031324 0.075100 -0.050041 -0.054400 0.037985 -0.028749 -0.036949 0.002265 0.053814 -0.029877 -0.037869 0.022042 0.058513 0.082210
 0.061042 -0.040599 0.060343 -0.088169 -0.001731 0.028288 0.002391 -0.026270 0.021308 0.002358 0.003779 -0.033953 -0.065411 -0.063843 -0.086139 -0.090540
 -0.039498 -0.063429 0.043189 0.040611 0.024708 -0.055154 -0.086350 0.067586 -0.063188 0.021154 0.001297 0.037347 -0.048195 -0.038147 -0.072279 0.023947
 0.008977 -0.070491 0.046038 -0.069637 0.086281 -0.011042 -0.035330 -0.036605 0.012632 -0.036386 0.071339 -0.037138 -0.078186 -0.044732 -0.099699 0.069253
 -0.092723 -0.099576 -0.064391 -0.039762 0.087602 0.074173 -0.010258 -0.048583 0.068478 -0.013061 0.055714 0.018359 0.008638 -0.051725 -0.075517 0.057048
 -0.086941 0.025743 0.052649 0.081260 -0.094899 -0.044825 -0.040495 0.010040 -0.071372 -0.031518 -0.060221 0.066301 -0.011442 -0.098881 -0.011133 0.045425
 0.051872 -0.013700 -0.042402 -0.067121 -0.019664 -0.092808 -0.033972 -0.010760 -0.038101 0.005760 0.016077 -0.011643 -0.039320 -0.031356 0.034587 -0.022753
 0.081108 -0.043398 -0.006416 -0.013706 -0.093497 0.006807 0.077373 0.064728 0.064526 0.014790 -0.081898 -0.077750 -0.044555 -0.025583 -0.086280 0.007468
 -0.046989 -0.081490 0.002781 -0.089668 0.097984 -0.023463 -0.047873 -0.040670 -0.077632 0.097532 -0.059213 0.018099 0.068168 -0.082137 0.030452 -0.054303
 -0.028311 -0.007997 0.035645 -0.024462 0.041792 -0.056616 -0.063356 0.093245 0.072951 -0.084517 -0.090748 -0.076151 -0.050258 -0.015019 0.017174 -0.083469
 0.001937 -0.053016 0.096443 -0.095536 -0.030310 -0.022235 0.095535 0.079784 -0.050909 0.022148 0.033200 -0.068601 -0.080633 -0.040461 -0.055741 0.087536
 0.098459 -0.024446 0.052639 0.085687 -0.017022 0.056040 -0.030199 0.036361 0.072872 0.020789 0.002205 -0.074725 0.054485 -0.022602 -0.009608 0.057646
 -0.039674 0.095870 -0.055394 0.019835 -0.003555 0.099677 -0.059081 -0.088255 -0.043114 0.009642 -0.093066 -0.008085 0.068846 -0.028985 0.085649 -0.046209
 0.000217 -0.011297 0.015210 -0.040238 -0.041623 0.033247 0.085322 0.060415 -0.027405 0.091727 0.030547 -0.036179 -0.017476 0.080666 0.049621 0.011728
 -0.085323 -0.005575 -0.073041 -0.032654 -0.098495 -0.084691 -0.009639 0.031070 -0.080492 -0.052717 0.052714 -0.085225 0.070877 0.061667 0.088981 -0.092698
 -0.064752 0.012643 -0.047811 -0.058316 0.095687 0.010600 -0.095953 -0.073999 -0.000500 0.020653 -0.054234 -0.039447 -0.086116 0.090962 -0.027917 -0.075897
 -0.074118 -0.082686 -0.029275 0.081780 -0.040650 0.088662 0.025493 0.009550 0.070361 0.091931 -0.062499 0.013048 0.060240 0.075551 0.021798 0.085128
 -0.014874 0.074746 -0.017739 -0.074662 -0.028063 -0.010400 -0.006118 -0.039169 0.096933 -0.082051 -0.055218 0.050943 -0.077577 -0.076327 -0.097675 0.062458
 -0.057800 -0.066158 -0.019797 -0.002343 0.001559 -0.096923 0.032176 0.093365 0.044253 -0.094542 -0.078370 -0.002483 -0.075629 0.038347 -0.081037 0.040974
 0.020233 0.006542 0.044284 -0.087385 -0.066489 -0.013692 -0.014467 0.074540 0.033892 -0.083457 0.003913 -0.014694 0.025452 -0.006979 -0.025044 -0.043726
 -0.034065 0.028649 -0.001268 0.030765 -0.077280 0.070258 0.050004 0.031613 0.050373 0.065573 0.073584 -0.075909 -0.095499 -0.097291 -0.074607 -0.083442
 -0.005620 -0.044308 0.030226 0.040288 0.057103 0.000204 0.050462 0.076973 0.072017 0.025773 0.052364 -0.048046 -0.039121 0.020944 -0.001874 0.006182
 -0.036513 -0.038878 -0.099414 -0.080225 -0.079735 -0.060355 -0.099251 -0.034942 0.088163 -0.092423 -0.001525 0.047523 -0.019182 0.007257 -0.076808 0.090027
 0.001977 -0.044328 -0.015312 -0.016973 0.001612 0.090917 0.010354 -0.022934 0.040752 0.002180 0.083696 -0.031199 -0.013234 0.081151 -0.093047 -0.085127
 0.095899 0.020150 0.017338 0.048639 0.001545 0.070068 0.088178 0.067933 -0.092391 -0.050389 0.058935 0.058894 0.041547 -0.085470 0.038144 0.083116
 0.057038 0.065996 -0.028848 0.044497 -0.012866 0.061395 -0.060252 -0.090088 -0.054125 -0.097645 0.071061 -0.049747 -0.012747 0.089061 0.092816 -0.027260
 -0.097478 -0.024228 -0.049931 0.076019 -0.099506 -0.066376 -0.023956 -0.091702 -0.088359 0.072433 0.013024 -0.018729 0.005458 0.073191 0.065799 0.072129
 0.096843 -0.005845 -0.030193 -0.018290 0.030303 0.077200 -0.073831 -0.046415 0.032682 -0.065849 0.023197 -0.021298 0.040908 -0.060086 0.036518 0.018419
 0.043740 0.004027 -0.047064 -0.000397 0.009396 0.041652 -0.009366 0.004208 0.031453 -0.071931 0.067911 0.064933 -0.017183 0.083480 -0.007947 -0.040934
 -0.013277 0.087708 0.083806 0.061793 -0.067294 -0.045328 0.011138 -0.041604 0.039478 0.065654 0.050543 0.013408 -0.009663 -0.013195 0.056749 -0.071417
 -0.094112 0.091537 -0.052910 -0.084900 -0.079751 0.059597 -0.093082 -0.011907 -0.021812 -0.088015 -0.043450 0.015365 0.098266 -0.048078 -0.096063 0.081705
 -0.041836 0.072378 0.066105 0.002426 -0.079962 -0.085371 0.034646 -0.092300 -0.073333 -0.043406 -0.095678 -0.028597 -0.053481 0.048913 0.048654 -0.064348
 0.040064 0.065536 -0.009590 0.063543 -0.034146 0.057664 -0.028984 -0.041303 -0.029927 0.020454 0.061358 -0.018617 -0.005031 0.023659 0.091449 0.056230
 -0.088301 0.071733 0.024570 0.035844 -0.048789 -0.063733 0.023975 -0.079094 -0.089180 0.047510 -0.040263 0.080450 -0.083845 -0.057072 0.099361 -0.046019
 0.079026 0.053256 -0.098992 0.045102 0.003840 0.014427 -0.043758 -0.094457 -0.055076 0.041020 0.053400 0.050751 0.017309 -0.008534 -0.029410 0.010358
 -0.041777 0.019695 -0.085056 0.016979 0.011032 0.023176 0.039001 0.019801 0.091861 -0.094224 -0.070806 -0.071639 0.064202 0.040035 0.040764 0.042614
 0.044253 -0.015648 0.046053 0.031497 0.026230 -0.036296 -0.038387 -0.001627 -0.017136 0.085350 0.040419 -0.037201 0.098594 -0.065348 -0.050515 0.059201
 0.082149 -0.022692 -0.059702 -0.009231 -0.038494 -0.070365 0.037095 -0.037750 -0.069729 -0.048053 0.023875 0.091322 0.068486 -0.048085 -0.008069 -0.063960
 -0.042826 -0.007062 0.024644 -0.097231 0.044829 0.057084 0.001053 0.055965 0.088244 -0.080776 -0.066619 -0.071160 -0.032008 0.060403 -0.020285 0.088633
 0.014394 -0.052532 -0.019293 0.048565 -0.034328 -0.011624 -0.056909 0.074966 0.016780 0.049301 -0.016509 0.058499 0.052297 0.054742 -0.009261 -0.022758
 0.097545 -0.069838 -0.095259 -0.048927 0.063542 0.078816 0.032809 0.018483 0.060520 -0.054324 0.000270 0.011232 0.043522 -0.048634 -0.064314 0.065164
 0.010641 -0.017522 0.026108 -0.087948 -0.084285 0.015603 0.082723 0.019634 -0.002927 -0.028510 -0.004120 -0.076109 0.066645 0.084939 0.013230 -0.021260
 -0.072682 0.043141 -0.034870 -0.013814 0.064894 0.013236 -0.053620 0.009308 -0.004837 0.073306 0.063982 -0.009892 0.009289 -0.040952 -0.055195 0.044064
 -0.001573 -0.022290 -0.078128 -0.057059 -0.091013 0.054158 -0.050674 0.088176 0.077234 0.004633 -0.023364 0.062892 0.024149 -0.094838 -0.089279 -0.037953
 0.074211 -0.010562 0.070826 0.051377 -0.034597 0.003848 0.017143 -0.033835 0.097099 0.079889 0.045847 0.073795 0.015779 -0.063111 -0.002492 0.070447
 0.070857 0.081555 0.046209 -0.048410 -0.014230 -0.066692 0.072811 0.029798 0.067172 -0.050950 -0.001403 -0.005578 -0.074662 -0.077365 -0.052819 0.070621
 -0.094229 -0.077040 -0.080961 -0.020678 0.033971 -0.043546 0.035737 -0.008684 0.028295 -0.038086 -0.033276 -0.073727 -0.079342 0.029493 -0.059481 -0.099360
 0.002964 0.080417 0.041362 0.085903 0.027730 0.065578 -0.031656 0.063103 0.021925 -0.099253 0.099887 -0.090182 -0.005633 -0.070152 -0.085709 -0.092230
 0.091084 0.047245 -0.067832 0.071463 0.021846 -0.080128 -0.065200 -0.070400 -0.042595 -0.026734 0.068269 0.070894 -0.031668 -0.088109 -0.085357 -0.070364
 0.077350 0.064892 -0.048040 0.035186 -0.069095 0.083019 -0.075838 -0.043831 0.072526 -0.021667 -0.045864 -0.056235 0.043395 0.082436 -0.001317 -0.087924
 -0.006692 0.022450 0.076363 0.098413 0.011013 0.069231 -0.005537 0.043854 -0.029383 -0.025148 0.034465 -0.004701 0.069076 0.066324 -0.069114 -0.025195
 0.053513 -0.087616 -0.056921 -0.085652 -0.029676 0.013719 0.093527 0.063733 -0.089960 -0.003798 0.037908 -0.028273 0.022209 -0.096288 -0.084144 -0.055771
 0.022403 -0.038590 0.080134 0.024860 -0.050522 -0.055994 -0.044139 -0.048935 0.049009 0.015649 -0.088635 0.031835 -0.038272 0.029573 -0.085218 -0.072485
 0.028886 -0.012640 -0.094355 -0.088482 0.078875 -0.019807 -0.038602 0.066386 0.004567 -0.082272 0.089886 0.065042 0.007632 0.035361 0.059331 0.032950
 0.030576 0.015322 -0.001809 0.080745 -0.065540 -0.033389 0.071873 -0.051729 -0.001388 0.080405 0.001049 0.033418 0.014211 0.052550 -0.045587 0.070731
 -0.076588 0.082173 -0.030705 0.078190 -0.006068 0.076610 0.077761 -0.040850 0.068386 0.093271 -0.099305 0.052157 0.083021 0.044666 0.091711 -0.037436
 0.099555 0.038999 0.015953 -0.065573 0.021379 -0.077572 -0.004278 -0.035172 0.084137 -0.095637 -0.094823 -0.019386 0.022398 -0.058429 -0.014671 -0.081901
 0.072709 -0.093808 0.084980 0.048066 0.033185 -0.073759 0.040235 0.057675 0.054043 -0.069252 0.013230 0.035161 -0.000005 -0.094542 -0.070689 -0.027983
 -0.062304 -0.015628 0.071048 -0.027126 -0.040284 -0.087511 0.004964 0.078407 -0.064297 0.000044 -0.015374 -0.072131 -0.033559 -0.037912 0.011815 0.007356
 -0.063879 -0.047765 -0.021055 -0.095139 -0.066873 -0.056457 0.076952 0.037559 -0.005181 0.078763 -0.025242 -0.063070 -0.023536 -0.088211 0.027087 0.051763
 -0.090647 0.038665 0.094182 0.027542 0.054018 0.046253 0.012793 -0.047364 -0.001625 0.042806 -0.055084 -0.099093 0.064316 0.036884 -0.089478 0.049037
 0.011233 -0.016708 0.032912 0.089999 0.071699 0.030560 -0.012683 -0.071594 -0.092596 -0.086456 0.089838 -0.000415 -0.012209 -0.055439 -0.060890 -0.038358
 -0.040020 -0.046759 0.084545 -0.003693 0.071992 0.001344 -0.093923 0.094023 -0.012049 0.093128 -0.000414 -0.080493 -0.081474 -0.008290 -0.079538 -0.014045
 -0.079256 0.062333 0.027790 0.031703 0.024468 0.065939 0.002696 0.049681 0.090086 0.063947 0.054498 0.037580 -0.001826 0.003206 0.060413 -0.040023
 -0.056648 -0.026610 0.047918 -0.010547 0.016941 -0.088135 0.065580 0.067428 0.067762 -0.026365 -0.085411 0.039351 0.035650 0.017069 0.062542 -0.065624
 0.080743 -0.045343 0.094053 -0.005822 -0.065366 -0.085842 -0.089489 -0.000394 0.031458 -0.042159 -0.009968 -0.025196 -0.062424 0.059075 0.093051 0.056712
 0.071678 -0.078819 0.098076 -0.091127 -0.003946 -0.082148 -0.044935 -0.051963 0.008071 -0.061996 0.057477 -0.029349 -0.031349 -0.033825 0.076314 0.037722
 -0.038678 0.039298 0.035400 0.023348 0.053283 -0.068721 0.046725 -0.059076 -0.025215 0.053714 0.014990 0.043588 -0.090317 -0.038203 -0.048971 -0.044461
 -0.046128 -0.015691 -0.063391 -0.051443 0.052498 -0.099649 -0.083190 0.043839 -0.064265 0.024367 0.076502 -0.059367 0.066999 0.085115 0.037494 -0.046090
 -0.038094 0.086701 0.017717 -0.075640 -0.023707 -0.028076 -0.005907 -0.078527 0.028430 -0.086069 0.075676 0.038169 -0.092922 -0.034438 -0.090767 0.001437
 0.015648 -0.041379 -0.039712 -0.047478 0.011654 -0.097220 -0.025672 -0.042426 0.059694 -0.031583 -0.054873 -0.015721 0.025740 0.038668 0.039125 0.005689
 0.050317 0.093631 -0.066080 0.067514 0.069077 -0.002201 -0.017784 0.005539 -0.002076 0.029951 -0.084741 0.086799 0.015579 0.059096 -0.037708 -0.066075
 -0.089438 -0.004934 0.037517 0.063556 -0.025357 -0.007725 0.051087 0.096948 -0.048706 0.093006 0.073221 -0.044610 -0.069293 0.089391 0.092752 0.076751
 -0.070661 -0.097487 0.055251 0.090925 -0.066107 0.025928 -0.073612 0.028714 -0.027164 0.058486 0.078792 -0.064695 0.089796 0.068641 0.081223 0.096219
 -0.021798 -0.037905 -0.034297 -0.014907 0.084804 -0.088745 0.056916 -0.096761 0.082668 0.080755 0.009746 -0.092554 0.090403 0.057692 0.058248 -0.016849
 -0.098688 0.027291 0.029607 0.043656 0.037130 0.006069 0.011247 0.004981 -0.037122 -0.085580 -0.005561 0.018748 -0.012082 0.054645 0.020977 0.002828
 0.088880 0.018086 -0.037424 -0.020389 0.006031 0.012924 0.018461 -0.094394 -0.035497 0.039489 -0.069292 -0.016103 0.017277 0.005173 -0.073880 0.021770
 -0.009005 -0.089755 0.068328 -0.010739 -0.004785 0.067184 -0.004565 0.074018 -0.050236 0.020294 0.068043 0.055519 0.046480 -0.013670 -0.078266 0.060107
 0.000724 -0.079289 0.085818 -0.041562 -0.009319 0.073680 -0.059913 -0.014051 0.021369 0.016058 -0.008615 0.012640 -0.043972 0.056257 -0.034755 0.010057
 -0.089732 -0.085925 -0.066913 -0.060982 -0.088035 -0.043548 0.058569 -0.008141 0.083297 -0.094978 -0.028526 -0.085254 -0.069461 0.069730 0.075014 0.014728
 0.099734 -0.061541 0.027231 -0.067795 -0.022855 -0.026940 -0.095710 -0.031197 -0.021215 -0.069256 -0.031905 0.036773 -0.052977 -0.018417 -0.055654 -0.014427
 0.050474 0.095118 0.081852 -0.022353 -0.013202 -0.031599 -0.064827 -0.085885 0.088050 -0.026175 -0.017527 -0.030316 0.082864 -0.060366 -0.086438 0.049100
 -0.017056 -0.084967 0.007110 -0.085026 -0.053641 0.045919 -0.075218 0.042077 -0.011355 0.043174 0.037412 -0.007108 0.045797 0.080856 -0.055250 0.001865
 -0.051400 -0.045204 0.004947 -0.070155 -0.043424 -0.031670 -0.039784 -0.004114 0.032925 -0.079536 -0.019342 -0.053079 -0.035474 -0.080893 0.015428 -0.095416
 -0.014782 0.004248 0.034026 0.086452 0.021439 0.007479 0.009851 -0.085659 0.012052 -0.004016 0.048416 0.023139 -0.055212 -0.003071 -0.073835 -0.022820
 -0.099687 -0.084468 -0.057156 -0.017228 0.061311 0.040051 -0.044733 0.096690 -0.021648 -0.093558 0.061862 0.093162 -0.080387 0.017337 -0.056786 0.046677
 0.016397 -0.091893 -0.067710 0.006035 -0.085280 -0.049281 0.037864 0.017417 -0.057366 0.072968 0.031066 -0.071505 0.094454 -0.055870 -0.047967 0.031052
 -0.000175 -0.087327 0.045029 0.083001 -0.023691 -0.093853 -0.020044 0.061489 0.083272 0.019769 -0.072061 -0.008502 -0.054691 -0.055908 0.089250 0.039363
 -0.011684 -0.098224 0.063600 -0.081481 0.096094 -0.080967 0.015833 0.082262 -0.045431 -0.006253 -0.073158 -0.096701 0.000912 0.075881 -0.068771 -0.001561
 -0.015418 0.033015 0.089048 0.083409 0.060017 -0.004549 -0.031674 0.023825 0.038853 -0.078282 -0.098114 0.083847 0.020755 -0.002891 0.021688 -0.092321
 -0.025527 -0.079936 0.081771 0.094726 -0.004129 0.049870 -0.017445 0.041032 -0.065127 0.025227 0.017510 0.030010 0.008842 0.050419 -0.040508 -0.078172
 -0.054471 -0.094520 -0.028730 0.028863 -0.053620 0.045739 -0.022439 -0.094006 0.071659 0.078653 -0.004728 -0.046694 -0.077350 0.038373 0.019678 -0.006142
 -0.083534 -0.088174 -0.076400 -0.037464 -0.015347 0.087777 0.042921 0.072633 -0.059231 -0.011455 -0.041725 -0.068585 0.075209 0.079753 -0.035632 0.035638
 -0.061471 0.042952 -0.040392 0.034302 0.066332 0.056578 -0.029455 -0.082544 0.071213 -0.038344 -0.015627 0.072500 -0.025716 0.085768 0.019390 0.037958
 0.004036 0.036817 -0.065510 -0.098272 -0.081239 0.057950 -0.069610 -0.025020 -0.063732 -0.010419 -0.058495 0.095484 -0.053470 0.067895 0.009584 0.025878
 -0.020585 0.072416 -0.063886 -0.081324 0.061175 -0.087958 -0.083213 -0.054981 0.041494 0.096879 -0.075402 0.001358 0.083600 0.033842 0.046566 0.093111
 -0.063625 0.017855 0.008247 -0.047508 0.043330 0.066221 0.026611 -0.063228 0.024122 -0.075560 -0.049501 -0.079453 0.099502 -0.081104 0.083932 0.058840
 0.066498 -0.010435 0.090446 -0.066931 0.088025 -0.042386 0.027725 0.035601 0.083340 -0.082872 -0.090219 -0.041485 -0.099868 0.096586 -0.048817 -0.041110
 0.033050 -0.063761 -0.011740 -0.009928 0.025450 -0.044943 -0.047472 0.050183 0.024139 0.087454 0.052060 -0.023374 -0.063962 -0.031109 0.045050 0.041742
 -0.018450 0.043086 -0.072514 -0.014875 -0.094427 0.033542 0.048509 0.095618 -0.033409 -0.068169 0.003929 0.015198 -0.034558 -0.042603 -0.088820 -0.022293
 -0.040264 -0.052205 0.028152 -0.022605 0.074234 -0.032167 -0.077861 -0.068131 -0.017562 -0.040911 0.055631 -0.002490 0.037500 0.043551 -0.083464 -0.070256
 0.092787 0.084835 0.048798 -0.010413 -0.072250 -0.077319 -0.084897 0.097913 -0.096680 0.039311 -0.092445 0.045487 0.062244 0.017974 -0.012033 -0.065762
 0.026871 0.038800 -0.084683 0.015146 0.054149 -0.099399 -0.022851 0.019944 -0.030607 -0.070651 -0.038681 -0.028967 0.084322 0.061073 0.007514 -0.015510
 0.028975 0.052039 0.037088 0.067534 0.038388 -0.048180 -0.028986 0.013434 -0.067402 -0.050434 0.084094 -0.087412 0.084118 0.020246 -0.085430 -0.074740
 -0.046331 -0.080678 0.093737 -0.020337 0.041804 -0.063399 -0.022723 -0.069415 -0.093448 -0.012098 0.034883 -0.070798 0.098374 -0.094686 -0.082430 0.049193
 -0.072875 -0.030744 0.043848 -0.011369 0.047692 -0.023392 -0.081524 -0.038995 -0.018422 -0.009425 -0.016522 -0.095321 -0.057300 -0.067036 0.046469 0.005829
 -0.036396 -0.075106 -0.047771 0.054510 0.054007 0.044906 0.027827 0.072965 -0.046500 -0.005607 0.045293 -0.020007 0.028027 0.040948 -0.081204 -0.017003
 -0.074506 -0.064957 0.010004 0.066647 -0.086822 0.065214 0.019807 0.055542 -0.035595 0.048196 -0.088582 0.045168 0.051001 -0.083730 0.097929 -0.072531
 -0.006021 -0.069950 -0.078855 0.094047 0.010642 0.062783 -0.095130 -0.056765 -0.029102 -0.068267 0.077623 0.080115 -0.057441 0.069588 -0.057589 -0.015848
 0.037708 -0.018195 0.005162 0.054424 -0.011668 0.088023 -0.058323 0.066211 0.092048 -0.079763 0.008575 0.029398 -0.057829 -0.033555 0.064965 -0.028318
 0.059506 0.034548 -0.086409 -0.098832 -0.087453 0.014576 -0.039115 -0.089890 0.080806 0.077826 0.079397 -0.046391 0.045531 -0.080784 0.052441 -0.016497
 0.027050 -0.045810 -0.019788 0.015097 -0.026297 0.046317 -0.091713 -0.019605 0.093646 -0.028675 0.015088 0.010546 -0.084754 -0.098018 0.094228 0.051846
 -0.040399 0.094826 0.041448 0.087337 0.059978 -0.080403 -0.074447 -0.040527 -0.034589 -0.081490 -0.045600 0.080083 -0.068864 -0.049395 0.071155 0.079222
 0.090430 -0.079668 -0.095517 -0.067280 -0.017634 0.026475 -0.004882 -0.025353 0.011051 -0.015421 0.022731 -0.027703 0.076044 -0.016910 -0.072273 0.001105
 0.064117 0.001610 -0.006634 -0.037434 0.097629 -0.090725 0.051291 0.094215 0.020409 -0.034897 0.078275 0.090663 -0.032742 -0.017809 0.024928 0.017685
 -0.057240 -0.033123 0.068268 0.025553 0.008109 -0.081753 0.004771 -0.044470 -0.025411 -0.020914 0.076266 -0.098452 -0.028017 -0.085888 0.080949 -0.053660
 -0.044819 0.060498 -0.089845 -0.051061 -0.080747 -0.091147 0.073615 -0.028073 -0.022646 0.090440 0.093488 0.017674 0.095470 0.064788 0.014214 0.034927
 -0.020561 0.085369 0.016150 -0.057123 0.069039 -0.094713 -0.010389 -0.044943 0.091309 0.043787 -0.048226 -0.057922 -0.034128 0.007381 -0.037262 -0.043990
 0.007103 0.036107 0.054933 -0.061804 0.045213 0.054648 -0.060211 -0.047050 -0.096796 0.007843 -0.036236 0.047135 0.072978 0.086291 -0.018214 -0.017620
 -0.096990 -0.054433 0.015971 -0.015373 0.089473 -0.033836 0.069226 -0.075148 -0.004136 0.081236 -0.079368 -0.012677 0.012335 -0.009811 -0.078952 0.037457
 -0.010410 -0.048142 -0.031313 -0.092250 -0.095909 0.093809 0.024794 -0.006996 0.035401 0.058921 0.022085 0.015099 0.020764 -0.018886 0.089877 0.011374
 -0.011324 0.011577 0.051027 0.079044 -0.052168 0.049100 -0.086520 0.012365 0.034092 0.016565 -0.013195 0.044754 -0.032365 -0.047333 -0.099383 -0.053839
 -0.049208 0.004723 0.001898 0.091560 -0.082285 -0.095332 -0.014111 0.002219 -0.034719 -0.034079 0.071336 -0.082493 -0.097791 -0.033641 0.022945 -0.059897
 -0.060090 -0.080009 -0.056372 0.057554 -0.029738 -0.080888 -0.080844 -0.097998 0.070821 -0.048194 -0.021998 0.055736 -0.070050 -0.085237 -0.029560 0.001381
 -0.012423 0.017959 0.026763 0.033614 0.007805 -0.020055 -0.076388 -0.040197 0.029519 0.017353 0.006733 -0.090631 -0.023256 0.084864 -0.091974 -0.063397
 0.094589 0.084623 -0.054484 -0.048323 -0.022033 -0.076371 0.013156 0.011713 -0.035781 -0.071087 -0.008276 -0.052409 0.006338 0.052457 0.058928 0.080986
 -0.001862 -0.030846 0.076598 0.059822 0.071281 0.051209 -0.071510 0.099643 0.091425 -0.056759 0.014044 -0.004848 -0.064194 0.002415 -0.042616 -0.029019
 0.078263 -0.087441 0.036337 0.050384 -0.015067 -0.061333 -0.041032 -0.061098 0.056259 -0.042842 -0.029343 0.077331 0.010073 -0.000366 0.040369 -0.015552
 -0.085467 0.035636 -0.082350 0.074780 -0.031376 -0.045616 0.027726 -0.094836 -0.035679 0.077062 0.090212 -0.007452 0.060268 0.031294 -0.070449 -0.043457
 -0.043078 -0.010525 -0.097677 -0.093111 0.060422 -0.021385 -0.080393 -0.098331 -0.090296 -0.042164 -0.064662 0.000909 -0.014386 -0.063908 -0.007048 0.097748
 -0.015953 -0.055839 0.087747 -0.054027 -0.046251 -0.088181 0.065581 -0.071644 0.076972 0.038784 -0.023351 0.084937 -0.080921 -0.058619 0.099939 0.031320
 -0.087997 0.022244 0.057104 0.073963 0.075414 0.040356 0.092098 -0.034112 0.026007 0.010247 -0.024025 -0.020642 -0.025430 0.019615 -0.020211 -0.073996
 -0.088891 0.017259 0.068749 -0.032186 -0.009437 -0.012359 -0.042628 -0.024135 -0.008626 -0.082240 -0.011485 0.057851 -0.054339 -0.071160 -0.079966 -0.075886
 0.055088 -0.067206 0.048218 0.027180 -0.040147 0.007337 -0.021004 0.082394 0.044981 0.086058 -0.023716 -0.048250 -0.067539 -0.051645 -0.022874 -0.074934
 0.047391 -0.075032 0.009796 -0.094697 -0.089606 0.097319 0.032943 -0.025024 -0.056834 0.022310 0.019867 0.088640 0.077264 0.082923 0.068226 0.091744
 -0.015565 0.028151 -0.082506 -0.075394 0.022010 0.006745 0.069090 -0.088271 -0.007853 -0.069774 -0.036650 0.032996 -0.057406 -0.086560 0.093044 0.010468
 -0.023564 0.068489 0.088754 -0.086022 -0.000289 0.039132 -0.036954 -0.010394 -0.012851 -0.003794 0.054128 -0.023441 0.022567 0.089335 -0.073652 -0.085779
 -0.000278 0.080450 -0.028793 -0.023435 0.031697 -0.080434 -0.062007 -0.090716 -0.021030 -0.046437 0.007053 0.048983 -0.076573 0.046170 -0.070426 -0.014679
 0.081479 -0.077629 0.041470 0.031771 -0.062228 0.019654 0.013817 0.022541 -0.001905 0.011531 -0.024566 -0.054301 0.072855 -0.017059 -0.069052 0.084733
 0.034310 0.070920 -0.016366 0.040089 0.051317 0.016966 0.058811 -0.026115 -0.036124 0.067936 -0.004307 0.040756 0.081950 0.090243 -0.007629 0.064198
 0.079163 -0.081875 -0.032435 -0.011275 0.084588 0.062065 -0.035841 -0.038916 -0.031035 -0.037329 -0.089545 0.018171 0.062926 0.011391 -0.052146 -0.011376
 0.075420 -0.088855 -0.038083 0.084718 -0.090554 -0.053110 -0.073772 0.037080 0.003484 0.002027 -0.021648 0.058382 -0.038441 -0.070179 -0.054080 0.027327
 -0.012809 -0.056005 0.052580 -0.071370 0.068966 0.028611 0.027819 -0.042479 -0.075996 -0.087647 0.071368 -0.089855 0.035340 -0.092746 -0.054928 0.077879
 0.095660 0.011438 0.008861 -0.007680 -0.077498 -0.037249 0.011329 0.070838 0.029968 -0.066049 -0.055089 0.032480 0.024670 -0.096608 0.083893 -0.084955
 -0.049116 0.055333 -0.023711 -0.062256 -0.021918 -0.023685 -0.031080 -0.031672 0.030775 0.009501 -0.018132 0.090050 0.013481 -0.043790 -0.018889 -0.019129
 0.011802 0.001681 -0.004676 -0.083115 0.007045 -0.016427 0.083785 -0.074110 -0.048850 -0.045569 -0.020452 0.037508 0.040751 -0.021970 0.047198 0.030623
 0.081272 -0.097582 0.013131 0.052041 0.000690 -0.060380 0.094426 0.099620 -0.031702 -0.038870 0.040523 -0.077230 0.054298 0.045621 -0.061425 -0.089019
 -0.080669 -0.033235 0.091149 -0.056874 0.021720 -0.041844 -0.034954 -0.001931 0.049162 0.091179 -0.053436 0.028563 -0.075035 -0.094753 0.066217 -0.097602
 -0.030814 0.060602 -0.089294 -0.070281 -0.066128 0.031933 0.038773 0.058193 0.059062 -0.073971 0.056180 0.069935 -0.044256 0.038662 -0.053620 0.024223
 -0.066120 -0.099774 0.024058 -0.057695 0.021443 -0.010071 -0.042955 -0.007767 -0.042816 0.096723 0.083191 -0.097747 0.006260 -0.079047 -0.059863 -0.026303
 0.003791 -0.078087 0.078058 0.092331 0.023456 0.088025 -0.001532 0.077293 -0.053316 -0.015907 -0.099945 0.060671 0.041936 -0.076799 -0.017212 -0.077919
 0.036397 0.066123 -0.067104 -0.091444 -0.006582 0.010070 -0.026065 -0.013042 -0.008560 0.098968 0.040393 -0.017615 0.060742 -0.082489 -0.015875 0.039454
 -0.069759 0.055685 -0.070168 0.047567 0.099613 0.074919 0.056546 -0.016663 -0.022569 0.020448 0.034245 0.079275 -0.016110 -0.045931 -0.024671 -0.001497
 -0.098364 -0.040538 0.096917 -0.059780 -0.088914 0.067779 -0.021993 0.015445 0.057667 -0.031951 -0.091597 -0.022144 0.016056 0.033961 -0.022759 -0.071256
 0.037212 -0.040792 -0.099421 0.048838 -0.011354 0.074006 0.073947 0.033289 0.094045 0.022746 -0.087990 0.097032 0.069601 0.057065 0.057824 0.009668
 0.088057 0.089772 0.054884 0.090657 0.095754 -0.020243 -0.030635 0.058927 -0.050054 -0.027001 -0.087753 -0.082582 0.067374 -0.081815 0.041067 -0.016656
 0.062464 0.006053 -0.013693 -0.008799 0.068722 0.013290 -0.054931 -0.059014 -0.098915 0.064126 -0.012375 0.046465 -0.033610 0.029008 0.091338 -0.028124
 0.041342 0.075435 0.067535 0.001616 -0.022749 0.055557 0.093852 0.051387 -0.075309 -0.053631 -0.053741 0.059942 -0.033577 -0.017155 -0.067317 0.087636
]
Total memory size for keys: rot_key_cnt = 22, rot_key_size = 138417312 bytes, total_key_size = 149952080 bytes
Total memory size for weight plain: cnt = 73, size = 76027016 bytes
RTLib functions         	       Count	      Elapse
--------------------    	    --------	    --------
NN                      	           -	           -
FHE                     	           -	           -
 FHE_ADDCC               	          86	    0.084664 sec
 FHE_ADDCP               	           1	    0.000051 sec
 FHE_MULCP               	          72	    0.005448 sec
 FHE_RESCALE             	           1	    0.005596 sec
 FHE_ROTATE              	          23	    0.614560 sec
FHE                     	   sub total	    0.710319 sec
FINALIZE_CONTEXT        	           1	    0.001590 sec
PREPARE_CONTEXT         	           1	    0.955001 sec
ENCODE_ARRAY            	          74	    0.380338 sec
NTT                     	         609	    0.751808 sec
INTT                    	          94	    0.123332 sec
MAIN_GRAPH              	           1	    1.106432 sec
 HW_ADD                  	         656	    0.045025 sec
 HW_MUL                  	         556	    0.107956 sec
 HW_ROT                  	          90	    0.015764 sec
 COPY_POLY               	          74	    0.007382 sec
 MOD_DOWN                	          46	    0.247944 sec
 DECOMP_MODUP            	          45	    0.224928 sec
 MULP                    	          51	    0.212399 sec
 RESCALE_POLY            	           2	    0.005595 sec
 COPY_CIPH               	          14	    0.006973 sec
 INIT_CIPH_SM_SC         	         110	    0.002905 sec
 INIT_CIPH_UP_SC         	          72	    0.005437 sec
 INIT_CIPH_DN_SC         	           1	    0.000000 sec
 BOOTSTRAP               	           -	           -
  BS_EVAL                 	           -	           -
 BOOTSTRAP               	   sub total	    0.000000 sec
 PT_ENCODE               	          73	    0.376511 sec
MAIN_GRAPH              	   sub total	    1.258820 sec
2.09 273716
