Per-op stats for /conv/Conv in Main_graph:
|DATA        |       COUNT|        EXEC|    LOAD(MB)|    DRAM(MB)|
|--------    |      ------|      ------|      ------|      ------|
|PLAINTEXT   |           2|          73|        72.5|        72.5|
|ROTATE      |           8|          23|         136|         132|

|OP          |       LEVEL|       COUNT|        EXEC|    LOAD(MB)|    DRAM(MB)|
|--------    |      ------|      ------|      ------|      ------|      ------|
|add_cc      |           1|           1|           1|           0|           0|
|add_cc      |           2|           7|          85|           0|           0|
|add_cp      |           1|           1|           1|         0.5|         0.5|
|mul_cp      |           2|           1|          72|          72|          72|
|rotate      |           1|           1|           1|           4|           4|
|rotate      |           2|           7|          22|         132|          42|
|rescale     |           1|           1|           1|           0|           0|
|TOTAL       |            |          19|         183|       208.5|       118.5|

ROTATE             LEVEL       COUNT    LOAD(MB)
--------          ------      ------      ------
1536                   2           1           6
1280                   2           1           6
768                    2           1           6
512                    2           1           6
256                    2           1           6
17                     2           1           6
-4096                  2           1           6
1792                   2           1           6
-1                     2           1           6
15                     2           1           6
-8192                  2           1           6
1024                   2           1           6
-15                    2           1           6
1                      2           1           6
10240                  1           1           4
-12288                 2           1           6
-16                    2           1           6
0                      2           2          12
-16384                 2           1           6
-17                    2           1           6
-20480                 2           1           6
16                     2           1           6
TOTAL                             23         136

Total stats for Main_graph:
|DATA        |       COUNT|        EXEC|    LOAD(MB)|    DRAM(MB)|
|--------    |      ------|      ------|      ------|      ------|
|PLAINTEXT   |           2|          73|        72.5|        72.5|
|ROTATE      |           8|          23|         136|         132|

|OP          |       LEVEL|       COUNT|        EXEC|    LOAD(MB)|    DRAM(MB)|
|--------    |      ------|      ------|      ------|      ------|      ------|
|add_cc      |           1|           1|           1|           0|           0|
|add_cc      |           2|           7|          85|           0|           0|
|add_cp      |           1|           1|           1|         0.5|         0.5|
|mul_cp      |           2|           1|          72|          72|          72|
|rotate      |           1|           1|           1|           4|           4|
|rotate      |           2|           7|          22|         132|          42|
|rescale     |           1|           1|           1|           0|           0|
|TOTAL       |            |          19|         183|       208.5|       118.5|

ROTATE             LEVEL       COUNT    LOAD(MB)
--------          ------      ------      ------
1536                   2           1           6
1280                   2           1           6
768                    2           1           6
512                    2           1           6
256                    2           1           6
17                     2           1           6
-4096                  2           1           6
1792                   2           1           6
-1                     2           1           6
15                     2           1           6
-8192                  2           1           6
1024                   2           1           6
-15                    2           1           6
1                      2           1           6
10240                  1           1           4
-12288                 2           1           6
-16                    2           1           6
0                      2           2          12
-16384                 2           1           6
-17                    2           1           6
-20480                 2           1           6
16                     2           1           6
TOTAL                             23         136

