Per-op stats for /Flatten in Main_graph:
Per-op stats for /fc/Gemm in Main_graph:
|DATA        |       COUNT|        EXEC|    LOAD(MB)|    DRAM(MB)|
|--------    |      ------|      ------|      ------|      ------|
|PLAINTEXT   |           3|         258|         386|         386|
|ROTATE      |           8|          42|         408|         410|

|OP          |       LEVEL|       COUNT|        EXEC|    LOAD(MB)|    DRAM(MB)|
|--------    |      ------|      ------|      ------|      ------|      ------|
|add_cc      |           2|           2|           6|           0|           0|
|add_cc      |           3|           6|         276|           0|           0|
|add_cp      |           2|           1|           1|           1|           1|
|mul_cp      |           2|           1|           1|           1|           1|
|mul_cp      |           3|           1|         256|         384|         384|
|rotate      |           2|           2|           6|          48|          16|
|rotate      |           3|           6|          36|         360|          60|
|rescale     |           1|           1|           1|           0|           0|
|rescale     |           2|           1|           1|           0|           0|
|TOTAL       |            |          21|         584|         794|         462|

ROTATE             LEVEL       COUNT    LOAD(MB)
--------          ------      ------      ------
13056                  2           1           8
4352                   2           1           8
224                    3           1          10
8704                   2           1           8
208                    3           1          10
176                    3           1          10
2048                   2           1           8
160                    3           1          10
8                      3           1          10
7                      3           1          10
6                      3           1          10
64                     3           1          10
5                      3           1          10
3072                   2           1           8
240                    3           1          10
4                      3           1          10
3                      3           1          10
32                     3           1          10
-16384                 3           1          10
112                    3           1          10
0                      3           2          20
1                      3           1          10
2                      3           1          10
-4096                  3           1          10
9                      3           1          10
96                     3           1          10
11                     3           1          10
12                     3           1          10
10                     3           1          10
128                    3           1          10
13                     3           1          10
-8192                  3           1          10
14                     3           1          10
192                    3           1          10
15                     3           1          10
16                     3           1          10
-12288                 3           1          10
48                     3           1          10
1024                   2           1           8
80                     3           1          10
144                    3           1          10
TOTAL                             42         408

Total stats for Main_graph:
|DATA        |       COUNT|        EXEC|    LOAD(MB)|    DRAM(MB)|
|--------    |      ------|      ------|      ------|      ------|
|PLAINTEXT   |           3|         258|         386|         386|
|ROTATE      |           8|          42|         408|         410|

|OP          |       LEVEL|       COUNT|        EXEC|    LOAD(MB)|    DRAM(MB)|
|--------    |      ------|      ------|      ------|      ------|      ------|
|add_cc      |           2|           2|           6|           0|           0|
|add_cc      |           3|           6|         276|           0|           0|
|add_cp      |           2|           1|           1|           1|           1|
|mul_cp      |           2|           1|           1|           1|           1|
|mul_cp      |           3|           1|         256|         384|         384|
|rotate      |           2|           2|           6|          48|          16|
|rotate      |           3|           6|          36|         360|          60|
|rescale     |           1|           1|           1|           0|           0|
|rescale     |           2|           1|           1|           0|           0|
|TOTAL       |            |          21|         584|         794|         462|

ROTATE             LEVEL       COUNT    LOAD(MB)
--------          ------      ------      ------
13056                  2           1           8
4352                   2           1           8
224                    3           1          10
8704                   2           1           8
208                    3           1          10
176                    3           1          10
2048                   2           1           8
160                    3           1          10
8                      3           1          10
7                      3           1          10
6                      3           1          10
64                     3           1          10
5                      3           1          10
3072                   2           1           8
240                    3           1          10
4                      3           1          10
3                      3           1          10
32                     3           1          10
-16384                 3           1          10
112                    3           1          10
0                      3           2          20
1                      3           1          10
2                      3           1          10
-4096                  3           1          10
9                      3           1          10
96                     3           1          10
11                     3           1          10
12                     3           1          10
10                     3           1          10
128                    3           1          10
13                     3           1          10
-8192                  3           1          10
14                     3           1          10
192                    3           1          10
15                     3           1          10
16                     3           1          10
-12288                 3           1          10
48                     3           1          10
1024                   2           1           8
80                     3           1          10
144                    3           1          10
TOTAL                             42         408

