+ export RTLIB_TIMING_OUTPUT=-
+ RTLIB_TIMING_OUTPUT=-
+ export OMP_NUM_THREADS=1
+ OMP_NUM_THREADS=1
+ export RTLIB_BTS_EVEN_POLY=1
+ RTLIB_BTS_EVEN_POLY=1
+ TEST=squeezenet_imagenet
+ ID=ace
++ pwd
+ WRK_DIR=/app/release
+ VEC_OPT=-VEC:ms=32768:gemmf:convf:ssf:conv_parl:sharding:rtt
+ SIHE_OPT=-SIHE:relu_vr_def=100:rtt
+ CKKS_OPT=-CKKS:hw=192:q0=60:sf=56:N=65536:icl=4:pots:rtt
+ POLY_OPT=-POLY:rtt
+ P2C_OPT=-P2C:df=/app/release/squeezenet_imagenet.ace.bin:fp
+ timed_run ./driver/fhe_cmplr -VEC:ms=32768:gemmf:convf:ssf:conv_parl:sharding:rtt -SIHE:relu_vr_def=100:rtt -CKKS:hw=192:q0=60:sf=56:N=65536:icl=4:pots:rtt -POLY:rtt -P2C:df=/app/release/squeezenet_imagenet.ace.bin:fp ../metak/squeezenet_imagenet.onnx
+ '[' -e /usr/bin/time ']'
+ ./driver/fhe_cmplr -VEC:ms=32768:gemmf:convf:ssf:conv_parl:sharding:rtt -SIHE:relu_vr_def=100:rtt -CKKS:hw=192:q0=60:sf=56:N=65536:icl=4:pots:rtt -POLY:rtt -P2C:df=/app/release/squeezenet_imagenet.ace.bin:fp ../metak/squeezenet_imagenet.onnx
/app/nn-addon/onnx2air/src/air_stmt.cxx:862: Assertion Failure: Fix rtype for New_una_arith.
/app/nn-addon/onnx2air/src/air_stmt.cxx:862: Assertion Failure: Fix rtype for New_una_arith.
/app/air-infra/base/src/node.cxx:534: Assertion Failure: Do not call this API to change rtype.
/app/air-infra/base/src/node.cxx:534: Assertion Failure: Do not call this API to change rtype.
/app/air-infra/base/src/node.cxx:524: Assertion Failure: Do not call this API to change rtype.
/app/air-infra/base/src/node.cxx:524: Assertion Failure: Do not call this API to change rtype.
/app/air-infra/base/src/node.cxx:534: Assertion Failure: Do not call this API to change rtype.
/app/air-infra/base/src/node.cxx:534: Assertion Failure: Do not call this API to change rtype.
/app/air-infra/base/src/node.cxx:524: Assertion Failure: Do not call this API to change rtype.
/app/air-infra/base/src/node.cxx:524: Assertion Failure: Do not call this API to change rtype.
/app/air-infra/base/src/node.cxx:534: Assertion Failure: Do not call this API to change rtype.
/app/air-infra/base/src/node.cxx:534: Assertion Failure: Do not call this API to change rtype.
/app/air-infra/base/src/node.cxx:524: Assertion Failure: Do not call this API to change rtype.
/app/air-infra/base/src/node.cxx:524: Assertion Failure: Do not call this API to change rtype.
/app/air-infra/base/src/node.cxx:534: Assertion Failure: Do not call this API to change rtype.
/app/air-infra/base/src/node.cxx:534: Assertion Failure: Do not call this API to change rtype.
/app/air-infra/base/src/node.cxx:524: Assertion Failure: Do not call this API to change rtype.
/app/air-infra/base/src/node.cxx:524: Assertion Failure: Do not call this API to change rtype.
/app/air-infra/base/src/node.cxx:534: Assertion Failure: Do not call this API to change rtype.
/app/air-infra/base/src/node.cxx:534: Assertion Failure: Do not call this API to change rtype.
/app/air-infra/base/src/node.cxx:524: Assertion Failure: Do not call this API to change rtype.
/app/air-infra/base/src/node.cxx:524: Assertion Failure: Do not call this API to change rtype.
/app/air-infra/base/src/node.cxx:534: Assertion Failure: Do not call this API to change rtype.
/app/air-infra/base/src/node.cxx:534: Assertion Failure: Do not call this API to change rtype.
/app/air-infra/base/src/node.cxx:524: Assertion Failure: Do not call this API to change rtype.
/app/air-infra/base/src/node.cxx:524: Assertion Failure: Do not call this API to change rtype.
/app/air-infra/base/src/node.cxx:534: Assertion Failure: Do not call this API to change rtype.
/app/air-infra/base/src/node.cxx:534: Assertion Failure: Do not call this API to change rtype.
/app/air-infra/base/src/node.cxx:524: Assertion Failure: Do not call this API to change rtype.
/app/air-infra/base/src/node.cxx:524: Assertion Failure: Do not call this API to change rtype.
/app/air-infra/base/src/node.cxx:534: Assertion Failure: Do not call this API to change rtype.
/app/air-infra/base/src/node.cxx:534: Assertion Failure: Do not call this API to change rtype.
/app/air-infra/base/src/node.cxx:524: Assertion Failure: Do not call this API to change rtype.
/app/air-infra/base/src/node.cxx:524: Assertion Failure: Do not call this API to change rtype.
/app/air-infra/base/src/node.cxx:534: Assertion Failure: Do not call this API to change rtype.
/app/air-infra/base/src/node.cxx:534: Assertion Failure: Do not call this API to change rtype.
/app/air-infra/base/src/node.cxx:524: Assertion Failure: Do not call this API to change rtype.
/app/air-infra/base/src/node.cxx:524: Assertion Failure: Do not call this API to change rtype.
/app/air-infra/base/src/node.cxx:534: Assertion Failure: Do not call this API to change rtype.
/app/air-infra/base/src/node.cxx:534: Assertion Failure: Do not call this API to change rtype.
/app/air-infra/base/src/node.cxx:524: Assertion Failure: Do not call this API to change rtype.
/app/air-infra/base/src/node.cxx:524: Assertion Failure: Do not call this API to change rtype.
/app/air-infra/base/src/node.cxx:534: Assertion Failure: Do not call this API to change rtype.
/app/air-infra/base/src/node.cxx:534: Assertion Failure: Do not call this API to change rtype.
/app/air-infra/base/src/node.cxx:524: Assertion Failure: Do not call this API to change rtype.
/app/air-infra/base/src/node.cxx:524: Assertion Failure: Do not call this API to change rtype.
/app/air-infra/base/src/node.cxx:534: Assertion Failure: Do not call this API to change rtype.
/app/air-infra/base/src/node.cxx:534: Assertion Failure: Do not call this API to change rtype.
/app/air-infra/base/src/node.cxx:524: Assertion Failure: Do not call this API to change rtype.
/app/air-infra/base/src/node.cxx:524: Assertion Failure: Do not call this API to change rtype.
/app/air-infra/base/src/node.cxx:534: Assertion Failure: Do not call this API to change rtype.
/app/air-infra/base/src/node.cxx:534: Assertion Failure: Do not call this API to change rtype.
/app/air-infra/base/src/node.cxx:524: Assertion Failure: Do not call this API to change rtype.
/app/air-infra/base/src/node.cxx:524: Assertion Failure: Do not call this API to change rtype.
/app/air-infra/base/src/node.cxx:534: Assertion Failure: Do not call this API to change rtype.
/app/air-infra/base/src/node.cxx:534: Assertion Failure: Do not call this API to change rtype.
/app/air-infra/base/src/node.cxx:524: Assertion Failure: Do not call this API to change rtype.
/app/air-infra/base/src/node.cxx:524: Assertion Failure: Do not call this API to change rtype.
/app/air-infra/base/src/node.cxx:534: Assertion Failure: Do not call this API to change rtype.
/app/air-infra/base/src/node.cxx:534: Assertion Failure: Do not call this API to change rtype.
/app/air-infra/base/src/node.cxx:524: Assertion Failure: Do not call this API to change rtype.
/app/air-infra/base/src/node.cxx:524: Assertion Failure: Do not call this API to change rtype.
/app/air-infra/base/src/node.cxx:534: Assertion Failure: Do not call this API to change rtype.
/app/air-infra/base/src/node.cxx:534: Assertion Failure: Do not call this API to change rtype.
/app/air-infra/base/src/node.cxx:524: Assertion Failure: Do not call this API to change rtype.
/app/air-infra/base/src/node.cxx:524: Assertion Failure: Do not call this API to change rtype.
/app/air-infra/base/src/node.cxx:534: Assertion Failure: Do not call this API to change rtype.
/app/air-infra/base/src/node.cxx:534: Assertion Failure: Do not call this API to change rtype.
/app/air-infra/base/src/node.cxx:524: Assertion Failure: Do not call this API to change rtype.
/app/air-infra/base/src/node.cxx:524: Assertion Failure: Do not call this API to change rtype.
/app/air-infra/base/src/node.cxx:534: Assertion Failure: Do not call this API to change rtype.
/app/air-infra/base/src/node.cxx:534: Assertion Failure: Do not call this API to change rtype.
/app/air-infra/base/src/node.cxx:524: Assertion Failure: Do not call this API to change rtype.
/app/air-infra/base/src/node.cxx:524: Assertion Failure: Do not call this API to change rtype.
/app/air-infra/base/src/node.cxx:534: Assertion Failure: Do not call this API to change rtype.
/app/air-infra/base/src/node.cxx:534: Assertion Failure: Do not call this API to change rtype.
/app/air-infra/base/src/node.cxx:524: Assertion Failure: Do not call this API to change rtype.
/app/air-infra/base/src/node.cxx:524: Assertion Failure: Do not call this API to change rtype.
/app/air-infra/base/src/node.cxx:534: Assertion Failure: Do not call this API to change rtype.
/app/air-infra/base/src/node.cxx:534: Assertion Failure: Do not call this API to change rtype.
/app/air-infra/base/src/node.cxx:524: Assertion Failure: Do not call this API to change rtype.
/app/air-infra/base/src/node.cxx:524: Assertion Failure: Do not call this API to change rtype.
/app/air-infra/base/src/node.cxx:534: Assertion Failure: Do not call this API to change rtype.
/app/air-infra/base/src/node.cxx:534: Assertion Failure: Do not call this API to change rtype.
/app/air-infra/base/src/node.cxx:524: Assertion Failure: Do not call this API to change rtype.
/app/air-infra/base/src/node.cxx:524: Assertion Failure: Do not call this API to change rtype.
/app/air-infra/base/src/node.cxx:534: Assertion Failure: Do not call this API to change rtype.
/app/air-infra/base/src/node.cxx:534: Assertion Failure: Do not call this API to change rtype.
/app/air-infra/base/src/node.cxx:524: Assertion Failure: Do not call this API to change rtype.
/app/air-infra/base/src/node.cxx:524: Assertion Failure: Do not call this API to change rtype.
/app/air-infra/base/src/node.cxx:534: Assertion Failure: Do not call this API to change rtype.
/app/air-infra/base/src/node.cxx:534: Assertion Failure: Do not call this API to change rtype.
/app/air-infra/base/src/node.cxx:524: Assertion Failure: Do not call this API to change rtype.
/app/air-infra/base/src/node.cxx:524: Assertion Failure: Do not call this API to change rtype.
/app/air-infra/base/src/node.cxx:534: Assertion Failure: Do not call this API to change rtype.
/app/air-infra/base/src/node.cxx:534: Assertion Failure: Do not call this API to change rtype.
/app/air-infra/base/src/node.cxx:524: Assertion Failure: Do not call this API to change rtype.
/app/air-infra/base/src/node.cxx:524: Assertion Failure: Do not call this API to change rtype.
/app/air-infra/base/src/node.cxx:534: Assertion Failure: Do not call this API to change rtype.
/app/air-infra/base/src/node.cxx:534: Assertion Failure: Do not call this API to change rtype.
/app/air-infra/base/src/node.cxx:524: Assertion Failure: Do not call this API to change rtype.
/app/air-infra/base/src/node.cxx:524: Assertion Failure: Do not call this API to change rtype.
/app/air-infra/base/src/node.cxx:534: Assertion Failure: Do not call this API to change rtype.
/app/air-infra/base/src/node.cxx:534: Assertion Failure: Do not call this API to change rtype.
/app/air-infra/base/src/node.cxx:524: Assertion Failure: Do not call this API to change rtype.
/app/air-infra/base/src/node.cxx:524: Assertion Failure: Do not call this API to change rtype.
/app/air-infra/base/src/node.cxx:534: Assertion Failure: Do not call this API to change rtype.
/app/air-infra/base/src/node.cxx:534: Assertion Failure: Do not call this API to change rtype.
/app/air-infra/base/src/node.cxx:524: Assertion Failure: Do not call this API to change rtype.
/app/air-infra/base/src/node.cxx:524: Assertion Failure: Do not call this API to change rtype.
/app/air-infra/base/src/node.cxx:534: Assertion Failure: Do not call this API to change rtype.
/app/air-infra/base/src/node.cxx:534: Assertion Failure: Do not call this API to change rtype.
/app/air-infra/base/src/node.cxx:524: Assertion Failure: Do not call this API to change rtype.
/app/air-infra/base/src/node.cxx:524: Assertion Failure: Do not call this API to change rtype.
/app/air-infra/base/src/node.cxx:534: Assertion Failure: Do not call this API to change rtype.
/app/air-infra/base/src/node.cxx:534: Assertion Failure: Do not call this API to change rtype.
/app/air-infra/base/src/node.cxx:524: Assertion Failure: Do not call this API to change rtype.
/app/air-infra/base/src/node.cxx:524: Assertion Failure: Do not call this API to change rtype.
/app/air-infra/base/src/node.cxx:534: Assertion Failure: Do not call this API to change rtype.
/app/air-infra/base/src/node.cxx:534: Assertion Failure: Do not call this API to change rtype.
/app/air-infra/base/src/node.cxx:524: Assertion Failure: Do not call this API to change rtype.
/app/air-infra/base/src/node.cxx:524: Assertion Failure: Do not call this API to change rtype.
/app/air-infra/base/src/node.cxx:534: Assertion Failure: Do not call this API to change rtype.
/app/air-infra/base/src/node.cxx:534: Assertion Failure: Do not call this API to change rtype.
/app/air-infra/base/src/node.cxx:524: Assertion Failure: Do not call this API to change rtype.
/app/air-infra/base/src/node.cxx:524: Assertion Failure: Do not call this API to change rtype.
/app/air-infra/base/src/node.cxx:534: Assertion Failure: Do not call this API to change rtype.
/app/air-infra/base/src/node.cxx:534: Assertion Failure: Do not call this API to change rtype.
/app/air-infra/base/src/node.cxx:524: Assertion Failure: Do not call this API to change rtype.
/app/air-infra/base/src/node.cxx:524: Assertion Failure: Do not call this API to change rtype.
/app/air-infra/base/src/node.cxx:534: Assertion Failure: Do not call this API to change rtype.
/app/air-infra/base/src/node.cxx:534: Assertion Failure: Do not call this API to change rtype.
/app/air-infra/base/src/node.cxx:524: Assertion Failure: Do not call this API to change rtype.
/app/air-infra/base/src/node.cxx:524: Assertion Failure: Do not call this API to change rtype.
/app/air-infra/base/src/node.cxx:534: Assertion Failure: Do not call this API to change rtype.
/app/air-infra/base/src/node.cxx:534: Assertion Failure: Do not call this API to change rtype.
/app/air-infra/base/src/node.cxx:524: Assertion Failure: Do not call this API to change rtype.
/app/air-infra/base/src/node.cxx:524: Assertion Failure: Do not call this API to change rtype.
/app/air-infra/base/src/node.cxx:534: Assertion Failure: Do not call this API to change rtype.
/app/air-infra/base/src/node.cxx:534: Assertion Failure: Do not call this API to change rtype.
/app/air-infra/base/src/node.cxx:524: Assertion Failure: Do not call this API to change rtype.
/app/air-infra/base/src/node.cxx:524: Assertion Failure: Do not call this API to change rtype.
/app/air-infra/base/src/node.cxx:534: Assertion Failure: Do not call this API to change rtype.
/app/air-infra/base/src/node.cxx:534: Assertion Failure: Do not call this API to change rtype.
/app/air-infra/base/src/node.cxx:524: Assertion Failure: Do not call this API to change rtype.
/app/air-infra/base/src/node.cxx:524: Assertion Failure: Do not call this API to change rtype.
/app/air-infra/base/src/node.cxx:534: Assertion Failure: Do not call this API to change rtype.
/app/air-infra/base/src/node.cxx:534: Assertion Failure: Do not call this API to change rtype.
/app/air-infra/base/src/node.cxx:524: Assertion Failure: Do not call this API to change rtype.
/app/air-infra/base/src/node.cxx:524: Assertion Failure: Do not call this API to change rtype.
/app/air-infra/base/src/node.cxx:534: Assertion Failure: Do not call this API to change rtype.
/app/air-infra/base/src/node.cxx:534: Assertion Failure: Do not call this API to change rtype.
/app/air-infra/base/src/node.cxx:524: Assertion Failure: Do not call this API to change rtype.
/app/air-infra/base/src/node.cxx:524: Assertion Failure: Do not call this API to change rtype.
/app/fhe-cmplr/include/fhe/poly/poly2c_mfree.h:170: Warning: TODO: find right place to free VS_out_gap34.

/app/fhe-cmplr/include/fhe/poly/poly2c_mfree.h:170: Warning: TODO: find right place to free VS_out_gap34.

/app/fhe-cmplr/include/fhe/poly/poly2c_mfree.h:170: Warning: TODO: find right place to free VS_out_gap34.


real	0m17.515s
user	0m7.233s
sys	0m10.217s
+ RET=0
+ return 0
+ '[' 0 -ne 0 ']'
+ mv squeezenet_imagenet.t squeezenet_imagenet.ace.ckks.log
+ cp squeezenet_imagenet.onnx.c squeezenet_imagenet.ace.onnx.c
+ HOST_DEF=-DRTLIB_SUPPORT_LINUX
+ HOST_INC='-I../fhe-cmplr/rtlib/include -I../fhe-cmplr/rtlib/ant/include -Irtlib/build/_deps/uthash-src/src -I../air-infra/include -I../nn-addon/include -I../fhe-cmplr/include'
+ HOST_LIBS='-L./rtlib/build/common -L./rtlib/build/ant -lFHErt_ant -lFHErt_common -lgmp -lm'
+ HOST_SRCS='../metak/squeezenet_imagenet.main.c squeezenet_imagenet.onnx.c'
+ timed_run gcc -DRTLIB_SUPPORT_LINUX -I../fhe-cmplr/rtlib/include -I../fhe-cmplr/rtlib/ant/include -Irtlib/build/_deps/uthash-src/src -I../air-infra/include -I../nn-addon/include -I../fhe-cmplr/include ../metak/squeezenet_imagenet.main.c squeezenet_imagenet.onnx.c -L./rtlib/build/common -L./rtlib/build/ant -lFHErt_ant -lFHErt_common -lgmp -lm -o squeezenet_imagenet.ace
+ '[' -e /usr/bin/time ']'
+ gcc -DRTLIB_SUPPORT_LINUX -I../fhe-cmplr/rtlib/include -I../fhe-cmplr/rtlib/ant/include -Irtlib/build/_deps/uthash-src/src -I../air-infra/include -I../nn-addon/include -I../fhe-cmplr/include ../metak/squeezenet_imagenet.main.c squeezenet_imagenet.onnx.c -L./rtlib/build/common -L./rtlib/build/ant -lFHErt_ant -lFHErt_common -lgmp -lm -o squeezenet_imagenet.ace

real	0m1.418s
user	0m1.300s
sys	0m0.113s
+ RET=0
+ return 0
+ '[' 0 -ne 0 ']'
+ timed_run ./squeezenet_imagenet.ace
