Per-op stats for /conv/Conv in Main_graph:
|DATA        |       COUNT|        EXEC|    LOAD(MB)|    DRAM(MB)|
|--------    |      ------|      ------|      ------|      ------|
|PLAINTEXT   |           2|         145|       144.5|       144.5|
|ROTATE      |           7|          32|         186|         186|

|OP          |       LEVEL|       COUNT|        EXEC|    LOAD(MB)|    DRAM(MB)|
|--------    |      ------|      ------|      ------|      ------|      ------|
|add_cc      |           1|           1|           3|           0|           0|
|add_cc      |           2|           6|         164|           0|           0|
|add_cp      |           1|           1|           1|         0.5|         0.5|
|mul_cp      |           2|           1|         144|         144|         144|
|rotate      |           1|           1|           3|          12|           4|
|rotate      |           2|           6|          29|         174|          36|
|rescale     |           1|           1|           1|           0|           0|
|TOTAL       |            |          17|         345|       330.5|       184.5|

ROTATE             LEVEL       COUNT    LOAD(MB)
--------          ------      ------      ------
10240                  1           1           4
9                      2           1           6
-7                     2           1           6
-4096                  2           1           6
8                      2           1           6
-8                     2           1           6
5120                   1           1           4
7                      2           1           6
384                    2           1           6
704                    2           1           6
-9                     2           1           6
-16384                 2           1           6
576                    2           1           6
0                      2           2          12
-12288                 2           1           6
960                    2           1           6
320                    2           1           6
-8192                  2           1           6
-1                     2           1           6
64                     2           1           6
128                    2           1           6
192                    2           1           6
15360                  1           1           4
256                    2           1           6
448                    2           1           6
512                    2           1           6
640                    2           1           6
1                      2           1           6
768                    2           1           6
832                    2           1           6
896                    2           1           6
TOTAL                             32         186

Total stats for Main_graph:
|DATA        |       COUNT|        EXEC|    LOAD(MB)|    DRAM(MB)|
|--------    |      ------|      ------|      ------|      ------|
|PLAINTEXT   |           2|         145|       144.5|       144.5|
|ROTATE      |           7|          32|         186|         186|

|OP          |       LEVEL|       COUNT|        EXEC|    LOAD(MB)|    DRAM(MB)|
|--------    |      ------|      ------|      ------|      ------|      ------|
|add_cc      |           1|           1|           3|           0|           0|
|add_cc      |           2|           6|         164|           0|           0|
|add_cp      |           1|           1|           1|         0.5|         0.5|
|mul_cp      |           2|           1|         144|         144|         144|
|rotate      |           1|           1|           3|          12|           4|
|rotate      |           2|           6|          29|         174|          36|
|rescale     |           1|           1|           1|           0|           0|
|TOTAL       |            |          17|         345|       330.5|       184.5|

ROTATE             LEVEL       COUNT    LOAD(MB)
--------          ------      ------      ------
10240                  1           1           4
9                      2           1           6
-7                     2           1           6
-4096                  2           1           6
8                      2           1           6
-8                     2           1           6
5120                   1           1           4
7                      2           1           6
384                    2           1           6
704                    2           1           6
-9                     2           1           6
-16384                 2           1           6
576                    2           1           6
0                      2           2          12
-12288                 2           1           6
960                    2           1           6
320                    2           1           6
-8192                  2           1           6
-1                     2           1           6
64                     2           1           6
128                    2           1           6
192                    2           1           6
15360                  1           1           4
256                    2           1           6
448                    2           1           6
512                    2           1           6
640                    2           1           6
1                      2           1           6
768                    2           1           6
832                    2           1           6
896                    2           1           6
TOTAL                             32         186

