Per-op stats for /conv/Conv in Main_graph:
|DATA        |       COUNT|        EXEC|    LOAD(MB)|    DRAM(MB)|
|--------    |      ------|      ------|      ------|      ------|
|PLAINTEXT   |           2|         145|       144.5|       144.5|
|ROTATE      |           5|          28|         166|         162|

|OP          |       LEVEL|       COUNT|        EXEC|    LOAD(MB)|    DRAM(MB)|
|--------    |      ------|      ------|      ------|      ------|      ------|
|add_cc      |           1|           1|           1|           0|           0|
|add_cc      |           2|           4|         162|           0|           0|
|add_cp      |           1|           1|           1|         0.5|         0.5|
|mul_cp      |           2|           1|         144|         144|         144|
|rotate      |           1|           1|           1|           4|           4|
|rotate      |           2|           4|          27|         162|          24|
|rescale     |           1|           1|           1|           0|           0|
|TOTAL       |            |          13|         337|       310.5|       172.5|

ROTATE             LEVEL       COUNT    LOAD(MB)
--------          ------      ------      ------
12288                  1           1           4
3840                   2           1           6
3328                   2           1           6
3072                   2           1           6
2816                   2           1           6
2304                   2           1           6
2048                   2           1           6
1536                   2           1           6
1280                   2           1           6
768                    2           1           6
-8192                  2           1           6
1024                   2           1           6
-15                    2           1           6
1                      2           1           6
-16384                 2           1           6
-17                    2           1           6
2560                   2           1           6
-16                    2           1           6
0                      2           2          12
1792                   2           1           6
-1                     2           1           6
15                     2           1           6
16                     2           1           6
3584                   2           1           6
17                     2           1           6
256                    2           1           6
512                    2           1           6
TOTAL                             28         166

Total stats for Main_graph:
|DATA        |       COUNT|        EXEC|    LOAD(MB)|    DRAM(MB)|
|--------    |      ------|      ------|      ------|      ------|
|PLAINTEXT   |           2|         145|       144.5|       144.5|
|ROTATE      |           5|          28|         166|         162|

|OP          |       LEVEL|       COUNT|        EXEC|    LOAD(MB)|    DRAM(MB)|
|--------    |      ------|      ------|      ------|      ------|      ------|
|add_cc      |           1|           1|           1|           0|           0|
|add_cc      |           2|           4|         162|           0|           0|
|add_cp      |           1|           1|           1|         0.5|         0.5|
|mul_cp      |           2|           1|         144|         144|         144|
|rotate      |           1|           1|           1|           4|           4|
|rotate      |           2|           4|          27|         162|          24|
|rescale     |           1|           1|           1|           0|           0|
|TOTAL       |            |          13|         337|       310.5|       172.5|

ROTATE             LEVEL       COUNT    LOAD(MB)
--------          ------      ------      ------
12288                  1           1           4
3840                   2           1           6
3328                   2           1           6
3072                   2           1           6
2816                   2           1           6
2304                   2           1           6
2048                   2           1           6
1536                   2           1           6
1280                   2           1           6
768                    2           1           6
-8192                  2           1           6
1024                   2           1           6
-15                    2           1           6
1                      2           1           6
-16384                 2           1           6
-17                    2           1           6
2560                   2           1           6
-16                    2           1           6
0                      2           2          12
1792                   2           1           6
-1                     2           1           6
15                     2           1           6
16                     2           1           6
3584                   2           1           6
17                     2           1           6
256                    2           1           6
512                    2           1           6
TOTAL                             28         166

