Per-op stats for /conv/Conv in Main_graph:
|DATA        |       COUNT|        EXEC|    LOAD(MB)|    DRAM(MB)|
|--------    |      ------|      ------|      ------|      ------|
|PLAINTEXT   |           4|        5696|        8000|        8000|
|ROTATE      |           3|        1096|        8912|         240|

|OP          |       LEVEL|       COUNT|        EXEC|    LOAD(MB)|    DRAM(MB)|
|--------    |      ------|      ------|      ------|      ------|      ------|
|add_cc      |           2|           3|        1088|           0|           0|
|add_cc      |           3|           1|        4608|           0|           0|
|add_cp      |           2|           1|          64|          64|          64|
|mul_cp      |           2|           2|        1024|        1024|        1024|
|mul_cp      |           3|           1|        4608|        6912|        6912|
|rotate      |           2|           2|        1024|        8192|          16|
|rotate      |           3|           1|          72|         720|          10|
|rescale     |           1|           1|           8|           0|           0|
|rescale     |           2|           2|        1024|           0|           0|
|TOTAL       |            |          14|       13520|       16912|        8026|

ROTATE             LEVEL       COUNT    LOAD(MB)
--------          ------      ------      ------
18816                  2           1           8
15680                  2           1           8
-3136                  2           1           8
12544                  2           1           8
-6272                  2           1           8
9408                   2           1           8
-9408                  2           1           8
6272                   2           1           8
-12544                 2           1           8
-18816                 2           1           8
0                      2           1           8
0                      3           1          10
-1                     3           1          10
1                      3           1          10
3136                   2           1           8
-15680                 2           1           8
-56                    3           1          10
55                     3           1          10
-55                    3           1          10
56                     3           1          10
21952                  2           1           8
57                     3           1          10
-25088                 2           1           8
-57                    3           1          10
-21952                 2           1           8
TOTAL                             25         218

Total stats for Main_graph:
|DATA        |       COUNT|        EXEC|    LOAD(MB)|    DRAM(MB)|
|--------    |      ------|      ------|      ------|      ------|
|PLAINTEXT   |           4|        5696|        8000|        8000|
|ROTATE      |           3|        1096|        8912|         240|

|OP          |       LEVEL|       COUNT|        EXEC|    LOAD(MB)|    DRAM(MB)|
|--------    |      ------|      ------|      ------|      ------|      ------|
|add_cc      |           2|           3|        1088|           0|           0|
|add_cc      |           3|           1|        4608|           0|           0|
|add_cp      |           2|           1|          64|          64|          64|
|mul_cp      |           2|           2|        1024|        1024|        1024|
|mul_cp      |           3|           1|        4608|        6912|        6912|
|rotate      |           2|           2|        1024|        8192|          16|
|rotate      |           3|           1|          72|         720|          10|
|rescale     |           1|           1|           8|           0|           0|
|rescale     |           2|           2|        1024|           0|           0|
|TOTAL       |            |          14|       13520|       16912|        8026|

ROTATE             LEVEL       COUNT    LOAD(MB)
--------          ------      ------      ------
18816                  2           1           8
15680                  2           1           8
-3136                  2           1           8
12544                  2           1           8
-6272                  2           1           8
9408                   2           1           8
-9408                  2           1           8
6272                   2           1           8
-12544                 2           1           8
-18816                 2           1           8
0                      2           1           8
0                      3           1          10
-1                     3           1          10
1                      3           1          10
3136                   2           1           8
-15680                 2           1           8
-56                    3           1          10
55                     3           1          10
-55                    3           1          10
56                     3           1          10
21952                  2           1           8
57                     3           1          10
-25088                 2           1           8
-57                    3           1          10
-21952                 2           1           8
TOTAL                             25         218

