+ export RTLIB_TIMING_OUTPUT=-
+ RTLIB_TIMING_OUTPUT=-
+ export OMP_NUM_THREADS=1
+ OMP_NUM_THREADS=1
+ export RTLIB_BTS_EVEN_POLY=1
+ RTLIB_BTS_EVEN_POLY=1
+ TEST=fhelipe_squeezenet
+ ID=0325
++ pwd
+ WRK_DIR=/app/release
+ VEC_OPT=-VEC:ms=32768:gemmf:convf:ssf:conv_parl:rtt
+ SIHE_OPT=-SIHE:relu_vr_def=100:rtt
+ CKKS_OPT=-CKKS:hw=192:q0=60:sf=56:N=65536:pots:rtt
+ POLY_OPT=-POLY:rtt
+ P2C_OPT=-P2C:df=/app/release/fhelipe_squeezenet.0325.bin:fp
+ timed_run ./driver/fhe_cmplr -VEC:ms=32768:gemmf:convf:ssf:conv_parl:rtt -SIHE:relu_vr_def=100:rtt -CKKS:hw=192:q0=60:sf=56:N=65536:pots:rtt -POLY:rtt -P2C:df=/app/release/fhelipe_squeezenet.0325.bin:fp ../metak/fhelipe_squeezenet.onnx
+ '[' -e /usr/bin/time ']'
+ ./driver/fhe_cmplr -VEC:ms=32768:gemmf:convf:ssf:conv_parl:rtt -SIHE:relu_vr_def=100:rtt -CKKS:hw=192:q0=60:sf=56:N=65536:pots:rtt -POLY:rtt -P2C:df=/app/release/fhelipe_squeezenet.0325.bin:fp ../metak/fhelipe_squeezenet.onnx
/app/nn-addon/onnx2air/src/air_stmt.cxx:862: Assertion Failure: Fix rtype for New_una_arith.
/app/nn-addon/onnx2air/src/air_stmt.cxx:862: Assertion Failure: Fix rtype for New_una_arith.
/app/air-infra/base/src/node.cxx:534: Assertion Failure: Do not call this API to change rtype.
/app/air-infra/base/src/node.cxx:534: Assertion Failure: Do not call this API to change rtype.
/app/air-infra/base/src/node.cxx:524: Assertion Failure: Do not call this API to change rtype.
/app/air-infra/base/src/node.cxx:524: Assertion Failure: Do not call this API to change rtype.
/app/air-infra/base/src/node.cxx:534: Assertion Failure: Do not call this API to change rtype.
/app/air-infra/base/src/node.cxx:534: Assertion Failure: Do not call this API to change rtype.
/app/air-infra/base/src/node.cxx:524: Assertion Failure: Do not call this API to change rtype.
/app/air-infra/base/src/node.cxx:524: Assertion Failure: Do not call this API to change rtype.
/app/air-infra/base/src/node.cxx:534: Assertion Failure: Do not call this API to change rtype.
/app/air-infra/base/src/node.cxx:534: Assertion Failure: Do not call this API to change rtype.
/app/air-infra/base/src/node.cxx:524: Assertion Failure: Do not call this API to change rtype.
/app/air-infra/base/src/node.cxx:524: Assertion Failure: Do not call this API to change rtype.
/app/air-infra/base/src/node.cxx:534: Assertion Failure: Do not call this API to change rtype.
/app/air-infra/base/src/node.cxx:534: Assertion Failure: Do not call this API to change rtype.
/app/air-infra/base/src/node.cxx:524: Assertion Failure: Do not call this API to change rtype.
/app/air-infra/base/src/node.cxx:524: Assertion Failure: Do not call this API to change rtype.
/app/air-infra/base/src/node.cxx:534: Assertion Failure: Do not call this API to change rtype.
/app/air-infra/base/src/node.cxx:534: Assertion Failure: Do not call this API to change rtype.
/app/air-infra/base/src/node.cxx:524: Assertion Failure: Do not call this API to change rtype.
/app/air-infra/base/src/node.cxx:524: Assertion Failure: Do not call this API to change rtype.
/app/air-infra/base/src/node.cxx:534: Assertion Failure: Do not call this API to change rtype.
/app/air-infra/base/src/node.cxx:534: Assertion Failure: Do not call this API to change rtype.
/app/air-infra/base/src/node.cxx:524: Assertion Failure: Do not call this API to change rtype.
/app/air-infra/base/src/node.cxx:524: Assertion Failure: Do not call this API to change rtype.
/app/air-infra/base/src/node.cxx:534: Assertion Failure: Do not call this API to change rtype.
/app/air-infra/base/src/node.cxx:534: Assertion Failure: Do not call this API to change rtype.
/app/air-infra/base/src/node.cxx:524: Assertion Failure: Do not call this API to change rtype.
/app/air-infra/base/src/node.cxx:524: Assertion Failure: Do not call this API to change rtype.
/app/air-infra/base/src/node.cxx:534: Assertion Failure: Do not call this API to change rtype.
/app/air-infra/base/src/node.cxx:534: Assertion Failure: Do not call this API to change rtype.
/app/air-infra/base/src/node.cxx:524: Assertion Failure: Do not call this API to change rtype.
/app/air-infra/base/src/node.cxx:524: Assertion Failure: Do not call this API to change rtype.
/app/air-infra/base/src/node.cxx:534: Assertion Failure: Do not call this API to change rtype.
/app/air-infra/base/src/node.cxx:534: Assertion Failure: Do not call this API to change rtype.
/app/air-infra/base/src/node.cxx:524: Assertion Failure: Do not call this API to change rtype.
/app/air-infra/base/src/node.cxx:524: Assertion Failure: Do not call this API to change rtype.
/app/air-infra/base/src/node.cxx:534: Assertion Failure: Do not call this API to change rtype.
/app/air-infra/base/src/node.cxx:534: Assertion Failure: Do not call this API to change rtype.
/app/air-infra/base/src/node.cxx:524: Assertion Failure: Do not call this API to change rtype.
/app/air-infra/base/src/node.cxx:524: Assertion Failure: Do not call this API to change rtype.
/app/air-infra/base/src/node.cxx:534: Assertion Failure: Do not call this API to change rtype.
/app/air-infra/base/src/node.cxx:534: Assertion Failure: Do not call this API to change rtype.
/app/air-infra/base/src/node.cxx:524: Assertion Failure: Do not call this API to change rtype.
/app/air-infra/base/src/node.cxx:524: Assertion Failure: Do not call this API to change rtype.
/app/air-infra/base/src/node.cxx:534: Assertion Failure: Do not call this API to change rtype.
/app/air-infra/base/src/node.cxx:534: Assertion Failure: Do not call this API to change rtype.
/app/air-infra/base/src/node.cxx:524: Assertion Failure: Do not call this API to change rtype.
/app/air-infra/base/src/node.cxx:524: Assertion Failure: Do not call this API to change rtype.
/app/air-infra/base/src/node.cxx:534: Assertion Failure: Do not call this API to change rtype.
/app/air-infra/base/src/node.cxx:534: Assertion Failure: Do not call this API to change rtype.
/app/air-infra/base/src/node.cxx:524: Assertion Failure: Do not call this API to change rtype.
/app/air-infra/base/src/node.cxx:524: Assertion Failure: Do not call this API to change rtype.
/app/air-infra/base/src/node.cxx:534: Assertion Failure: Do not call this API to change rtype.
/app/air-infra/base/src/node.cxx:534: Assertion Failure: Do not call this API to change rtype.
/app/air-infra/base/src/node.cxx:524: Assertion Failure: Do not call this API to change rtype.
/app/air-infra/base/src/node.cxx:524: Assertion Failure: Do not call this API to change rtype.
/app/air-infra/base/src/node.cxx:534: Assertion Failure: Do not call this API to change rtype.
/app/air-infra/base/src/node.cxx:534: Assertion Failure: Do not call this API to change rtype.
/app/air-infra/base/src/node.cxx:524: Assertion Failure: Do not call this API to change rtype.
/app/air-infra/base/src/node.cxx:524: Assertion Failure: Do not call this API to change rtype.
/app/air-infra/base/src/node.cxx:534: Assertion Failure: Do not call this API to change rtype.
/app/air-infra/base/src/node.cxx:534: Assertion Failure: Do not call this API to change rtype.
/app/air-infra/base/src/node.cxx:524: Assertion Failure: Do not call this API to change rtype.
/app/air-infra/base/src/node.cxx:524: Assertion Failure: Do not call this API to change rtype.
/app/air-infra/base/src/node.cxx:534: Assertion Failure: Do not call this API to change rtype.
/app/air-infra/base/src/node.cxx:534: Assertion Failure: Do not call this API to change rtype.
/app/air-infra/base/src/node.cxx:524: Assertion Failure: Do not call this API to change rtype.
/app/air-infra/base/src/node.cxx:524: Assertion Failure: Do not call this API to change rtype.
/app/air-infra/base/src/node.cxx:534: Assertion Failure: Do not call this API to change rtype.
/app/air-infra/base/src/node.cxx:534: Assertion Failure: Do not call this API to change rtype.
/app/air-infra/base/src/node.cxx:524: Assertion Failure: Do not call this API to change rtype.
/app/air-infra/base/src/node.cxx:524: Assertion Failure: Do not call this API to change rtype.
/app/air-infra/base/src/node.cxx:534: Assertion Failure: Do not call this API to change rtype.
/app/air-infra/base/src/node.cxx:534: Assertion Failure: Do not call this API to change rtype.
/app/air-infra/base/src/node.cxx:524: Assertion Failure: Do not call this API to change rtype.
/app/air-infra/base/src/node.cxx:524: Assertion Failure: Do not call this API to change rtype.
/app/air-infra/base/src/node.cxx:534: Assertion Failure: Do not call this API to change rtype.
/app/air-infra/base/src/node.cxx:534: Assertion Failure: Do not call this API to change rtype.
/app/air-infra/base/src/node.cxx:524: Assertion Failure: Do not call this API to change rtype.
/app/air-infra/base/src/node.cxx:524: Assertion Failure: Do not call this API to change rtype.
/app/air-infra/base/src/node.cxx:534: Assertion Failure: Do not call this API to change rtype.
/app/air-infra/base/src/node.cxx:534: Assertion Failure: Do not call this API to change rtype.
/app/air-infra/base/src/node.cxx:524: Assertion Failure: Do not call this API to change rtype.
/app/air-infra/base/src/node.cxx:524: Assertion Failure: Do not call this API to change rtype.
/app/air-infra/base/src/node.cxx:534: Assertion Failure: Do not call this API to change rtype.
/app/air-infra/base/src/node.cxx:534: Assertion Failure: Do not call this API to change rtype.
/app/air-infra/base/src/node.cxx:524: Assertion Failure: Do not call this API to change rtype.
/app/air-infra/base/src/node.cxx:524: Assertion Failure: Do not call this API to change rtype.
/app/air-infra/base/src/node.cxx:534: Assertion Failure: Do not call this API to change rtype.
/app/air-infra/base/src/node.cxx:534: Assertion Failure: Do not call this API to change rtype.
/app/air-infra/base/src/node.cxx:524: Assertion Failure: Do not call this API to change rtype.
/app/air-infra/base/src/node.cxx:524: Assertion Failure: Do not call this API to change rtype.
/app/air-infra/base/src/node.cxx:534: Assertion Failure: Do not call this API to change rtype.
/app/air-infra/base/src/node.cxx:534: Assertion Failure: Do not call this API to change rtype.
/app/air-infra/base/src/node.cxx:524: Assertion Failure: Do not call this API to change rtype.
/app/air-infra/base/src/node.cxx:524: Assertion Failure: Do not call this API to change rtype.
/app/air-infra/base/src/node.cxx:534: Assertion Failure: Do not call this API to change rtype.
/app/air-infra/base/src/node.cxx:534: Assertion Failure: Do not call this API to change rtype.
/app/air-infra/base/src/node.cxx:524: Assertion Failure: Do not call this API to change rtype.
/app/air-infra/base/src/node.cxx:524: Assertion Failure: Do not call this API to change rtype.
/app/air-infra/base/src/node.cxx:534: Assertion Failure: Do not call this API to change rtype.
/app/air-infra/base/src/node.cxx:534: Assertion Failure: Do not call this API to change rtype.
/app/air-infra/base/src/node.cxx:524: Assertion Failure: Do not call this API to change rtype.
/app/air-infra/base/src/node.cxx:524: Assertion Failure: Do not call this API to change rtype.
/app/air-infra/base/src/node.cxx:534: Assertion Failure: Do not call this API to change rtype.
/app/air-infra/base/src/node.cxx:534: Assertion Failure: Do not call this API to change rtype.
/app/air-infra/base/src/node.cxx:524: Assertion Failure: Do not call this API to change rtype.
/app/air-infra/base/src/node.cxx:524: Assertion Failure: Do not call this API to change rtype.
/app/air-infra/base/src/node.cxx:534: Assertion Failure: Do not call this API to change rtype.
/app/air-infra/base/src/node.cxx:534: Assertion Failure: Do not call this API to change rtype.
/app/air-infra/base/src/node.cxx:524: Assertion Failure: Do not call this API to change rtype.
/app/air-infra/base/src/node.cxx:524: Assertion Failure: Do not call this API to change rtype.
/app/air-infra/base/src/node.cxx:534: Assertion Failure: Do not call this API to change rtype.
/app/air-infra/base/src/node.cxx:534: Assertion Failure: Do not call this API to change rtype.
/app/air-infra/base/src/node.cxx:524: Assertion Failure: Do not call this API to change rtype.
/app/air-infra/base/src/node.cxx:524: Assertion Failure: Do not call this API to change rtype.
/app/air-infra/base/src/node.cxx:534: Assertion Failure: Do not call this API to change rtype.
/app/air-infra/base/src/node.cxx:534: Assertion Failure: Do not call this API to change rtype.
/app/air-infra/base/src/node.cxx:524: Assertion Failure: Do not call this API to change rtype.
/app/air-infra/base/src/node.cxx:524: Assertion Failure: Do not call this API to change rtype.
/app/air-infra/base/src/node.cxx:534: Assertion Failure: Do not call this API to change rtype.
/app/air-infra/base/src/node.cxx:534: Assertion Failure: Do not call this API to change rtype.
/app/air-infra/base/src/node.cxx:524: Assertion Failure: Do not call this API to change rtype.
/app/air-infra/base/src/node.cxx:524: Assertion Failure: Do not call this API to change rtype.
width_block_data=16384 width_block_pad=15360
width_block_data=16384 width_block_pad=15360
width_block_data=16384 width_block_pad=15360
width_block_data=16384 width_block_pad=15360
/app/air-infra/base/src/node.cxx:534: Assertion Failure: Do not call this API to change rtype.
/app/air-infra/base/src/node.cxx:534: Assertion Failure: Do not call this API to change rtype.
/app/air-infra/base/src/node.cxx:524: Assertion Failure: Do not call this API to change rtype.
/app/air-infra/base/src/node.cxx:524: Assertion Failure: Do not call this API to change rtype.
/app/air-infra/base/src/node.cxx:534: Assertion Failure: Do not call this API to change rtype.
/app/air-infra/base/src/node.cxx:534: Assertion Failure: Do not call this API to change rtype.
/app/air-infra/base/src/node.cxx:524: Assertion Failure: Do not call this API to change rtype.
/app/air-infra/base/src/node.cxx:524: Assertion Failure: Do not call this API to change rtype.
width_block_data=16384 width_block_pad=7936
width_block_data=16384 width_block_pad=7936
width_block_data=16384 width_block_pad=7936
width_block_data=16384 width_block_pad=7936
width_block_data=16384 width_block_pad=7936
width_block_data=16384 width_block_pad=7936
/app/air-infra/base/src/node.cxx:534: Assertion Failure: Do not call this API to change rtype.
/app/air-infra/base/src/node.cxx:534: Assertion Failure: Do not call this API to change rtype.
/app/air-infra/base/src/node.cxx:524: Assertion Failure: Do not call this API to change rtype.
/app/air-infra/base/src/node.cxx:524: Assertion Failure: Do not call this API to change rtype.
/app/air-infra/base/src/node.cxx:534: Assertion Failure: Do not call this API to change rtype.
/app/air-infra/base/src/node.cxx:534: Assertion Failure: Do not call this API to change rtype.
/app/air-infra/base/src/node.cxx:524: Assertion Failure: Do not call this API to change rtype.
/app/air-infra/base/src/node.cxx:524: Assertion Failure: Do not call this API to change rtype.
width_block_data=8192 width_block_pad=4032
width_block_data=16384 width_block_pad=16320
/app/air-infra/base/src/node.cxx:534: Assertion Failure: Do not call this API to change rtype.
/app/air-infra/base/src/node.cxx:534: Assertion Failure: Do not call this API to change rtype.
/app/air-infra/base/src/node.cxx:524: Assertion Failure: Do not call this API to change rtype.
/app/air-infra/base/src/node.cxx:524: Assertion Failure: Do not call this API to change rtype.

real	0m1.342s
user	0m0.382s
sys	0m0.667s
+ RET=0
+ return 0
+ '[' 0 -ne 0 ']'
+ mv fhelipe_squeezenet.t fhelipe_squeezenet.0325.ckks.log
+ cp fhelipe_squeezenet.onnx.c fhelipe_squeezenet.0325.onnx.c
+ HOST_DEF=-DRTLIB_SUPPORT_LINUX
+ HOST_INC='-I../fhe-cmplr/rtlib/include -I../fhe-cmplr/rtlib/ant/include -Irtlib/build/_deps/uthash-src/src -I../air-infra/include -I../nn-addon/include -I../fhe-cmplr/include'
+ HOST_LIBS='-L./rtlib/build/common -L./rtlib/build/ant -lFHErt_ant -lFHErt_common -lgmp -lm'
+ HOST_SRCS='../metak/fhelipe_squeezenet.main.c fhelipe_squeezenet.onnx.c'
+ timed_run gcc -DRTLIB_SUPPORT_LINUX -I../fhe-cmplr/rtlib/include -I../fhe-cmplr/rtlib/ant/include -Irtlib/build/_deps/uthash-src/src -I../air-infra/include -I../nn-addon/include -I../fhe-cmplr/include ../metak/fhelipe_squeezenet.main.c fhelipe_squeezenet.onnx.c -L./rtlib/build/common -L./rtlib/build/ant -lFHErt_ant -lFHErt_common -lgmp -lm -o fhelipe_squeezenet.0325
+ '[' -e /usr/bin/time ']'
+ gcc -DRTLIB_SUPPORT_LINUX -I../fhe-cmplr/rtlib/include -I../fhe-cmplr/rtlib/ant/include -Irtlib/build/_deps/uthash-src/src -I../air-infra/include -I../nn-addon/include -I../fhe-cmplr/include ../metak/fhelipe_squeezenet.main.c fhelipe_squeezenet.onnx.c -L./rtlib/build/common -L./rtlib/build/ant -lFHErt_ant -lFHErt_common -lgmp -lm -o fhelipe_squeezenet.0325

real	0m0.767s
user	0m0.641s
sys	0m0.055s
+ RET=0
+ return 0
+ '[' 0 -ne 0 ']'
+ timed_run ./fhelipe_squeezenet.0325
