+ '[' -e /usr/bin/time ']'
+ ./fhelipe_vgg11.0325
ckks_param: _provider = 0, _poly_degree = 65536, mul_depth = 33, input_lev = 21, _first_mod_size = 60, _scaling_mod_size = 56, _num_q_parts = 3, _num_p = 12, _num_rot_idx = 304,_hamming_weight = 192
input(tensor): [
 -0.098557 0.007624 0.090434 0.096784 -0.090749 -0.075045 0.008028 0.088361 0.057644 -0.055188 -0.087596 -0.089140 -0.086734 0.014058 0.045972 -0.064082 -0.027177 -0.071154 0.026991 -0.051924 -0.058730 -0.079576 0.085715 -0.066518 -0.031159 -0.094153 -0.032682 0.006196 0.019775 0.045330 -0.009837 -0.080320
 -0.094662 0.080026 -0.078649 -0.036463 -0.071285 -0.083610 -0.073554 -0.099902 -0.074467 -0.067674 -0.022682 -0.011125 0.073634 0.041461 0.097051 0.064410 0.090054 0.081510 -0.004903 0.020140 0.064140 -0.038093 0.074356 0.074053 -0.026621 -0.018372 -0.043490 -0.046371 0.011377 0.039336 0.069910 0.059565
 0.070906 -0.078180 -0.044533 0.092671 0.058070 -0.065626 -0.046045 0.038524 0.074711 0.024250 -0.010262 0.027905 0.080580 -0.085285 0.081948 -0.033549 -0.044011 -0.021227 -0.013452 0.015519 -0.070688 -0.043970 0.098516 -0.016790 -0.041040 -0.063415 0.044844 -0.004102 0.038672 0.042157 0.082444 -0.038833
 0.030636 -0.001273 -0.011714 -0.009207 -0.066813 -0.076561 0.034041 0.015999 0.065115 -0.030621 -0.080864 0.067296 0.015852 -0.047776 -0.091440 0.081291 0.088120 -0.079605 0.034895 0.084966 0.049570 -0.083556 0.002300 0.068117 -0.039472 0.078237 -0.073920 0.032293 0.075275 -0.024252 0.029305 0.016249
 0.089748 0.037089 0.022538 -0.092169 0.010676 0.089383 -0.076889 -0.031233 -0.053166 -0.027696 -0.045086 0.057331 0.009472 -0.069395 0.072199 0.030542 0.001421 0.057806 0.029764 0.073769 0.068512 -0.049917 0.015077 0.059350 0.040579 0.070970 0.069550 0.001010 -0.053947 0.020449 -0.022220 -0.070051
 -0.072541 -0.028935 0.020416 0.069821 0.067375 0.051612 -0.014017 -0.005529 0.016607 0.043797 -0.060086 -0.035867 0.049466 -0.073698 0.048508 -0.012155 -0.050302 0.032948 0.095720 0.074342 0.040782 -0.004371 -0.097232 -0.073485 0.015369 -0.072157 0.016741 0.030693 0.003681 0.013291 0.065496 0.076502
 0.095234 0.090193 0.066975 0.067968 0.018344 0.067514 -0.028666 -0.010942 -0.084076 0.028559 0.029612 -0.017754 0.092491 -0.080167 -0.033388 -0.039095 0.051152 0.030510 -0.073220 -0.046384 0.093281 0.014058 0.082030 0.037436 0.051890 0.089220 -0.058423 0.069763 0.092186 0.011068 0.093922 0.011139
 0.001931 -0.050697 -0.031303 -0.091178 0.023451 0.000400 -0.050120 -0.055160 0.055381 -0.022499 -0.050499 -0.044555 -0.058008 -0.085900 0.045627 0.009573 0.037565 -0.066218 0.043787 0.058111 -0.080220 0.012311 -0.047088 -0.019455 -0.014009 -0.025387 -0.002032 -0.097780 -0.072565 0.049461 0.012384 0.048782
 -0.014564 0.048453 0.075774 -0.087758 -0.001815 -0.084940 0.047752 0.083286 -0.002761 -0.022612 -0.029215 0.055170 -0.014818 -0.009485 -0.032389 -0.046890 -0.071019 0.005639 -0.081578 0.070894 -0.006567 -0.080063 0.032474 0.037050 0.089790 -0.052505 0.019503 -0.053074 0.038389 0.045008 0.029290 0.026999
 0.071225 -0.022920 -0.023220 0.083579 -0.018124 0.041863 -0.038760 0.028151 0.012634 -0.055914 0.082973 -0.020331 -0.008764 -0.022328 0.065036 -0.016319 0.048626 0.034326 -0.033314 0.029205 -0.009944 0.086997 0.081537 0.073546 0.038127 0.010425 0.022063 -0.051133 0.064821 -0.073005 0.014593 0.004055
 -0.002830 0.005710 -0.025441 0.039156 -0.047112 0.090026 0.042525 0.057698 0.009228 0.076145 -0.062732 0.086903 0.097159 -0.058806 0.073879 -0.046423 0.012043 0.019822 -0.005809 -0.035614 -0.097623 -0.099428 0.088817 0.094672 -0.032290 -0.030204 0.005095 0.099005 -0.066477 -0.066405 -0.029530 0.094662
 -0.032557 0.014110 -0.091233 0.018589 0.044219 -0.062233 0.023442 -0.073304 0.083297 0.088643 -0.070742 -0.038241 0.090955 0.036647 -0.015219 0.040219 -0.003379 0.003071 0.030502 -0.005244 0.045518 -0.099718 -0.087540 -0.098736 -0.061379 0.014354 -0.040867 -0.007754 0.093785 -0.017736 -0.089439 0.091687
 -0.080371 -0.095903 0.043579 0.026349 0.021124 0.093554 -0.013338 0.064710 -0.024072 0.091771 0.025919 -0.092218 0.018193 -0.020566 -0.086217 0.025589 -0.021516 -0.024758 -0.097892 -0.006031 -0.037007 0.009632 -0.059496 -0.082956 -0.072854 -0.070405 -0.077851 -0.007709 0.011513 0.073634 0.075001 0.090743
 -0.070481 0.042534 -0.021712 -0.041903 0.052300 0.086775 0.022144 0.098218 0.019389 -0.031765 -0.023130 -0.013644 -0.043064 -0.085997 -0.003200 0.082930 -0.044570 -0.032475 -0.089627 0.089678 -0.079071 0.071363 -0.009924 -0.062332 0.021642 -0.077790 -0.012462 -0.071873 0.047917 0.090748 -0.001777 0.024774
 -0.003792 0.087201 0.033134 0.017600 0.052247 -0.040664 -0.065628 -0.067022 -0.002009 -0.097217 -0.021884 0.065917 0.067886 -0.068619 0.082605 0.099736 -0.092486 -0.011105 0.069391 0.035535 0.042550 0.000829 0.039545 0.051854 0.094758 0.050416 -0.049601 -0.045194 -0.016934 -0.052442 0.029970 0.030615
 -0.047690 -0.047848 0.094370 -0.021340 0.043988 -0.061240 0.087707 0.001745 0.082392 -0.003759 -0.051024 -0.088498 0.029991 -0.041098 0.059382 0.093324 -0.014903 0.012172 0.077183 0.033315 0.034701 -0.056608 0.062709 0.014918 0.036985 0.052930 0.017402 0.046165 -0.020568 0.069681 -0.082717 0.088312
 -0.080147 -0.063910 0.010068 -0.069596 -0.007691 0.020739 0.004491 -0.080012 -0.074327 0.054935 0.063790 -0.090031 0.098895 -0.030296 0.000823 -0.015041 0.038341 -0.035427 -0.081372 0.087530 0.050764 -0.063949 0.063057 0.004415 0.024945 0.006158 -0.046442 -0.070965 0.012392 0.030394 0.041331 -0.075182
 -0.061016 -0.082798 -0.095487 0.035570 -0.008826 0.011213 0.054742 0.070795 -0.000393 0.063336 0.085181 -0.009444 -0.027619 0.017866 -0.042355 -0.050540 -0.082491 0.063488 -0.077952 0.087937 -0.097755 -0.097564 -0.059490 -0.052091 -0.072764 -0.064766 -0.023094 0.029303 0.099234 0.057656 -0.009704 0.067692
 0.026562 0.076479 0.029101 0.067757 0.082099 -0.058673 -0.084957 -0.063786 -0.026862 0.044819 0.030639 -0.061159 0.096937 0.002293 -0.030673 0.062323 -0.090111 -0.087320 0.059201 -0.063718 0.007251 -0.073757 0.020868 0.070842 -0.020700 -0.014628 -0.085469 0.000779 -0.032334 0.060210 0.017941 -0.098693
 0.050453 -0.083390 -0.097849 -0.005964 -0.016096 -0.069643 0.051724 0.095511 -0.085596 0.066454 -0.093109 -0.022230 0.016608 -0.087461 0.075689 -0.057950 -0.021098 0.040120 -0.039345 0.080380 -0.041108 0.046600 0.023826 0.033691 -0.053049 0.050344 -0.036718 -0.039939 0.071027 -0.023085 -0.082802 -0.037336
 0.001667 -0.085448 0.065151 -0.014534 0.050119 0.095481 -0.098249 0.065823 -0.005673 0.048024 -0.078925 -0.042906 0.071543 0.011308 -0.084439 -0.041872 -0.044792 0.057029 -0.094774 -0.025359 0.027828 -0.059446 -0.047357 -0.071788 -0.048156 -0.087228 -0.076081 0.089053 0.099457 -0.077557 -0.064824 0.074656
 0.097579 -0.088984 0.024646 0.072150 0.010665 -0.057609 0.063260 -0.053892 -0.059081 -0.092855 -0.049485 0.022655 -0.090532 0.065832 0.086236 -0.008322 -0.015472 0.087984 0.009479 0.001532 0.080535 -0.064200 -0.095300 -0.033571 -0.004479 -0.068581 -0.010513 -0.041032 -0.040962 0.025145 -0.051929 -0.096496
 0.014975 0.030509 0.005551 -0.058245 0.055792 -0.020617 0.012535 -0.060887 -0.018113 -0.035814 0.025674 0.059047 0.048688 -0.058849 0.069670 -0.044053 -0.042005 0.097082 -0.038131 0.060901 0.021842 0.052054 -0.094568 0.051392 0.020711 -0.044791 -0.034828 0.065283 -0.050772 -0.025148 -0.036145 0.098625
 0.090710 -0.003827 0.058161 0.055504 -0.020460 -0.090367 -0.028371 0.095188 0.024398 0.095487 -0.016405 0.019518 -0.055013 -0.065041 -0.023586 -0.057583 -0.061337 0.091950 -0.095256 0.008909 -0.080041 -0.097517 0.077788 0.045557 0.074856 0.051507 -0.076748 -0.001198 -0.028987 -0.050631 0.079935 -0.061792
 -0.097420 0.000282 0.060422 -0.092066 -0.063090 0.096881 0.013131 -0.020007 0.001696 0.058901 0.079501 -0.085930 -0.077275 0.022024 0.052842 0.070081 -0.017524 -0.039938 0.001371 0.034254 -0.024739 -0.044688 -0.098227 0.048945 0.068066 -0.073759 -0.064718 -0.028674 0.005165 0.033683 -0.065737 -0.038081
 -0.051334 0.093880 0.071467 -0.037480 -0.001926 0.028808 -0.057551 -0.025833 -0.076828 0.051378 0.004819 0.071670 0.012895 -0.029746 -0.062715 0.046694 0.093293 0.015310 -0.036589 0.002863 -0.096951 0.013634 0.056762 -0.061039 0.042804 0.062758 0.090298 0.088491 -0.054707 0.043950 0.078683 0.038045
 0.049131 0.068803 -0.072481 0.078502 -0.012249 0.064534 0.079590 0.058189 0.087406 0.067541 -0.023562 -0.091142 0.009320 -0.071208 0.083995 0.067999 -0.087022 0.090874 -0.036791 0.036435 -0.071794 -0.046420 0.003788 -0.021599 -0.071867 -0.007754 -0.066539 -0.036807 -0.049127 -0.028402 0.004873 -0.057424
 -0.080947 -0.036402 0.031995 0.002357 -0.030680 -0.077628 -0.069037 -0.039857 0.020910 0.002024 -0.013598 0.090112 0.012732 0.032170 -0.092259 0.093335 0.040559 0.073053 -0.011569 0.013206 0.033124 -0.066888 -0.064256 0.081156 0.089451 0.070456 0.000043 0.057584 -0.096236 0.074926 0.049841 0.043952
 -0.094659 -0.058829 -0.024178 -0.021682 -0.041705 0.080665 0.083627 -0.093792 0.090457 0.001238 0.037961 0.047232 -0.031950 0.046933 -0.014933 -0.004613 -0.053307 -0.039647 0.031120 0.086750 0.025625 -0.059650 -0.074520 0.082776 -0.092016 -0.049356 -0.024792 0.065083 -0.016460 -0.084085 -0.008618 -0.030678
 -0.013833 -0.041714 -0.090285 -0.017855 0.010283 0.079153 0.005622 0.099945 -0.090611 0.039305 -0.079385 -0.017411 0.007752 -0.072475 0.063672 0.015187 -0.049265 0.092847 -0.050059 0.043766 0.082288 -0.033918 0.016070 0.014601 0.018149 -0.018034 -0.007179 0.079637 0.023670 0.078150 -0.073719 -0.089177
 -0.014304 -0.052424 0.074399 -0.051741 0.042373 -0.015950 -0.043815 0.036798 -0.062181 -0.036323 -0.011627 0.030989 0.091343 0.028274 -0.086659 -0.035215 0.077545 -0.014839 -0.023251 -0.035671 0.023654 -0.094748 0.047426 0.035537 -0.074464 -0.037783 0.098924 0.075425 0.037999 -0.079258 -0.062412 -0.068541
 0.000816 0.032291 -0.018612 -0.073733 0.019676 -0.005867 -0.025446 0.033451 0.044289 0.075153 0.026090 -0.058315 0.090647 -0.024451 -0.045683 0.070379 0.027350 -0.065869 0.024443 -0.041602 0.030755 0.091692 -0.025587 -0.018261 -0.058284 -0.020296 0.064637 0.099722 0.065785 -0.095598 0.094981 -0.097096
 -0.029407 -0.090867 -0.038337 0.061891 -0.074573 -0.068134 0.037278 -0.010309 0.062646 0.065215 0.032136 0.014553 0.048340 -0.093323 -0.012794 -0.074728 0.094884 -0.003964 -0.009170 0.041991 0.033063 -0.096194 -0.063547 0.082031 0.004822 0.035449 -0.053511 0.019630 -0.060336 0.079429 0.076414 0.015618
 0.036648 0.081211 -0.073427 -0.080784 -0.024785 0.032701 -0.019253 -0.004847 -0.021371 0.041610 -0.019208 0.068229 -0.000244 -0.057241 0.087519 -0.021098 0.040812 0.068274 0.069735 0.016904 0.038215 0.014763 0.079508 0.054333 -0.097178 -0.009129 0.040244 -0.023820 0.018532 -0.013878 0.011708 0.097084
 0.057689 0.051517 -0.037107 0.000330 0.097546 -0.001828 0.057999 0.009387 -0.052821 0.059850 0.086998 0.006513 -0.075267 -0.005872 0.004362 -0.042465 0.075170 -0.008145 -0.077775 -0.094451 -0.076461 0.097424 0.083541 -0.011345 0.013087 0.065609 0.051812 0.050666 -0.080923 -0.060899 0.084185 0.025763
 -0.045551 -0.037590 -0.064660 0.072164 0.074181 0.033412 0.007716 -0.057545 -0.039471 0.051623 0.034185 0.015846 0.060011 0.067679 -0.010761 0.044498 0.031982 -0.088825 0.069025 0.008262 -0.002687 0.022281 0.071456 -0.099474 -0.068483 0.018893 -0.088276 0.088830 0.092866 0.015741 -0.043002 -0.000534
 0.059385 -0.032408 -0.002670 0.095995 0.015024 -0.058507 0.023180 0.080738 -0.053492 -0.013867 -0.046975 0.079395 -0.078111 0.091627 -0.095727 -0.092730 0.024397 0.012507 0.016759 0.064091 0.094873 -0.019253 -0.019579 -0.014364 0.005866 -0.043413 0.043394 -0.095942 -0.088179 0.059288 0.025642 -0.081936
 -0.091032 0.091939 -0.008290 0.084085 0.022678 0.077721 -0.052650 0.017145 -0.038268 -0.097545 0.091079 0.002455 0.059815 0.031337 0.098756 -0.029073 0.040024 -0.048993 0.080011 -0.032534 -0.049441 -0.055445 -0.076140 -0.084531 0.078853 0.010764 -0.043803 -0.013581 0.087001 -0.040642 0.018881 -0.084470
 -0.034178 0.072637 0.004851 -0.002353 0.055183 0.056105 0.048805 0.061997 -0.049865 -0.055555 0.070955 0.048513 0.052485 0.057404 -0.065292 0.083532 -0.007613 -0.027428 0.046513 0.054594 0.071657 0.028886 0.052710 0.054278 0.018270 -0.076159 -0.092683 -0.000498 0.066669 -0.005630 0.004584 0.028520
 0.032229 0.051748 0.022537 -0.002988 0.052971 -0.047105 -0.084571 -0.010523 0.015260 0.075934 0.094388 -0.045208 -0.023542 0.002552 0.079174 -0.042899 -0.042111 0.094087 0.075448 0.039312 -0.094221 0.081782 0.038331 0.094666 0.051253 0.018642 0.037006 -0.031035 0.034752 0.036724 -0.081077 -0.032283
 -0.031497 -0.092744 -0.008895 0.081347 0.078771 -0.011137 -0.005728 0.047436 0.003041 0.098181 0.038187 -0.089463 -0.083948 -0.021940 -0.098092 -0.077295 -0.074943 -0.005080 0.068093 -0.081441 0.026470 0.049719 -0.072670 0.085845 -0.063581 0.068006 0.034998 0.029957 0.023756 -0.045354 -0.068868 0.095060
 0.001475 -0.078011 -0.041056 0.091499 -0.022606 -0.033443 -0.084701 -0.005875 -0.038257 0.015505 -0.099292 0.089621 0.046223 -0.060681 0.023433 0.067149 -0.016755 0.053607 -0.031541 0.097440 -0.045998 0.019567 -0.015360 0.074082 0.074877 -0.099096 0.049995 0.093702 0.060969 0.095721 -0.084979 0.075233
 -0.040629 -0.050957 0.057777 0.036916 -0.057053 0.078261 -0.097104 0.012677 -0.036205 0.098065 -0.090477 -0.053152 0.055006 0.041262 -0.058876 0.023784 -0.003611 -0.049645 -0.055316 -0.021608 0.049161 -0.095603 -0.057620 0.080963 -0.044096 -0.020551 0.069227 0.096267 0.055487 0.030490 -0.012331 -0.008982
 -0.053169 -0.042666 0.039971 0.043557 -0.031885 -0.042483 -0.053300 -0.076707 0.039218 -0.025067 -0.006449 -0.034160 0.048219 0.071380 -0.008296 -0.075304 0.025283 0.017496 -0.099682 0.076575 0.041832 -0.049089 -0.083694 0.004536 -0.090686 0.012529 0.093872 0.088169 0.056730 -0.070425 -0.068677 0.028502
 0.053663 0.030555 -0.055442 0.009478 0.022047 -0.091664 -0.046755 -0.039599 0.062841 0.055564 0.035831 0.075117 -0.078445 0.064776 -0.042389 0.075956 0.080223 -0.075186 -0.067674 0.000356 0.041521 0.035349 0.028861 -0.087298 -0.068568 -0.052584 -0.034382 -0.020674 -0.065620 -0.037405 -0.020510 -0.034951
 0.023979 -0.075922 -0.053761 0.054299 -0.040825 0.064032 0.001387 -0.092002 -0.007744 0.019636 0.073027 0.050658 -0.076610 -0.025420 -0.058381 -0.033806 -0.092046 0.061488 -0.086189 0.051875 -0.057104 -0.068892 -0.048107 0.053150 0.067448 -0.034571 -0.093642 -0.000501 -0.001813 -0.027840 -0.020628 0.008815
 0.006098 -0.075309 0.060661 -0.072896 0.039559 -0.008973 -0.048292 -0.023879 0.001856 0.051731 0.003800 -0.025813 -0.097862 -0.000215 0.091020 0.075960 -0.012888 0.052165 0.003814 -0.058904 0.002806 -0.014764 0.004608 -0.086170 0.009945 0.088756 0.085014 -0.029371 0.092675 0.078607 -0.085920 0.054951
 -0.037673 0.097559 0.015059 -0.088245 0.072300 -0.015372 -0.099433 -0.080658 0.076743 0.019193 -0.003562 -0.024077 0.038983 0.086456 0.053213 -0.075672 0.084685 -0.094136 -0.025691 0.026520 0.084313 0.010746 0.000871 0.044912 -0.072953 0.056649 -0.074901 -0.024286 0.029144 -0.031129 0.014588 -0.031308
 -0.006288 -0.051817 -0.070768 0.028532 -0.086638 -0.012657 -0.077828 -0.020621 0.055794 -0.060614 -0.038566 0.025941 0.034844 -0.057325 0.017075 0.016948 -0.047282 0.059420 0.085619 0.098164 -0.086173 0.057931 0.033682 0.033912 -0.078151 -0.026009 0.048579 -0.006450 -0.043895 -0.065046 0.055823 0.075457
 0.071792 -0.076666 0.071955 0.091358 -0.088054 0.045560 -0.080863 -0.078946 -0.070101 -0.041005 0.010297 0.028376 0.079727 -0.032560 -0.065713 0.041654 0.086817 -0.087273 0.023377 0.091862 0.086161 0.068547 -0.016316 0.079657 -0.094420 -0.006515 0.074985 0.073197 0.011259 0.037100 0.010422 0.008815
 -0.035202 0.091671 -0.068978 -0.052089 0.088344 -0.090981 -0.051066 -0.082335 0.065111 0.029111 -0.037739 -0.078427 -0.048371 -0.029726 -0.016904 0.024796 0.015273 0.079510 -0.081510 -0.089008 0.000685 -0.070718 0.024629 -0.058473 0.084308 0.007998 -0.011361 0.082813 0.022102 -0.051934 0.092609 0.089808
 0.052494 -0.099474 0.085196 -0.066404 0.009072 0.086569 0.022481 0.046017 -0.075124 -0.059026 -0.049015 0.094828 0.037066 -0.054699 -0.030097 -0.066372 -0.074711 0.020681 -0.044248 0.008652 -0.051080 0.072778 -0.052898 0.082104 0.092917 0.094095 0.018919 0.059620 -0.070742 -0.024535 0.007497 -0.008862
 -0.061016 -0.003303 -0.045566 0.085121 0.021632 0.092550 0.072639 -0.089924 -0.007844 -0.064344 0.053207 -0.090665 -0.069947 0.082889 -0.013740 -0.066953 -0.048772 -0.002704 0.059474 0.048804 -0.063859 0.090421 -0.046337 0.023530 -0.021005 -0.035641 -0.047751 -0.004599 -0.009635 0.070607 -0.072080 0.009069
 -0.086447 -0.086212 -0.087349 0.037466 -0.039754 -0.083761 0.004715 -0.086271 -0.090539 0.046574 0.007665 0.001175 -0.098015 -0.081063 -0.002078 -0.037204 0.050080 0.088520 0.069575 0.004176 0.022585 -0.013314 0.004733 0.009923 -0.040276 0.027902 -0.098243 -0.030411 -0.055391 0.008105 -0.031723 0.033737
 -0.094319 -0.011751 0.028678 0.033934 0.092808 -0.052077 -0.090177 -0.064945 0.074001 0.007609 -0.033857 0.047400 0.000485 0.014133 -0.022709 -0.055903 -0.071545 0.089477 -0.066190 0.004591 -0.037633 0.090101 -0.028771 0.024388 0.095597 0.059933 -0.010247 0.018761 0.099821 -0.047662 -0.061596 -0.013299
 0.087660 0.039713 0.076435 0.025362 0.036728 -0.095082 -0.037467 0.070769 -0.058092 -0.023740 0.077268 -0.003922 -0.065055 -0.091597 -0.080252 0.016495 0.041616 -0.046455 0.033146 0.025119 0.076347 -0.056550 0.094053 0.060517 -0.019088 0.067324 -0.052890 0.039432 0.077325 0.048849 -0.083550 0.002183
 -0.000883 0.008992 0.074334 0.003544 0.035710 0.010081 -0.029422 -0.005363 -0.062868 -0.010672 -0.040230 0.003872 0.061314 -0.008011 0.045406 0.021053 -0.045758 0.092910 0.099363 -0.020116 0.024046 -0.089655 -0.054277 -0.022917 0.002244 -0.095916 -0.096652 -0.002022 -0.072225 -0.089359 -0.022962 0.065675
 0.031313 0.040007 -0.099137 -0.084856 -0.079043 0.067773 0.043429 -0.012177 0.050670 0.090517 0.098708 -0.064893 0.041737 -0.002594 0.029729 0.048234 -0.003423 0.097361 0.011211 0.029924 -0.045180 0.042099 -0.046292 0.062988 0.096252 0.083151 0.000441 -0.030763 0.072629 -0.097945 0.075124 0.006949
 0.094077 0.099032 -0.091157 -0.077029 0.059631 -0.099558 -0.092029 0.087832 0.003521 0.033250 0.073515 -0.058255 0.031538 0.026821 0.029561 -0.009911 -0.001061 -0.078372 0.021361 0.016722 0.050319 -0.017713 0.093974 -0.076712 0.009578 -0.007013 -0.070823 -0.020435 0.073872 -0.056699 -0.007718 -0.083334
 -0.066779 -0.055283 -0.025517 -0.064399 0.018995 -0.068205 0.069996 -0.008366 -0.020221 0.025087 -0.091287 0.081875 -0.082921 -0.037798 0.031036 0.062159 0.044752 -0.018614 0.057641 0.000425 0.020865 -0.026499 0.095120 -0.044179 0.050769 0.040364 0.001720 0.090302 0.091283 0.090262 -0.096935 0.060448
 0.004195 -0.071138 -0.020663 -0.037027 0.022959 0.021569 -0.044929 -0.075455 -0.099390 0.072383 0.067814 0.021311 -0.027863 -0.053389 -0.085771 0.046354 -0.087832 -0.057435 -0.019402 -0.094306 -0.057694 0.083588 0.037644 0.014588 0.065211 0.032185 0.040396 -0.033736 0.055349 -0.079510 -0.009303 -0.097452
 0.036008 -0.055868 -0.051798 0.099491 0.015494 0.099945 0.062924 -0.048396 0.094401 -0.071233 -0.024095 -0.010468 0.036138 -0.014004 -0.021120 0.016352 0.051668 -0.042258 -0.053489 0.082974 0.029053 -0.088547 0.072029 -0.040308 -0.043364 -0.052263 -0.075801 0.045831 -0.077593 0.086129 0.063342 -0.078118
 -0.022097 0.015579 0.086586 -0.029771 0.099035 -0.051009 -0.010746 -0.037846 0.047991 -0.021031 0.099285 0.021999 -0.097810 0.078969 0.067064 0.029122 0.007849 0.070907 0.068429 -0.082014 0.094131 -0.022924 -0.048587 -0.052376 0.051772 -0.091250 0.072054 -0.056120 0.068517 0.037463 -0.057773 0.037399
 -0.001025 0.087375 -0.063516 0.020625 0.037190 0.020695 -0.018803 0.066760 -0.095599 -0.010575 -0.086754 0.037558 0.051125 0.027845 0.068214 -0.099247 -0.038850 -0.092686 0.068226 -0.072514 -0.034046 -0.074990 0.002455 0.005060 -0.066873 -0.046135 0.043102 -0.075911 0.050182 0.061523 -0.043376 -0.094430
 -0.096849 0.074866 0.048693 -0.028457 -0.074219 0.082927 0.097013 -0.035039 0.071023 -0.089732 0.071938 0.049061 -0.083838 -0.005836 -0.099081 -0.051681 0.015156 -0.037997 0.030031 0.035094 -0.044210 0.057515 0.062589 0.034098 -0.033247 -0.038938 -0.011002 0.073914 0.055696 -0.084270 0.092531 -0.081883
 0.084754 -0.023098 0.067938 -0.002694 -0.006139 0.060600 0.079924 0.039586 0.007534 -0.067512 -0.019001 0.008082 0.092891 0.054196 0.044099 -0.080978 -0.084182 0.079069 -0.048634 -0.033018 0.042480 -0.071196 -0.056049 -0.063041 -0.009411 -0.044176 0.097128 0.017030 0.085415 -0.073765 -0.040552 0.027606
 -0.086198 0.039114 -0.031631 -0.016375 -0.042204 0.051419 -0.075527 -0.071006 0.095311 -0.027505 0.056949 -0.032703 0.043505 0.026404 0.063227 -0.009807 0.012283 -0.000735 0.017013 0.060133 0.059202 0.017927 -0.005075 -0.028117 0.031123 0.049455 0.035374 0.084212 0.067010 -0.075057 0.001603 -0.072972
 0.014791 -0.012440 0.089474 0.070426 0.071481 0.035357 0.087053 -0.024769 0.076975 -0.024860 -0.047507 -0.086454 0.008916 0.025463 -0.042828 -0.040648 0.009448 -0.072084 -0.017959 -0.046210 -0.081083 -0.081434 -0.041254 0.031267 -0.006838 -0.017524 -0.072504 -0.088312 -0.092898 -0.030532 0.068061 0.011021
 -0.068922 -0.075928 0.093394 0.059155 -0.076929 -0.083170 0.091438 -0.063987 0.011765 -0.093395 0.093481 0.087345 0.057713 -0.011825 -0.066059 -0.055078 -0.050615 0.029516 0.058334 -0.052590 -0.000121 0.075246 -0.059977 -0.070577 0.055363 0.032595 0.050766 0.054923 -0.054843 -0.035988 -0.000370 -0.028617
 -0.079328 0.068289 -0.059484 0.018359 0.049514 -0.094453 0.029901 -0.061559 -0.088156 -0.052700 0.093867 0.058724 -0.075463 0.024610 0.011744 0.078102 0.008783 -0.003056 -0.078830 0.017533 -0.097208 -0.010359 0.003762 -0.001889 0.077131 -0.085772 0.045881 0.095234 -0.027359 0.052072 -0.073426 -0.010832
 0.026449 0.088146 0.074964 -0.005499 0.095608 0.054224 0.097220 -0.077539 0.033537 -0.002373 0.090805 -0.091904 0.068961 -0.055938 0.013822 0.055194 0.006315 0.014138 -0.082247 -0.013658 0.085492 0.052964 0.065929 -0.025505 -0.089247 -0.040745 -0.022639 -0.004079 -0.090818 -0.038700 0.011082 -0.080055
 0.017831 0.003228 -0.096503 0.073075 0.045337 -0.021229 -0.079802 0.017928 -0.079892 -0.059439 0.001919 -0.025833 -0.044601 -0.057870 -0.028774 0.032538 -0.028642 0.026849 0.085402 -0.000148 0.083165 0.066092 -0.006207 -0.022893 0.098204 -0.066193 -0.096969 -0.009987 -0.044374 0.094331 0.039454 0.035842
 0.094493 -0.006939 0.032019 -0.030105 -0.075584 -0.003514 -0.023754 0.074154 -0.060481 0.037798 0.030766 0.077951 0.065604 0.048072 0.078473 -0.004009 -0.081419 -0.014985 -0.053166 0.042480 -0.006784 0.011643 -0.017245 -0.030206 0.096857 0.072799 0.051069 0.027671 -0.097410 0.034423 0.017331 0.065453
 0.029845 0.060306 0.078455 -0.023923 -0.030059 -0.061211 0.085537 0.069168 0.080541 0.012956 0.067341 0.042336 -0.022626 -0.021448 0.064356 0.002118 -0.012889 0.028219 -0.033271 0.073265 0.036667 -0.069363 -0.029511 0.097319 0.048084 -0.073956 -0.025139 0.008511 -0.022103 -0.010467 -0.041631 0.013661
 -0.064367 0.092410 0.038286 -0.086712 -0.084247 0.032724 -0.079618 0.050778 0.055155 -0.060616 -0.081868 0.038554 0.086652 -0.052123 -0.037168 -0.033571 -0.048577 0.023583 -0.072118 0.026177 0.070563 -0.095525 -0.043578 -0.054456 0.088151 0.073173 0.030568 -0.072188 -0.064636 -0.040206 0.095543 0.041309
 0.038838 0.037137 -0.013440 -0.017417 0.067037 -0.057454 -0.094084 0.043041 0.080351 -0.091792 -0.025067 -0.040735 0.084613 -0.012139 0.094808 0.031867 -0.035460 0.013749 -0.077134 -0.055157 0.093654 0.053476 0.064546 0.028258 -0.075067 0.025864 -0.077246 -0.039255 0.063547 0.054209 -0.085742 -0.085103
 -0.016612 0.031876 -0.022185 -0.002448 -0.039611 -0.022707 0.099245 -0.033315 0.082762 0.011120 -0.039532 0.014842 -0.015876 -0.066390 0.001528 -0.014168 0.045795 0.045569 0.039376 0.053213 -0.059258 0.003762 0.027541 0.020204 0.096556 -0.034178 -0.052884 -0.024116 -0.067547 0.081803 0.015288 -0.073270
 -0.092347 -0.056130 -0.052916 -0.020169 -0.068377 0.082542 0.073895 -0.056319 0.070828 0.044708 -0.096368 0.040706 -0.029503 -0.098152 -0.090901 0.045405 0.015970 0.020066 0.012530 -0.082154 -0.075674 0.016636 0.092772 -0.041936 0.002715 0.091620 -0.032831 -0.043282 -0.006881 -0.033542 -0.054040 0.074113
 -0.033952 0.094072 0.090849 -0.035287 0.066166 0.016646 -0.046267 -0.000572 -0.042461 0.098137 -0.000469 0.014102 -0.087137 -0.043547 -0.085555 0.040414 0.068194 -0.014504 0.023080 -0.067318 -0.099039 -0.080717 -0.040646 -0.091532 -0.037240 -0.077486 -0.008419 0.092589 0.010397 -0.073753 0.040353 -0.040941
 -0.010783 -0.071624 -0.044353 -0.079432 -0.083959 -0.092413 -0.086359 0.093021 0.066438 0.021602 -0.049086 0.057011 0.004019 0.090484 0.042046 -0.090265 0.020881 -0.033066 0.028187 0.062495 0.003059 -0.068735 0.058168 -0.007207 0.017005 0.015042 0.077731 0.004091 0.051409 0.019926 0.089321 0.050639
 -0.094180 -0.074611 -0.003804 0.086752 -0.008237 -0.028156 0.013168 -0.038858 0.030986 0.090025 0.012760 0.084162 -0.002346 -0.077094 -0.054750 -0.001030 -0.088274 0.052465 -0.077205 0.096167 0.038345 -0.086913 -0.099324 0.058193 -0.077690 0.056761 -0.002434 -0.005401 -0.086454 -0.086473 0.013951 0.057953
 -0.090842 -0.043503 0.056830 -0.073027 -0.052891 -0.060372 -0.040483 0.008946 -0.004510 -0.057496 0.058361 0.085772 0.075679 -0.040648 -0.065890 0.018578 -0.077000 -0.030462 0.030337 -0.014012 0.046303 0.000309 0.003431 0.084650 -0.062273 -0.028880 0.057548 -0.000930 -0.001447 -0.081236 -0.075427 -0.066652
 -0.002033 -0.022334 -0.037586 -0.069278 0.082355 -0.064961 -0.014595 -0.004517 0.069549 0.025821 0.080638 -0.083388 -0.039623 0.069744 0.086591 0.049619 -0.031797 -0.003939 0.043117 0.014361 -0.019995 0.095506 -0.037418 0.039840 -0.023205 -0.082722 0.026873 -0.056786 -0.072786 0.024700 -0.026804 0.012201
 0.008259 -0.015855 0.027296 -0.057366 -0.006991 0.007716 -0.019101 -0.051488 0.089794 0.093401 0.090338 -0.040509 -0.049274 0.046439 -0.088256 -0.059714 -0.062331 0.052269 0.013344 -0.061432 0.005274 0.066785 -0.069573 -0.012950 0.007656 0.047076 0.002354 0.053368 0.099961 -0.001675 0.025039 0.024180
 -0.051043 -0.074667 0.098406 -0.025048 -0.020307 0.016139 -0.068086 0.049260 -0.025083 0.072733 0.032959 -0.056478 -0.076188 -0.087920 -0.097472 -0.086137 -0.039661 0.090311 0.017718 -0.079085 -0.006272 0.097980 0.020399 -0.089133 0.021701 0.045862 0.052860 -0.008242 0.085664 -0.032833 0.077979 -0.074248
 -0.005309 -0.010193 -0.079937 -0.098446 0.016871 0.096686 -0.000349 0.039061 0.010086 -0.005092 -0.034100 -0.099026 -0.004331 -0.024124 -0.061591 0.004023 -0.030417 -0.083249 0.096204 0.043787 -0.067119 0.010591 -0.018421 0.094301 0.062052 0.094196 0.044247 -0.040360 0.005802 0.021856 -0.050968 0.077014
 -0.096298 -0.019686 0.072106 -0.078953 -0.040383 -0.077734 0.017135 -0.093534 -0.043264 0.079893 -0.051756 -0.076019 0.026154 -0.007907 -0.014532 -0.045301 0.037037 0.044931 -0.075052 0.014222 -0.086165 -0.044180 -0.018071 0.048183 -0.093876 -0.063739 -0.051005 -0.054967 -0.087209 -0.053233 0.096011 0.067152
 -0.052467 -0.030956 -0.096999 -0.079129 0.095988 -0.060610 0.081551 0.084819 -0.030001 0.088778 -0.082125 -0.085201 0.049355 -0.048877 0.027457 -0.095752 -0.049394 0.096343 -0.071315 0.041414 0.065275 0.025709 -0.099926 -0.072629 0.004638 -0.080265 0.095602 0.013631 -0.015530 0.051718 0.090321 -0.061314
 -0.012443 -0.070032 -0.034431 -0.090110 -0.050170 0.097958 -0.009292 0.007329 0.094088 -0.051351 0.039424 0.022090 -0.042328 -0.083827 -0.023848 0.050067 -0.049948 0.077527 -0.074765 0.063654 0.006906 0.096791 -0.082080 -0.083923 -0.049869 0.013950 -0.089647 0.048318 -0.047085 -0.003362 -0.090225 0.000723
 0.056060 -0.063800 -0.040311 -0.019553 -0.078969 0.026090 -0.028001 -0.069137 0.066513 -0.079096 0.009562 -0.037745 -0.077165 0.019294 -0.075880 0.092775 -0.007643 0.019311 0.058562 0.024104 0.032941 -0.035938 -0.047084 -0.055404 0.045160 0.033543 -0.019832 -0.044445 -0.045827 0.080126 -0.056893 -0.082525
 -0.051001 -0.031238 -0.092475 0.058953 -0.031351 -0.006615 0.047086 -0.077318 -0.062695 0.004817 -0.091876 -0.002276 0.031005 -0.031815 -0.069931 0.055757 0.021489 0.097083 -0.040754 -0.036771 -0.088598 0.021939 0.037092 0.051416 0.097651 -0.031246 -0.087553 -0.085803 0.035004 0.054393 -0.053754 -0.024154
 -0.026817 -0.024442 0.017360 0.015225 -0.011182 0.045521 0.083060 0.079665 -0.062268 0.005496 -0.039180 -0.045705 -0.073483 -0.003654 0.070936 0.041535 -0.078401 0.044653 -0.081039 0.097814 -0.099954 -0.079964 0.057383 -0.039798 0.093418 0.096242 -0.055271 0.022389 0.033421 -0.008036 -0.064813 0.048340
 0.053255 -0.003976 -0.011288 0.009536 0.097697 0.047594 -0.043535 0.055998 0.034489 0.085218 -0.055302 0.010802 0.007718 0.062908 0.039747 -0.016693 0.048947 -0.087957 0.084278 0.093855 -0.016301 -0.045614 0.091318 0.026760 -0.064342 0.064369 0.067566 -0.030699 -0.098306 -0.013496 0.037454 -0.043308
 -0.081043 0.090699 -0.003761 0.031407 0.026914 -0.042631 0.056543 -0.074330 -0.089378 0.048553 0.068877 -0.026443 0.016796 0.066731 0.019091 0.096090 -0.041468 -0.009819 -0.024199 0.098604 -0.017373 0.068708 0.087196 0.095505 -0.047413 -0.077209 -0.077237 -0.012763 0.007805 0.068615 0.074154 -0.018436
 -0.080750 0.001346 0.058379 -0.064477 0.049100 0.095860 -0.022600 0.093203 0.049082 -0.029029 -0.079180 0.068178 -0.001726 0.008214 0.009090 0.088125 0.036105 0.083104 -0.055986 0.019050 -0.005455 -0.019968 -0.092901 -0.098154 0.053760 0.034054 0.054242 0.005049 -0.086102 0.059071 -0.068210 -0.042231
 -0.047674 0.021227 -0.045031 0.019430 -0.071032 -0.016474 -0.002184 0.050887 -0.073297 0.076473 0.053978 0.022419 0.039879 0.028100 -0.014628 0.020911 -0.008622 0.073887 0.083420 0.077907 0.009310 -0.030566 0.022789 0.021006 0.013772 -0.073577 -0.039223 0.005004 -0.007979 0.035383 -0.035507 0.006898
]
Total memory size for keys: rot_key_cnt = 331, rot_key_size = 47896968392 bytes, total_key_size = 48125558496 bytes
Total memory size for weight plain: cnt = 3239, size = 4893413112 bytes
RTLib functions         	       Count	      Elapse
--------------------    	    --------	    --------
NN                      	           -	           -
 NN_AVGPOOL              	           5	   20.714131 sec
 NN_CONV                 	           8	   66.820753 sec
 NN_FLATTEN              	           1	    0.000536 sec
 NN_GEMM                 	           1	    4.907616 sec
 NN_RELU                 	           8	  372.834176 sec
NN                      	   sub total	  465.277211 sec
FHE                     	           -	           -
 FHE_ADDCC               	        3801	    4.440298 sec
 FHE_ADDCP               	          73	    0.228269 sec
 FHE_MULCC               	         216	    2.099746 sec
 FHE_MULCP               	        3278	    1.496883 sec
 FHE_RELIN               	         216	   33.763840 sec
 FHE_RESCALE             	         432	   18.301684 sec
 FHE_ROTATE              	         717	   68.501271 sec
FHE                     	   sub total	  128.831992 sec
FINALIZE_CONTEXT        	           1	    0.336659 sec
PREPARE_CONTEXT         	           1	  290.274524 sec
ENCODE_ARRAY            	        3618	   46.614816 sec
ENCODE_VALUE            	         112	    0.074795 sec
NTT                     	      204597	  256.780318 sec
INTT                    	       44179	   58.143426 sec
MAIN_GRAPH              	           1	  465.277309 sec
 HW_ADD                  	       63847	    4.489035 sec
 HW_MUL                  	       61744	   13.534990 sec
 HW_ROT                  	        4400	    0.386117 sec
 COPY_POLY               	        5248	    7.905009 sec
 EXTEND                  	         672	    7.530565 sec
 PRECOMP                 	         357	   75.225541 sec
 MOD_DOWN                	        2468	  113.802901 sec
 DECOMP_MODUP            	        1884	  106.950899 sec
 DOT_PROD                	        1974	   51.510850 sec
 MULP                    	        7105	  118.051001 sec
 RESCALE_POLY            	        1766	   45.393263 sec
 COPY_CIPH               	         361	    0.337577 sec
 INIT_CIPH_SM_SC         	        4807	    0.403024 sec
 INIT_CIPH_UP_SC         	        3494	    0.638496 sec
 INIT_CIPH_DN_SC         	         432	    0.301877 sec
 BOOTSTRAP               	           7	  314.118578 sec
  BS_SETUP                	           1	   25.283419 sec
  BS_KEYGEN               	           1	   25.446952 sec
  BS_EVAL                 	           7	  314.118568 sec
   BS_COEFF_TO_SLOT        	           7	  111.995851 sec
   BS_APPROX_MOD           	           7	  128.815551 sec
   BS_SLOT_TO_COEFF        	           7	   65.830487 sec
  BS_EVAL                 	   sub total	  306.641890 sec
 BOOTSTRAP               	   sub total	  364.848940 sec
 PT_ENCODE               	        3351	   21.924375 sec
MAIN_GRAPH              	   sub total	  882.504098 sec
expect relative error less than: 0.001000
index: 0, value: 0.017632 != 0.017920, result relative error: 0.016029
expect absolute error less than: 0.000100
index: 0, value: 0.017632 != 0.017920, result absolute error=0.000287
FAILED!

real	12m37.186s
user	11m36.479s
sys	0m57.897s
+ RET=1
+ return 1
