gemv_1024x4096.onnx
gemv_1024x4096.c
gemv_1024x4096.onnx.c
gemv_1024x4096.t
1.35 143436
rm: cannot remove './gemv_1024x4096.out': No such file or directory

real	0m0.154s
user	0m0.124s
sys	0m0.029s
ckks_param: _provider = 0, _poly_degree = 65536, mul_depth = 2, input_lev = 3, _first_mod_size = 60, _scaling_mod_size = 56, _num_q_parts = 2, _num_p = 2, _num_rot_idx = 41,_hamming_weight = 192
input(tensor): [
 -0.035259
 -0.050433
 0.000965
 -0.068270
 0.027472
 -0.073665
 0.070739
 -0.049818
 -0.081755
 0.077316
 -0.072961
 0.028417
 0.093274
 0.002372
 -0.053816
 -0.009448
 -0.052620
 0.012898
 -0.022402
 -0.002509
 -0.003553
 -0.031262
 0.080847
 -0.021345
 -0.010884
 -0.054583
 -0.051254
 -0.082145
 0.061638
 -0.087625
 0.033633
 -0.023263
 -0.025948
 0.086472
 -0.003694
 0.083763
 0.027908
 -0.088088
 0.002428
 -0.021260
 -0.013438
 -0.040721
 0.055959
 -0.046049
 0.082132
 0.002324
 -0.026599
 -0.027915
 -0.065037
 0.088330
 -0.056251
 0.091598
 -0.049111
 -0.066943
 -0.079113
 -0.038500
 -0.035161
 -0.017644
 -0.065227
 -0.017417
 -0.000066
 0.032101
 0.074588
 0.021127
 0.090987
 0.082312
 0.025421
 0.067572
 -0.099010
 0.017950
 -0.002527
 0.017745
 0.073016
 0.031791
 -0.042252
 0.085178
 -0.006738
 -0.033069
 0.044082
 -0.041754
 0.016244
 0.061445
 -0.075621
 -0.076770
 0.061525
 -0.061455
 0.096084
 -0.070617
 -0.039564
 -0.023503
 0.015334
 0.044221
 -0.096166
 -0.088207
 0.066116
 -0.063199
 -0.001873
 -0.030643
 -0.058465
 0.066856
 -0.086336
 -0.038121
 0.039843
 -0.090337
 -0.047711
 -0.057087
 0.011291
 0.046563
 -0.036441
 -0.067944
 -0.012333
 0.078108
 -0.055256
 0.029967
 0.035625
 0.010945
 -0.051002
 -0.045167
 -0.042622
 -0.042848
 -0.037287
 0.001284
 -0.063041
 0.090888
 -0.064053
 0.049624
 0.062525
 0.048159
 -0.023592
 0.011743
 0.074434
 0.067948
 -0.053456
 0.015123
 0.048977
 -0.050461
 -0.067901
 0.098776
 0.005027
 -0.050531
 -0.033962
 0.009178
 -0.007591
 -0.052105
 -0.007270
 -0.064614
 0.009552
 -0.026558
 -0.073767
 0.064365
 0.078960
 -0.007842
 0.000206
 -0.032455
 0.079137
 -0.013356
 0.018332
 0.049717
 -0.011852
 -0.003300
 -0.051862
 -0.090779
 0.098171
 -0.007485
 0.000811
 -0.053170
 0.077989
 0.049763
 0.088798
 0.070220
 0.044880
 0.031164
 0.092473
 -0.045064
 -0.037540
 -0.049295
 -0.030749
 0.067890
 -0.066003
 -0.067474
 -0.044077
 0.036412
 0.054085
 0.020365
 0.015047
 0.020306
 -0.083423
 -0.065669
 0.052818
 0.049841
 -0.011960
 0.091048
 -0.014746
 0.095438
 -0.060731
 -0.031248
 -0.031993
 0.016335
 0.035831
 0.078163
 -0.039347
 -0.003554
 0.065431
 -0.003813
 -0.096826
 -0.067654
 -0.027814
 -0.092370
 0.016246
 -0.091607
 -0.048169
 0.015806
 -0.035909
 0.017388
 0.033251
 -0.074324
 0.098461
 0.055927
 -0.083146
 -0.069888
 -0.000515
 0.076757
 0.060389
 -0.004565
 0.076495
 -0.074272
 0.003074
 0.007490
 0.003106
 0.075999
 -0.076548
 -0.019219
 0.066762
 -0.019630
 0.080755
 0.085901
 -0.022398
 0.032631
 -0.063152
 -0.065606
 -0.029315
 -0.002534
 -0.081663
 0.042628
 0.023608
 0.063110
 -0.086603
 0.057445
 0.035030
 0.056766
 0.046120
 -0.066417
 -0.028720
 -0.024951
 -0.079173
 0.038959
 0.072650
 0.004655
 -0.045794
 0.074149
 0.012947
 0.094438
 0.004810
 -0.037652
 -0.065209
 0.077149
 -0.081308
 -0.067166
 0.099773
 -0.041367
 0.096264
 -0.084365
 -0.038564
 0.052332
 -0.045692
 0.078176
 -0.030171
 0.040502
 0.004167
 -0.060372
 -0.016947
 0.028330
 0.099482
 0.008002
 0.059208
 0.090308
 -0.021262
 -0.081606
 0.043841
 -0.067600
 -0.046298
 0.084494
 -0.014842
 -0.063939
 -0.035366
 -0.050604
 -0.058795
 -0.032445
 0.058453
 -0.065926
 0.088359
 0.009894
 0.070429
 -0.082918
 -0.087579
 0.079116
 -0.066125
 0.087186
 -0.012889
 0.067681
 -0.052306
 0.080417
 0.079388
 0.006730
 -0.053378
 0.024951
 -0.053498
 -0.044076
 -0.045238
 0.025367
 -0.028316
 0.020753
 -0.001251
 0.003655
 -0.058930
 -0.084633
 -0.075643
 -0.086645
 0.092308
 -0.032078
 -0.078826
 -0.063451
 0.044033
 -0.048165
 0.060193
 -0.056524
 0.042118
 0.058718
 -0.095783
 0.099971
 -0.039349
 0.015612
 0.056467
 0.011917
 0.079765
 -0.016558
 0.024822
 0.014377
 -0.009023
 0.040823
 0.079747
 -0.063011
 -0.097056
 0.057247
 0.012286
 -0.064651
 0.013832
 0.003345
 -0.003505
 -0.075581
 0.056335
 -0.026641
 0.019186
 -0.008858
 0.082103
 0.091222
 -0.044507
 -0.021618
 -0.018630
 -0.074264
 0.074522
 -0.053184
 -0.048140
 -0.010281
 -0.037367
 0.005357
 -0.075771
 0.005338
 -0.062947
 0.061976
 -0.034376
 -0.064568
 -0.099787
 -0.069545
 -0.006462
 0.074926
 0.028897
 -0.091451
 0.093293
 0.029346
 0.065611
 -0.055826
 0.058184
 0.001711
 -0.014376
 -0.008031
 -0.065748
 0.026475
 -0.079849
 0.075363
 0.069334
 0.063191
 0.043387
 -0.087823
 0.029051
 -0.083451
 0.024051
 -0.022009
 -0.091532
 0.057902
 -0.099328
 -0.035451
 -0.052945
 -0.050527
 -0.071154
 -0.031959
 0.017150
 0.023809
 -0.003214
 0.020231
 -0.048893
 0.091738
 0.064388
 0.009335
 0.050693
 -0.050013
 0.047246
 -0.075382
 -0.003313
 -0.010182
 0.020495
 -0.048105
 -0.028255
 0.052005
 0.022951
 -0.025976
 -0.031092
 -0.044037
 0.015864
 0.098243
 0.003341
 0.017586
 0.057730
 0.066854
 0.043733
 -0.077912
 0.001501
 -0.015546
 -0.071568
 -0.087272
 0.091913
 -0.066995
 -0.003154
 0.049336
 -0.081685
 0.093159
 -0.090657
 0.029541
 -0.051742
 -0.068756
 -0.041568
 -0.081406
 -0.045156
 0.067979
 -0.084269
 0.040306
 -0.064774
 0.096256
 -0.038600
 0.094088
 0.070700
 0.048487
 -0.089199
 -0.029171
 0.079517
 -0.002975
 -0.072722
 0.090250
 0.024623
 0.059129
 0.000831
 0.010211
 -0.094154
 -0.022933
 -0.036463
 0.007775
 0.069163
 -0.065805
 0.012423
 0.003169
 0.048052
 -0.009977
 0.045062
 -0.016200
 -0.061604
 0.041646
 -0.061996
 0.011266
 0.007694
 0.044872
 -0.040405
 0.069788
 -0.044801
 -0.098655
 -0.077004
 -0.056668
 0.055274
 -0.060526
 -0.087077
 -0.055532
 0.071592
 -0.047313
 -0.045627
 0.018142
 -0.015112
 -0.082841
 -0.018924
 0.008471
 -0.084260
 -0.077839
 0.032310
 -0.037470
 -0.002188
 0.001928
 -0.090458
 -0.054122
 -0.072282
 -0.048704
 0.058698
 0.097213
 0.027398
 -0.065833
 -0.046657
 0.070341
 0.099856
 0.062980
 0.088880
 0.040235
 -0.036438
 -0.040189
 0.018922
 0.087280
 0.034175
 0.090336
 -0.079539
 0.081160
 0.051147
 0.049041
 0.054495
 0.025878
 0.011039
 -0.057176
 0.050232
 -0.005465
 -0.040221
 -0.006979
 0.019344
 -0.050553
 0.084468
 0.054166
 -0.033590
 -0.047911
 -0.052767
 0.053002
 -0.064261
 -0.012650
 -0.030601
 -0.062313
 0.076540
 -0.068786
 0.035567
 0.024113
 0.010279
 0.043180
 0.038587
 0.018493
 -0.033455
 -0.008489
 -0.096455
 -0.026591
 -0.051674
 0.052043
 -0.045141
 -0.050404
 0.060296
 0.054477
 0.062700
 0.030863
 0.031323
 -0.082434
 -0.056159
 0.025548
 0.032549
 -0.065059
 0.099302
 -0.007509
 -0.026766
 0.020951
 -0.028400
 0.090368
 -0.056147
 -0.058122
 0.058299
 0.063767
 -0.049494
 -0.054362
 -0.013165
 -0.027679
 0.096552
 0.016397
 -0.009972
 -0.000239
 0.062034
 -0.022323
 -0.080305
 -0.043895
 -0.096736
 0.080134
 -0.061795
 -0.038062
 0.012074
 -0.053855
 0.077059
 -0.072774
 -0.036453
 -0.043309
 -0.066053
 -0.024958
 -0.013589
 0.071227
 -0.069448
 -0.075920
 -0.019047
 0.015166
 0.061062
 0.026207
 -0.012093
 0.003879
 0.058693
 -0.036612
 0.005214
 0.085973
 0.017572
 -0.002434
 -0.074019
 -0.024975
 -0.063839
 -0.061107
 -0.010891
 -0.005864
 0.080438
 0.019260
 0.014156
 0.085768
 -0.050283
 -0.043548
 -0.062049
 0.099583
 -0.026720
 -0.026995
 -0.024717
 -0.093976
 0.089669
 0.044717
 -0.037156
 -0.036946
 0.060124
 0.096569
 0.013092
 -0.037318
 0.007943
 0.006597
 0.057213
 0.015294
 0.003286
 0.028323
 -0.073374
 0.017104
 -0.058987
 -0.022422
 -0.035583
 -0.048980
 -0.077158
 -0.023289
 0.077706
 -0.092595
 -0.086358
 -0.031649
 -0.099263
 0.064225
 0.056961
 -0.014983
 0.029627
 0.011623
 -0.023240
 -0.046591
 0.074236
 -0.073121
 0.025918
 -0.058649
 0.073525
 -0.078131
 -0.043467
 -0.096555
 -0.081032
 0.057952
 0.095000
 0.094022
 0.057901
 0.098421
 0.048000
 -0.050346
 0.076814
 0.001611
 0.026369
 0.061503
 0.014329
 -0.026329
 -0.037901
 0.027265
 0.074025
 -0.093432
 -0.068741
 0.060220
 -0.094637
 0.029957
 -0.019271
 0.099491
 -0.087691
 0.044476
 0.029896
 0.020243
 0.065216
 -0.010065
 -0.095309
 0.096754
 0.088548
 0.020327
 0.073116
 -0.069188
 0.037495
 -0.081699
 -0.084986
 -0.002603
 0.066595
 0.057818
 -0.047540
 -0.003665
 -0.022832
 0.057391
 -0.094009
 0.010467
 0.026630
 0.056760
 0.006163
 0.035067
 0.093618
 -0.056024
 0.080948
 0.034181
 -0.038649
 -0.067362
 -0.090281
 0.064033
 0.006110
 -0.006529
 0.025624
 -0.016677
 0.028225
 -0.050386
 0.085954
 -0.015526
 0.008342
 -0.063364
 0.078418
 -0.097990
 0.006870
 0.093245
 -0.025209
 -0.042440
 0.087469
 -0.072830
 -0.043962
 0.039768
 -0.080802
 -0.053553
 -0.041785
 -0.001674
 0.060578
 -0.072397
 0.001498
 0.003492
 -0.054242
 -0.017295
 0.096507
 0.077392
 -0.043164
 -0.073681
 0.079826
 0.022782
 -0.012320
 0.079493
 0.061213
 -0.063385
 -0.023595
 0.092413
 -0.089726
 0.081499
 0.025152
 -0.028509
 0.078657
 -0.043542
 0.068988
 -0.068293
 -0.094202
 0.069473
 0.025099
 -0.067055
 0.003176
 -0.081840
 -0.048641
 0.098049
 -0.087387
 -0.077055
 -0.004093
 -0.015295
 -0.047187
 0.068312
 0.013652
 -0.075024
 0.049468
 0.007673
 0.063257
 0.096920
 0.023023
 0.034451
 0.005177
 0.041453
 0.035833
 -0.036072
 0.025045
 -0.000293
 -0.003738
 -0.053349
 -0.011198
 0.060312
 0.036972
 0.068393
 -0.065470
 -0.014763
 -0.010339
 -0.094183
 -0.042406
 0.016904
 -0.049594
 0.056200
 -0.096696
 0.089071
 0.095044
 0.061508
 0.009798
 0.000054
 -0.066233
 0.006188
 0.046003
 -0.083619
 -0.042002
 0.015743
 -0.011554
 0.095801
 -0.015862
 -0.036540
 0.008727
 -0.059674
 0.069209
 -0.090278
 -0.034241
 0.050262
 0.051560
 -0.059264
 0.077784
 -0.051049
 -0.091956
 0.075074
 -0.092363
 -0.021202
 0.035941
 -0.097866
 0.037697
 -0.092828
 -0.011996
 -0.014884
 -0.059829
 0.034661
 -0.011107
 0.092233
 0.099659
 0.050345
 -0.061530
 -0.049381
 -0.087037
 -0.063035
 -0.016289
 -0.062619
 -0.096358
 0.060296
 -0.089932
 0.074813
 -0.090076
 0.074926
 0.069024
 -0.062550
 -0.086665
 -0.092322
 -0.018197
 -0.008238
 -0.040401
 0.063018
 -0.089483
 -0.068210
 -0.092345
 -0.084362
 0.031390
 -0.020207
 -0.026462
 -0.059674
 0.007732
 0.022040
 -0.059797
 -0.082307
 0.095163
 -0.017447
 -0.009756
 -0.034618
 -0.035480
 0.083826
 0.048634
 0.035782
 0.084090
 0.047882
 0.069530
 0.041573
 0.039868
 0.015676
 0.039017
 0.042943
 0.010126
 -0.073664
 0.033695
 -0.062772
 0.021577
 0.085924
 -0.037047
 -0.012707
 0.037810
 0.045091
 0.002843
 -0.010841
 -0.013945
 0.075389
 -0.060967
 -0.057767
 -0.024808
 -0.083818
 -0.094708
 -0.021048
 -0.016704
 0.009935
 0.026725
 0.011232
 0.028700
 -0.031014
 -0.017934
 0.077066
 0.098165
 0.005962
 -0.081290
 -0.022011
 -0.076990
 -0.067777
 -0.000272
 -0.033224
 0.003026
 -0.062510
 -0.052787
 -0.095750
 0.099683
 -0.000261
 -0.045564
 -0.039401
 0.037232
 -0.092660
 -0.050836
 -0.036444
 -0.033278
 0.057395
 0.041808
 0.002797
 0.074439
 -0.015843
 0.066382
 -0.016604
 -0.076946
 0.056591
 0.037997
 -0.025508
 0.098249
 -0.089760
 -0.099683
 -0.041269
 -0.052374
 -0.033260
 -0.082114
 -0.085429
 -0.019226
 -0.027845
 0.005487
 -0.059655
 -0.005607
 0.026961
 -0.046784
 -0.042085
 0.042048
 -0.013287
 -0.070468
 -0.057818
 0.052521
 -0.091522
 -0.005873
 0.058956
 -0.078551
 0.028207
 -0.004291
 -0.039317
 0.040741
 -0.000669
 -0.013175
 -0.085676
 -0.009520
 -0.076730
 0.089827
 -0.013020
 0.020015
 0.072898
 -0.051568
 0.084000
 0.072367
 -0.009688
 -0.002428
 -0.078776
 0.031899
 -0.055285
 0.094536
 -0.043876
 0.049362
 -0.052477
 0.069250
 0.044830
 0.000006
 0.090664
 0.037382
 -0.012464
 -0.038870
 -0.054532
 0.098157
 -0.080568
 0.001895
 0.037965
 0.076739
 0.078370
 0.066038
 0.072244
 0.011898
 0.096534
 0.059076
 0.092560
 -0.088682
 0.059671
 0.083919
 -0.091214
 -0.086112
 0.029939
 -0.065461
 -0.022910
 0.015392
 -0.057961
 -0.056558
 0.061524
 -0.009846
 0.024225
 0.055049
 0.004452
 0.069727
 0.040975
 0.012734
 -0.034887
 0.010195
 0.093871
 0.000843
 -0.006394
 0.056029
 0.069147
 0.006272
 -0.083025
 0.074400
 -0.081850
 0.079656
 -0.092192
 -0.085369
 -0.083977
 -0.092077
 -0.065913
 -0.023871
 -0.099033
 -0.015034
 0.039491
 0.017472
 -0.019831
 0.009937
 0.069127
 0.025090
 0.080325
 -0.019462
 0.084331
 -0.088026
 0.092833
 -0.031723
 0.043909
 0.035072
 -0.041731
 -0.008363
 0.071986
 0.081366
 0.086170
 0.084230
 0.035224
 -0.070149
 0.043278
 0.085016
 -0.096626
 -0.024174
 0.047371
 0.090438
 0.096745
 0.015907
 -0.036747
 0.028267
 -0.067761
 0.001147
 -0.098103
 -0.061370
 -0.097260
 0.000609
 0.064627
 -0.031342
 0.061189
 -0.031930
 0.076764
 -0.033125
 -0.048324
 -0.060507
 0.055147
 0.058807
 -0.086311
 0.037584
 0.032243
 -0.005021
 -0.098959
 0.007085
 -0.010515
 0.037919
 -0.063441
 -0.003002
 -0.009821
 0.041065
 -0.044162
 0.026659
 0.049899
 -0.052284
 -0.068147
 0.019505
 0.085208
 -0.035108
 0.033051
 -0.045331
 0.064100
 -0.033320
 -0.062474
 -0.068058
 0.070449
 0.022915
 -0.060101
 -0.072744
 -0.078966
 0.018597
 -0.048775
 -0.069149
 -0.066525
 -0.089111
 -0.084195
 -0.027367
 -0.073374
 0.049570
 0.060153
 -0.075382
 -0.032419
 0.099324
 -0.070854
 0.078350
 -0.060807
 0.083687
 0.088241
 0.031428
 0.067526
 -0.081817
 -0.089407
 0.068400
 0.041183
 -0.002716
 -0.026604
 -0.057502
 -0.059701
 0.006682
 0.088496
 -0.002150
 -0.095336
 0.093157
 -0.023168
 0.019349
 0.059511
 0.012493
 -0.025978
 -0.083119
 -0.001067
 -0.079510
 0.011573
 0.090973
 -0.099563
 -0.048506
 0.018277
 0.023406
 0.080738
 0.014638
 -0.030801
 -0.040117
 -0.024940
 0.007098
 0.068459
 0.058321
 0.068658
 -0.049977
 0.011446
 -0.015310
 -0.033781
 -0.051562
 -0.015221
 0.035971
 0.083390
 0.052759
 0.086196
 0.079946
 0.048954
 0.071130
 -0.063534
 0.090934
 -0.047359
 -0.021985
 -0.074914
 -0.071127
 0.028723
 -0.071967
 -0.028572
 0.018778
 0.038949
 -0.057089
 0.008532
 0.021071
 -0.049037
 -0.077271
 -0.075517
 -0.080167
 -0.033613
 -0.001679
 -0.077291
 0.010735
 -0.024599
 0.035048
 -0.037888
 0.006397
 0.022645
 0.078811
 0.052686
 0.010640
 0.053529
 0.013504
 -0.078058
 -0.025362
 -0.055223
 -0.039733
 0.037380
 -0.002586
 -0.086398
 -0.090766
 0.049689
 0.051439
 0.008038
 0.096723
 -0.077433
 0.004854
 -0.086027
 -0.062781
 -0.011877
 -0.055090
 0.011141
 0.016815
 0.081072
 -0.007687
 -0.001350
 -0.079696
 -0.015918
 -0.028436
 0.018431
 -0.084120
 0.031073
 -0.082105
 0.002047
 0.061045
 0.022958
 0.079666
 0.061917
 -0.017131
 0.097014
 -0.096477
 -0.096170
 0.078913
 -0.007609
 0.095646
 -0.065840
 0.059206
 -0.009374
 -0.034278
 0.018723
 -0.095513
 -0.012207
 0.080657
 0.030206
 -0.076177
 -0.080516
 0.048039
 0.046412
 0.010889
 0.048506
 -0.050897
 -0.091930
 -0.023140
 -0.093999
 -0.091354
 0.062281
 0.057575
 0.083505
 -0.002048
 -0.075200
 -0.078715
 -0.012389
 -0.086514
 -0.051365
 0.077535
 -0.031215
 0.012770
 -0.072555
 0.064482
 0.022373
 -0.030112
 -0.072724
 0.078778
 0.006912
 -0.043511
 0.052344
 -0.019936
 -0.057451
 -0.008224
 -0.011568
 0.002130
 0.084413
 -0.045797
 0.092462
 -0.033977
 -0.049995
 -0.007015
 -0.015066
 -0.028905
 -0.025294
 0.022080
 -0.003207
 -0.087989
 -0.066752
 0.049405
 0.019935
 -0.056971
 -0.033758
 0.034942
 0.043679
 0.068774
 0.041326
 -0.085533
 -0.060831
 0.008054
 -0.049795
 0.094568
 0.019139
 0.048107
 -0.012779
 0.011914
 -0.034095
 0.041765
 -0.057635
 -0.021726
 -0.024092
 0.018774
 0.098104
 0.033981
 -0.047121
 0.006662
 0.086825
 -0.004200
 -0.059999
 0.059043
 -0.039676
 -0.096111
 0.014334
 -0.038653
 -0.035132
 0.085976
 0.064843
 0.085267
 -0.047163
 -0.092542
 -0.091717
 0.044972
 -0.093082
 0.043578
 0.034952
 0.086123
 0.021552
 -0.086929
 -0.081813
 0.018973
 -0.063818
 0.061815
 0.040957
 -0.076074
 -0.041304
 0.085493
 -0.041781
 -0.007170
 -0.076523
 0.050557
 0.019552
 0.097851
 0.000544
 -0.021928
 0.053054
 -0.013897
 0.066087
 -0.073214
 0.062280
 -0.073966
 -0.005377
 0.050199
 0.055839
 0.022142
 0.061153
 -0.080787
 0.067942
 -0.001532
 -0.038667
 0.069811
 0.021648
 0.055436
 0.067609
 0.058316
 0.058746
 0.057670
 -0.077425
 0.030206
 -0.073936
 0.013162
 -0.012428
 -0.009424
 0.078709
 -0.028910
 -0.079460
 0.090717
 0.021820
 0.054268
 -0.012572
 0.037515
 0.015574
 0.036360
 -0.028138
 -0.004910
 0.087971
 -0.071078
 0.069927
 0.003274
 0.075939
 0.095086
 -0.049367
 0.017212
 -0.075768
 -0.088251
 -0.078176
 0.084075
 0.099621
 -0.041475
 0.091770
 -0.098547
 0.059953
 -0.014774
 -0.086563
 -0.006006
 -0.073271
 -0.023757
 -0.041292
 0.049925
 -0.080102
 0.077080
 0.085678
 -0.022228
 -0.091582
 0.077548
 0.053190
 0.090659
 0.092939
 -0.074013
 0.087927
 -0.044071
 0.077101
 -0.006460
 -0.079784
 -0.018865
 -0.020421
 0.085910
 -0.043713
 0.027645
 -0.005424
 0.007609
 0.018872
 0.079558
 0.011971
 0.015703
 0.082135
 0.074135
 0.019055
 -0.018524
 -0.026236
 0.035681
 0.076000
 -0.028290
 0.009197
 -0.056619
 0.082992
 0.054041
 -0.015963
 0.032863
 0.008416
 -0.038375
 0.023741
 -0.001328
 -0.053342
 -0.091293
 0.068718
 -0.070157
 0.094624
 0.058816
 -0.068970
 0.044279
 0.065969
 0.068012
 0.054284
 -0.024436
 0.073127
 0.017840
 0.042208
 0.001016
 0.010111
 -0.042992
 -0.001995
 -0.028268
 0.002171
 -0.054977
 0.094149
 -0.004647
 0.033755
 -0.039899
 -0.099670
 -0.038923
 -0.016316
 0.025135
 0.006423
 0.038085
 0.019926
 -0.003416
 0.045007
 -0.051607
 0.087692
 0.086688
 -0.085580
 -0.005822
 -0.025473
 -0.038656
 -0.031442
 -0.045463
 0.093839
 -0.051904
 0.004441
 -0.090399
 -0.050454
 -0.097096
 -0.097019
 -0.014757
 -0.018250
 -0.053450
 0.095807
 0.044429
 0.094206
 -0.061085
 -0.068611
 -0.044156
 0.053960
 0.023118
 -0.039813
 -0.024621
 0.016927
 0.043256
 0.016725
 -0.020082
 0.072784
 0.061890
 -0.041257
 0.097794
 0.080370
 -0.022655
 -0.092805
 0.021841
 0.097250
 0.037183
 -0.055863
 0.059562
 -0.048139
 -0.097735
 0.006568
 0.007709
 -0.089577
 0.056489
 -0.000816
 0.068384
 0.000315
 -0.097076
 0.047136
 -0.010709
 -0.092765
 -0.047649
 0.030947
 0.079764
 0.098889
 -0.056490
 -0.070053
 0.093161
 -0.024325
 -0.046698
 0.007059
 -0.081178
 0.022858
 0.021906
 -0.002442
 -0.040033
 -0.095938
 0.032206
 0.091542
 -0.058505
 -0.050338
 -0.011718
 -0.023212
 0.022143
 0.080052
 0.049247
 -0.021971
 -0.007167
 0.039146
 0.021783
 -0.032344
 -0.090707
 -0.085710
 -0.011185
 0.098419
 0.023603
 -0.094924
 -0.069235
 -0.099180
 -0.060665
 -0.075714
 -0.094332
 0.059883
 -0.058003
 0.076017
 -0.025358
 -0.039271
 -0.089159
 0.086561
 0.005075
 -0.020810
 -0.011126
 -0.015069
 -0.011378
 -0.044870
 -0.033651
 0.093269
 -0.098801
 -0.056159
 0.051376
 0.099171
 0.094015
 0.065046
 0.007136
 0.000979
 0.067679
 0.013460
 -0.068535
 -0.087279
 0.002875
 -0.064625
 -0.019287
 0.070341
 0.013665
 0.087337
 -0.089935
 0.021838
 -0.090390
 0.098199
 -0.026191
 -0.017114
 -0.052849
 0.057044
 0.004684
 -0.094675
 0.040879
 -0.086832
 0.010891
 0.065800
 -0.066518
 -0.033725
 0.008291
 -0.091807
 -0.048568
 0.078203
 -0.065845
 0.006820
 -0.041817
 -0.016139
 -0.099243
 -0.043383
 -0.008915
 0.048880
 -0.010680
 -0.006524
 -0.050442
 0.082409
 -0.009372
 -0.084276
 0.045715
 0.047115
 0.064144
 0.065120
 0.068233
 -0.090558
 -0.001898
 -0.033254
 -0.082283
 -0.023952
 0.081497
 0.010088
 0.008195
 0.030178
 0.053255
 -0.031652
 -0.036587
 -0.081833
 -0.054548
 0.099709
 0.081487
 -0.091762
 0.066976
 0.082433
 0.046966
 -0.007123
 0.041668
 0.016599
 -0.061379
 0.010428
 -0.077165
 0.001132
 -0.087585
 -0.074339
 0.058006
 0.081584
 0.098260
 -0.027740
 0.025526
 0.040510
 -0.003923
 -0.074858
 0.045527
 -0.096662
 0.036030
 0.029977
 0.053818
 -0.039978
 0.017455
 0.031212
 -0.048335
 -0.023030
 0.037565
 -0.072038
 -0.051595
 -0.057885
 -0.099371
 0.059145
 0.016949
 -0.002904
 -0.011164
 -0.073871
 0.035448
 0.029805
 0.059814
 0.006846
 -0.056063
 -0.075929
 0.041734
 -0.095877
 0.009901
 -0.072548
 -0.003938
 0.076611
 0.037352
 -0.049781
 -0.009906
 0.045073
 -0.037883
 0.052437
 -0.088668
 0.046975
 -0.040495
 0.080471
 0.071460
 0.069028
 -0.039004
 -0.011751
 -0.077511
 0.046271
 -0.035934
 -0.089240
 -0.065605
 0.084358
 0.064292
 0.094686
 -0.038378
 -0.056191
 -0.083932
 -0.046721
 0.069675
 0.055454
 0.036006
 0.006986
 0.096453
 -0.048942
 0.064054
 -0.015508
 0.006654
 -0.034061
 -0.035920
 -0.050728
 0.008011
 0.098883
 -0.084879
 0.087962
 0.026660
 -0.021966
 0.068779
 -0.023827
 0.063344
 0.003409
 -0.089706
 0.065167
 0.046178
 0.048728
 0.058529
 0.099043
 -0.058241
 0.020455
 -0.019345
 0.044564
 0.002431
 0.081806
 0.044867
 0.096924
 -0.067335
 -0.073757
 0.045762
 0.036706
 -0.058969
 0.084893
 0.074868
 -0.095856
 0.003540
 0.099933
 0.084570
 -0.038969
 0.033324
 -0.098063
 -0.007049
 -0.004278
 -0.013486
 -0.054146
 0.043780
 0.049698
 -0.066084
 -0.056132
 0.056934
 0.033709
 0.021083
 0.050524
 -0.079578
 -0.068993
 -0.049157
 0.098356
 -0.058791
 -0.028227
 -0.038781
 0.078868
 -0.090027
 0.012548
 0.062636
 -0.028762
 -0.063292
 0.075689
 0.080704
 -0.069494
 -0.037363
 0.016432
 0.068821
 -0.078278
 -0.060613
 0.095866
 0.063840
 0.010987
 -0.004223
 0.084657
 -0.079442
 0.036477
 -0.087563
 -0.022038
 -0.097544
 0.008607
 -0.067817
 -0.026484
 -0.002992
 -0.050613
 -0.041252
 -0.021166
 0.069731
 0.048979
 0.035941
 0.003245
 0.063980
 -0.022769
 -0.039575
 -0.028018
 0.013786
 0.033192
 -0.096506
 -0.043014
 -0.026993
 0.086870
 -0.006299
 -0.056724
 -0.035261
 0.018786
 -0.088091
 -0.018110
 -0.031752
 0.099191
 -0.013240
 -0.045256
 0.093653
 -0.055553
 -0.025899
 -0.039327
 -0.029475
 -0.024920
 -0.018378
 -0.074028
 -0.036460
 -0.009539
 0.064297
 -0.062341
 -0.056155
 0.051042
 -0.095292
 -0.009443
 0.072050
 0.036493
 0.028612
 0.036948
 -0.031551
 0.046204
 0.018423
 0.075638
 0.032768
 -0.056021
 0.045684
 -0.026416
 0.014430
 0.056663
 0.096520
 0.045141
 0.076264
 0.029865
 0.007935
 0.078855
 0.013520
 -0.007004
 0.006749
 0.033964
 0.040647
 0.024603
 -0.068564
 0.035991
 -0.091550
 -0.089322
 0.007025
 -0.018130
 0.055512
 0.006428
 0.042680
 -0.051359
 -0.079520
 -0.011636
 0.053975
 -0.060408
 -0.054051
 -0.019576
 -0.078924
 -0.038966
 0.072587
 0.001810
 -0.045464
 0.050288
 -0.005644
 0.068372
 -0.098620
 -0.020535
 -0.010591
 0.022123
 0.001457
 -0.052421
 0.002413
 0.069789
 0.013091
 -0.054727
 0.092268
 -0.070169
 0.097182
 0.076266
 -0.066742
 0.088397
 -0.020705
 0.062163
 0.009273
 -0.079008
 0.007262
 -0.032976
 -0.075908
 0.097142
 -0.078996
 -0.050120
 -0.050756
 0.091980
 0.083302
 0.065725
 0.002512
 0.071134
 0.085097
 0.071370
 -0.031951
 -0.032983
 -0.050216
 -0.024997
 0.009291
 0.050342
 -0.040951
 0.040360
 -0.022110
 -0.047282
 0.085267
 0.080099
 0.035093
 -0.071541
 -0.037193
 -0.080834
 0.085703
 -0.095978
 -0.037430
 0.026578
 0.071758
 0.099534
 0.011183
 -0.014448
 0.035646
 0.006685
 0.078473
 0.066050
 0.011741
 -0.068310
 -0.046229
 0.081503
 0.074560
 -0.012659
 0.006408
 0.089889
 -0.095361
 -0.087802
 -0.055211
 -0.075917
 0.093793
 -0.040821
 -0.069608
 -0.064549
 0.064377
 -0.037183
 0.052960
 0.089514
 -0.038330
 -0.057152
 0.070187
 0.082002
 -0.023318
 -0.059035
 -0.003325
 -0.079785
 -0.061433
 -0.069535
 0.063016
 -0.037305
 0.037685
 0.014161
 0.097123
 0.053920
 0.013326
 -0.084173
 0.097309
 0.053163
 0.054286
 -0.073245
 0.020346
 0.055870
 0.037932
 0.091962
 0.035429
 -0.036805
 0.067978
 0.053637
 -0.012781
 0.030191
 -0.096995
 0.037392
 -0.074162
 -0.096778
 -0.026337
 -0.023215
 0.004968
 -0.005418
 -0.023587
 0.009543
 0.092347
 0.074151
 0.023913
 0.061852
 0.074796
 -0.061788
 -0.088123
 -0.079633
 0.000234
 -0.046998
 -0.054971
 -0.021226
 0.045293
 0.098144
 -0.086201
 -0.059977
 0.011721
 0.028662
 -0.011720
 -0.005743
 0.023730
 -0.043821
 -0.035336
 -0.067611
 0.026629
 -0.097566
 -0.027501
 0.068092
 -0.041293
 -0.023144
 -0.084069
 0.002491
 -0.015064
 0.061112
 -0.035861
 0.087721
 -0.098845
 -0.090266
 0.055246
 -0.008625
 0.038888
 -0.017524
 0.038759
 0.031085
 -0.093732
 0.019905
 -0.058908
 0.038875
 0.058093
 0.099771
 -0.000631
 -0.087916
 -0.059715
 -0.044821
 -0.055039
 0.058779
 0.017578
 0.070596
 0.023665
 -0.056131
 -0.038748
 0.050696
 0.074116
 0.097585
 -0.053792
 0.004898
 -0.051932
 -0.066914
 0.023017
 0.005511
 -0.099710
 0.006308
 -0.092478
 -0.027835
 -0.095064
 0.073968
 -0.081940
 0.060318
 -0.029490
 -0.097239
 0.070755
 -0.069213
 0.084253
 -0.020633
 0.086929
 -0.035766
 -0.087609
 0.060688
 0.039923
 -0.060428
 -0.018977
 -0.030660
 0.040077
 -0.054113
 -0.036163
 0.054286
 -0.076308
 0.032441
 -0.077514
 -0.058027
 -0.083097
 0.049376
 0.041056
 0.008261
 -0.016672
 0.025724
 0.048562
 -0.069252
 -0.098054
 -0.048402
 0.077816
 0.099303
 -0.054279
 0.082477
 0.010782
 -0.049846
 -0.016194
 0.050237
 -0.004290
 0.021074
 0.071858
 0.062689
 -0.045927
 0.024507
 -0.005035
 0.014411
 0.047227
 -0.042380
 -0.051693
 -0.032596
 -0.027393
 0.062142
 0.087460
 -0.076474
 -0.030469
 0.039332
 0.042136
 -0.041567
 -0.037275
 -0.014322
 -0.088656
 0.073976
 -0.039477
 0.000214
 -0.024517
 -0.060292
 0.088853
 -0.093250
 0.063036
 -0.076109
 0.017728
 0.093842
 -0.081161
 -0.004122
 0.034365
 0.027320
 0.053928
 0.084722
 -0.042403
 0.052998
 -0.099590
 -0.039490
 0.073654
 -0.051149
 -0.060109
 0.050396
 -0.048846
 -0.000156
 0.033919
 -0.048081
 -0.062821
 -0.016968
 -0.047473
 -0.052053
 0.078755
 -0.066083
 0.026583
 0.075438
 -0.046628
 -0.060380
 -0.042824
 -0.047507
 -0.047540
 -0.057145
 -0.089086
 0.078761
 0.002293
 -0.021447
 0.065818
 0.024690
 -0.022218
 0.086852
 -0.050024
 0.096265
 -0.034762
 -0.052526
 0.028540
 -0.087430
 0.032159
 0.089297
 0.071140
 -0.082720
 0.079591
 0.002539
 -0.009843
 0.020253
 0.002687
 0.067732
 0.007919
 -0.085394
 0.024018
 -0.031091
 0.072914
 -0.050574
 -0.049926
 -0.079492
 0.073261
 -0.078505
 -0.062584
 -0.003137
 0.011479
 -0.079178
 0.010897
 0.069051
 -0.082410
 0.097824
 -0.074510
 0.086742
 0.018869
 -0.052480
 -0.025942
 0.087204
 -0.068004
 0.054766
 0.075213
 -0.037625
 0.038677
 -0.079188
 0.013789
 0.021208
 -0.050651
 -0.054201
 0.059350
 0.094303
 0.022644
 -0.045301
 -0.009708
 0.082781
 0.043423
 0.009657
 0.003632
 -0.003515
 -0.046235
 0.077334
 -0.037114
 -0.042834
 0.014947
 0.037771
 0.053876
 0.004068
 -0.070344
 0.015736
 -0.012830
 0.091187
 0.018253
 0.007759
 -0.094006
 0.041948
 0.090300
 0.058097
 0.020934
 0.003012
 -0.068278
 -0.029586
 0.005626
 -0.072972
 0.043820
 0.022312
 -0.022947
 -0.064680
 0.044206
 -0.032275
 0.018707
 -0.058359
 -0.011763
 0.032062
 0.082887
 -0.008071
 0.033043
 -0.062037
 0.069203
 0.091934
 -0.075909
 0.024871
 -0.054090
 -0.041383
 0.017500
 0.053150
 0.011609
 0.017969
 -0.040968
 -0.034187
 -0.058347
 -0.044041
 0.093847
 0.006990
 0.015525
 0.055327
 -0.093296
 -0.023915
 -0.082561
 -0.000351
 0.033720
 0.070068
 -0.076350
 0.059928
 -0.067879
 0.029284
 -0.020492
 0.001785
 0.048792
 -0.085526
 0.035939
 -0.083886
 -0.042078
 0.053538
 0.097527
 -0.027279
 -0.063758
 -0.087599
 -0.085795
 0.045228
 0.052141
 0.010378
 0.073117
 -0.094401
 0.052382
 0.089156
 -0.094548
 0.047767
 -0.028118
 0.094305
 -0.018706
 0.046352
 0.026496
 0.049576
 -0.045612
 -0.019693
 0.077260
 0.080889
 -0.027972
 -0.038361
 -0.003447
 0.058222
 0.091404
 0.006081
 -0.093617
 -0.074551
 -0.017429
 0.097333
 -0.056658
 -0.038554
 0.060882
 0.051688
 0.082871
 -0.042593
 -0.007786
 0.095644
 0.069801
 0.057453
 -0.092252
 -0.036469
 -0.010572
 -0.073028
 -0.029397
 0.086368
 0.008460
 0.062201
 -0.094412
 -0.011623
 0.023940
 -0.099325
 -0.006698
 0.054851
 -0.013807
 0.077794
 0.068678
 -0.082585
 -0.060930
 0.033866
 0.040908
 0.051037
 -0.043011
 -0.043820
 0.020555
 0.045753
 0.043791
 0.075590
 -0.098512
 0.005880
 -0.074398
 -0.071659
 0.053258
 -0.094244
 -0.078953
 -0.087932
 -0.035650
 0.049524
 0.063618
 -0.039605
 0.094786
 0.066760
 -0.075536
 -0.034219
 -0.060566
 0.021090
 -0.039926
 -0.089290
 -0.059240
 0.043975
 0.012136
 0.065380
 0.034530
 -0.007836
 0.069848
 -0.097683
 -0.060095
 0.084015
 -0.067391
 0.082693
 0.051931
 0.028314
 0.089271
 -0.022243
 0.000514
 0.057129
 0.042479
 0.039589
 0.081642
 0.002281
 -0.001604
 0.083636
 0.039958
 0.066982
 0.020601
 -0.000295
 0.000898
 -0.035309
 -0.057068
 0.034803
 0.091532
 -0.057232
 -0.053181
 0.093104
 0.055031
 0.052359
 -0.010356
 0.018349
 0.041148
 -0.010293
 -0.020695
 -0.062195
 0.025779
 0.025568
 0.010431
 -0.084078
 -0.044763
 0.064366
 0.076606
 -0.022715
 0.069971
 0.085425
 -0.034844
 0.014614
 -0.068987
 0.041079
 0.025027
 -0.085907
 -0.048134
 0.076089
 -0.028171
 0.063171
 0.048051
 0.003989
 0.059058
 0.095712
 -0.031323
 0.028369
 0.078398
 0.066342
 0.081390
 -0.050006
 -0.034456
 0.031981
 0.091752
 0.040396
 0.018527
 0.028007
 -0.067064
 -0.075787
 0.067407
 0.006304
 -0.079935
 0.082901
 0.055756
 -0.037315
 0.033027
 0.019917
 0.062413
 -0.096677
 0.087685
 0.028424
 0.074883
 -0.096038
 0.009893
 -0.047026
 0.030546
 -0.089546
 -0.045006
 0.084961
 -0.003941
 0.031663
 0.082446
 0.046574
 -0.098874
 -0.030216
 0.018134
 0.064010
 0.040924
 -0.028527
 0.051048
 0.081692
 -0.064453
 0.045478
 0.022370
 -0.010650
 0.037261
 -0.044805
 -0.077132
 0.060868
 -0.071834
 -0.008489
 -0.015451
 0.048588
 0.022763
 -0.024716
 -0.032746
 0.028918
 -0.017461
 0.000440
 -0.073973
 -0.066576
 -0.022121
 0.038404
 0.073118
 -0.013979
 0.090228
 -0.073268
 -0.083788
 -0.042856
 -0.001796
 0.071181
 0.025084
 0.004054
 -0.088094
 0.090184
 -0.008846
 -0.006018
 0.093755
 0.060690
 0.049275
 -0.029592
 -0.086727
 -0.045179
 0.092256
 0.039551
 -0.079992
 0.036216
 0.084474
 -0.099174
 0.060425
 -0.070652
 -0.066082
 -0.020032
 0.034052
 -0.047459
 -0.088708
 -0.066067
 -0.005734
 0.099515
 0.023568
 -0.017835
 -0.053035
 -0.099355
 0.064405
 0.099924
 0.002828
 -0.077520
 -0.037937
 0.092830
 0.084719
 0.014978
 -0.093089
 0.042183
 -0.076004
 -0.029415
 0.040630
 -0.000872
 0.089559
 0.050659
 -0.025866
 -0.034219
 0.062917
 0.076803
 0.028986
 0.039125
 -0.097075
 0.099393
 -0.035404
 0.077550
 -0.031320
 0.048674
 0.041218
 0.006595
 0.084240
 -0.021518
 0.017757
 0.015009
 0.025871
 0.000115
 0.045817
 0.009720
 -0.040367
 -0.047736
 0.041218
 -0.081797
 0.046332
 0.048684
 0.010911
 0.004253
 0.088504
 -0.052879
 -0.048311
 0.016684
 0.071787
 0.015872
 -0.071009
 -0.046383
 0.071224
 0.026673
 -0.087211
 0.091444
 0.043662
 -0.077624
 0.062810
 -0.066564
 0.093846
 -0.072877
 0.021780
 -0.047947
 0.091041
 0.022670
 -0.099092
 -0.084552
 -0.051509
 -0.024466
 0.067238
 0.068164
 -0.031050
 -0.055046
 -0.008584
 -0.035667
 -0.098556
 0.017109
 -0.060104
 -0.091328
 -0.032350
 0.047763
 0.024161
 -0.015790
 0.055135
 -0.080899
 -0.066785
 0.016914
 -0.088489
 0.047159
 -0.012978
 0.016464
 -0.056023
 -0.040731
 0.087730
 -0.089444
 -0.069492
 0.021871
 0.033445
 0.087476
 0.074001
 -0.049145
 -0.039455
 -0.022961
 -0.068541
 -0.049690
 -0.022600
 0.015490
 -0.056792
 -0.017481
 0.057083
 -0.083150
 0.091407
 0.032727
 -0.014418
 -0.048839
 0.081208
 0.099823
 -0.051339
 -0.081324
 0.094534
 -0.013410
 -0.011425
 -0.093067
 0.090442
 -0.085338
 0.005324
 0.072934
 -0.027160
 0.086292
 -0.013093
 0.067241
 0.021355
 0.072277
 -0.070127
 0.076115
 -0.017728
 0.020675
 0.024002
 0.094725
 -0.052826
 -0.008081
 0.049087
 0.082821
 0.005263
 -0.005085
 0.015493
 -0.076457
 -0.089200
 -0.088574
 -0.062013
 -0.047923
 0.025924
 0.067290
 -0.068771
 -0.055735
 0.059410
 -0.038961
 -0.092108
 0.045702
 -0.008356
 -0.021618
 0.053692
 -0.086813
 -0.094887
 -0.071680
 -0.035032
 0.004417
 0.053159
 0.080599
 0.000233
 0.014445
 -0.021196
 -0.074375
 -0.053517
 0.085295
 0.089504
 0.056794
 -0.081674
 -0.008456
 -0.042463
 -0.028296
 0.053375
 -0.083545
 0.040713
 -0.008191
 -0.048863
 0.001069
 0.008832
 -0.045173
 -0.072951
 0.022601
 0.021745
 -0.000150
 -0.079162
 -0.058898
 0.031139
 0.098045
 -0.080789
 -0.048601
 -0.002934
 -0.058100
 -0.088940
 -0.068056
 -0.099536
 0.038318
 0.017571
 0.019175
 -0.023191
 -0.017935
 0.003884
 -0.094173
 0.009778
 0.080336
 0.062264
 -0.004732
 0.058969
 0.075958
 0.096741
 -0.086122
 0.099937
 -0.099668
 0.014569
 -0.034379
 0.095842
 0.014914
 0.075283
 0.071261
 0.028603
 0.069308
 -0.072658
 -0.085965
 0.034081
 0.012568
 -0.041717
 0.051889
 -0.095944
 0.024401
 -0.027365
 0.052726
 0.001782
 0.069504
 0.008264
 -0.010830
 0.012395
 -0.050579
 -0.018862
 0.041711
 -0.054571
 0.055180
 0.075412
 0.092993
 0.059108
 -0.089423
 -0.058895
 0.047567
 0.071083
 0.017425
 -0.040690
 -0.044714
 -0.022723
 0.023275
 0.003106
 -0.066474
 -0.021891
 -0.037380
 0.061979
 0.008957
 -0.053964
 0.065176
 -0.022911
 -0.044946
 -0.067542
 0.061671
 -0.048396
 -0.029357
 0.064524
 -0.042228
 0.031573
 -0.014429
 -0.090790
 -0.067510
 0.074178
 -0.096785
 -0.099182
 -0.022218
 0.033546
 0.083595
 -0.057321
 0.074201
 0.070815
 -0.052871
 0.059928
 0.009114
 0.081323
 0.092787
 0.002688
 -0.055971
 -0.041000
 0.091219
 -0.018248
 0.033625
 0.036304
 0.000375
 0.017662
 0.000915
 -0.009820
 0.059411
 0.068646
 0.034401
 0.084375
 0.079889
 -0.081286
 -0.022743
 0.062483
 -0.049032
 -0.074787
 0.084160
 0.078875
 0.026425
 -0.044955
 0.056979
 -0.070084
 -0.039906
 0.001874
 -0.051256
 0.038756
 -0.080289
 0.088965
 -0.057538
 -0.008262
 0.000031
 -0.028468
 0.051872
 0.031161
 0.043015
 -0.091896
 0.014345
 -0.092895
 0.056745
 0.052450
 -0.092378
 0.048228
 0.081000
 -0.002785
 -0.013976
 -0.024998
 -0.039624
 -0.040687
 -0.087474
 -0.098863
 0.075793
 0.075502
 0.006297
 -0.015342
 0.055397
 0.050860
 -0.060345
 0.007903
 0.041420
 0.099096
 0.046118
 0.097384
 -0.087719
 0.065066
 -0.077093
 0.031470
 -0.075788
 0.006244
 -0.069941
 -0.033713
 0.040351
 -0.052059
 -0.054386
 -0.007459
 0.029129
 -0.021752
 -0.028604
 -0.065191
 0.037677
 -0.093007
 -0.076299
 0.088372
 0.046363
 -0.003715
 0.052298
 0.032526
 -0.048313
 -0.055787
 -0.088251
 0.045907
 -0.063546
 -0.011451
 -0.022426
 -0.082594
 -0.020071
 0.083826
 -0.094569
 -0.026012
 -0.060939
 -0.087812
 -0.052651
 -0.070666
 0.018314
 -0.039520
 0.036329
 -0.093610
 -0.008038
 0.016031
 -0.041128
 0.068751
 -0.004209
 -0.087313
 0.072550
 0.021189
 -0.080855
 -0.015301
 -0.015058
 -0.045582
 -0.007242
 -0.095432
 -0.061943
 0.058623
 -0.072359
 0.005881
 0.041344
 -0.007219
 0.062613
 -0.080311
 0.096958
 -0.036034
 -0.001294
 0.044945
 -0.004330
 0.062214
 -0.013581
 0.023290
 0.015288
 -0.053146
 -0.029558
 0.077760
 0.087400
 0.038647
 0.092545
 0.098381
 -0.043169
 -0.050507
 0.016753
 0.027890
 0.058169
 0.014263
 -0.083637
 -0.041145
 -0.006986
 0.076815
 -0.071325
 -0.008878
 0.066836
 -0.009910
 -0.030312
 0.008569
 0.021332
 -0.053139
 0.046971
 -0.023159
 0.077305
 0.092285
 -0.019015
 0.045867
 0.088821
 0.007937
 -0.089248
 0.000885
 0.068677
 -0.071214
 0.053893
 0.009376
 0.069595
 0.070129
 0.016694
 0.077606
 -0.009607
 0.003074
 -0.045350
 -0.067006
 0.056438
 -0.042051
 -0.099775
 0.017138
 -0.075540
 -0.057036
 0.065809
 -0.066124
 0.033921
 -0.011380
 -0.060170
 -0.049230
 0.075144
 0.094491
 0.056399
 -0.011209
 0.080454
 -0.076320
 -0.027672
 0.053889
 -0.051715
 -0.079135
 0.004485
 -0.086642
 -0.046728
 0.089929
 -0.021690
 -0.064649
 0.089981
 0.085291
 -0.014302
 0.052835
 -0.013053
 -0.088910
 -0.093866
 -0.060054
 0.004822
 0.092817
 -0.001057
 -0.058753
 0.014671
 0.037335
 -0.090996
 0.076850
 -0.072775
 -0.008820
 0.002392
 0.083895
 -0.016672
 0.087383
 0.068864
 -0.054310
 -0.090295
 0.087169
 -0.092563
 -0.033895
 0.074654
 0.047995
 0.072085
 -0.063147
 0.000115
 0.027689
 -0.095920
 -0.004880
 -0.061795
 -0.014242
 -0.066029
 0.062051
 -0.082869
 -0.001458
 0.004471
 -0.030926
 -0.029479
 0.089889
 -0.088701
 -0.021092
 0.079353
 0.063379
 -0.031693
 -0.093865
 -0.037135
 -0.081200
 -0.032359
 0.014786
 -0.006174
 0.031624
 0.008984
 0.039929
 0.075001
 0.021598
 -0.087972
 0.072170
 0.072961
 0.006022
 0.088703
 -0.085652
 0.065857
 0.009768
 0.028215
 -0.086191
 -0.042004
 0.093677
 -0.009631
 0.081571
 -0.027161
 0.058546
 -0.057548
 -0.029030
 -0.070446
 -0.068411
 0.031558
 0.033546
 0.072163
 -0.094585
 0.059593
 0.030102
 0.039634
 -0.034434
 0.040601
 -0.068297
 -0.023923
 0.059576
 -0.056121
 -0.017350
 -0.048894
 0.004159
 0.059748
 0.029501
 0.021600
 0.075306
 0.031466
 -0.008602
 -0.004501
 0.001455
 0.051714
 -0.089470
 -0.001779
 -0.050472
 -0.067959
 0.011392
 0.007586
 -0.005055
 -0.066698
 -0.047584
 0.074289
 -0.033059
 0.094803
 0.089345
 -0.091478
 0.094404
 0.016833
 -0.085407
 0.041193
 0.012886
 -0.022811
 0.066587
 0.018788
 -0.053401
 0.093877
 -0.075094
 0.043235
 -0.057073
 -0.078184
 -0.025048
 -0.054758
 -0.015430
 -0.013498
 0.062288
 0.010333
 -0.061835
 0.049624
 -0.063693
 -0.086434
 -0.050454
 0.081977
 -0.096641
 -0.060488
 -0.046267
 0.073848
 0.011365
 0.088796
 0.057687
 0.050846
 -0.023195
 0.090146
 -0.023580
 -0.089451
 0.093704
 0.057803
 -0.090036
 -0.007979
 -0.057740
 0.067711
 -0.013285
 -0.034336
 -0.023111
 -0.024262
 0.084814
 -0.078714
 -0.025334
 0.013143
 0.088938
 -0.084609
 0.020700
 -0.069703
 -0.056163
 0.054851
 -0.018810
 0.003017
 0.025653
 0.030046
 -0.055019
 0.004315
 -0.055933
 0.027907
 -0.060643
 -0.074602
 -0.082823
 0.077152
 0.032184
 0.007365
 0.017968
 0.096948
 -0.079925
 0.076801
 -0.084650
 -0.021887
 0.080823
 0.052877
 -0.046019
 0.098140
 0.073919
 -0.091732
 0.018919
 -0.073035
 0.078558
 0.096883
 0.063968
 0.029773
 -0.059817
 -0.040318
 0.048789
 0.034567
 0.041378
 -0.086505
 0.030172
 0.006918
 0.044106
 -0.096302
 0.047143
 0.051498
 -0.023686
 0.094445
 -0.053219
 -0.001966
 -0.009048
 -0.095379
 0.097509
 0.013343
 -0.059112
 0.044761
 0.058772
 0.027076
 0.014121
 -0.036667
 -0.055131
 -0.095151
 0.027677
 0.015164
 -0.064672
 0.065366
 0.052877
 0.097612
 0.057606
 0.039814
 0.060726
 -0.006108
 -0.030060
 -0.041288
 0.052079
 0.040410
 0.015236
 0.015609
 0.071806
 0.056804
 -0.097994
 -0.084969
 0.085075
 0.067563
 -0.060280
 0.028940
 -0.082894
 -0.010375
 -0.009800
 -0.025160
 -0.086848
 0.061451
 -0.042308
 0.084684
 0.014945
 0.093093
 0.027076
 0.029720
 0.023327
 -0.082232
 0.091035
 -0.045968
 -0.086503
 -0.021872
 0.013723
 -0.046397
 0.035783
 -0.021401
 0.081772
 0.049513
 0.031757
 0.024287
 -0.089961
 -0.012360
 0.084609
 -0.067168
 0.095001
 -0.019119
 -0.000929
 0.023174
 -0.005067
 -0.024810
 0.017873
 -0.045942
 0.086177
 0.054033
 0.080144
 -0.043862
 0.070547
 0.019679
 -0.029836
 -0.069834
 -0.042199
 0.011295
 0.061480
 -0.085395
 -0.029956
 0.088169
 0.033710
 -0.050987
 0.019894
 0.042995
 0.001910
 -0.060674
 -0.096084
 0.009707
 0.090052
 0.096496
 -0.059837
 -0.071736
 0.023296
 0.054188
 0.052079
 0.071740
 -0.039372
 0.074649
 0.066900
 0.012291
 -0.053407
 -0.096344
 0.025245
 -0.057854
 -0.045907
 -0.011002
 0.096416
 -0.075248
 -0.085877
 0.092796
 -0.091018
 -0.069007
 -0.090952
 -0.021228
 0.093366
 0.025982
 -0.075570
 -0.050824
 0.087286
 0.058543
 -0.022584
 -0.018573
 -0.089005
 0.018151
 -0.012009
 0.094621
 0.056694
 0.051612
 -0.031743
 -0.076236
 -0.020257
 0.022272
 0.095689
 0.064604
 -0.045881
 -0.074940
 0.016198
 -0.004332
 -0.085226
 -0.039606
 0.012404
 0.043766
 0.031766
 -0.019873
 -0.048550
 -0.059461
 0.083163
 -0.078321
 0.014689
 0.049259
 0.008710
 -0.076275
 0.068135
 0.025635
 -0.085758
 -0.013406
 0.032752
 -0.041139
 0.045140
 0.069323
 0.024365
 0.044589
 -0.023116
 0.099982
 -0.064270
 -0.079288
 -0.050574
 0.086526
 -0.052171
 -0.072335
 0.094133
 0.092483
 -0.025649
 0.067953
 -0.081425
 0.083281
 0.070964
 0.049408
 0.085564
 -0.067056
 -0.087544
 -0.090586
 -0.075451
 -0.047109
 -0.083060
 0.048026
 -0.070188
 -0.074434
 0.061335
 -0.066087
 -0.038499
 -0.055272
 -0.014290
 0.068288
 0.030564
 -0.068882
 -0.093572
 -0.040671
 0.096589
 0.018317
 0.034531
 -0.080574
 0.009080
 0.055129
 -0.025332
 0.089736
 -0.051456
 0.064975
 0.014663
 -0.082939
 -0.086075
 0.076101
 0.045374
 0.070106
 -0.079447
 0.051832
 0.016920
 -0.036967
 -0.016913
 0.080829
 -0.097252
 -0.069076
 0.067597
 -0.038426
 0.001885
 0.028588
 -0.077112
 0.094504
 0.022971
 0.001845
 0.017388
 0.082723
 0.066857
 0.097525
 0.023149
 0.067089
 0.009674
 0.020636
 0.007429
 -0.036935
 0.083514
 -0.005583
 -0.020046
 0.083068
 0.081200
 0.035256
 0.097010
 0.070885
 -0.060228
 -0.093992
 -0.008743
 0.075961
 -0.095146
 -0.003923
 -0.073140
 -0.040135
 0.096022
 0.064767
 -0.065247
 -0.015182
 -0.083979
 0.031725
 -0.092537
 0.055806
 -0.026312
 0.036405
 -0.092273
 0.067024
 -0.069426
 -0.039794
 0.047392
 0.020974
 0.051129
 -0.099689
 -0.090720
 0.076675
 -0.043124
 -0.028844
 0.057986
 -0.063746
 0.072636
 -0.073302
 -0.084115
 0.069541
 -0.054948
 -0.077925
 -0.029329
 0.079897
 0.093993
 0.065432
 0.036352
 -0.002027
 -0.048407
 -0.094531
 -0.012319
 0.072938
 0.040428
 0.045297
 0.098234
 0.056060
 -0.082328
 -0.049342
 0.061482
 -0.082368
 -0.002361
 -0.067121
 0.046168
 0.058954
 0.055429
 -0.001338
 -0.086649
 0.027217
 0.075758
 -0.059470
 0.057712
 0.029469
 0.087139
 0.019890
 0.072340
 0.031859
 0.061192
 0.055115
 0.010192
 0.049068
 0.060690
 0.051879
 0.037377
 -0.019570
 0.042878
 0.085738
 0.009662
 -0.055243
 0.042829
 -0.049908
 -0.058384
 -0.053311
 0.039554
 -0.019738
 0.012298
 0.090587
 0.025249
 0.030276
 -0.053669
 -0.078103
 -0.044709
 0.073663
 -0.001991
 0.090100
 0.042493
 0.067992
 0.070991
 0.079974
 -0.023076
 0.003206
 -0.066633
 0.015164
 -0.039073
 0.047904
 0.048502
 0.085021
 -0.049076
 -0.051990
 -0.066206
 0.022207
 0.042700
 0.098407
 0.041797
 0.065303
 0.043195
 -0.005286
 -0.007515
 0.071093
 0.039671
 0.024438
 0.016813
 -0.087045
 0.061511
 -0.097648
 0.010542
 -0.091366
 -0.088014
 -0.011883
 -0.029779
 -0.093677
 -0.063728
 -0.098695
 -0.093097
 -0.019160
 -0.047114
 0.025395
 0.026520
 -0.022604
 -0.068396
 -0.056523
 0.040915
 -0.058235
 -0.015622
 0.079373
 0.046025
 -0.016072
 0.072371
 0.018441
 -0.091120
 -0.032959
 -0.018409
 -0.001754
 0.031626
 0.003422
 0.059303
 -0.080083
 0.046560
 0.085309
 0.099762
 -0.017110
 -0.097918
 0.034210
 0.048792
 0.014896
 0.028097
 0.048768
 -0.010566
 -0.051520
 -0.030058
 0.016896
 -0.057826
 0.060176
 0.019672
 -0.093840
 -0.068233
 -0.089171
 -0.071856
 0.097796
 0.025581
 0.094920
 0.087280
 0.056994
 -0.099057
 0.066913
 -0.044644
 0.043868
 -0.062022
 -0.068511
 0.033702
 0.010930
 -0.015743
 0.035938
 -0.055975
 0.003514
 -0.004973
 0.096191
 0.046675
 0.059689
 0.093516
 -0.086336
 0.051313
 0.080262
 0.017387
 -0.010430
 -0.016256
 0.038504
 -0.031144
 -0.034554
 -0.068253
 0.003645
 0.044536
 0.056859
 -0.009368
 0.085427
 -0.074793
 -0.080286
 -0.012444
 0.061662
 -0.078308
 -0.020301
 0.084096
 0.047778
 -0.045325
 -0.037226
 0.053730
 0.021125
 -0.074385
 -0.012858
 -0.065716
 0.032732
 -0.064748
 0.021994
 0.009369
 -0.057481
 0.000361
 -0.072932
 -0.081321
 -0.043869
 0.092353
 -0.007073
 -0.063692
 0.038015
 -0.070736
 -0.061224
 0.073941
 -0.055235
 -0.059054
 0.030619
 -0.047129
 0.090736
 0.072955
 0.095137
 0.022073
 -0.052855
 -0.025392
 -0.060571
 0.077686
 -0.090333
 -0.032310
 0.071000
 0.000913
 0.073654
 -0.017410
 0.066082
 0.075484
 0.038025
 0.038130
 0.078383
 0.082938
 0.066711
 0.078622
 0.055003
 0.088331
 -0.043908
 -0.013968
 0.039951
 0.003175
 0.052594
 -0.033341
 0.023466
 0.062342
 -0.040315
 -0.095256
 -0.074872
 0.077798
 -0.099011
 0.003057
 0.042344
 -0.003924
 -0.071216
 -0.014278
 -0.072717
 0.071775
 0.057065
 0.049654
 0.031511
 -0.068953
 0.068941
 0.040466
 0.057203
 0.098061
 -0.025486
 -0.099072
 0.001251
 0.094216
 0.052994
 0.024727
 -0.028911
 0.043242
 -0.022926
 -0.058492
 0.086003
 -0.050054
 0.057628
]
Total memory size for keys: rot_key_cnt = 41, rot_key_size = 429926000 bytes, total_key_size = 448800800 bytes
Total memory size for weight plain: cnt = 258, size = 404768912 bytes
RTLib functions         	       Count	      Elapse
--------------------    	    --------	    --------
NN                      	           -	           -
FHE                     	           -	           -
 FHE_ADDCC               	         282	    0.446700 sec
 FHE_ADDCP               	           1	    0.000114 sec
 FHE_MULCP               	         257	    0.028699 sec
 FHE_RESCALE             	           2	    0.014932 sec
 FHE_ROTATE              	          42	    1.824577 sec
FHE                     	   sub total	    2.315022 sec
FINALIZE_CONTEXT        	           1	    0.002339 sec
PREPARE_CONTEXT         	           1	    2.692650 sec
ENCODE_ARRAY            	         259	    1.695689 sec
NTT                     	        2132	    2.618823 sec
INTT                    	         297	    0.394803 sec
MAIN_GRAPH              	           1	    4.061313 sec
 HW_ADD                  	        2570	    0.196540 sec
 HW_MUL                  	        2308	    0.448503 sec
 HW_ROT                  	         240	    0.044686 sec
 COPY_POLY               	         130	    0.028062 sec
 MOD_DOWN                	          84	    0.745511 sec
 DECOMP_MODUP            	          78	    0.655900 sec
 MULP                    	          91	    0.655230 sec
 RESCALE_POLY            	           4	    0.014860 sec
 COPY_CIPH               	          23	    0.023579 sec
 INIT_CIPH_SM_SC         	         325	    0.006066 sec
 INIT_CIPH_UP_SC         	         257	    0.027426 sec
 INIT_CIPH_DN_SC         	           2	    0.000070 sec
 BOOTSTRAP               	           -	           -
  BS_EVAL                 	           -	           -
 BOOTSTRAP               	   sub total	    0.000000 sec
 PT_ENCODE               	         258	    1.693146 sec
MAIN_GRAPH              	   sub total	    4.539577 sec
expect relative error less than: 0.001000
expect absolute error less than: 0.000100
SUCCESS!
6.81 714996
