gemv_512x512.onnx
gemv_512x512.c
gemv_512x512.onnx.c
gemv_512x512.t
0.05 18452
rm: cannot remove './gemv_512x512.out': No such file or directory

real	0m0.142s
user	0m0.114s
sys	0m0.027s
ckks_param: _provider = 0, _poly_degree = 65536, mul_depth = 2, input_lev = 3, _first_mod_size = 60, _scaling_mod_size = 56, _num_q_parts = 2, _num_p = 2, _num_rot_idx = 30,_hamming_weight = 192
input(tensor): [
 0.006408
 0.093478
 -0.019154
 0.017113
 -0.062527
 0.085075
 -0.009959
 0.090506
 0.005081
 0.015787
 0.031014
 -0.007854
 0.031452
 0.012201
 -0.025499
 -0.043852
 -0.099921
 0.010096
 -0.021183
 -0.095386
 -0.037569
 0.075976
 0.046605
 0.050682
 -0.064307
 0.080354
 0.003037
 0.014430
 -0.041321
 0.057662
 0.022480
 -0.074304
 -0.063572
 0.099311
 -0.024859
 -0.034100
 0.012658
 -0.072455
 0.011828
 0.050387
 -0.013429
 -0.076094
 -0.076575
 0.066046
 0.033767
 0.093790
 -0.016350
 -0.037794
 0.013716
 0.062639
 -0.021867
 0.081442
 -0.058956
 -0.097304
 -0.079284
 -0.099724
 0.019165
 0.063121
 -0.012403
 -0.090012
 -0.009623
 0.094096
 -0.023309
 0.095384
 -0.025475
 0.084179
 0.047206
 0.043389
 0.058901
 -0.008917
 0.009486
 -0.002321
 0.040502
 0.049416
 0.060350
 -0.006752
 0.058960
 -0.055372
 0.066639
 -0.087883
 -0.096924
 0.053662
 0.002189
 -0.015781
 0.012148
 -0.020749
 -0.054253
 -0.024016
 -0.005350
 0.001857
 0.028689
 0.037883
 -0.082773
 -0.019558
 -0.068872
 -0.077174
 0.095072
 0.084851
 -0.049236
 -0.088700
 -0.072790
 0.093479
 -0.099844
 0.090072
 -0.049621
 0.029624
 0.034969
 -0.001374
 0.030599
 0.081655
 -0.087576
 -0.061354
 0.027691
 -0.037229
 -0.081921
 0.028983
 -0.080705
 0.022494
 0.042493
 -0.000307
 0.094739
 0.090575
 0.093211
 0.031383
 -0.041184
 -0.022297
 -0.001225
 -0.090478
 0.064334
 0.005717
 -0.049403
 -0.087200
 0.062816
 0.013450
 0.024207
 -0.069249
 -0.007033
 -0.059578
 0.009207
 0.021537
 0.050040
 0.070471
 -0.001569
 -0.084822
 -0.044025
 0.080147
 0.089646
 0.057179
 -0.097024
 0.094640
 -0.054786
 0.008045
 0.094196
 0.065019
 -0.083489
 0.016487
 0.087530
 0.082090
 -0.005802
 -0.001008
 0.006579
 -0.032463
 -0.066570
 0.063856
 0.089727
 0.055012
 -0.058323
 0.067984
 -0.020704
 0.092361
 0.028499
 -0.081577
 -0.083477
 -0.050044
 0.046792
 0.097412
 -0.083510
 -0.096033
 -0.076444
 0.045150
 0.080720
 -0.098974
 0.088005
 -0.060789
 0.035445
 -0.042818
 0.003456
 0.033255
 0.038227
 -0.045404
 0.076440
 -0.000757
 0.023933
 0.057044
 0.064102
 0.029007
 -0.032514
 0.087885
 -0.009899
 -0.081602
 -0.050164
 0.015619
 0.025961
 -0.024693
 0.029043
 0.052747
 -0.087413
 0.036352
 0.034161
 0.091436
 0.055425
 0.039104
 0.024585
 0.053310
 0.036265
 -0.086392
 -0.017618
 0.036665
 0.057273
 0.077730
 -0.092518
 -0.043388
 0.057932
 -0.038573
 0.054476
 -0.004250
 0.010930
 -0.087464
 -0.022250
 -0.095889
 0.079201
 -0.097854
 -0.085035
 0.057727
 -0.059466
 0.007561
 -0.002437
 -0.009596
 0.073356
 -0.086443
 -0.056127
 0.010530
 0.098880
 0.073943
 -0.023492
 0.091214
 0.095736
 -0.042574
 -0.017855
 -0.081612
 -0.095873
 0.021781
 0.076030
 -0.043042
 -0.093538
 0.034344
 0.032407
 0.099567
 0.031181
 -0.047204
 -0.043352
 -0.061196
 -0.085953
 0.061004
 -0.044203
 -0.051935
 -0.046953
 0.080334
 0.049242
 -0.094372
 0.002836
 -0.085767
 0.088580
 -0.054263
 0.091954
 -0.088769
 0.078680
 -0.038092
 -0.023158
 0.001143
 -0.098056
 -0.013338
 0.005441
 0.041039
 0.099891
 -0.062028
 -0.078866
 -0.059003
 -0.092777
 0.098742
 -0.049780
 0.043569
 0.089180
 0.065551
 -0.070692
 0.079793
 0.080344
 -0.048861
 0.015356
 0.084629
 0.060572
 0.056225
 -0.016755
 0.023291
 0.028788
 0.045210
 -0.025371
 -0.023222
 -0.022636
 -0.093218
 0.039239
 -0.016624
 -0.076337
 -0.014787
 0.055958
 0.057575
 -0.070834
 0.067312
 -0.024682
 0.021905
 0.064066
 0.026372
 0.065035
 0.096976
 0.087402
 -0.044646
 -0.080846
 0.062871
 0.078086
 0.002445
 0.080341
 -0.058880
 -0.088048
 -0.061269
 -0.077086
 -0.089217
 -0.022478
 -0.083677
 0.043789
 0.081442
 -0.021317
 0.012053
 0.026646
 0.071008
 -0.087497
 -0.088023
 -0.051433
 0.016864
 -0.057014
 -0.070654
 -0.087098
 -0.064278
 -0.041682
 0.097398
 -0.008699
 0.023427
 -0.008282
 0.027777
 -0.072381
 0.024315
 0.080238
 -0.006461
 -0.044998
 -0.026988
 0.014992
 0.088920
 0.042991
 0.054295
 -0.095990
 0.075389
 0.053652
 0.004135
 0.041793
 0.054524
 0.045883
 -0.021262
 -0.071553
 0.081429
 -0.027413
 -0.099319
 0.083602
 0.060749
 0.035194
 0.084890
 0.055927
 -0.062140
 -0.069900
 -0.002937
 0.088964
 -0.011101
 -0.054357
 0.047942
 0.011917
 0.034914
 0.058846
 0.029694
 -0.097701
 0.061170
 -0.065804
 -0.044838
 0.061456
 -0.070862
 -0.086439
 0.032530
 0.044230
 -0.042158
 0.017867
 -0.054576
 -0.050364
 -0.097490
 0.033247
 0.049551
 0.042310
 -0.045372
 0.031153
 0.039828
 -0.076027
 -0.001247
 -0.078518
 -0.003231
 0.021883
 -0.018247
 0.078355
 0.032828
 0.092406
 0.019736
 0.079465
 -0.011891
 -0.069075
 0.053182
 0.018249
 0.082715
 -0.058377
 0.039947
 0.095440
 0.058704
 -0.025411
 -0.073214
 -0.070503
 -0.007856
 -0.021141
 0.093540
 -0.034190
 0.050602
 0.020301
 -0.071006
 0.051134
 -0.027505
 -0.099741
 0.013060
 0.008125
 -0.065944
 0.032895
 0.065028
 -0.016354
 0.016089
 -0.034963
 -0.043250
 0.091311
 -0.057354
 0.058376
 0.038877
 -0.039778
 -0.090063
 0.020092
 -0.075066
 -0.005986
 0.073468
 -0.079466
 0.008150
 -0.012934
 0.026243
 -0.012945
 0.013628
 -0.005235
 -0.001407
 -0.082590
 -0.021032
 -0.076474
 0.099010
 0.002007
 -0.028153
 -0.031252
 0.091111
 0.022059
 -0.029630
 -0.043970
 -0.016666
 0.003130
 0.062565
 -0.031221
 -0.023864
 0.086224
 -0.065045
 0.084889
 -0.052631
 -0.009628
 -0.052089
 0.063212
 -0.076804
 -0.050528
 0.049387
 0.083071
 0.009884
 0.012367
 -0.097446
 -0.093853
 -0.019924
 0.032640
 -0.094779
 0.093942
 0.063074
]
Total memory size for keys: rot_key_cnt = 30, rot_key_size = 314580000 bytes, total_key_size = 333454800 bytes
Total memory size for weight plain: cnt = 66, size = 102765200 bytes
RTLib functions         	       Count	      Elapse
--------------------    	    --------	    --------
NN                      	           -	           -
FHE                     	           -	           -
 FHE_ADDCC               	          87	    0.123795 sec
 FHE_ADDCP               	           1	    0.000113 sec
 FHE_MULCP               	          65	    0.007968 sec
 FHE_RESCALE             	           2	    0.017248 sec
 FHE_ROTATE              	          31	    1.268514 sec
FHE                     	   sub total	    1.417638 sec
FINALIZE_CONTEXT        	           1	    0.001832 sec
PREPARE_CONTEXT         	           1	    1.978902 sec
ENCODE_ARRAY            	          67	    0.430756 sec
NTT                     	        1186	    1.414756 sec
INTT                    	         218	    0.302694 sec
MAIN_GRAPH              	           1	    1.883135 sec
 HW_ADD                  	        1132	    0.082368 sec
 HW_MUL                  	         924	    0.177562 sec
 HW_ROT                  	         172	    0.031035 sec
 COPY_POLY               	          90	    0.015113 sec
 MOD_DOWN                	          62	    0.541596 sec
 DECOMP_MODUP            	          55	    0.445835 sec
 MULP                    	          68	    0.466727 sec
 RESCALE_POLY            	           4	    0.017178 sec
 COPY_CIPH               	          14	    0.012114 sec
 INIT_CIPH_SM_SC         	         119	    0.003749 sec
 INIT_CIPH_UP_SC         	          65	    0.006937 sec
 INIT_CIPH_DN_SC         	           2	    0.000068 sec
 BOOTSTRAP               	           -	           -
  BS_EVAL                 	           -	           -
 BOOTSTRAP               	   sub total	    0.000000 sec
 PT_ENCODE               	          66	    0.424073 sec
MAIN_GRAPH              	   sub total	    2.224356 sec
3.91 530836
