conv_32x64x8x3.onnx
conv_32x64x8x3.c
conv_32x64x8x3.onnx.c
conv_32x64x8x3.t
/app/ant_compiler/air-infra/base/src/node.cxx:534: Assertion Failure: Do not call this API to change rtype.
/app/ant_compiler/air-infra/base/src/node.cxx:534: Assertion Failure: Do not call this API to change rtype.
/app/ant_compiler/air-infra/base/src/node.cxx:524: Assertion Failure: Do not call this API to change rtype.
/app/ant_compiler/air-infra/base/src/node.cxx:524: Assertion Failure: Do not call this API to change rtype.
0.02 25936
rm: cannot remove './conv_32x64x8x3.out': No such file or directory

real	0m0.157s
user	0m0.134s
sys	0m0.022s
ckks_param: _provider = 0, _poly_degree = 65536, mul_depth = 1, input_lev = 2, _first_mod_size = 60, _scaling_mod_size = 56, _num_q_parts = 2, _num_p = 1, _num_rot_idx = 28,_hamming_weight = 192
input(tensor): [
 0.078898 0.079217 0.017368 -0.050937 -0.003958 0.008483 0.011994 -0.016084
 -0.004135 -0.020513 0.026276 0.014334 0.075675 -0.047683 0.029384 0.047281
 0.031740 0.083709 0.041978 0.058968 0.048429 -0.030887 0.084266 0.060546
 -0.045594 -0.046436 0.022902 0.060044 0.081977 0.037739 0.060687 0.099054
 -0.066293 -0.011103 0.080837 -0.081938 -0.037586 0.019727 0.067750 0.004996
 0.062782 -0.028944 0.046497 -0.070409 0.075926 0.002276 -0.047075 -0.050296
 -0.003895 -0.090101 -0.000513 0.001992 -0.040520 -0.063921 -0.021739 0.088413
 -0.074141 0.088128 0.075000 -0.017756 0.012835 -0.068159 0.075184 0.014348
 -0.085198 0.072032 -0.060575 0.090104 -0.019404 -0.027171 -0.017758 0.093619
 0.048343 0.005316 -0.054547 -0.026167 -0.001828 0.028268 -0.093125 0.070348
 -0.027291 0.037594 0.083146 0.079283 0.088122 -0.057883 -0.059467 -0.063251
 -0.089835 0.015427 -0.097532 -0.097599 0.049151 0.005669 -0.012524 0.054768
 0.057640 0.079575 -0.026384 -0.006385 0.053984 0.045155 -0.064550 0.057694
 -0.031303 0.002634 -0.073213 0.068632 0.058393 -0.032988 0.075439 0.097635
 -0.059660 -0.009745 0.016368 -0.054830 -0.007322 -0.037429 -0.069577 0.092519
 -0.048125 0.085456 0.007919 0.013680 0.099819 0.083396 0.087489 0.010869
 0.088222 0.006255 0.020925 0.060989 0.012420 0.087186 -0.088321 -0.064516
 -0.032441 -0.085279 0.051305 -0.070647 -0.097220 0.009626 0.027485 -0.000550
 -0.068354 0.022491 -0.005378 0.044446 0.008207 0.071531 -0.078437 0.078494
 -0.045471 0.048865 0.098226 0.082757 -0.039843 -0.061273 0.073546 -0.029431
 0.070117 0.094390 0.087972 -0.089195 0.039357 0.054558 0.070040 -0.009225
 0.060817 -0.052705 0.016601 -0.089347 0.029435 0.041455 0.010361 0.042352
 0.090864 0.042419 0.035774 0.004350 -0.003874 0.077448 -0.029218 -0.012451
 0.017289 0.087946 0.042921 0.061978 0.067408 0.021230 0.081652 -0.032542
 0.025714 0.044593 -0.034717 -0.030561 -0.065400 -0.034632 0.070708 0.066093
 -0.006751 0.004676 0.052791 -0.063462 0.083803 0.054486 -0.038065 -0.042047
 -0.006585 0.046290 0.038394 0.026451 0.070842 0.044455 -0.000695 -0.018067
 -0.064520 0.003696 0.093449 0.049638 -0.029234 -0.053967 0.068980 -0.068029
 -0.059703 0.040447 -0.013496 -0.072483 -0.013178 0.050122 0.057683 -0.081882
 -0.086065 0.062461 0.019286 -0.058239 -0.050979 -0.015908 -0.094717 0.017266
 -0.078417 -0.044987 -0.054390 0.071680 0.002277 0.003520 -0.002317 -0.095967
 -0.091953 0.064898 0.060792 -0.089474 0.056109 -0.083265 -0.097819 -0.064833
 -0.024401 0.047206 -0.019511 0.014735 0.060165 -0.010144 0.080332 0.037134
 -0.095443 -0.093033 0.018604 -0.072572 0.009049 0.051028 -0.024758 -0.038374
 0.011144 -0.045502 -0.031605 0.092375 0.075638 0.026214 0.000863 -0.023465
 0.035558 -0.095048 0.005742 -0.028309 -0.064312 -0.028894 0.039230 0.017927
 -0.072217 0.077742 0.025736 -0.059239 -0.043556 0.006513 0.083276 0.009587
 -0.095821 0.012644 0.037521 -0.024793 0.080955 -0.063114 -0.075251 0.089658
 -0.056984 -0.071581 0.018004 -0.080970 0.007106 0.077121 -0.052798 -0.049451
 0.001198 -0.034386 -0.072813 -0.098437 -0.025850 0.045503 0.030742 0.023468
 -0.036425 0.092647 0.048163 0.016341 0.076719 0.088224 -0.054603 -0.057251
 0.015988 0.038775 -0.051500 0.002864 -0.007585 0.091091 -0.046373 -0.084126
 0.077300 0.061303 -0.063578 0.041571 0.093888 -0.079685 0.052599 0.062584
 0.010286 0.036776 0.067445 0.011677 -0.069169 -0.097654 -0.090223 0.084991
 0.012702 0.065757 -0.024263 0.006821 0.013894 0.032058 0.094968 0.014380
 0.013003 -0.032015 0.017470 -0.020322 0.078828 -0.083974 -0.067749 -0.014248
 -0.053569 0.059046 0.099099 0.086244 0.026441 -0.070392 -0.060515 -0.073237
 -0.025980 0.078954 -0.033331 -0.006408 -0.074849 0.077590 0.072490 -0.051748
 0.083853 -0.037602 0.033104 -0.088400 0.074357 -0.072724 -0.057213 -0.034821
 0.001267 -0.018872 -0.074323 -0.082452 0.022907 -0.000532 0.050386 0.047524
 0.070754 -0.034623 -0.048486 0.061566 -0.029145 -0.021890 0.013142 0.025901
 -0.028831 0.058028 0.064834 -0.057563 0.008430 0.022574 0.050580 -0.096147
 -0.011617 -0.001848 -0.074039 0.023383 -0.073320 -0.055646 0.033483 0.067074
 -0.025156 0.002173 -0.096405 -0.059228 -0.061613 -0.054598 -0.038526 -0.001790
 -0.001637 0.009178 -0.086045 -0.072325 0.001318 -0.037912 0.065451 -0.090804
 -0.066638 -0.048574 0.072209 0.071937 0.090347 -0.018787 0.053299 0.064046
 0.036864 0.001316 0.064037 -0.059208 -0.007854 0.034902 0.068996 -0.086195
 0.072396 -0.034761 0.046528 -0.055200 -0.024214 -0.043746 -0.032205 -0.015333
 0.079622 -0.005874 -0.099851 -0.014632 -0.095113 0.035652 -0.095987 0.012765
 -0.031722 0.086140 0.099649 -0.094804 -0.092876 -0.085470 0.005537 0.012994
 0.098260 -0.010759 -0.007534 -0.029363 0.088358 0.018887 0.099671 0.036703
 -0.066734 -0.059855 0.021740 0.011368 -0.031728 -0.059830 -0.047476 -0.092438
 0.056014 0.063430 0.023694 0.070229 0.084222 0.070861 -0.037894 0.089090
 -0.015522 0.071098 0.017257 -0.019509 0.093114 -0.082710 -0.021633 -0.018598
 0.043096 0.002361 0.064662 -0.070310 -0.075772 0.097501 -0.009842 0.070640
 0.080119 0.093264 0.012109 -0.027214 0.031426 -0.045983 0.059374 0.014249
 -0.047208 -0.028021 0.021790 0.075893 -0.012714 0.087713 -0.070337 0.015966
 -0.094168 0.073149 -0.078729 -0.094425 -0.012504 -0.016515 0.049373 0.045463
 -0.093791 -0.039112 -0.036820 -0.031405 0.012345 0.005898 0.007695 0.088465
 -0.037322 0.009484 -0.073128 -0.052875 0.093025 0.073059 0.020245 -0.074131
 -0.075598 0.088356 -0.086989 -0.052825 -0.074017 -0.015671 0.070466 0.012911
 0.069391 0.099852 0.058642 0.040776 -0.063243 -0.011548 0.086268 0.092406
 0.049428 -0.010541 0.068676 0.084352 0.054950 0.061365 0.092566 -0.020827
 0.045404 -0.028996 -0.039373 -0.059951 0.049135 0.028850 0.031952 0.071343
 -0.049194 -0.026889 -0.078649 -0.004655 0.050898 0.011992 -0.026895 -0.047266
 -0.034043 -0.043830 0.082457 0.070179 -0.086286 0.051895 -0.076055 0.030798
 0.066075 -0.068140 0.017928 -0.019838 -0.064126 0.011878 -0.027137 0.051634
 -0.041310 -0.054828 0.089443 -0.022319 0.017206 -0.077468 0.080108 0.044844
 0.083901 -0.077054 -0.048443 0.095517 0.073291 -0.074999 -0.026815 0.035059
 -0.096868 -0.082002 -0.052284 0.081850 0.075681 -0.020779 -0.094114 0.058835
 -0.052062 -0.066458 0.016403 -0.046181 0.089219 -0.014499 0.009645 -0.010645
 -0.047921 0.003735 0.081764 -0.058122 0.011474 0.048336 -0.091253 0.042579
 -0.062000 0.057459 -0.014541 -0.076776 0.013898 0.075950 -0.073568 -0.005333
 0.064520 -0.014347 -0.066686 0.083151 -0.035790 0.030535 0.034035 -0.094096
 0.050439 0.097809 0.037336 -0.057227 -0.014920 -0.057340 0.081521 -0.071837
 0.047561 0.032871 0.083451 -0.027133 0.010749 0.057004 0.099292 -0.022526
 -0.044536 0.096046 -0.079574 0.026292 0.074363 0.031325 0.053522 0.089783
 -0.045291 -0.039187 -0.059109 -0.072948 0.065486 0.013079 0.007875 -0.027928
 0.096383 0.082230 0.020914 0.053628 -0.065342 0.002385 -0.006097 0.072927
 -0.089585 -0.001574 -0.042506 -0.045308 0.092856 -0.022964 -0.020841 -0.053258
 0.057649 -0.059229 -0.018886 0.042958 -0.047133 0.057070 -0.036384 0.021156
 0.013585 0.068777 0.083243 -0.078335 -0.036199 -0.099622 -0.013804 0.073163
 0.042734 0.057144 0.001172 -0.016053 -0.092753 0.017329 -0.067353 -0.099971
 -0.031457 0.083373 -0.052121 0.022045 0.019971 -0.093555 0.068136 0.056857
 -0.055749 0.090686 -0.026703 0.019888 -0.095665 -0.023187 0.023325 0.090330
 -0.010961 0.040639 -0.079842 -0.090572 -0.026325 -0.077489 0.007098 0.040632
 -0.021998 -0.037932 0.057056 0.081510 0.001515 0.043617 0.083011 0.083223
 0.067298 -0.087121 -0.098599 0.077156 0.029262 0.079927 -0.015065 0.003319
 0.015672 0.057273 -0.023248 -0.021731 -0.068084 0.099608 -0.088452 -0.040872
 -0.016585 -0.075443 0.063217 0.082884 0.070337 -0.066429 0.030598 -0.043137
 -0.096659 0.081693 0.067540 -0.068088 0.082037 0.094931 0.090095 0.050369
 -0.084839 -0.005878 -0.043847 0.064613 -0.069831 0.025643 0.076358 -0.041269
 0.053567 -0.069182 0.020618 0.055554 -0.041002 -0.025788 -0.051877 -0.029178
 -0.009877 0.098263 0.063892 0.020909 -0.092977 -0.041144 -0.020105 -0.043553
 -0.024621 -0.078063 -0.009971 0.076783 -0.043344 0.071613 -0.013924 -0.070005
 0.034575 -0.021094 0.058350 -0.000686 -0.010725 0.063161 -0.078910 0.004094
 -0.056153 -0.059515 0.091490 -0.046362 -0.090378 0.074451 -0.002526 0.077896
 -0.010124 0.013007 -0.042167 0.091055 0.008693 0.065352 0.087198 -0.065979
 -0.010312 -0.060950 -0.036028 -0.024203 -0.067004 -0.083908 -0.049447 0.085156
 -0.044808 -0.072827 -0.022417 -0.065426 0.031099 -0.082714 -0.046373 -0.080378
 -0.098416 -0.017484 -0.087690 -0.019284 0.034276 -0.076229 0.038663 -0.054265
 -0.028233 0.084351 0.075567 -0.063615 -0.021616 0.011796 0.005094 -0.029958
 0.015842 0.041519 0.015280 -0.008108 -0.074398 -0.043016 -0.033460 0.072435
 -0.078273 0.016688 -0.093352 -0.000063 0.085044 0.045878 -0.046379 0.066560
 0.042152 -0.057676 0.074961 -0.064881 0.019400 -0.074895 -0.077338 -0.024344
 0.053344 -0.035660 0.033548 -0.091295 0.092308 -0.091246 -0.032321 0.034347
 0.099758 0.090915 -0.007937 0.039672 0.082412 -0.069894 0.037202 0.068660
 0.006070 -0.072471 -0.095467 0.080473 0.039502 -0.005148 -0.036131 -0.047925
 0.012020 0.028576 -0.034411 0.037528 -0.022153 -0.039382 -0.057298 -0.062773
 0.092429 0.072815 0.070790 -0.083237 -0.036140 0.088242 0.001526 -0.016302
 0.008800 0.036208 -0.022538 -0.020629 0.048490 -0.086886 -0.063629 0.034289
 0.089820 -0.088558 0.056420 0.099980 0.035107 0.056357 -0.099323 0.013635
 -0.005709 -0.062117 -0.036438 0.018170 -0.097592 -0.034282 -0.032757 -0.077305
 0.005137 -0.071891 -0.079944 0.084498 -0.093451 -0.006392 -0.077217 -0.000028
 0.010431 -0.008002 0.001534 -0.016034 -0.019428 -0.044973 -0.058071 0.089534
 0.034887 -0.058408 0.088532 0.004474 0.082446 -0.053656 0.048185 0.013207
 -0.043142 -0.073474 0.097621 -0.089501 -0.061960 0.047652 -0.096407 -0.000596
 -0.092504 0.054235 0.095685 0.050674 0.007719 -0.076745 0.081056 0.069751
 0.012901 0.067335 0.056027 0.090953 0.057986 -0.085389 0.096748 -0.083855
 0.069189 -0.026951 0.028524 0.082536 -0.059004 -0.038871 -0.030864 -0.024493
 -0.092308 -0.075890 0.048441 -0.036776 0.097946 0.099485 -0.092250 -0.085138
 0.009219 0.007774 0.078906 -0.021918 0.060064 0.037429 0.076850 -0.066747
 0.064380 -0.064440 0.096995 -0.073445 -0.070664 -0.086409 0.076196 0.065042
 0.028354 0.081025 0.046884 0.045955 0.009727 -0.036966 -0.019244 0.028741
 -0.081394 -0.096676 0.019211 0.096121 0.021568 -0.035450 -0.065848 0.086375
 0.067227 0.029040 -0.071375 0.016767 0.060052 -0.032815 0.037403 -0.068946
 0.065063 0.018299 -0.067109 -0.078257 0.076791 0.052953 -0.008327 0.093618
 -0.044105 -0.074308 0.083224 -0.003483 0.063802 -0.005363 -0.004612 0.033802
 0.015050 -0.014376 -0.058316 -0.018596 -0.078381 -0.040955 -0.090268 -0.060166
 -0.002757 -0.024504 0.010378 0.056784 0.087002 -0.006404 -0.007340 -0.073334
 -0.053288 0.017310 -0.056479 -0.009183 0.023092 0.081865 0.077822 -0.003597
 0.042952 -0.024902 -0.043594 0.049898 -0.097936 0.094069 0.098843 -0.041696
 -0.051796 0.075668 -0.023737 0.012953 0.048767 -0.025263 0.054874 0.090405
 0.076433 -0.053905 -0.063439 -0.071364 -0.088815 -0.092570 0.060777 -0.058642
 -0.000207 -0.008314 0.026278 0.003607 0.009707 -0.057797 -0.008459 -0.055349
 0.052490 0.004911 -0.089416 0.053788 -0.093397 0.006343 -0.031860 0.010191
 -0.014089 0.069503 -0.024751 0.056628 -0.004066 0.064749 -0.075655 -0.094412
 0.095670 -0.031220 0.024932 0.034434 -0.070714 0.001178 -0.025339 -0.002604
 -0.099420 0.050669 -0.052505 -0.032600 -0.034093 0.085370 -0.099375 0.014085
 0.044893 -0.094807 -0.018494 -0.055837 -0.073457 -0.026797 -0.077110 0.038659
 0.048392 0.094079 -0.048415 0.036148 -0.059185 0.028746 -0.002958 -0.013516
 0.008685 0.064487 -0.090438 0.080834 0.080823 -0.085047 -0.001023 -0.059896
 -0.017578 0.054323 0.049826 0.019180 0.032940 -0.031702 0.049244 -0.053744
 -0.054231 0.043371 -0.090333 -0.035554 -0.088009 -0.078590 0.020826 0.072750
 0.009048 0.092385 -0.023699 0.036075 -0.039287 0.009089 0.057722 0.073382
 0.081702 -0.084781 -0.046495 -0.077428 0.023123 -0.028430 0.092454 -0.099292
 -0.064450 -0.095417 -0.034955 0.016374 0.017690 0.055716 0.000095 0.000030
 0.072100 0.024349 0.000666 0.055057 0.068512 0.085644 -0.094728 -0.064365
 -0.039198 0.024709 -0.024799 -0.006636 0.091150 0.014131 0.029788 -0.065315
 -0.040398 0.035074 0.078874 -0.032111 0.085718 -0.038590 -0.090326 -0.007429
 -0.041743 -0.046595 0.045498 -0.057886 0.010381 0.089023 -0.029660 -0.097672
 0.025447 -0.047825 -0.067194 0.033666 -0.083514 -0.070671 0.062885 -0.017138
 0.042389 0.040851 -0.057191 0.039523 -0.074973 -0.067162 -0.018582 -0.088346
 -0.019869 0.003745 0.065225 -0.075190 -0.057951 0.088606 0.012984 -0.036720
 -0.031046 0.073482 -0.076625 -0.091150 -0.026167 0.083762 0.009557 -0.071278
 0.087995 -0.039780 0.068095 -0.066324 -0.066851 -0.091662 -0.043579 0.077212
 -0.062359 -0.047625 0.052603 -0.016104 0.079047 0.024894 -0.037648 0.080297
 -0.037177 0.094476 0.047703 0.064510 0.008625 0.027427 0.088040 0.005868
 -0.021441 -0.097884 0.070156 0.097848 0.019310 -0.056914 -0.019669 -0.086297
 -0.016796 0.017322 0.079889 0.017857 0.049032 0.037973 -0.032960 -0.079406
 0.036952 -0.018901 -0.024939 -0.026708 -0.043538 -0.096517 -0.066757 0.060891
 -0.033263 -0.047362 0.082181 -0.092796 0.008304 -0.041092 0.043638 -0.004481
 0.051142 0.000478 -0.018609 -0.059526 -0.009806 -0.052652 -0.018608 0.068015
 -0.014747 -0.054145 0.007126 -0.002707 0.021057 0.045257 -0.034311 -0.001625
 -0.076578 -0.069044 -0.070522 0.005571 0.074596 0.026212 -0.057590 0.075690
 0.078999 0.086682 -0.071864 0.088724 0.021573 -0.087596 -0.028235 0.069613
 -0.075530 0.009929 0.089553 0.093721 -0.099081 0.030163 -0.096656 0.063094
 -0.086384 0.021559 0.034182 -0.005711 0.011662 -0.098284 -0.014528 -0.081157
 -0.031988 -0.092825 -0.025250 0.003779 0.052220 -0.030233 -0.097420 -0.039362
 -0.045713 -0.031485 0.038346 0.098978 0.093515 0.093762 0.093621 -0.031290
 0.066242 0.010261 -0.032152 -0.022808 0.064213 -0.021088 0.093871 0.065565
 0.069010 0.010099 -0.010504 -0.008885 0.046135 -0.020926 0.011473 0.095185
 -0.021373 0.009652 -0.035928 0.010600 0.077837 0.089255 -0.068483 -0.037009
 0.052944 0.093359 0.054272 -0.046552 -0.002408 -0.041935 0.059283 0.001591
 -0.057680 -0.025648 0.072968 -0.005902 -0.085172 -0.016561 0.080024 0.048531
 -0.031169 0.045854 -0.070114 0.055144 -0.087105 -0.089929 -0.003967 -0.085118
 0.054244 0.074004 0.053231 -0.051538 -0.025493 -0.064407 -0.062498 -0.074745
 0.058358 0.090691 -0.070621 0.074442 0.081151 0.037580 0.099440 -0.027052
 -0.095170 -0.097368 -0.050892 0.040417 0.089274 0.038454 0.039631 -0.062110
 0.003980 -0.049623 -0.032535 0.082994 0.048684 0.070366 0.057524 -0.038794
 0.088239 -0.099143 -0.087416 -0.030471 0.042948 -0.012012 0.008048 -0.055711
 0.057037 0.027941 0.051844 0.020128 -0.010082 0.008568 0.025175 -0.037592
 -0.073772 -0.051811 -0.034661 -0.022245 0.075427 0.013078 0.059344 -0.098904
 -0.072634 -0.089676 0.023354 -0.098810 0.015617 0.028471 -0.004910 -0.021310
 -0.026806 0.077345 -0.091698 0.029909 -0.094490 -0.025604 0.027635 0.023837
 0.007605 0.036153 0.017137 -0.083840 0.089845 -0.021896 -0.024022 -0.036245
 -0.076147 0.057769 0.039648 -0.008090 0.000516 -0.066695 0.020389 0.020261
 0.002388 -0.046352 0.002625 0.042422 0.086061 0.019134 -0.067902 0.010143
 -0.009211 -0.012438 -0.065256 -0.018106 0.060907 0.063144 0.087548 -0.087919
 0.090772 -0.099376 0.091994 -0.033953 -0.041718 0.072749 -0.050453 0.063703
 -0.053256 -0.007617 -0.084271 0.053619 0.007625 0.092361 0.035569 -0.000377
 -0.094254 0.023040 -0.004197 -0.005877 0.019461 0.049416 0.092686 0.088164
 -0.021343 -0.086552 0.036500 0.078290 -0.083308 -0.057558 -0.010460 0.089138
 0.049308 -0.002690 -0.021259 -0.057064 -0.040030 0.043496 -0.006114 -0.030301
 -0.086672 -0.050914 -0.075674 -0.098207 -0.091672 -0.084861 0.066603 -0.014324
 0.066850 0.094634 -0.026651 -0.028417 0.038986 0.047848 0.013628 -0.010676
 -0.012308 -0.031555 0.012883 -0.085505 0.031583 -0.023242 -0.049055 0.069768
 -0.058870 0.010897 0.071323 0.033711 -0.042215 -0.006313 0.095854 0.000678
 -0.038840 -0.080204 -0.034765 0.086774 0.090779 0.076695 -0.056042 0.005313
 0.098291 -0.008548 -0.085317 0.074483 0.059962 0.039925 -0.048176 0.023142
 -0.022321 0.011127 0.080076 0.036649 -0.077622 0.076403 0.015090 -0.091355
 0.000372 0.075253 -0.070820 -0.082458 -0.064355 0.019675 0.093967 -0.024363
 0.082686 -0.085919 -0.039789 0.036918 -0.084241 -0.088028 0.017307 0.093868
 -0.099403 0.093768 -0.087358 0.081289 0.054993 -0.024434 0.038664 -0.009328
 0.082417 -0.060810 0.063143 -0.037465 -0.069716 -0.062230 -0.091928 0.041548
 0.082907 -0.052958 -0.047518 -0.040236 0.012975 -0.086630 0.078877 -0.036137
 0.085040 -0.069648 -0.057291 0.075217 -0.086635 0.080514 -0.074270 0.099574
 -0.023627 -0.097738 -0.096969 0.005813 -0.038066 0.058688 -0.068599 0.045964
 -0.077943 0.051000 -0.044678 -0.054347 -0.080997 0.057362 0.034390 -0.015597
 -0.080661 -0.080574 -0.013324 -0.081663 0.059878 0.048371 -0.076053 0.008942
 0.097922 -0.034204 0.098153 -0.086981 -0.038093 0.010551 -0.004002 0.039499
 -0.090874 -0.022400 0.061461 0.002691 -0.083252 0.083993 0.061403 -0.089914
 -0.037914 -0.048904 0.084082 0.031275 -0.072604 0.042028 0.097713 -0.002987
 -0.049203 -0.054051 -0.061313 -0.079672 -0.056298 -0.025957 -0.037067 -0.002860
 0.023757 0.042617 -0.004801 -0.004304 0.008102 -0.034284 0.044448 0.074421
 -0.030897 0.024797 0.038793 0.047099 0.071145 0.016358 0.010579 0.042723
 0.024122 -0.052043 0.062253 -0.024016 -0.029798 0.086247 0.033974 0.006355
 0.079509 -0.062553 -0.080033 -0.082979 -0.077597 -0.066401 0.065408 0.008240
 -0.033622 -0.082391 -0.048548 -0.071128 0.008122 -0.062559 0.028152 0.086464
 -0.052894 0.071249 -0.086167 -0.053680 -0.050416 -0.040801 -0.039792 0.027974
 0.049714 -0.023332 0.099243 0.071126 0.002402 -0.067047 0.012949 -0.034832
 -0.075293 0.071508 0.049408 0.089832 0.001957 -0.053950 0.032204 0.095445
 -0.029100 -0.060560 0.092712 -0.054997 0.054273 -0.073440 0.012810 -0.017772
 -0.060029 -0.070828 0.022673 -0.024058 0.028861 -0.035602 -0.077370 -0.033456
 -0.059887 0.060218 -0.030621 -0.033142 0.050742 -0.062481 0.063424 -0.078319
 0.051506 -0.001131 -0.054797 0.097832 0.058845 0.050654 0.002188 -0.075868
 0.057516 0.039160 -0.070658 -0.011995 0.060613 -0.052857 0.044142 0.021131
 0.073460 0.070864 -0.095591 -0.051849 0.040553 -0.096128 -0.001411 0.050255
 -0.034195 -0.051306 0.010480 0.020486 -0.009230 -0.058192 -0.048281 0.037740
 0.023991 0.093442 0.058628 0.098436 0.065351 0.017004 -0.056714 -0.076675
 0.094252 0.092376 0.077752 0.000081 0.079994 -0.094914 -0.080947 -0.071654
 0.040342 0.046947 0.016287 -0.038919 -0.083494 -0.072456 0.085490 -0.022634
 0.058776 0.017243 0.074932 -0.030788 -0.007299 0.035119 0.006475 0.090011
 0.081184 0.030356 0.038565 0.098888 -0.091062 -0.070760 0.047926 -0.022301
 -0.062972 0.059009 0.032236 0.040784 -0.010293 0.025399 -0.033031 0.093398
 -0.005596 -0.085083 0.001264 0.012926 0.090175 -0.059922 0.021738 0.033310
 0.069875 0.068811 0.004901 0.069897 -0.002876 -0.067819 -0.007371 -0.025968
 0.058847 0.063713 -0.004911 -0.025356 -0.027277 0.013144 -0.003118 0.049858
 -0.078288 0.097672 0.030741 0.080046 -0.037483 -0.076146 -0.070884 -0.087341
 0.014063 -0.088571 -0.053540 -0.037021 0.055467 -0.073886 0.019275 -0.099856
 -0.061885 -0.051530 -0.009823 -0.009703 -0.076925 -0.046945 0.089476 0.001483
 0.072954 -0.022999 0.017067 -0.069335 -0.087505 -0.077594 -0.088732 -0.013626
 -0.094723 -0.064445 0.044667 -0.040665 -0.003036 -0.044396 -0.050960 0.081876
 -0.093156 -0.003806 0.086761 0.000278 -0.005035 -0.028980 -0.030113 -0.062151
 0.060558 -0.002306 0.089969 -0.020721 -0.067452 0.010301 -0.096840 0.006573
 0.013702 0.042268 0.050909 0.062853 0.057089 -0.098249 0.062486 0.055500
]
Total memory size for keys: rot_key_cnt = 28, rot_key_size = 176167488 bytes, total_key_size = 187702256 bytes
Total memory size for weight plain: cnt = 73, size = 76027016 bytes
RTLib functions         	       Count	      Elapse
--------------------    	    --------	    --------
NN                      	           -	           -
FHE                     	           -	           -
 FHE_ADDCC               	          92	    0.091989 sec
 FHE_ADDCP               	           1	    0.000052 sec
 FHE_MULCP               	          72	    0.005465 sec
 FHE_RESCALE             	           1	    0.005577 sec
 FHE_ROTATE              	          29	    0.752576 sec
FHE                     	   sub total	    0.855660 sec
FINALIZE_CONTEXT        	           1	    0.001533 sec
PREPARE_CONTEXT         	           1	    1.196166 sec
ENCODE_ARRAY            	          74	    0.382361 sec
NTT                     	         719	    0.882936 sec
INTT                    	         116	    0.153199 sec
MAIN_GRAPH              	           1	    1.255248 sec
 HW_ADD                  	         742	    0.056630 sec
 HW_MUL                  	         612	    0.121483 sec
 HW_ROT                  	         110	    0.019715 sec
 COPY_POLY               	          86	    0.007679 sec
 MOD_DOWN                	          58	    0.305913 sec
 DECOMP_MODUP            	          55	    0.271072 sec
 MULP                    	          63	    0.268332 sec
 RESCALE_POLY            	           2	    0.005577 sec
 COPY_CIPH               	          14	    0.006997 sec
 INIT_CIPH_SM_SC         	         122	    0.003480 sec
 INIT_CIPH_UP_SC         	          72	    0.005452 sec
 INIT_CIPH_DN_SC         	           1	    0.000000 sec
 BOOTSTRAP               	           -	           -
  BS_EVAL                 	           -	           -
 BOOTSTRAP               	   sub total	    0.000000 sec
 PT_ENCODE               	          73	    0.378023 sec
MAIN_GRAPH              	   sub total	    1.450354 sec
2.48 331088
