Per-op stats for /conv/Conv in Main_graph:
|DATA        |       COUNT|        EXEC|    LOAD(MB)|    DRAM(MB)|
|--------    |      ------|      ------|      ------|      ------|
|PLAINTEXT   |           4|          39|        56.5|        56.5|
|ROTATE      |          10|          21|         208|         200|

|OP          |       LEVEL|       COUNT|        EXEC|    LOAD(MB)|    DRAM(MB)|
|--------    |      ------|      ------|      ------|      ------|      ------|
|add_cc      |           1|           1|           1|           0|           0|
|add_cc      |           3|           9|          47|           0|           0|
|add_cp      |           1|           1|           1|         0.5|         0.5|
|mul_cp      |           2|           2|           2|           2|           2|
|mul_cp      |           3|           1|          36|          54|          54|
|rotate      |           2|           1|           1|           8|           8|
|rotate      |           3|           9|          20|         200|          90|
|rescale     |           1|           2|           2|           0|           0|
|rescale     |           2|           1|           1|           0|           0|
|TOTAL       |            |          27|         111|       264.5|       154.5|

ROTATE             LEVEL       COUNT    LOAD(MB)
--------          ------      ------      ------
-8192                  2           1           8
768                    3           1          10
256                    3           1          10
16                     3           1          10
15                     3           1          10
-1024                  3           1          10
-2048                  3           1          10
-3072                  3           1          10
-17                    3           1          10
17                     3           1          10
-4096                  3           1          10
-1                     3           1          10
-6144                  3           1          10
512                    3           1          10
-7168                  3           1          10
-5120                  3           1          10
-16                    3           1          10
0                      3           2          20
-15                    3           1          10
1                      3           1          10
TOTAL                             21         208

Total stats for Main_graph:
|DATA        |       COUNT|        EXEC|    LOAD(MB)|    DRAM(MB)|
|--------    |      ------|      ------|      ------|      ------|
|PLAINTEXT   |           4|          39|        56.5|        56.5|
|ROTATE      |          10|          21|         208|         200|

|OP          |       LEVEL|       COUNT|        EXEC|    LOAD(MB)|    DRAM(MB)|
|--------    |      ------|      ------|      ------|      ------|      ------|
|add_cc      |           1|           1|           1|           0|           0|
|add_cc      |           3|           9|          47|           0|           0|
|add_cp      |           1|           1|           1|         0.5|         0.5|
|mul_cp      |           2|           2|           2|           2|           2|
|mul_cp      |           3|           1|          36|          54|          54|
|rotate      |           2|           1|           1|           8|           8|
|rotate      |           3|           9|          20|         200|          90|
|rescale     |           1|           2|           2|           0|           0|
|rescale     |           2|           1|           1|           0|           0|
|TOTAL       |            |          27|         111|       264.5|       154.5|

ROTATE             LEVEL       COUNT    LOAD(MB)
--------          ------      ------      ------
-8192                  2           1           8
768                    3           1          10
256                    3           1          10
16                     3           1          10
15                     3           1          10
-1024                  3           1          10
-2048                  3           1          10
-3072                  3           1          10
-17                    3           1          10
17                     3           1          10
-4096                  3           1          10
-1                     3           1          10
-6144                  3           1          10
512                    3           1          10
-7168                  3           1          10
-5120                  3           1          10
-16                    3           1          10
0                      3           2          20
-15                    3           1          10
1                      3           1          10
TOTAL                             21         208

