conv_32x32x16x3.onnx
conv_32x32x16x3.c
conv_32x32x16x3.onnx.c
conv_32x32x16x3.t
/app/ant_compiler/air-infra/base/src/node.cxx:534: Assertion Failure: Do not call this API to change rtype.
/app/ant_compiler/air-infra/base/src/node.cxx:534: Assertion Failure: Do not call this API to change rtype.
/app/ant_compiler/air-infra/base/src/node.cxx:524: Assertion Failure: Do not call this API to change rtype.
/app/ant_compiler/air-infra/base/src/node.cxx:524: Assertion Failure: Do not call this API to change rtype.
0.06 48004
rm: cannot remove './conv_32x32x16x3.out': No such file or directory

real	0m0.182s
user	0m0.158s
sys	0m0.024s
ckks_param: _provider = 0, _poly_degree = 65536, mul_depth = 1, input_lev = 2, _first_mod_size = 60, _scaling_mod_size = 56, _num_q_parts = 2, _num_p = 1, _num_rot_idx = 27,_hamming_weight = 192
input(tensor): [
 0.085632 -0.010342 -0.079380 0.068032 -0.069064 -0.063848 -0.095727 0.024325 -0.077867 -0.005083 0.063832 -0.044105 0.099172 0.016311 -0.095950 -0.084091
 0.087796 -0.008716 -0.064880 0.047722 0.046959 0.031294 0.034148 0.012679 -0.040516 -0.037348 0.066675 0.035255 0.042314 0.052603 -0.046372 -0.024277
 -0.025516 0.088478 0.024997 -0.060564 0.030509 -0.031868 0.017521 0.064036 0.076846 -0.045521 0.011052 -0.086575 -0.077552 -0.079343 -0.087296 0.045521
 0.077282 -0.085011 0.041303 0.063018 -0.061392 0.020563 0.080728 -0.082908 -0.095435 0.030484 -0.094434 0.045938 -0.056631 -0.005790 -0.035043 0.099071
 -0.022437 0.037006 0.068717 0.017988 -0.090229 0.099038 -0.034226 -0.068429 0.042986 -0.048854 -0.076131 0.040621 -0.012206 -0.013476 0.069714 0.062287
 0.059981 0.071670 0.070970 -0.036529 0.091846 0.013533 0.099391 -0.065578 0.065928 -0.036789 0.004453 -0.079049 -0.065861 0.052409 0.070894 -0.085273
 -0.033368 0.069281 -0.020533 -0.026698 -0.049007 0.082839 -0.027598 0.091276 -0.087846 -0.003954 0.005063 0.014602 -0.075400 -0.084127 -0.023157 0.085127
 0.096512 0.032130 -0.079102 -0.037544 0.013107 -0.062217 -0.030024 0.070349 0.018709 -0.041743 -0.052313 0.056515 0.034483 -0.069024 -0.064110 0.088597
 -0.055516 -0.061507 0.073204 -0.094505 -0.051030 0.073296 -0.055602 0.033737 0.063728 0.069353 0.086562 -0.044224 0.066230 0.078533 -0.097427 -0.056128
 0.059294 -0.047845 0.083222 -0.033848 -0.032005 -0.036898 0.031823 -0.017292 0.057508 0.048656 0.088268 0.099227 0.074449 0.021236 -0.076552 -0.044286
 -0.047175 -0.006424 -0.067070 0.048564 0.039033 -0.032850 0.032245 0.027332 0.016181 -0.083541 -0.076993 -0.017304 -0.039008 -0.014371 -0.076584 -0.038274
 -0.066116 0.024477 0.018590 0.095448 -0.058332 0.035230 -0.031358 0.043470 -0.091117 0.002084 0.082837 0.012430 -0.019789 0.062044 -0.061816 -0.076360
 -0.034086 0.027933 -0.013389 0.056023 0.025372 -0.025111 0.072504 -0.018510 -0.093956 0.014284 -0.016275 0.059252 -0.007894 -0.068948 -0.086373 -0.093831
 0.062652 0.010529 -0.056074 -0.016292 0.090620 0.006710 0.066832 0.091587 0.076447 0.029254 -0.015124 -0.093668 -0.035857 0.088572 -0.052970 -0.044082
 -0.004379 0.056095 0.028152 0.014863 0.004887 0.055569 0.042655 0.071353 0.081062 0.063111 0.041939 0.079809 -0.023286 -0.062538 -0.070279 -0.015909
 0.025971 -0.004935 -0.025401 -0.048742 -0.084105 0.042181 0.017340 -0.054827 -0.067698 0.017292 0.063442 0.096416 0.074456 0.050581 -0.049017 -0.087254
 -0.069992 -0.021110 -0.083438 -0.018225 0.052179 -0.016862 0.028795 0.055184 -0.085919 -0.021386 -0.018158 0.062476 -0.054153 -0.058870 0.026680 0.052388
 0.073497 0.023946 -0.006947 0.052784 0.069812 0.085045 -0.072134 0.035228 0.070425 -0.068760 0.008125 -0.060568 0.014702 -0.042215 0.001915 -0.043422
 0.089469 -0.038447 0.003439 0.020239 0.022570 -0.083718 0.056645 0.073852 0.063543 0.016468 -0.090924 -0.062857 0.020374 0.056849 0.059602 -0.073028
 0.048371 -0.044686 -0.039437 -0.006933 0.046362 -0.049857 0.085332 0.025207 -0.038426 0.005678 -0.062839 0.021014 -0.066289 0.027692 0.068265 -0.085064
 -0.029038 -0.028284 -0.048083 -0.009773 0.098814 -0.084396 0.001275 -0.090273 -0.049573 0.054235 0.091013 0.075655 -0.021137 -0.061674 -0.027199 0.030668
 -0.079364 0.070955 0.060030 0.022488 -0.021607 0.066568 -0.039306 0.063185 -0.075592 0.077561 -0.087873 0.094158 -0.019334 0.048618 -0.000134 -0.073215
 -0.031102 -0.014114 -0.042827 -0.010906 0.084500 0.023399 -0.019917 0.089466 0.050447 -0.034144 0.063151 0.034508 0.091144 -0.082308 -0.029501 -0.094482
 -0.015239 0.016607 0.024886 -0.070532 -0.044105 0.064246 -0.007397 0.091862 0.005842 0.093264 0.079410 -0.094923 0.055526 -0.057604 0.031031 -0.048262
 -0.039973 0.057236 -0.078355 -0.049870 0.087253 -0.087843 0.005686 0.060702 -0.024959 0.058844 0.048573 0.000203 0.078151 0.040920 -0.007498 -0.055371
 -0.054341 -0.024779 0.060288 0.042814 -0.087109 -0.028490 -0.085266 -0.089509 0.036438 0.099291 -0.069913 0.040586 -0.061048 -0.076544 0.035015 0.007482
 -0.028038 0.018171 -0.064104 0.016591 0.078603 -0.039087 0.030583 0.070218 -0.031996 -0.037732 -0.096409 -0.054605 0.059613 0.013908 -0.057266 -0.065116
 0.014340 -0.046288 -0.078636 -0.017688 -0.087553 0.029430 -0.055132 0.072671 -0.028737 0.077791 -0.074835 0.008391 0.097708 -0.046321 -0.023478 0.048180
 -0.025467 0.075711 -0.058674 -0.065709 -0.016978 -0.088257 -0.027216 -0.070588 -0.015418 -0.094185 -0.002914 0.074593 -0.029419 0.082911 0.097644 -0.027087
 0.003225 -0.001504 0.087322 0.016768 -0.063034 -0.090460 0.015804 -0.059809 -0.021377 0.045350 -0.078179 -0.019351 -0.025368 0.096224 -0.089349 0.070383
 -0.024711 -0.010641 -0.045707 -0.015470 0.001714 0.000338 0.047812 -0.070352 -0.043890 -0.078715 -0.049553 -0.050698 0.044272 0.056171 0.010334 -0.035649
 -0.074302 -0.007288 -0.086318 -0.046271 0.079092 0.017008 0.030038 -0.099743 -0.090855 -0.047580 -0.096142 -0.075836 0.043417 0.019520 0.034314 0.020610
 0.036298 0.008966 -0.087614 -0.037000 -0.090916 -0.048935 -0.049392 0.072181 -0.020215 -0.097195 0.097549 0.040315 0.037030 -0.045125 -0.091716 -0.015472
 0.046443 0.063750 -0.080909 0.072442 0.066390 -0.014136 -0.029196 -0.011495 -0.056061 -0.003242 0.069537 0.040038 -0.013130 -0.078036 -0.004528 0.047684
 -0.037802 -0.082277 -0.085924 -0.057202 -0.059636 0.062375 0.063467 -0.006371 0.021618 0.007801 0.010217 0.044927 0.033694 -0.062838 -0.053648 -0.093511
 0.093834 -0.081936 0.005176 -0.057996 -0.054604 0.027165 0.098965 -0.064985 -0.067577 -0.062390 -0.032148 0.004529 0.067025 -0.064559 -0.038005 -0.073516
 0.064930 0.019311 0.058850 0.083743 0.065015 -0.014361 -0.072107 0.022973 0.085042 -0.004857 0.026145 -0.057655 0.099409 0.090631 -0.065758 0.099155
 -0.098937 0.062807 -0.062833 -0.009796 -0.078108 0.053242 0.096448 0.078175 0.084043 -0.047305 -0.028725 0.022021 0.067995 -0.078540 -0.069896 -0.045115
 -0.039348 0.050209 0.020805 0.030751 0.036925 -0.001637 0.016002 0.047933 -0.045052 -0.091624 -0.010434 -0.053912 0.035974 -0.035316 -0.081450 -0.019854
 0.079057 -0.079270 -0.075723 -0.071471 -0.023762 0.069683 0.019025 0.095040 0.037820 -0.075186 -0.040045 0.000067 0.010288 0.031330 0.057514 0.011231
 -0.015759 -0.085927 0.045436 -0.048333 -0.061589 0.021912 -0.094397 -0.073522 -0.090441 -0.080888 -0.034661 -0.072842 -0.022428 0.083604 -0.094979 0.047486
 -0.051912 0.031290 -0.048668 0.062705 -0.043613 0.052922 -0.084595 0.075649 0.014408 0.028970 0.083403 0.013629 -0.085205 0.079926 -0.004901 0.033584
 -0.001231 -0.028618 0.090469 -0.059629 -0.025646 0.025713 -0.002285 -0.043468 0.020275 0.076814 0.067956 0.061959 0.058737 -0.078373 0.044446 -0.029725
 0.035656 0.080204 -0.047348 -0.042282 -0.026430 -0.029657 -0.065088 -0.023946 0.099168 0.061581 -0.041999 0.082274 -0.076721 -0.025789 -0.062560 -0.042967
 0.009108 -0.025252 -0.023969 0.099568 0.059550 0.073493 0.023202 -0.003879 -0.074178 -0.015218 0.040013 -0.091596 -0.019804 0.088770 -0.037458 0.057396
 0.047072 0.039243 -0.071832 0.081188 0.008709 0.003313 0.072863 -0.095941 0.096901 0.022060 -0.010014 -0.042384 -0.014986 -0.068363 -0.076136 -0.032509
 0.000834 0.037949 0.098435 -0.099761 -0.068350 0.091021 0.071706 0.013379 -0.071478 -0.001871 0.015295 0.003882 -0.009348 -0.070774 -0.039351 0.028683
 0.016823 0.021864 -0.045735 0.088828 0.061374 0.057006 0.041905 0.003065 -0.045131 -0.094310 -0.017064 0.054144 0.074271 -0.027338 -0.036643 0.077741
 -0.053312 0.000061 0.000724 0.001250 -0.028432 0.054854 -0.038234 0.007464 0.042905 -0.089625 0.079473 0.008853 -0.006865 -0.069518 -0.032502 -0.016116
 -0.027910 0.023893 0.077148 0.051053 0.019201 0.054939 0.000272 -0.094143 0.080344 -0.092630 0.016618 -0.066837 0.047094 -0.027697 0.058556 -0.081343
 0.045973 0.058254 -0.078316 0.060161 -0.044261 -0.095260 0.033486 0.075790 0.003745 -0.077424 -0.070884 -0.066536 -0.087763 0.099270 -0.081823 0.077499
 0.025354 -0.007527 0.067367 -0.026939 -0.012955 0.036011 -0.018273 0.003587 0.050479 -0.059152 -0.076170 0.099177 0.039071 0.088877 0.014905 0.032492
 0.093438 -0.077167 0.097323 -0.028324 -0.063670 -0.077530 -0.073160 0.071969 0.050230 -0.003772 -0.039453 -0.073946 -0.062800 0.052549 -0.022129 -0.029647
 0.095985 -0.018157 0.002537 0.053228 -0.019704 -0.096012 0.045086 0.041055 -0.010239 0.091926 -0.019397 0.006701 0.052345 0.038539 -0.081567 0.059185
 -0.050870 0.086255 0.033735 -0.019072 0.052902 0.037073 -0.079933 0.010186 0.083354 -0.099593 0.022956 0.061605 0.005297 0.071136 0.022712 -0.006864
 0.015620 0.054464 0.045399 0.042049 -0.017194 -0.000587 0.053610 0.000948 0.011998 -0.024901 -0.099320 -0.059644 0.027325 0.076540 -0.093341 -0.081275
 -0.063521 -0.050626 -0.099153 -0.066325 -0.010592 0.001937 0.023544 -0.063267 0.020992 -0.008692 -0.072754 -0.037339 -0.070862 0.009473 -0.023407 -0.001035
 -0.054524 -0.033785 0.038922 0.040361 0.081105 -0.036268 -0.084075 0.052601 0.088758 -0.024015 -0.071207 0.041499 -0.040476 -0.084907 0.042628 -0.085926
 -0.018369 0.029750 -0.086174 -0.042489 -0.074199 -0.055556 0.062224 -0.012267 0.011825 -0.009067 0.026174 -0.046829 -0.051818 -0.090271 -0.054249 0.029219
 0.072241 -0.023551 0.002025 0.004940 0.002153 0.016635 -0.025629 -0.065333 -0.058781 -0.007047 0.057481 0.035152 -0.080164 -0.057239 0.080714 0.062219
 -0.079444 -0.082641 0.061664 0.017337 -0.020171 -0.032351 0.030358 -0.095112 0.068069 0.058750 -0.069311 -0.093760 0.033391 0.098088 0.037889 0.099309
 -0.086695 0.090820 0.026663 -0.045299 0.090179 -0.074514 0.075320 0.020893 0.094923 0.092332 -0.051339 0.058427 0.058495 0.021327 0.091339 -0.059822
 -0.087825 -0.000563 0.075741 -0.072144 0.025557 0.095102 -0.086380 -0.054946 -0.028701 0.047659 -0.062135 -0.075757 -0.051169 0.069454 0.034604 -0.051006
 0.000882 -0.025914 -0.029546 0.083974 0.087796 -0.080256 -0.087908 0.079053 -0.082452 -0.057779 -0.029673 -0.091921 -0.021292 0.039736 0.005566 0.040809
 -0.009679 -0.059198 -0.013322 0.035822 -0.090355 0.020462 -0.073161 0.030020 0.063497 0.034351 0.047885 -0.051263 0.077509 0.079612 0.034910 -0.079432
 0.018729 0.097288 -0.026997 -0.047441 -0.084813 -0.060173 -0.016200 0.095153 -0.016517 0.036648 0.059306 -0.056970 -0.014027 0.044126 -0.021288 -0.047291
 -0.068104 -0.052528 0.020803 0.061357 0.058563 -0.027120 -0.008846 0.031066 -0.042215 0.040144 -0.073095 0.020261 0.086693 -0.069948 0.089668 -0.085557
 -0.051722 0.001575 0.037509 0.009137 -0.062380 0.031265 -0.083557 0.059586 0.074991 0.034100 -0.054428 -0.056029 -0.059970 -0.082135 0.097766 -0.079984
 0.003400 0.027234 -0.098818 -0.009318 -0.055746 -0.062884 -0.087341 0.028645 -0.021071 0.086524 -0.056993 0.098864 -0.096944 -0.059610 0.004886 0.098986
 -0.069496 -0.083378 0.000438 0.094087 -0.049007 -0.037228 0.002171 -0.030294 0.078685 -0.062772 -0.031147 -0.026300 -0.074612 0.015704 0.032635 0.037202
 -0.043452 0.033286 -0.091467 -0.000664 -0.017981 0.047975 0.074582 -0.039158 0.047975 0.040148 -0.080916 0.057084 -0.042321 0.029820 -0.027642 0.063516
 0.070698 0.028470 -0.051393 0.058856 0.029452 0.028230 -0.042691 -0.023096 0.074627 -0.094960 -0.045456 0.003315 -0.051527 -0.081245 0.066881 0.024837
 -0.024119 -0.012872 0.099330 -0.078438 0.090020 0.048860 -0.014134 0.082654 -0.035600 -0.056649 0.024635 -0.061521 0.064080 -0.082278 0.038464 -0.067477
 -0.019161 0.001475 -0.084185 0.014593 -0.059048 -0.090602 -0.033081 0.046790 -0.076956 0.078024 -0.086974 -0.098887 -0.082449 -0.094108 -0.038630 0.052573
 0.026338 0.069514 0.049309 0.056938 0.018338 0.081915 -0.080262 0.052470 0.056291 0.073932 -0.047798 -0.099984 -0.048381 -0.055405 0.038636 0.062902
 -0.004644 0.028412 -0.055345 0.000599 -0.025856 -0.083321 0.034569 0.006014 0.051734 0.075628 -0.089349 0.094328 0.043532 -0.099568 0.083414 -0.097257
 0.023655 0.065959 -0.088427 0.022792 0.000798 0.071882 -0.006273 0.092088 0.005701 -0.098168 -0.004076 0.093912 -0.066234 -0.062355 0.075577 -0.097806
 0.012376 0.041281 0.011844 -0.011119 0.055322 -0.099956 -0.071442 0.083475 0.028781 -0.034167 0.099423 0.098161 0.098275 0.092335 -0.080798 0.014773
 -0.072613 0.037695 0.071848 0.027337 -0.074402 -0.042994 0.048436 -0.047802 0.049141 -0.006432 -0.025003 0.021553 0.056925 -0.045625 0.098713 0.009963
 0.030033 0.096255 0.025399 0.030522 0.074961 0.005743 -0.097247 -0.031295 -0.051389 0.082940 0.031322 0.052029 0.021754 -0.081885 -0.057319 0.019284
 0.040173 -0.020227 0.031822 -0.055687 -0.044065 -0.069569 -0.091834 0.083824 0.085502 -0.088178 0.081546 -0.002609 -0.049959 0.030255 -0.052672 -0.071781
 -0.093799 0.006641 -0.071874 -0.031565 -0.074258 0.076788 -0.068362 0.069592 0.005847 -0.072802 0.085265 0.054527 0.033106 0.083559 0.055151 -0.014423
 -0.006915 0.014217 0.008182 -0.010853 -0.022302 0.044758 -0.066297 0.030863 0.034960 -0.058033 -0.060159 -0.055182 0.001328 0.052920 0.033966 0.082680
 -0.027460 -0.089097 -0.006776 -0.007255 -0.067063 0.037828 -0.068627 0.064047 0.024232 0.077309 -0.066588 -0.006771 0.004710 0.031016 0.058974 0.075711
 -0.086966 -0.041356 -0.038800 0.063380 0.088338 -0.049653 0.090014 -0.004791 0.061510 -0.092462 -0.045326 0.046874 0.007277 -0.079686 0.063621 -0.079576
 0.027094 -0.048159 -0.007859 0.089515 -0.080986 0.028855 0.019279 -0.083287 0.038806 0.032554 -0.010480 0.056017 -0.077037 -0.038481 0.075248 0.052913
 0.087583 0.086544 0.062359 -0.063575 -0.081727 -0.048679 -0.035346 -0.078660 -0.007942 0.017841 -0.089950 0.017861 -0.070648 0.027611 0.033273 0.030532
 -0.059116 -0.031796 0.062992 -0.007212 -0.024590 -0.029573 -0.004671 0.064403 -0.016961 -0.001612 -0.018062 0.026594 0.074863 -0.003446 0.055930 -0.034330
 0.076257 0.097341 0.010284 -0.063748 -0.041886 0.067644 -0.011887 0.089098 -0.034188 -0.089557 0.013606 0.088454 -0.041191 0.095506 -0.074258 -0.096355
 -0.011026 -0.013694 0.063348 0.073568 0.015925 0.081711 0.028459 0.012083 -0.054147 0.038032 -0.049831 -0.081462 -0.008263 -0.065276 -0.000887 0.095802
 0.060843 0.017452 0.001265 -0.095002 -0.067153 0.000338 -0.095988 -0.030421 -0.048884 -0.079663 0.021212 0.059102 0.058025 0.084447 -0.060215 -0.034718
 0.032806 -0.090372 -0.097805 0.079239 -0.072223 0.094738 0.017412 0.057363 -0.048262 -0.025648 0.097962 0.015094 0.098384 -0.075247 0.005824 -0.034272
 -0.089405 0.074128 0.050450 -0.095382 -0.049396 -0.056613 0.066869 0.059636 -0.066911 -0.044897 -0.066736 0.033069 -0.093473 0.077483 -0.000554 0.050976
 -0.065032 -0.093420 0.061813 -0.027909 -0.067623 -0.032431 0.043808 -0.049292 -0.098167 0.057570 -0.057690 0.040180 0.001791 0.010546 0.024284 -0.024565
 0.055690 0.094285 -0.032705 -0.099802 -0.061622 0.081816 -0.006565 -0.023773 -0.065782 -0.072104 0.058903 -0.040963 0.066534 -0.046703 -0.001158 0.066371
 -0.031494 -0.043015 0.060487 0.079513 0.098818 0.019766 -0.041680 -0.080624 -0.017169 -0.080048 -0.090905 -0.023106 0.022839 -0.008027 0.065208 0.050004
 0.055817 -0.080245 -0.063881 -0.044469 -0.090555 0.051603 0.085600 -0.053539 -0.062247 -0.001267 0.097772 -0.097566 0.072470 0.097786 0.026628 -0.026250
 0.020348 0.004104 -0.030941 0.099484 -0.036511 0.026334 0.044240 -0.032229 -0.023205 0.044451 0.028179 0.004756 0.045637 -0.034499 0.096371 0.003273
 -0.050425 0.070843 -0.039136 0.090855 -0.018624 -0.083783 -0.044027 -0.030628 0.093354 -0.017787 -0.051063 0.098394 -0.056478 0.088262 -0.025451 -0.012128
 -0.029164 -0.047260 0.021705 0.089680 0.043826 -0.027078 -0.094192 -0.052374 0.058675 0.038183 -0.000463 -0.049584 -0.032075 0.087651 0.067514 -0.018382
 -0.017329 0.012048 0.059648 0.041637 0.009825 -0.016050 -0.003539 -0.090203 -0.001220 -0.005751 -0.036825 -0.086239 0.000397 -0.027182 0.032224 -0.073626
 -0.079847 0.003903 0.095943 -0.050657 0.042766 0.075232 0.079687 0.041040 -0.074548 -0.068647 -0.028664 -0.019459 -0.085649 -0.074966 0.046891 0.085175
 0.071467 0.077429 0.049089 0.098729 0.037322 0.090711 0.026182 0.018694 0.032831 -0.088151 0.033043 -0.013507 -0.038335 0.004853 -0.050375 0.016313
 0.025255 0.022681 -0.057415 -0.090257 0.029517 -0.088051 -0.066861 0.020378 -0.087759 0.006293 -0.077536 0.040016 0.047765 -0.093401 -0.013556 -0.093420
 -0.070014 0.069646 -0.056678 0.015520 0.073304 0.001328 -0.053008 0.087928 -0.028164 -0.056446 -0.024732 0.018423 0.041109 -0.085045 -0.032422 -0.060391
 0.045811 0.063320 0.075773 -0.061675 0.096446 -0.098683 -0.099873 -0.044207 0.021309 0.066052 0.010341 -0.035414 -0.044271 0.055900 -0.059323 0.071132
 -0.092147 0.044225 0.059542 -0.057449 0.031333 -0.048248 0.027907 0.031706 -0.044975 -0.097819 -0.069897 0.031928 0.012367 0.034123 -0.077666 0.078351
 -0.034173 0.027381 0.019888 0.093017 -0.033497 -0.056063 0.059994 -0.010092 0.013265 0.068144 0.055166 0.079310 -0.006173 -0.012085 0.024010 0.077037
 0.036768 -0.085707 -0.024979 0.020523 -0.082023 0.019057 -0.040794 -0.098043 0.022381 -0.093767 0.067452 0.028510 0.093502 0.069517 0.040518 0.026411
 -0.022349 0.001055 0.021159 0.089147 -0.071382 0.055310 -0.081298 0.096105 0.096368 -0.046423 -0.053894 -0.072136 0.030313 -0.003848 -0.068764 -0.087449
 -0.084205 -0.052497 0.000472 0.031237 -0.043175 -0.024058 -0.008916 -0.028931 -0.089086 -0.041937 -0.013230 -0.088789 0.045017 -0.021082 0.056277 0.089690
 -0.052029 0.048871 -0.070285 -0.037147 0.065097 0.041113 -0.018459 0.069882 -0.098358 -0.092845 0.077020 -0.026610 -0.009498 -0.093497 -0.081302 0.061230
 -0.027750 -0.062914 -0.004389 -0.099530 -0.076567 -0.076268 0.089962 0.090769 -0.072058 -0.025556 0.087419 -0.080501 0.023608 0.012652 -0.059325 0.049060
 0.022473 0.036121 0.052349 -0.000534 -0.077216 0.000415 -0.013761 -0.048860 -0.063227 -0.037494 -0.012781 0.054223 -0.086856 -0.049498 0.031053 -0.021316
 0.082360 -0.081747 0.092873 0.028026 -0.025524 0.069957 0.013380 -0.050764 0.052836 0.078912 -0.025274 0.093464 -0.061326 0.054413 0.026369 -0.014422
 0.064307 0.047443 0.026195 -0.006231 -0.048332 -0.067912 0.084863 -0.077421 -0.074505 -0.063649 -0.031704 -0.070441 0.045884 0.053083 -0.083982 0.000545
 -0.017034 -0.020261 -0.022722 -0.020623 -0.014855 0.086726 0.087648 -0.036392 0.035478 -0.022857 -0.034750 0.057389 0.032262 -0.019519 -0.019956 -0.099976
 -0.004607 -0.021775 0.047344 -0.031800 0.018394 -0.004144 0.003374 -0.087018 -0.019053 0.037690 0.048032 -0.096929 -0.010438 -0.052505 -0.093863 -0.019140
 0.037838 -0.005091 -0.009512 -0.004292 -0.092963 -0.028108 -0.092328 0.095442 -0.052034 -0.037061 -0.006192 0.065517 -0.001121 0.070628 0.015322 0.093734
 -0.066269 -0.091715 0.091295 -0.065829 0.070124 0.092446 0.063559 0.006735 -0.044517 -0.055208 -0.062104 -0.058395 0.094465 -0.072160 -0.054213 -0.010647
 0.081183 -0.058543 0.088520 0.049688 -0.047597 0.049332 0.075099 0.071061 0.026571 0.086660 -0.031106 0.020937 0.072917 0.042187 0.012590 0.032152
 -0.047209 -0.085328 -0.050685 -0.020478 -0.004645 0.075779 -0.002276 -0.042165 -0.080693 0.094802 -0.045496 0.074829 -0.072233 -0.094473 0.089779 -0.058007
 0.017762 -0.026852 -0.058576 -0.098869 0.011477 -0.055211 -0.073379 -0.024825 -0.027443 -0.028608 0.041623 0.058950 -0.057043 -0.066803 0.007784 -0.046139
 0.083419 0.009679 0.093671 0.084225 0.091316 0.076775 0.043296 -0.039962 -0.041039 0.042864 0.011176 0.022467 -0.075094 0.099757 -0.090932 -0.048568
 0.010290 0.076467 0.072806 0.041157 -0.048298 -0.058999 -0.038154 0.069551 0.048233 0.027049 0.007049 0.087487 -0.034373 0.021114 -0.084747 -0.090997
 -0.018919 -0.022872 -0.082368 -0.081860 0.052449 -0.081002 0.026939 -0.083344 -0.075568 0.037247 0.057766 -0.056758 -0.053096 -0.091196 -0.065058 0.080395
 -0.030705 -0.006873 -0.061476 0.001666 0.070330 0.098362 -0.071279 -0.077111 0.007435 0.086249 0.097625 0.030880 -0.027173 0.068506 -0.031906 -0.017127
 0.025304 -0.079219 0.059420 0.020159 -0.024482 -0.090501 -0.000519 -0.094437 -0.026748 -0.094424 -0.036334 0.012475 -0.000197 0.050366 0.050674 -0.075401
 -0.024273 -0.093438 -0.073477 -0.052720 0.074290 -0.015678 0.031650 -0.095471 0.099784 0.011573 0.055323 -0.061503 0.094715 -0.021141 0.020834 -0.093945
 -0.009078 0.024377 0.088349 0.074908 0.004434 -0.013225 0.072758 -0.067714 0.046406 -0.088395 -0.060977 -0.034184 -0.042358 -0.016571 0.060912 -0.053849
 0.077897 -0.002257 -0.071914 0.049870 -0.032263 -0.076721 0.075152 -0.049636 0.077239 -0.099828 0.040482 0.037770 -0.079469 0.039905 -0.078885 0.084099
 0.050303 0.080394 0.053846 0.061537 -0.069168 -0.011717 -0.025810 0.047922 0.046583 -0.069485 0.080418 0.054713 -0.077731 0.008322 0.064120 0.006514
 0.053887 -0.099549 -0.040148 0.098151 -0.081971 -0.078600 0.079716 0.094140 -0.061572 -0.014067 -0.073420 -0.071829 0.001238 0.050491 -0.030246 0.043821
 0.063130 0.084881 0.095552 -0.022495 -0.028554 0.039246 -0.074420 0.004898 -0.024111 -0.069039 -0.092476 -0.061928 0.074975 0.062725 0.073349 0.093511
 -0.031880 0.055046 -0.049242 -0.036990 0.082605 -0.061788 -0.048909 -0.021183 0.015656 0.035710 0.069424 0.023831 0.077902 -0.080783 0.039428 0.043525
 -0.059972 0.001198 0.028666 0.042717 -0.074656 -0.056703 0.034641 -0.031702 -0.031012 0.081782 0.006019 -0.061567 -0.002845 0.006505 0.084322 -0.073980
 -0.088409 -0.003309 -0.046375 0.024230 0.014072 0.045632 -0.013488 0.068909 0.047698 -0.053084 0.003774 0.053018 -0.017088 -0.077903 -0.070878 0.083697
 0.028091 -0.028394 0.002477 0.063944 -0.039623 -0.062682 0.042330 0.087645 -0.068453 0.002756 -0.057763 -0.056775 0.007070 -0.049424 0.032800 -0.043825
 0.054841 -0.054926 -0.032662 -0.005095 -0.052154 -0.050624 0.070830 -0.075312 0.020857 0.036552 0.007093 0.031894 -0.045889 -0.002867 0.044912 0.008756
 -0.031526 0.095681 -0.040840 0.093710 0.089093 0.020799 -0.015089 0.089654 0.051186 -0.096480 -0.054525 0.014043 0.058672 0.057756 0.026389 0.035066
 -0.030954 0.087910 -0.079288 -0.084921 0.004552 0.017163 0.026406 0.035590 -0.024245 0.029165 0.011109 -0.077583 0.042247 -0.095846 0.000203 -0.091463
 -0.011302 0.047903 0.001691 0.020006 0.071438 0.020542 -0.090080 -0.053552 -0.054922 -0.084804 -0.021896 0.062826 0.002034 0.087971 0.095091 0.085577
 0.091954 0.043607 -0.090446 -0.001096 -0.086461 0.086861 -0.077711 -0.070942 0.006116 -0.073388 0.012105 0.038885 -0.063053 -0.052333 0.028190 0.092471
 -0.025345 -0.074368 0.000908 -0.062354 -0.095609 0.047159 0.030500 -0.051699 -0.026558 -0.057779 0.042000 0.008999 0.024111 0.033368 -0.072885 -0.030781
 0.082320 -0.029816 0.073780 0.037494 0.063034 0.006385 -0.035396 -0.001968 0.068154 -0.051735 -0.017179 -0.080834 0.060717 -0.068012 -0.095142 0.000161
 0.064634 -0.072110 0.023978 -0.073608 0.024842 0.050557 -0.065155 0.080187 -0.044544 0.099644 -0.059480 -0.055002 0.057502 -0.001034 0.002480 0.070763
 -0.093449 0.042568 0.031457 -0.043505 -0.088511 -0.001903 0.088303 -0.063083 -0.082083 -0.030996 -0.006033 -0.094964 0.034915 0.019980 -0.018403 -0.098031
 0.067366 0.033859 0.068330 -0.084915 0.037199 -0.096372 -0.070603 0.022917 -0.043216 -0.087765 0.012236 -0.091774 0.048526 -0.035632 -0.055303 -0.079116
 -0.070334 -0.056626 -0.086448 -0.045907 -0.060741 -0.007640 -0.034554 0.029719 0.099529 0.072410 0.004877 -0.010850 -0.099164 -0.093914 0.054299 0.051346
 0.069600 -0.045983 -0.011530 0.044030 -0.068587 -0.014839 0.008018 0.025547 -0.087094 -0.022057 -0.073884 0.002634 -0.047502 -0.020293 -0.015836 -0.078922
 0.005463 -0.005509 0.067514 -0.046374 0.021060 0.070076 -0.078448 -0.071079 0.067850 0.049608 0.076499 -0.048666 -0.075751 -0.033043 -0.008205 0.039354
 -0.012395 0.096581 0.008053 0.012672 -0.043142 0.011465 -0.049423 -0.014213 0.046209 -0.084372 0.082262 -0.002971 -0.041582 0.028158 0.001614 -0.068465
 -0.072438 0.037561 0.032959 0.028875 -0.086757 -0.041601 -0.090542 -0.097137 -0.031070 0.063657 -0.072514 -0.090300 -0.050133 0.058064 0.052204 0.097544
 -0.007607 -0.019526 0.082131 -0.055134 -0.085876 -0.083475 0.061495 -0.034825 -0.064100 0.067262 -0.088898 -0.002918 -0.042887 -0.020473 -0.019765 0.045726
 0.044733 -0.089067 0.053552 0.023401 -0.040910 0.059025 -0.053527 0.012448 -0.007756 -0.025364 -0.078945 -0.005634 -0.072444 -0.021577 -0.086887 0.077120
 0.036255 -0.084002 0.036503 0.034311 0.063365 0.022728 0.033803 0.089077 0.067577 -0.089322 -0.023226 0.006710 -0.001255 -0.060878 0.012076 -0.012882
 -0.021316 -0.006997 0.050778 -0.057446 -0.056443 -0.061180 0.008030 -0.009688 0.054194 -0.022782 0.088946 0.049546 -0.036156 0.030292 -0.093437 0.070862
 -0.020484 0.039108 0.048342 0.043058 -0.008217 -0.042792 0.001555 0.062104 -0.096799 0.012621 0.083673 0.001401 0.084065 -0.064070 0.051842 0.061854
 -0.050730 -0.079917 -0.040884 -0.000305 0.064273 0.061172 0.017290 0.009933 -0.017307 -0.068785 -0.077911 -0.022516 0.072468 0.056178 0.042613 0.032062
 -0.004465 -0.095567 0.095746 -0.083330 -0.040183 -0.027954 0.032752 0.058580 0.086914 0.039869 0.074698 0.077781 -0.057338 0.012561 0.080115 0.003854
 -0.057438 0.049591 0.038904 -0.046684 -0.023772 -0.007602 0.001229 -0.087623 -0.061285 0.094534 0.029367 0.037760 -0.065108 -0.007499 0.035148 0.093107
 0.001505 -0.084600 -0.061326 0.069751 -0.054869 -0.065163 0.020212 -0.053271 -0.026681 -0.070290 -0.077477 0.063965 0.082132 0.002968 -0.015124 -0.098086
 -0.032022 0.097609 0.011270 -0.033342 -0.052578 -0.032058 0.034789 -0.032085 -0.084541 0.013295 0.038284 0.003874 0.016857 -0.062074 -0.041906 -0.051941
 -0.044661 -0.026749 -0.019151 -0.018705 -0.081003 -0.004335 0.006668 0.083030 0.011030 -0.011082 -0.094829 -0.005682 0.053851 -0.033204 0.025017 -0.049778
 0.031831 0.044806 -0.016846 0.052212 0.047153 0.055410 -0.092662 0.052053 0.018870 0.003491 -0.073834 0.094550 0.059494 -0.056043 -0.063007 -0.005972
 0.092390 -0.074176 -0.069096 0.087178 0.045435 -0.060145 -0.051504 -0.017714 -0.042657 -0.041075 0.006201 0.024737 0.048457 0.073901 0.008045 0.039896
 -0.061259 0.007992 0.015133 0.001666 0.024222 0.037137 0.064816 -0.016563 0.096385 -0.055988 -0.056297 -0.033237 -0.077225 -0.060532 -0.038857 0.064021
 0.035480 0.045710 0.015037 -0.076065 -0.094277 0.081855 0.089960 0.099236 -0.003939 0.007578 0.036812 0.016218 -0.011970 0.097743 0.018297 -0.075773
 0.038507 0.065401 -0.080135 -0.074258 0.054411 0.073580 -0.033391 -0.041028 -0.013286 -0.013795 -0.055634 -0.048050 -0.043477 0.087608 0.068302 -0.097806
 0.099234 0.099899 0.065111 0.007541 -0.074881 0.020146 0.080357 0.039061 0.022983 0.002223 0.077931 0.087865 -0.089052 -0.026468 -0.079496 -0.010976
 -0.012063 -0.055840 0.004445 -0.082198 -0.047462 -0.027549 -0.035601 0.074886 0.062828 0.078564 0.063297 0.097244 -0.095863 -0.098489 0.007590 0.082009
 0.084244 0.082415 0.078524 -0.029043 0.058409 -0.041087 -0.056577 -0.094303 -0.048558 -0.003601 0.024926 -0.000097 -0.065966 -0.085895 -0.048026 0.082202
 0.034675 0.010216 0.094212 -0.090188 -0.048425 0.065287 0.096045 -0.019261 0.088848 -0.064283 -0.079972 -0.092513 -0.083632 0.078533 -0.055431 -0.032326
 0.016415 0.042938 -0.087128 -0.017336 0.030057 -0.076937 0.039660 0.045156 0.004282 -0.005417 -0.080912 -0.000607 0.077031 -0.082149 -0.063966 0.036327
 0.084076 0.015206 -0.039138 0.062371 -0.034826 -0.067539 -0.008878 -0.000238 0.037448 0.032756 0.010395 0.048742 -0.046619 -0.020405 0.012976 0.029715
 0.084688 -0.017088 0.053325 -0.059566 0.064682 0.055011 -0.047811 0.072819 -0.006087 0.054196 -0.026853 -0.008900 -0.061504 -0.020956 0.017690 -0.080458
 -0.074139 -0.026729 -0.013479 0.076972 -0.018724 -0.095154 0.066601 -0.093483 -0.081787 0.052523 -0.055096 0.051057 0.059400 -0.002597 0.012032 0.073801
 0.038056 0.001544 -0.043995 -0.036447 0.026606 -0.009967 0.070135 0.099946 -0.070696 0.009627 -0.063184 0.039481 0.066383 -0.005190 -0.044509 -0.004488
 -0.010939 -0.036989 0.006744 0.058670 0.012751 0.039965 -0.024336 0.036045 0.072850 0.096736 0.005139 0.078824 -0.045090 -0.023490 -0.072028 -0.012525
 0.099900 -0.078990 0.082571 0.065929 0.000455 -0.075919 -0.048065 0.097046 0.084302 -0.078354 0.005818 -0.059837 -0.066505 0.019838 -0.077409 -0.037920
 -0.028174 0.067613 0.051799 -0.002312 -0.035652 -0.072285 -0.010880 0.020659 0.068149 0.031743 -0.055011 0.091079 0.094820 -0.072895 0.041613 -0.073698
 0.007779 0.096096 -0.024354 0.031125 -0.062467 -0.099599 0.028021 0.009155 -0.038530 -0.055887 -0.017470 0.068958 0.057168 -0.016038 -0.095835 0.090695
 -0.040110 -0.009645 0.010920 0.007994 0.007344 0.062968 0.051438 -0.038046 -0.035067 0.047711 0.030348 0.027078 -0.010669 -0.074523 -0.035008 -0.026273
 0.052934 0.040557 0.016181 -0.015109 0.080567 -0.006062 0.013057 -0.072510 -0.083113 0.086663 0.013837 0.093147 -0.057557 0.002691 -0.003093 0.016348
 -0.088541 -0.077214 0.004626 0.035642 0.015963 0.019626 -0.033742 0.035452 -0.095847 0.036219 0.071969 0.015281 0.071140 -0.088405 0.013721 0.059951
 0.014335 0.037044 -0.066359 0.035577 0.059288 -0.071508 -0.046409 0.025843 -0.078501 0.019352 -0.087422 0.068404 0.014536 -0.062567 -0.092997 0.008281
 -0.053017 0.014874 0.007359 -0.041155 -0.023226 0.094020 0.076023 -0.076849 -0.005168 0.076214 -0.020014 0.007375 -0.095637 -0.019774 0.093388 -0.053761
 -0.017610 -0.059234 0.096347 -0.048743 0.063918 0.064887 0.095984 0.077071 0.048539 0.046246 -0.031719 0.079739 0.043257 -0.098929 0.083339 -0.040823
 -0.019742 -0.042703 0.029984 -0.055914 0.012220 -0.090770 0.073982 0.073675 0.053747 -0.086395 -0.077867 -0.044605 -0.019864 0.011830 0.000407 0.088727
 -0.024838 0.028665 -0.093062 0.076804 0.030722 -0.071388 -0.032438 -0.068975 -0.087982 -0.073929 -0.059416 0.093834 -0.067045 0.054310 0.025182 -0.068138
 -0.013749 0.021224 0.022862 0.028352 0.077423 0.018761 0.010892 -0.004958 -0.021854 0.010871 -0.016220 -0.044015 0.088481 0.047988 0.031154 0.059882
 0.008824 -0.041610 -0.083329 0.050538 -0.022469 -0.069318 -0.058094 -0.076680 0.061750 -0.000625 0.007996 0.065804 0.067315 -0.028148 -0.082176 -0.046802
 0.043721 0.063281 0.024852 -0.047947 -0.068666 0.021026 -0.074207 0.056860 -0.024697 0.062377 0.005807 0.037773 0.063882 0.046488 -0.022827 -0.049819
 0.003215 -0.040273 -0.030945 -0.027780 -0.054241 0.061531 0.056277 -0.062654 -0.017799 0.020174 0.082407 -0.047635 -0.024304 0.074409 0.063274 -0.088277
 -0.050382 0.028977 -0.015290 -0.024314 0.094667 -0.073982 -0.075846 -0.017237 -0.048578 -0.077105 -0.037880 0.070696 -0.057630 0.043470 -0.060935 -0.022961
 0.036659 -0.080185 0.067421 0.007545 -0.004713 0.059732 0.070861 -0.061579 0.094984 0.042404 -0.068607 -0.042836 0.095169 0.041204 -0.073891 0.019900
 -0.060064 -0.024806 0.021189 0.081307 -0.091838 0.022726 0.078655 0.002624 0.068340 -0.071539 -0.039135 0.089497 0.046695 -0.027417 -0.022427 0.057971
 0.099571 0.009640 0.005128 0.069528 0.023519 0.036889 0.052150 0.096697 0.011264 0.027302 0.088098 0.016449 0.091937 -0.072117 -0.022663 -0.051983
 0.046718 0.009827 -0.027850 -0.082426 0.044114 -0.003561 -0.030393 -0.032566 -0.025061 -0.080306 -0.070265 0.047347 0.018813 0.020614 0.032493 0.096766
 0.063022 -0.025017 -0.022301 -0.005113 0.031711 0.066116 -0.056750 -0.070939 -0.050108 -0.035666 0.052181 -0.077242 0.086654 -0.027390 0.004660 -0.098226
 -0.028312 -0.026096 -0.099521 0.098521 0.098541 -0.017814 0.092319 0.071985 0.035843 0.073360 0.008149 0.023593 -0.074253 0.059663 -0.029268 0.082126
 0.066214 -0.085211 -0.043383 0.066367 -0.058860 0.028044 -0.005822 -0.037578 -0.043341 -0.071303 -0.060692 0.088779 0.046863 0.069947 0.012418 0.065851
 -0.056818 0.072060 0.049273 0.094777 -0.002767 0.013398 0.075023 0.051754 -0.038523 -0.072966 -0.043656 -0.065684 -0.003307 -0.093836 0.070457 -0.038924
 -0.035714 0.063857 0.066217 -0.014887 0.026096 -0.018010 -0.014804 -0.025246 0.051579 0.049158 -0.009690 -0.091175 0.030362 0.097887 -0.058822 0.024920
 0.005014 0.094740 0.008193 -0.086279 0.008504 -0.050839 0.070382 0.068256 -0.040928 0.015081 0.064254 -0.007991 0.069027 -0.057746 0.071405 0.083720
 0.003824 -0.072063 -0.039312 -0.066220 0.041506 -0.016296 -0.002412 -0.017300 -0.095206 -0.037591 -0.048971 -0.056069 0.070785 0.066304 0.055285 0.059652
 0.063916 0.027889 0.031950 0.056106 0.076714 -0.049633 -0.047157 -0.065123 0.014922 -0.045647 -0.049498 -0.093949 0.048309 0.048527 -0.030966 -0.000309
 0.060826 0.032223 -0.024026 -0.067502 -0.062617 -0.086589 -0.083945 -0.042343 -0.022035 -0.025440 0.089246 0.070266 -0.092683 0.005889 -0.045707 0.051355
 0.016488 0.042670 -0.004726 -0.007739 0.070036 -0.079535 -0.024757 0.094218 -0.017268 -0.023377 -0.079895 -0.066698 0.090439 -0.051833 -0.011226 -0.054728
 -0.035668 -0.017821 0.079053 -0.046804 -0.054192 0.081396 0.084934 -0.065686 -0.042482 0.061905 0.071024 0.067704 0.022509 0.058860 -0.010388 0.071293
 0.060325 -0.062241 0.030855 -0.072682 -0.014118 0.051370 -0.053479 0.067430 -0.048391 0.069406 -0.044715 -0.094082 0.049292 0.058993 0.004168 0.087330
 0.041240 -0.080871 -0.047201 -0.041936 -0.058743 0.011813 -0.052014 -0.083253 -0.097803 -0.049347 0.088087 0.016707 -0.032185 0.009333 0.073903 -0.022180
 0.022817 0.079998 0.069735 0.059212 -0.084138 0.078833 0.000425 -0.031929 -0.050803 -0.021689 -0.036114 -0.059135 -0.086539 0.054939 0.024761 0.074319
 0.092155 -0.045008 0.003579 0.085972 -0.032201 0.044963 0.016439 0.079890 0.030516 0.060806 -0.073376 -0.055519 0.008951 -0.059882 -0.014902 0.074277
 -0.089573 -0.065447 -0.062756 0.080771 0.016393 0.089495 -0.026119 0.071359 -0.031742 -0.034567 0.062988 -0.076885 0.032164 0.080387 -0.080302 -0.042299
 -0.082892 0.013182 0.027219 -0.039632 -0.014840 -0.021267 -0.098569 -0.077310 0.039432 0.088306 0.015399 0.040706 0.050254 0.079634 0.086926 0.034746
 -0.043369 -0.087371 -0.049162 0.071623 -0.080626 0.049818 0.076044 -0.068676 0.023999 0.016438 0.045086 0.013352 -0.058822 0.057003 0.051469 0.045717
 0.001179 0.059726 -0.093015 0.012545 0.024304 -0.013070 -0.058368 -0.055922 -0.041302 0.010701 0.068795 0.001146 0.076648 0.007180 0.088996 -0.009426
 -0.037877 0.029708 0.073170 -0.016996 -0.067443 -0.066861 -0.036467 -0.006865 -0.016460 0.058080 0.006700 0.096210 0.084238 -0.057951 -0.078688 -0.002632
 -0.008926 -0.039500 0.032748 0.032616 0.062733 -0.060327 -0.051692 0.028371 -0.051415 0.023170 -0.098933 -0.069220 0.033595 -0.065467 -0.014013 -0.006317
 0.029784 -0.066974 0.089320 0.065297 -0.012013 0.000315 -0.055420 0.084835 0.046360 -0.072608 0.012822 -0.057999 0.083050 0.078982 -0.015158 -0.057900
 0.096963 -0.088376 -0.014180 -0.001097 -0.098234 -0.092259 0.083982 -0.090835 -0.047226 -0.056454 -0.091776 0.018680 -0.087464 0.099585 0.039606 0.075424
 -0.042411 0.012764 -0.062701 0.003565 0.007002 0.039219 -0.006965 0.014199 0.048309 0.088622 0.046457 0.003189 0.000421 0.026344 0.025325 0.070175
 0.073708 0.054648 0.019902 0.010489 -0.031433 0.027641 -0.051177 -0.097122 -0.089111 0.097005 0.046688 -0.071206 -0.070555 0.054122 -0.096419 0.005501
 -0.015056 0.041528 0.025402 -0.062913 0.072267 -0.084325 0.081611 0.010454 0.033402 0.057790 0.075462 0.011265 -0.052586 -0.070701 0.030886 -0.063636
 0.015292 -0.010900 0.019787 -0.046474 0.058447 -0.002384 -0.039066 0.041922 -0.035087 -0.006575 -0.084756 0.090199 0.087404 -0.036148 -0.009375 0.056654
 -0.034778 0.010766 0.044266 -0.071910 0.054605 0.073393 -0.046781 -0.025885 0.005671 -0.047594 -0.061685 -0.098208 0.077253 0.086682 -0.088767 0.054073
 -0.070745 -0.080803 -0.012053 0.021480 -0.042543 0.014479 0.091358 -0.018912 0.037898 -0.042500 0.023623 -0.069125 0.011848 -0.063925 -0.096221 0.063543
 -0.051817 0.009327 0.027352 0.020192 0.037346 0.099988 -0.063437 -0.045658 -0.021869 0.008557 -0.078746 0.016429 0.067336 0.034832 0.035538 0.022628
 -0.023715 -0.031814 -0.060854 -0.051040 -0.008076 0.069600 0.054505 -0.084332 0.075884 0.031382 0.026955 -0.060968 0.057951 -0.082377 0.043774 -0.016625
 -0.071666 0.078277 -0.079171 -0.078483 -0.020188 -0.064359 0.052153 -0.035225 0.049820 -0.038644 0.044930 0.063528 -0.036308 0.026031 -0.074435 -0.082024
 0.075412 -0.081798 -0.039478 0.041241 0.049048 -0.068128 -0.035503 0.004619 -0.098372 0.005246 0.043492 -0.065779 0.072002 -0.043820 -0.063182 -0.084865
 -0.008421 0.077209 -0.012072 0.098043 -0.021042 -0.086346 -0.006434 0.069397 0.036763 0.065280 0.014028 -0.045180 0.056284 0.074953 -0.088304 -0.050238
 -0.023225 -0.097904 -0.045363 -0.005383 0.066796 -0.066147 0.097951 -0.050707 0.090074 0.058973 -0.099805 -0.071607 0.043641 0.098857 -0.042144 -0.090882
 -0.076898 -0.081792 -0.013450 -0.073496 0.038089 0.043959 0.057680 0.055808 -0.034033 0.021190 -0.070298 -0.043430 0.057892 -0.004794 -0.002684 -0.095675
 0.070276 -0.035911 0.061694 -0.016680 0.072590 -0.054490 -0.027246 -0.055388 -0.071808 0.024061 -0.046581 0.046827 -0.056671 -0.065563 0.035319 -0.023006
 -0.035087 -0.013442 -0.067528 0.053125 -0.065386 0.046303 0.036068 0.061970 0.064908 0.048931 0.061636 0.056051 0.079766 0.065929 -0.020859 -0.011248
 -0.036898 0.066524 -0.072783 0.000989 0.024971 -0.012990 -0.098824 0.071519 0.078465 0.073326 -0.065749 -0.024557 0.013734 -0.064177 0.080742 -0.064825
 0.071182 0.045962 -0.043102 -0.050513 -0.031198 -0.016233 0.041265 -0.001822 -0.055193 -0.050449 -0.080733 0.017116 0.064189 -0.022722 -0.075661 0.058614
 0.030787 0.008401 -0.054273 0.048260 -0.084375 -0.026615 0.008976 0.072471 0.049242 0.066222 0.074644 0.003375 -0.028542 -0.070748 0.037076 -0.064154
 0.030594 0.003874 -0.059997 0.028156 0.012185 0.073187 0.060213 -0.012596 -0.009871 0.076135 -0.000639 0.044317 0.082610 -0.061967 0.008589 0.028956
 0.039073 0.032214 -0.015267 0.062928 0.097859 -0.034902 -0.095531 0.080579 -0.053776 0.037731 0.065736 0.021445 0.044248 0.074686 0.087917 -0.053332
 -0.058372 0.024514 -0.035388 0.057029 0.001842 -0.074453 0.018961 0.016644 -0.043740 -0.051020 0.046824 -0.065152 0.087075 0.052807 -0.035590 0.014864
 0.049642 -0.066095 0.089768 0.079228 -0.084187 0.021501 -0.028059 -0.001224 -0.034527 0.033474 0.042228 0.034358 0.031552 0.025730 -0.028403 -0.089260
 -0.027510 0.059732 0.042329 0.017682 0.011978 -0.069975 0.040436 -0.001342 -0.000037 0.093662 -0.002635 -0.075698 -0.025351 0.028896 0.091296 -0.098171
 -0.093584 0.060706 0.024454 -0.056143 -0.096658 0.089868 -0.074162 0.017162 -0.049625 -0.021812 -0.095043 0.043881 -0.038359 0.064593 0.098500 -0.095651
 -0.046530 0.084166 -0.031903 0.098887 -0.017382 0.046045 0.053166 0.095146 0.054900 0.059972 -0.084608 -0.088836 -0.050918 -0.058680 0.054421 0.084094
 -0.070091 0.090206 0.087958 0.024696 0.089340 0.068146 0.041474 0.057003 -0.017475 0.038968 0.090704 0.090028 -0.023035 0.006988 0.029671 -0.039079
 -0.068724 -0.091381 -0.059813 0.044691 -0.097102 0.004364 0.022519 0.066832 0.048300 -0.078185 0.058840 0.012051 0.086110 -0.013028 -0.031087 -0.018633
 -0.041436 0.053409 -0.092132 0.094544 -0.094285 -0.035151 0.086912 0.035978 -0.009842 -0.065396 -0.064132 -0.016017 0.097836 0.091452 0.086598 0.025395
 -0.029275 0.079048 -0.041764 0.071945 0.084601 -0.098537 -0.087333 -0.057154 0.034376 -0.088568 0.089166 0.085054 0.072023 0.086390 0.042772 -0.058420
 0.028654 0.001575 -0.007322 -0.036166 0.099054 -0.075509 0.047684 0.029267 -0.029607 -0.057465 -0.078674 0.059984 0.017866 0.045524 -0.022069 0.088428
 -0.091755 -0.024989 0.061894 0.058020 0.001748 0.077559 -0.064770 0.056470 -0.019239 -0.095514 0.021115 0.072864 -0.058588 -0.042872 0.035767 -0.089042
 -0.050607 -0.064362 0.098319 -0.056054 0.003014 0.099641 0.099719 0.017718 -0.073054 -0.055491 0.072550 0.087222 -0.025467 0.074504 0.078735 0.099820
 0.007452 0.022809 -0.066125 -0.066264 -0.000339 0.069148 -0.007740 -0.080570 0.012709 -0.095640 0.097577 -0.039767 0.022857 0.070968 -0.081546 0.074732
 0.052114 0.055146 -0.073978 -0.006123 -0.090955 0.098621 0.053790 -0.068786 -0.083003 0.058812 0.017498 -0.021798 0.099652 -0.002556 -0.038700 -0.094997
 -0.052474 -0.033299 -0.028426 0.093557 -0.017072 0.029704 -0.020329 -0.078184 -0.009506 -0.030604 -0.097306 0.067484 -0.056844 0.072838 -0.025294 -0.034927
 0.097287 -0.084185 0.027333 -0.016028 0.038628 -0.049977 -0.061065 0.053309 -0.080459 0.044796 -0.087955 0.051911 0.016395 0.094243 0.055736 -0.052164
 -0.077321 -0.051780 -0.013926 0.094337 0.017542 -0.012740 -0.029523 -0.059669 0.076507 -0.041855 -0.033074 -0.017236 -0.021438 -0.099565 -0.008263 0.046536
 -0.097650 -0.021447 -0.006295 0.012995 -0.028587 -0.081694 0.062948 0.015706 0.054261 -0.074296 0.064245 -0.021386 -0.024872 -0.016722 -0.020322 -0.088836
 0.007650 -0.018137 -0.065755 0.083154 0.045088 0.018197 -0.021729 0.078642 0.095651 0.068006 0.093994 -0.027238 -0.071926 -0.012103 0.081884 0.035758
 0.011321 0.035378 -0.046100 -0.019579 -0.018013 0.058414 0.035947 -0.068676 0.048586 0.072321 0.098440 -0.062406 -0.057983 0.011026 0.019588 0.070905
 -0.098185 -0.048223 0.005920 -0.025467 0.071363 0.092793 -0.058612 0.012615 0.005091 0.070744 -0.026103 -0.036553 -0.073580 -0.094877 0.015521 0.098553
 -0.038601 -0.085663 -0.079691 0.070338 -0.023457 0.062109 0.059457 0.014768 -0.067035 -0.055259 0.094750 -0.044137 -0.084558 0.049596 -0.014199 -0.085992
 -0.066264 -0.047169 0.021028 0.002394 0.007281 -0.063533 0.006395 0.070143 -0.089256 0.087484 -0.052097 -0.031262 0.043015 0.061042 -0.035713 0.032170
 -0.066094 -0.088654 0.035349 0.054489 -0.002220 -0.044974 0.077676 -0.043997 0.064028 -0.014922 -0.036576 -0.050158 -0.043484 0.069492 -0.035688 0.049929
 -0.027433 0.048672 -0.000072 -0.088518 -0.060075 0.048833 0.000784 -0.088352 0.066553 0.090778 0.040435 -0.098234 0.026360 0.016201 0.037416 -0.036744
 0.040189 0.082590 0.072838 0.049458 0.027294 0.005063 0.042239 0.081974 0.055281 -0.018378 -0.053265 0.070889 -0.060844 -0.036906 -0.029645 0.085619
 -0.073962 0.001167 0.047088 -0.053265 -0.005195 0.092905 -0.017696 -0.097858 0.082637 0.075645 -0.081446 0.051070 -0.018671 -0.019372 -0.036310 0.066263
 -0.021557 0.002496 0.082295 0.006847 -0.081227 -0.086114 0.047765 -0.090283 -0.024102 0.044784 -0.057059 0.059640 0.016967 -0.050300 -0.080021 -0.086555
 -0.019479 0.011900 0.060364 0.058162 0.013396 0.030897 0.068239 -0.047549 0.031560 -0.085996 -0.080026 0.018896 0.005175 0.097532 0.069525 -0.016458
 0.098548 0.062064 -0.070012 -0.091673 -0.045591 -0.073767 -0.007092 -0.008942 -0.099218 0.090175 0.071454 0.025122 -0.059054 0.043834 0.034268 -0.004148
 -0.090554 -0.000938 -0.022789 0.022858 0.040776 0.035209 -0.052836 0.092332 -0.058546 0.003024 0.091887 0.033947 -0.099624 -0.003414 0.025950 -0.075905
 0.098178 0.044004 -0.001790 -0.096135 0.046900 0.056290 -0.079537 -0.008567 -0.031503 0.058403 0.097912 -0.006625 0.024177 -0.071370 -0.098184 -0.092285
 -0.043128 -0.084912 0.010104 0.060256 -0.006209 0.010849 -0.072451 -0.026412 -0.080778 -0.094273 0.049404 0.089153 0.027750 -0.016428 0.003559 0.009738
 -0.069531 0.024711 -0.052544 0.098606 -0.063993 0.009803 -0.034884 -0.010330 -0.051643 0.037933 0.035593 -0.059044 0.014585 -0.083270 0.069371 0.021239
 0.002301 0.025734 -0.087956 0.027987 -0.089672 0.038618 0.064215 0.027299 -0.058546 -0.077145 0.062705 -0.023688 -0.068100 0.037975 0.095537 0.037657
 -0.076525 -0.089855 -0.032929 -0.012407 0.042831 0.054379 -0.036777 -0.002710 -0.030504 0.095095 -0.091409 0.068332 -0.022998 0.053665 0.041941 0.081833
 0.093489 -0.083719 0.029273 -0.064359 0.017222 -0.013190 -0.066733 0.083975 -0.051133 -0.053917 0.079036 -0.049738 0.020672 -0.023158 0.088500 -0.017559
 0.074794 -0.058713 -0.026890 -0.010173 -0.046121 0.003734 0.056077 -0.050340 0.001734 0.009982 0.079604 -0.005086 -0.090808 0.000285 -0.043607 0.078834
 0.036521 0.037444 0.091878 -0.087479 0.082729 -0.068299 -0.007496 -0.044550 0.004941 -0.062818 0.036583 -0.007542 0.064166 -0.086421 0.041750 -0.077913
 0.066430 0.006842 0.067400 -0.003907 0.010397 0.007099 0.023952 0.007970 0.060706 0.077494 -0.085430 -0.054207 0.052884 -0.088075 0.008329 -0.073531
 0.092670 0.048035 -0.074752 0.072170 -0.036489 0.029336 0.044711 0.046198 -0.091099 0.038893 0.026888 0.033839 0.066653 0.032792 -0.029469 -0.070175
 0.000236 0.095038 0.092775 0.017669 0.054243 0.096742 -0.068356 -0.020929 -0.075955 0.057401 0.084016 0.037744 -0.022791 0.015629 0.074868 -0.048025
 0.013235 0.038440 0.006261 -0.059361 -0.068708 -0.046489 -0.008658 -0.039945 -0.063864 0.034388 0.050987 -0.072288 0.038471 0.093452 -0.031550 0.013585
 0.099698 -0.050787 -0.012279 -0.064674 -0.098500 0.092639 0.062212 -0.071770 0.056147 -0.065304 -0.000523 0.072905 0.070874 0.083198 -0.043206 0.037944
 -0.089971 0.009221 -0.084263 -0.076978 -0.024861 0.085972 -0.034058 0.016347 0.078670 0.016171 -0.087931 0.061006 -0.057172 -0.054732 -0.019447 -0.060242
 0.061441 -0.085284 -0.098698 -0.048704 -0.044528 -0.056789 0.034241 -0.016168 -0.019581 0.062620 -0.026232 0.068318 0.052593 0.042447 0.072806 0.087549
 0.081492 0.007482 -0.049661 -0.001544 -0.096913 -0.052269 0.042099 -0.073647 0.047545 0.007634 0.065009 0.022363 -0.094145 -0.098015 0.021883 -0.075321
 0.075822 -0.085994 -0.078597 0.091805 -0.072613 0.028986 -0.064202 -0.019961 -0.029524 -0.025421 -0.057364 0.043201 -0.041388 -0.024524 -0.021835 -0.039216
 -0.096367 -0.042286 -0.029496 -0.060913 -0.083194 0.064189 0.038188 -0.069413 0.078969 0.080198 0.080701 -0.048520 -0.035545 0.092586 0.040061 -0.003408
 0.084485 0.086992 -0.058530 0.011444 0.004986 0.025460 0.037805 -0.026921 -0.004128 0.088305 0.034393 0.069012 0.094230 0.012414 -0.085244 0.008668
 -0.053833 0.048978 -0.098099 -0.058360 0.020550 -0.061119 -0.072942 0.072290 0.057716 0.057480 -0.092147 0.041502 -0.098347 -0.030700 0.072902 0.057578
 -0.039872 -0.011027 0.010819 0.056908 -0.048418 -0.088915 0.084338 0.075357 -0.090139 -0.018732 -0.002540 -0.055063 0.004946 0.082659 0.055984 -0.054179
 0.014895 0.075395 0.041595 -0.010236 0.097052 0.008963 -0.093166 -0.072963 0.027953 0.049469 0.053583 -0.088980 0.086052 0.063450 -0.084826 -0.009017
 0.079488 -0.055885 0.027996 0.024722 -0.041391 -0.029233 -0.031436 0.099485 0.092444 -0.058517 -0.060107 0.068171 -0.065688 -0.071525 -0.076521 -0.041025
 -0.003868 -0.064712 -0.031515 0.057281 0.006632 0.063437 0.021896 -0.011832 -0.086889 0.076037 0.020638 -0.063759 0.016977 -0.014151 0.096235 0.088627
 0.098430 -0.073638 0.024531 0.008999 0.056447 0.081434 -0.084232 -0.067802 -0.041943 -0.085822 0.015208 0.042520 -0.024864 -0.072379 -0.046417 -0.099413
 -0.073872 -0.003861 -0.066555 -0.072359 -0.055589 -0.099240 0.000988 -0.079638 0.068210 -0.067172 -0.077606 0.087629 0.002212 0.077407 0.052715 -0.078262
 0.092976 0.055296 -0.099766 0.035037 -0.064634 -0.021599 0.069080 -0.090972 -0.095846 0.046913 -0.019349 -0.053111 0.077292 -0.003940 -0.038712 0.070781
 0.044846 -0.085784 0.091330 -0.089828 -0.067724 0.005011 -0.091487 0.094968 -0.011678 -0.030611 0.047663 0.009928 0.024197 -0.097722 -0.051139 -0.008943
 -0.021516 -0.088116 -0.005898 0.008856 -0.070613 -0.012026 -0.016209 0.054022 -0.008345 0.043014 0.065730 0.010756 0.055410 0.045570 -0.002048 0.025567
 -0.044262 -0.016094 0.049236 -0.004625 0.081025 -0.082508 -0.043156 -0.066118 -0.002382 -0.028584 0.027914 -0.027528 -0.093247 -0.010234 -0.096074 0.008195
 -0.025739 -0.003808 0.031020 -0.013519 0.055997 -0.015823 0.010035 -0.094092 0.065773 -0.022396 -0.020637 0.020757 -0.039695 0.079969 -0.036287 -0.051764
 0.077864 -0.016093 -0.050578 -0.000055 -0.068902 -0.043872 0.034957 0.010790 0.014227 0.013224 -0.011676 0.077287 -0.033839 0.097978 0.018942 0.028059
 -0.057467 -0.027307 0.094949 0.031419 -0.022293 0.064211 -0.068646 0.080945 -0.063515 -0.017832 -0.022572 0.067781 0.075287 -0.007789 0.037628 -0.050894
 -0.064965 0.049280 0.029867 0.067335 0.065929 -0.032162 -0.058097 0.037843 0.091414 0.059845 -0.025187 0.023718 0.035069 -0.069751 0.074880 -0.026310
 0.026057 -0.074188 -0.050493 0.057481 -0.026388 0.068980 -0.045223 0.092925 0.039074 -0.049927 -0.000995 -0.022625 0.003176 -0.079604 0.012568 0.046518
 0.007136 -0.081825 0.092996 0.059357 -0.042046 0.024596 -0.074322 0.061423 -0.087657 0.016292 -0.021178 0.014987 0.035973 0.098784 -0.076847 -0.085501
 0.099633 0.080190 0.022096 -0.032984 -0.097015 0.033447 -0.045335 0.095720 -0.006163 0.070552 0.053986 -0.012458 0.083605 0.084518 -0.082083 0.084938
 -0.078648 -0.067040 0.080530 0.087864 -0.057655 -0.067440 -0.099346 -0.042296 0.056888 -0.015238 0.087592 -0.084123 -0.022626 0.029783 -0.058543 0.052705
 0.035697 0.091630 -0.021922 0.069159 -0.083919 -0.095036 -0.065127 0.043374 -0.081889 0.054863 -0.052834 -0.057736 0.086070 -0.044090 -0.005516 0.091112
 0.022053 0.045739 -0.037235 -0.069550 0.062503 -0.044550 -0.058581 0.053800 0.076610 0.065918 0.096264 0.050330 -0.044503 0.078625 0.082568 -0.028684
 0.054702 -0.033502 0.059603 -0.036873 -0.018173 -0.023263 0.049752 -0.099135 -0.076963 -0.096007 0.012157 -0.059974 -0.090861 -0.089803 -0.055999 -0.020343
 0.067921 0.054567 0.084159 -0.049292 -0.042252 -0.072306 0.009996 0.070247 -0.082872 0.079676 0.083020 -0.028934 -0.077863 -0.023177 -0.022776 -0.064642
 0.055908 -0.031925 0.066490 0.081167 0.073262 0.028367 0.097961 -0.092867 -0.091195 0.074130 0.040765 0.001422 0.083033 -0.052468 0.010263 -0.029072
 -0.006761 0.010045 -0.084168 0.003936 -0.061968 -0.090240 0.076247 -0.079803 0.094103 -0.049034 0.069876 -0.018848 -0.064805 0.077663 0.007323 0.026718
 0.079847 -0.011945 -0.047816 -0.098604 -0.013529 0.072209 0.093276 -0.079468 -0.078893 0.040823 0.009166 0.072532 -0.024072 -0.069252 0.055333 0.056941
 -0.032676 0.008856 0.079711 0.026683 0.007945 -0.020752 -0.019016 0.077798 0.098718 0.062352 -0.016379 -0.067715 0.055611 0.072448 -0.090971 0.013007
 -0.059718 0.083983 -0.015541 0.067327 0.002936 -0.075699 -0.009696 -0.058239 -0.091144 0.051835 -0.060742 -0.099314 0.042506 0.072119 0.087014 -0.022645
 0.010019 0.056305 0.052126 -0.028765 -0.067050 -0.017692 -0.040504 -0.017954 -0.024959 0.089124 0.075144 0.082650 0.025786 0.051773 -0.027019 -0.095936
 -0.001179 0.007974 -0.095112 -0.055351 -0.007398 0.034017 -0.070175 0.089173 0.083287 0.060045 -0.051832 -0.075598 -0.086446 -0.063947 0.042844 -0.016891
 -0.033545 -0.017083 0.027742 -0.082658 0.035243 -0.096114 0.073244 0.012530 0.037529 0.038938 0.073685 -0.025910 -0.056009 -0.003929 -0.062954 -0.005002
 -0.039789 -0.082510 -0.065099 -0.040825 -0.022560 -0.077959 -0.084640 0.070713 0.021428 0.053168 -0.067825 -0.063056 0.093346 -0.002805 -0.044484 0.087502
 0.058665 -0.033654 0.098654 0.089975 0.015075 -0.055771 0.015961 0.051108 -0.098003 0.046104 -0.090046 0.060282 -0.057333 -0.037071 0.095122 0.050672
 -0.086712 -0.026752 -0.091607 0.022014 -0.094913 -0.011562 0.063732 -0.030882 0.003292 0.037177 -0.055950 0.085901 -0.092831 0.000709 0.009266 0.047936
 0.065646 0.024135 0.035179 0.083501 -0.063826 -0.018675 -0.007927 0.066700 -0.002920 -0.039733 -0.016324 -0.074076 0.068358 -0.095102 0.058281 0.025872
 0.039905 0.030612 -0.032209 -0.082227 0.045139 -0.081717 0.053204 0.020350 -0.025002 -0.084542 0.046611 0.026129 0.072497 0.010792 0.029273 -0.097396
 -0.058965 -0.079013 -0.001037 -0.063835 -0.088515 -0.029889 -0.064946 -0.008155 0.017655 -0.071230 0.010471 -0.085774 0.072191 -0.071792 0.053733 0.012304
 0.058327 -0.043000 -0.003963 -0.088365 -0.026988 0.088599 0.035672 -0.024863 0.007845 0.019349 0.010856 -0.060671 0.006371 0.032133 0.081001 -0.000730
 0.011102 -0.019945 -0.060004 -0.054514 -0.072228 0.098009 -0.041971 -0.072975 -0.046246 0.034770 0.012400 0.039782 -0.064418 0.042507 -0.078908 -0.033008
 0.019768 -0.005318 -0.081445 0.070341 0.032553 -0.091967 0.063594 -0.006084 -0.064023 0.078487 -0.067092 -0.093549 0.050812 -0.057464 -0.079344 0.091674
 -0.042279 -0.049607 -0.067049 -0.075796 -0.081970 -0.084545 -0.037078 0.052965 0.069356 0.066675 -0.066527 -0.037046 0.041858 0.003020 -0.056338 0.025960
 0.022335 -0.028275 -0.052238 0.047538 -0.011599 -0.011193 0.054624 -0.023321 0.017471 0.064818 0.036629 0.042190 0.067919 0.098667 -0.023501 -0.054635
 0.076930 -0.072758 -0.003510 0.090415 0.052569 -0.004478 0.032646 -0.022436 -0.048247 -0.056868 0.020313 0.027624 0.055772 -0.031416 -0.029723 -0.010511
 -0.047105 0.023080 0.057801 0.090822 0.037614 0.067226 0.062999 -0.030777 0.039865 0.052854 -0.076019 -0.009950 -0.097095 -0.063037 -0.026832 -0.094054
 -0.075068 -0.032562 0.064386 -0.050240 -0.061516 0.047259 0.000121 -0.079472 -0.003065 0.080368 0.095125 -0.094364 -0.017475 0.065211 0.032376 -0.082715
 -0.037501 0.029336 0.057946 -0.065242 -0.067309 0.024718 -0.063549 0.054681 0.008262 -0.035097 0.093815 -0.074268 -0.058284 0.076387 0.035667 -0.057971
 0.075844 0.001058 0.076080 -0.023753 -0.077394 0.050783 -0.045680 0.057944 0.059582 0.057843 -0.049074 -0.094155 0.016478 0.034078 0.026224 0.077266
 -0.080039 -0.049844 -0.017004 0.094944 -0.056728 -0.031083 0.019936 0.096905 -0.031121 -0.017135 0.066147 -0.029869 -0.000116 0.077386 -0.003591 -0.097123
 0.016759 0.069590 0.069870 0.097412 -0.087431 0.042491 -0.081398 -0.001322 0.055498 0.099552 0.012919 -0.030604 0.070561 -0.020864 0.041416 0.021191
 -0.042396 0.094068 0.084006 0.062217 -0.033302 0.084905 -0.035115 0.001080 -0.098756 -0.085763 -0.073629 -0.033999 0.011717 -0.095137 -0.059510 0.021665
 0.057061 -0.006424 -0.096085 -0.099577 -0.001831 -0.013882 -0.026119 0.031386 -0.026198 -0.009081 0.052263 -0.021017 0.094759 -0.053855 0.081809 0.005319
 0.067511 -0.006429 0.015788 -0.065930 -0.042110 -0.052997 -0.045000 -0.020279 -0.074855 0.091384 -0.011394 -0.000175 -0.067520 -0.034461 0.010090 0.004996
 -0.034111 0.049625 0.054863 -0.052997 0.073177 -0.072395 0.021173 0.080325 0.011489 0.021279 -0.060429 0.076124 0.020069 -0.081292 0.014116 0.030966
 0.088472 0.035141 0.096178 -0.007514 0.032109 -0.032580 -0.051702 -0.038988 0.016456 0.097898 -0.059651 -0.099066 0.091100 0.009950 -0.037467 -0.089854
 0.067119 0.091916 -0.068088 0.054368 -0.073327 0.024699 0.000438 0.064476 0.014447 0.052525 0.015267 0.001189 0.082773 -0.071650 -0.026501 -0.060376
 0.004879 -0.001074 -0.050956 -0.095039 0.078175 -0.089030 0.024438 -0.070852 -0.007584 -0.046399 0.017329 0.090034 0.061253 0.050324 0.042462 -0.086347
 0.015726 -0.072502 0.013054 0.083975 -0.062793 0.037048 0.097812 0.067949 -0.035135 -0.030619 -0.089132 0.030991 0.074166 0.063949 0.030996 0.040921
 0.027966 -0.015779 -0.046064 0.053406 -0.050477 -0.017904 0.050874 -0.073757 -0.009863 -0.050551 0.028468 0.085057 0.045230 -0.007012 0.018792 -0.026082
 0.089905 -0.026255 -0.040120 0.025979 0.031056 -0.086160 -0.088531 -0.039263 -0.085527 0.090316 -0.096911 -0.041463 0.033978 0.093389 0.053187 -0.055509
 -0.034350 0.030907 -0.076009 0.051827 0.084320 -0.058203 -0.085165 0.082001 -0.067771 -0.028511 0.085982 0.080614 0.004491 -0.093545 -0.013590 -0.063266
 -0.035722 -0.051467 -0.079634 -0.007553 -0.044536 0.070737 -0.039778 -0.059606 0.069328 0.066686 -0.078061 -0.093102 -0.093309 0.066176 -0.000653 -0.037739
 0.083417 -0.015592 -0.051563 -0.016153 -0.084119 0.057438 -0.037302 0.017877 -0.014535 -0.066296 -0.004225 -0.030121 -0.011255 -0.053397 0.023682 -0.088475
 -0.091767 0.014549 0.035600 0.085822 -0.054404 0.092312 0.096530 0.057837 0.058000 -0.000011 -0.080788 -0.080497 -0.055371 -0.082026 0.080919 0.083825
 0.095382 -0.077856 0.075053 0.053990 0.071771 -0.041150 -0.015826 0.023324 -0.075972 -0.031019 0.008932 0.030282 0.074395 0.054420 -0.002633 -0.096345
 0.096048 0.082513 -0.025003 0.046771 -0.000523 -0.020382 0.047573 -0.066944 -0.013621 -0.018366 0.022839 0.033194 -0.086582 0.007610 -0.027642 0.097199
 -0.013440 -0.050562 -0.024302 0.023756 -0.020756 -0.066915 0.053607 -0.092140 -0.005928 -0.027428 0.094477 0.086851 0.081246 0.055172 0.016633 0.004680
 -0.098194 -0.039602 -0.088814 -0.052785 -0.056483 0.068050 0.093550 -0.042875 0.001238 0.001093 -0.013871 -0.066105 -0.054081 0.033472 0.046639 -0.082726
 0.075373 0.035997 0.062430 -0.024685 -0.019144 -0.024052 -0.029063 -0.090392 -0.058867 0.022611 -0.016292 -0.054261 -0.049296 -0.064182 -0.088382 0.066383
 0.012827 0.040570 0.065269 -0.036356 0.080436 -0.055948 0.036856 0.065749 0.075034 0.046266 0.056909 0.016239 -0.042119 -0.023870 -0.081914 -0.015659
 0.033462 0.018136 -0.018823 -0.043996 0.090973 0.068517 -0.061653 0.096083 0.012258 0.083024 -0.037442 -0.043981 0.097327 0.084747 0.053641 -0.074203
 0.029095 -0.074947 -0.092554 0.031499 -0.058941 0.033623 -0.076182 -0.076272 0.066556 -0.081161 -0.018257 -0.091839 -0.099050 0.085264 0.041338 0.005693
 0.012585 0.035209 -0.020897 0.030414 -0.053290 0.086534 -0.048424 -0.027652 0.002900 -0.032152 0.073795 0.056245 0.086168 0.023771 0.099639 -0.017146
 -0.019059 -0.014007 0.023787 -0.050022 0.029950 -0.027341 0.092247 0.045923 0.093726 -0.060815 -0.007717 -0.016505 -0.069864 -0.083700 0.064212 -0.034338
 -0.006300 -0.029228 -0.054085 0.074357 0.038064 -0.024045 0.057531 0.051137 0.015650 0.069507 -0.062950 -0.051478 -0.039353 0.017454 -0.004029 -0.059267
 0.032576 0.076620 0.032039 -0.063242 0.054393 0.068126 0.098225 0.070435 0.001521 -0.000435 -0.006768 0.074664 0.070504 -0.052060 -0.013719 -0.090228
 -0.073666 -0.091924 0.039786 0.068622 -0.072919 -0.059464 -0.006013 -0.083053 -0.032849 0.042073 0.042648 0.079759 0.099685 -0.015291 -0.095531 -0.094945
 0.000526 -0.083370 0.004038 -0.051767 -0.036360 -0.088505 0.028711 -0.057469 0.051490 -0.087878 0.029898 -0.088892 0.066712 0.061540 0.064854 -0.036936
 0.072305 -0.069095 0.063877 0.061492 -0.076515 0.099282 0.033827 -0.022145 0.001939 -0.052194 0.019248 -0.085807 0.076087 0.067103 -0.019310 0.074572
 -0.096782 0.072751 0.081276 -0.038168 0.017475 0.002819 -0.011403 0.089028 0.010852 0.086798 0.067205 -0.062758 -0.003234 0.062322 0.019257 -0.003555
 0.067102 -0.037954 -0.037293 0.017312 0.025158 0.047389 -0.039073 0.028308 -0.098576 0.060568 -0.085717 0.099576 -0.027373 0.074478 0.047859 0.087639
 -0.089299 -0.026459 -0.055597 0.028323 -0.061565 0.065409 0.001580 -0.087212 0.099609 0.031545 0.009695 0.029296 -0.012827 -0.058350 0.003333 -0.089763
 -0.043727 0.015129 0.071537 -0.075998 0.030222 -0.091219 0.082379 0.040036 -0.077239 -0.015203 -0.078138 0.030951 -0.093377 0.042220 -0.009419 0.090584
 -0.098702 -0.006325 0.013875 -0.042844 0.019097 0.075118 0.084679 0.095019 0.006747 -0.096644 -0.051071 0.090541 0.077026 0.069335 0.019263 0.034180
 0.000683 -0.019558 0.002666 -0.024472 0.096575 -0.099061 -0.014044 -0.025629 -0.022533 -0.034606 0.089828 -0.048105 -0.019619 0.052008 -0.073151 -0.072812
 0.052408 -0.097812 -0.096269 0.090800 -0.015833 -0.090163 -0.074746 0.081367 -0.001999 0.012302 -0.074819 -0.089006 -0.034288 0.080376 -0.039255 -0.066189
 -0.015853 -0.038432 -0.060558 0.060982 -0.022218 -0.059340 0.039610 0.094168 -0.047641 -0.056418 -0.045637 -0.090379 -0.098260 0.027955 0.053876 -0.073983
 -0.027886 -0.056312 0.052028 0.050119 0.041295 -0.053432 0.022626 -0.051825 0.063653 0.015123 -0.090885 -0.079515 -0.048576 -0.021082 0.065304 -0.030886
 0.087289 0.052691 -0.064833 0.085935 -0.084871 0.091799 0.040089 0.029660 0.029954 -0.075059 0.086376 -0.024318 -0.038698 -0.067823 -0.063069 -0.042287
 -0.087479 0.097337 -0.006718 -0.067509 0.036438 -0.081712 0.032442 0.080356 -0.024660 -0.066904 0.082621 0.049760 -0.013942 0.067751 0.017235 -0.097129
 0.041397 -0.048152 0.047765 0.026176 -0.071001 0.037531 -0.039566 0.082768 -0.071430 -0.077033 0.027833 -0.011856 -0.013662 0.054980 -0.087397 -0.023023
 -0.042010 0.062403 -0.003078 -0.047708 -0.022461 -0.057107 0.010902 -0.074611 0.037966 0.057744 0.099990 0.016615 0.005731 -0.010357 0.030612 -0.064460
 0.085612 0.034760 0.066108 -0.077782 -0.048617 0.050405 -0.065759 0.051411 0.085717 0.020497 0.025913 0.069979 0.017565 0.000283 0.085886 0.029690
 0.047131 -0.032813 0.090086 0.078996 -0.061958 -0.037721 -0.000807 0.058995 -0.029117 -0.037351 0.036921 -0.017702 0.000896 0.058855 -0.033915 -0.031308
 0.067362 -0.079864 -0.059259 0.086781 0.051773 0.061080 0.065247 -0.020149 0.055262 0.011651 0.032748 0.035556 -0.053563 -0.013498 0.049637 0.062681
 -0.087203 -0.061061 -0.098683 0.049547 -0.012945 -0.047607 -0.066608 -0.019509 0.008608 -0.002471 -0.073842 0.096968 0.085463 -0.076969 -0.001428 0.098944
 -0.054049 0.075914 0.085415 -0.081207 0.073664 0.024651 0.089391 0.041824 0.018791 -0.058493 0.043412 0.031525 -0.098981 0.096136 -0.042168 0.007661
 0.081230 0.020159 -0.020919 -0.028103 -0.087611 -0.001176 -0.026230 -0.084484 -0.093650 0.083921 0.075148 -0.021729 0.050856 0.079357 -0.034675 -0.093118
 -0.002236 0.050384 -0.000834 0.099762 0.066470 0.006264 0.091243 -0.034621 0.075634 -0.095222 0.088181 0.056640 0.046036 0.076776 0.061733 0.004195
 0.038539 0.075922 -0.082571 0.025761 0.096951 -0.011883 -0.047796 0.041593 -0.039177 -0.069166 -0.080815 -0.070450 -0.077071 -0.084041 -0.075659 0.044856
 0.020174 0.015972 -0.098252 0.090846 0.040921 0.028628 0.015663 -0.048663 0.078540 -0.038404 -0.058311 -0.093255 -0.076978 -0.066978 0.058629 0.070296
 0.043844 0.078586 0.057396 -0.098631 0.026399 0.080145 0.075855 0.091409 -0.003977 0.052962 -0.043242 0.004280 -0.099787 0.006069 -0.096991 0.060065
 -0.035056 -0.094760 0.023826 -0.080474 0.083250 0.087071 0.022538 -0.060283 0.013414 0.074375 -0.051543 0.025567 -0.037893 0.014409 0.094030 -0.019391
 0.019174 0.035899 0.081267 0.024608 -0.051070 -0.061689 0.008314 0.099384 0.006080 -0.064204 -0.096154 -0.044183 -0.047063 0.057042 0.006199 0.081167
 -0.005589 -0.012737 0.069039 -0.045684 0.008450 0.044300 -0.073143 -0.019928 -0.005506 -0.081741 0.008764 -0.021736 -0.043889 -0.081728 -0.025701 -0.085748
 0.034944 0.055274 -0.080603 0.050289 -0.003582 0.026487 -0.010625 0.004216 0.091970 0.079052 -0.033140 -0.049444 0.054713 0.031087 0.028029 0.010515
 -0.002788 0.027372 0.088321 -0.060135 -0.084023 -0.009825 -0.004243 0.075038 -0.072445 0.058855 0.023445 -0.073761 0.069190 0.043117 -0.035335 0.063294
 0.066267 0.004838 0.003056 -0.015713 -0.060520 -0.021040 -0.055541 -0.049694 0.069255 0.090126 0.004478 0.029400 -0.052962 0.035708 0.076623 -0.001066
 0.098550 0.085216 -0.075506 -0.091426 0.006552 -0.042601 0.055847 -0.043294 0.015265 -0.084191 -0.088897 0.091587 -0.069636 0.090273 0.044708 0.020509
 0.043023 -0.046003 0.065160 -0.038008 0.079928 0.032638 0.050439 0.097145 0.010541 -0.070700 -0.075579 0.089032 -0.088632 0.053966 0.032790 0.018716
 0.064178 -0.036360 -0.009632 0.049118 0.024524 0.059008 0.099723 -0.084672 0.040304 0.058989 0.068381 -0.063488 0.087830 0.081461 0.024689 0.098814
 0.045997 -0.071755 -0.032466 -0.095224 0.028432 0.071700 -0.028147 0.075450 0.065249 0.090455 0.076398 0.056265 -0.081512 -0.086227 0.023233 0.018026
 -0.089705 -0.010492 0.046579 0.099582 -0.007200 0.072364 0.093505 -0.063430 0.051359 0.005541 -0.054548 -0.088748 0.011182 0.032590 -0.021696 0.092210
 -0.052545 0.007770 0.049050 0.020133 0.082578 -0.049962 -0.079514 -0.051326 -0.004427 0.063042 0.011045 -0.034965 0.055832 0.051548 0.029430 -0.011407
 -0.049226 0.042397 0.056357 -0.089304 0.084451 -0.055145 0.062980 0.031828 0.039213 0.085451 0.039291 0.030155 0.013237 -0.086404 -0.001231 -0.048498
 -0.043426 0.080855 -0.069800 -0.058967 -0.001918 -0.054169 -0.074440 -0.012470 -0.047663 0.039295 -0.072670 0.030691 0.077082 0.090714 -0.071515 0.034593
 0.090626 0.024347 0.084238 0.062560 0.047825 -0.055807 -0.080302 0.091551 -0.085398 -0.075226 -0.007539 0.035882 -0.001154 -0.024057 -0.049067 0.019578
 -0.080452 -0.024613 0.008737 0.052674 0.041595 -0.098546 -0.046404 -0.024892 -0.099053 -0.081773 0.000885 -0.012854 0.020945 -0.004421 0.018484 -0.080321
 -0.050969 -0.025649 -0.014435 0.038903 -0.052291 0.004539 0.079961 -0.059304 -0.037088 -0.025175 0.042382 -0.023996 0.091818 -0.026004 0.056114 0.004253
 0.060356 -0.030602 -0.003220 -0.021563 -0.043364 -0.097944 0.084719 0.021128 0.064172 -0.044508 -0.091849 -0.089882 0.009398 -0.039631 0.021022 0.050723
 0.045555 0.017061 0.044738 -0.095053 0.033883 0.004651 0.035077 0.053474 -0.054774 -0.038106 -0.010829 -0.094376 -0.092410 0.005867 0.029614 0.060772
 0.067182 -0.073215 0.028347 0.006600 -0.067732 -0.075693 -0.096951 -0.005358 0.046653 0.084246 -0.073796 -0.048172 -0.054840 -0.039215 -0.040158 0.009244
 -0.085629 -0.080144 -0.077739 -0.053427 0.073581 -0.013671 -0.054005 0.004065 0.075877 -0.034330 0.090524 -0.012266 -0.072691 -0.043283 -0.055556 -0.093308
 -0.008575 0.044795 -0.072014 0.010983 0.076506 0.007809 -0.069795 0.098302 -0.071482 -0.076407 -0.026143 0.050784 0.080879 -0.096770 -0.021916 -0.015719
 0.037013 0.053839 0.098069 -0.073633 -0.031787 -0.042452 -0.024318 0.036052 -0.054672 -0.076234 0.038837 -0.014851 -0.021833 0.076618 -0.019462 0.095437
 0.031893 -0.002926 0.037422 -0.062790 -0.001619 0.050775 -0.006269 0.006255 0.049996 -0.054891 0.043455 0.043630 0.041962 -0.093375 0.062059 -0.070927
 -0.030804 -0.078311 0.049977 -0.046276 -0.027941 0.026450 0.021590 0.092109 0.011393 0.021216 -0.058963 -0.061261 -0.081066 -0.003623 -0.042065 -0.010289
 -0.025428 -0.078055 -0.013050 -0.063329 -0.010330 -0.009803 0.063945 0.052051 0.099897 0.030019 -0.070178 0.018392 0.037127 -0.029087 -0.072591 0.076822
 0.053102 0.083242 -0.071478 0.065473 0.052452 0.077779 -0.068175 -0.017303 0.036872 -0.046982 0.073676 -0.094926 -0.002698 -0.021171 -0.022372 0.000754
 0.065242 0.090502 -0.075313 0.011056 0.059241 0.084551 -0.045952 -0.092822 0.059254 -0.050237 0.030885 0.080676 -0.098260 -0.004575 0.018962 0.081742
 -0.083251 -0.053986 -0.051861 0.020939 -0.070409 -0.016048 0.019616 -0.028884 -0.096271 -0.029767 -0.024895 0.061670 0.047070 0.057818 -0.034670 0.002707
 0.029616 0.083361 -0.081161 -0.079814 0.005789 -0.097791 0.047497 0.091630 0.076226 -0.034328 -0.018565 0.000362 -0.098717 -0.063675 0.034698 0.048338
 -0.036818 0.007430 0.022792 -0.036092 -0.081367 -0.083266 -0.094735 0.025229 -0.064804 -0.005384 0.016626 -0.069981 0.052820 -0.085106 0.009718 0.064230
 0.018744 -0.024664 0.092143 0.045498 -0.062002 -0.033337 -0.084299 -0.033605 -0.062091 0.007972 -0.020407 0.002607 0.059598 -0.082787 -0.052582 -0.097539
 -0.056077 0.074410 -0.037464 0.022697 0.005305 0.066220 0.025577 0.056213 -0.066106 0.090188 -0.089031 -0.085445 0.017246 0.029377 0.008499 0.079402
 0.099014 -0.026662 -0.031004 0.090587 0.004694 0.043937 0.032459 -0.064621 0.027667 0.021571 -0.034049 0.037791 0.029815 -0.055602 -0.064013 0.071950
 -0.072424 -0.067233 -0.076718 -0.034726 -0.000899 0.050020 -0.091312 0.005171 -0.018544 0.004629 -0.004183 0.055334 0.097716 0.072922 0.099564 0.009260
 -0.037403 -0.071817 0.090313 -0.025645 -0.053009 -0.055592 -0.093035 0.020512 -0.044126 -0.037253 0.063026 -0.066355 0.046878 -0.000777 0.062092 -0.069425
 -0.026998 0.064899 -0.077541 0.031606 -0.028663 0.047646 -0.056891 0.031241 0.053564 -0.059302 0.049848 0.085683 0.035512 0.083458 -0.026754 -0.035651
 -0.048585 0.022115 -0.009885 0.038813 -0.035423 0.077637 0.042071 0.093652 0.025374 0.052637 -0.079822 0.003907 0.072555 0.063641 -0.011295 0.063456
 -0.096094 0.048700 0.021216 -0.055443 -0.081964 0.016108 0.063283 0.048692 -0.077382 0.070651 0.028548 -0.037921 -0.016868 0.086588 0.044812 -0.044142
 -0.034272 0.035622 0.097293 0.077911 0.042570 -0.030436 -0.029898 -0.037730 -0.050092 0.073128 -0.015136 -0.072617 0.052211 0.031134 -0.008267 0.003256
 0.033153 -0.014275 0.053240 -0.063475 -0.099670 -0.088744 -0.053046 -0.051293 -0.061061 -0.092195 -0.050885 0.051090 -0.089826 0.026496 -0.076453 -0.013833
 -0.013781 0.097949 -0.090389 0.053367 0.077023 0.080681 0.074910 0.070977 0.084772 0.029587 -0.035278 -0.087760 0.040050 -0.012455 -0.021376 -0.007413
 0.045788 -0.016596 -0.017379 0.029702 0.060464 -0.062494 0.029228 0.022107 0.001558 0.077228 0.053597 0.067801 -0.047902 -0.042537 -0.032098 -0.091180
 0.029633 0.064918 0.075714 0.025595 0.005435 -0.075863 -0.080490 -0.049927 0.051364 0.054372 -0.088729 -0.077383 0.088958 0.011431 -0.037514 0.049248
 -0.091543 -0.032751 -0.016723 -0.023650 -0.092370 -0.004165 -0.017845 0.055422 0.005535 -0.028707 -0.079215 -0.026543 -0.012682 0.009874 0.037984 -0.078114
 0.073122 0.067965 -0.080161 -0.090836 0.028654 -0.087586 0.054879 0.068847 0.044333 -0.005632 0.023339 0.039827 -0.011268 -0.028373 0.010261 0.001268
 0.017767 0.094787 -0.002737 -0.053330 0.000484 -0.074003 -0.098670 -0.095056 -0.016900 0.029130 -0.026858 0.004267 -0.028104 -0.075441 -0.073038 0.088579
 -0.045970 -0.059249 -0.012047 0.035316 -0.077577 0.065849 0.086408 -0.058481 0.043951 0.064350 0.073539 0.091388 -0.072160 -0.037217 0.008118 0.005502
 -0.042758 -0.049149 -0.029530 -0.099152 0.028182 -0.096156 0.008880 0.002556 0.039436 -0.035438 0.097176 -0.052522 -0.026211 -0.078946 0.092372 -0.081332
 -0.025276 -0.042690 -0.074531 -0.063814 -0.069027 -0.032285 -0.053293 -0.019449 0.067307 0.084322 0.017323 -0.049057 -0.059600 0.010926 -0.026783 0.057947
 0.071441 -0.026711 0.047910 0.041403 -0.070073 0.000210 0.099026 -0.081503 -0.053153 -0.074237 0.091274 -0.017136 0.045408 0.063094 0.063554 -0.062676
 0.065359 -0.052029 0.095433 -0.037518 -0.010895 -0.010403 -0.073371 0.005951 0.092461 0.088883 0.011865 0.082686 -0.071412 0.070004 -0.056125 0.098642
 -0.040588 0.039387 -0.049264 0.008007 -0.066166 0.007650 -0.019234 0.013023 0.022621 -0.041095 0.048725 0.074574 0.071606 0.028941 0.070372 -0.029376
 0.050993 -0.055888 0.075948 0.051090 -0.001649 0.016681 -0.060625 0.095224 -0.070670 -0.063546 -0.026523 0.092115 0.006959 -0.054246 0.006173 -0.079182
 0.006920 0.010233 0.071017 0.045295 -0.025808 0.022274 0.077798 -0.078303 -0.029299 -0.078712 -0.003694 0.008049 0.060440 0.068970 -0.042076 -0.005980
 0.068319 0.059560 -0.082717 0.000017 -0.078745 0.007091 0.017147 0.047982 0.076568 -0.002912 0.069763 -0.000973 0.004930 0.058920 0.032828 0.070212
 0.021806 0.036222 -0.082151 -0.013243 -0.007932 0.057890 0.040223 0.087714 -0.077676 -0.084298 0.033087 0.047584 0.046148 0.017398 0.039692 0.009284
 -0.049077 0.091295 0.068698 -0.044619 0.057674 -0.013494 -0.022105 0.007715 -0.060086 -0.080830 -0.073986 -0.044859 -0.090183 0.097870 0.007118 0.025178
 0.009542 -0.083570 -0.088215 -0.056316 0.072508 -0.069812 -0.062821 -0.070126 0.016518 0.064878 0.028391 -0.010810 -0.008779 -0.099368 0.014852 -0.097491
 0.067633 -0.050721 0.043564 0.089249 -0.098877 -0.062442 0.082417 0.014929 0.035172 0.029698 -0.082634 0.048632 0.070882 -0.095757 -0.098168 0.092347
 0.062178 -0.023508 0.046285 0.061772 0.042919 -0.075934 0.013780 -0.005321 0.017675 -0.006374 0.067599 -0.045384 -0.078913 0.094153 -0.027531 -0.051982
 -0.005142 0.011637 -0.028983 -0.099834 -0.084500 0.007467 0.079229 0.026554 -0.062111 -0.000474 0.029549 0.041330 0.079065 -0.093816 -0.079395 0.031066
 -0.023781 0.058709 -0.082923 -0.077983 -0.012697 -0.000841 -0.053865 0.049459 -0.009468 -0.087513 -0.092299 0.072880 0.064234 -0.094166 -0.074341 0.065822
 0.051426 -0.085997 0.058361 -0.077339 -0.038852 -0.057743 -0.096770 -0.066853 -0.064622 -0.068213 -0.055452 0.062242 -0.047991 0.026306 -0.017556 0.093677
 -0.051283 0.083744 0.039160 0.024197 -0.091475 0.074432 -0.014225 0.026170 -0.070025 -0.061702 -0.017991 -0.092942 -0.061595 0.093236 -0.091003 -0.063012
 0.055916 -0.080911 0.080700 0.032457 0.045334 0.074183 0.034667 0.034885 0.048458 -0.024853 0.084104 -0.035518 0.059656 0.021638 0.045612 -0.073125
 0.012386 -0.030210 -0.037939 0.043618 0.007924 0.048420 -0.016492 -0.007619 0.098591 -0.041011 0.026568 0.021363 0.026329 -0.088983 -0.030693 -0.042591
 -0.023007 0.054783 0.047210 0.039253 -0.047472 0.022933 0.008996 -0.015826 0.049429 0.028231 -0.043345 0.099684 -0.055957 -0.029855 0.034125 0.055041
 0.026828 -0.062615 0.089682 -0.058155 -0.077806 0.080124 0.090695 -0.012092 0.069241 -0.027670 -0.040960 -0.037986 -0.016028 -0.062966 -0.044415 -0.091788
 -0.073951 0.068394 0.095534 -0.035222 0.012711 0.078781 -0.060950 0.074937 0.044641 0.002346 -0.030713 0.014497 -0.010705 0.072698 0.005147 -0.026271
 -0.086086 0.060502 -0.059372 -0.074008 -0.096174 0.024522 -0.063655 -0.071176 0.041521 0.080632 0.004675 -0.020691 -0.054405 -0.084413 0.014624 0.058145
 0.047229 -0.015374 0.024414 -0.058598 -0.071208 0.012392 -0.008984 0.083262 0.001139 -0.018312 -0.053124 -0.012263 0.022997 0.077350 0.081037 -0.041713
 0.019704 0.055219 0.020661 0.057003 -0.078731 0.080718 -0.052957 0.062027 0.033938 -0.062381 0.061069 -0.034104 0.071474 0.003122 0.068073 -0.014367
 -0.096030 -0.096103 -0.042370 0.054445 -0.091812 -0.041531 0.021701 -0.069241 -0.072175 -0.032530 -0.030145 0.079126 0.021686 0.084861 -0.049920 0.003217
 -0.076255 -0.085901 0.035834 -0.032669 -0.032304 0.030528 -0.087558 0.055278 -0.098474 0.093393 -0.031035 0.012799 0.016551 -0.019345 -0.054918 -0.089992
 0.027270 -0.011497 -0.059703 0.089416 -0.064860 0.083239 0.016381 0.008962 0.046947 -0.042660 -0.068192 0.050689 0.036017 0.025533 -0.007638 0.010148
 -0.060926 0.099568 0.095242 0.036529 -0.019979 0.037425 0.012191 -0.024937 -0.068489 -0.045904 0.034037 -0.013430 0.085717 0.017522 0.052416 -0.085729
 -0.010608 -0.070821 0.049626 -0.059052 -0.033571 -0.069613 -0.037032 0.094070 0.048540 -0.082661 0.074165 0.072974 -0.033229 -0.026319 0.006347 -0.020760
 0.028080 -0.090652 -0.039540 -0.001156 0.080652 0.067299 0.098525 0.000943 -0.034011 0.094235 0.025087 0.029503 -0.053100 0.002031 0.047727 0.063362
 -0.092753 -0.044792 0.073339 -0.078083 -0.012476 0.069731 0.064445 0.011020 -0.069180 0.049128 0.058463 0.073339 0.000562 -0.092108 0.026879 0.027102
 -0.004986 -0.052373 0.067985 -0.054914 -0.046842 0.024064 -0.062906 0.064225 -0.021514 -0.068880 0.068323 0.016524 -0.096877 -0.060017 0.071738 0.014907
 -0.097047 -0.033753 -0.046590 0.002142 -0.086191 -0.096230 -0.016629 0.093508 0.017499 -0.071558 0.054976 0.069773 -0.099141 0.085470 -0.096325 -0.096308
 -0.097945 0.057871 0.057954 0.025572 0.016214 0.098567 0.017806 -0.059322 0.052684 0.090877 -0.022216 0.088174 0.000548 0.014167 -0.028754 0.041188
 -0.070331 -0.053297 0.059822 -0.044551 0.044854 0.017876 0.071182 0.042938 0.073811 -0.039536 0.065831 -0.093947 0.061601 -0.003284 0.052226 0.035937
 0.033265 0.045217 0.054955 0.006497 -0.014346 -0.022358 0.048973 0.056423 0.048010 -0.055194 0.079372 -0.057580 -0.042078 0.035780 -0.068996 0.088450
 0.060035 -0.013121 -0.038989 -0.012156 -0.033506 0.038521 -0.093605 0.045265 -0.044604 0.061047 -0.008585 0.012185 0.093162 -0.072981 0.043934 -0.013408
 0.024814 0.008393 -0.091238 0.049322 -0.017393 -0.026154 0.037312 0.022563 0.000478 0.082789 0.076433 0.068576 0.024621 0.064448 -0.079070 -0.027982
 -0.068625 0.078657 0.095690 -0.047220 0.054546 -0.071388 0.043838 0.038663 -0.048247 0.040266 0.059154 -0.062368 -0.053403 0.094941 0.097983 0.096159
 0.080271 -0.077939 -0.078910 0.014691 0.030401 0.093305 -0.022851 0.058886 -0.023690 0.033900 0.012900 0.069048 0.099592 -0.033171 -0.071844 0.088959
 0.000677 0.060248 -0.053814 0.073921 0.032221 0.046978 -0.025491 -0.084845 -0.091601 -0.001323 0.019792 -0.052537 0.067441 -0.071720 -0.097486 -0.017483
 -0.048437 0.010266 0.064691 0.006374 0.039176 0.087663 -0.095886 0.062669 0.078996 -0.056967 -0.022111 0.075956 0.014311 0.096641 -0.053844 -0.063684
 -0.078782 0.022223 0.028166 0.083025 0.097366 0.081028 0.090851 0.067792 0.064484 0.003642 -0.029134 -0.071539 0.001208 -0.062703 0.012717 -0.051282
 -0.094672 -0.085455 -0.050241 -0.019282 0.031927 -0.025694 -0.031006 0.029240 -0.062544 -0.020829 -0.073404 -0.049803 0.015951 -0.030325 0.030018 0.077230
 -0.080835 -0.009466 0.098400 0.067899 -0.023120 0.010815 0.042908 0.032739 0.097351 -0.012731 0.041062 -0.078400 0.014577 -0.001164 -0.063034 0.000765
 0.079838 0.016894 0.074310 -0.098224 0.083099 0.031660 -0.097263 0.027020 0.086176 -0.047836 0.005935 -0.047919 0.016574 -0.021291 -0.014507 0.023206
 -0.086413 0.043474 0.088000 0.029742 -0.094192 -0.059058 -0.027319 0.029361 -0.040688 0.005180 0.041829 -0.040556 -0.068511 0.078791 0.090570 -0.093959
 -0.046635 -0.057093 -0.051312 0.063392 -0.033141 -0.035090 0.045732 0.030447 0.007337 0.075787 -0.049526 -0.028649 -0.099914 -0.003421 -0.087946 0.066193
 -0.088630 -0.071961 -0.046770 -0.060948 -0.036689 -0.015776 -0.060887 -0.067549 -0.020617 0.060894 -0.035437 0.045067 -0.058528 -0.017686 0.018632 0.095015
 -0.097245 -0.019003 0.013325 -0.016713 -0.094972 -0.054241 0.061978 0.095510 0.013377 0.079120 -0.052429 0.055938 -0.099968 -0.088360 0.018674 0.094199
 0.025635 0.053498 0.071198 -0.008612 0.048853 -0.001877 -0.029950 0.063882 -0.047913 0.053972 -0.089806 0.069093 0.079593 0.036431 -0.017642 -0.019715
 0.040008 0.093565 0.098406 -0.090096 0.061319 0.006007 -0.020388 -0.031353 0.002848 -0.033127 -0.027840 -0.019243 -0.024959 0.039225 0.072822 0.011595
 0.022601 -0.012087 0.089302 -0.026361 0.026273 0.073197 0.059587 -0.082117 0.095115 -0.000362 -0.062208 -0.032798 -0.096639 -0.045712 0.057062 0.064095
 0.006538 -0.012098 -0.042618 -0.030880 0.034985 0.073196 -0.024224 0.034029 0.076490 0.020304 -0.028713 -0.058897 -0.048748 0.076249 0.059084 -0.050825
 0.099819 0.097261 0.095583 -0.081677 -0.037075 0.066703 0.020469 0.065541 -0.080890 -0.067171 0.082741 -0.062622 0.029664 -0.024204 -0.072180 -0.013135
 -0.087360 0.075288 -0.064127 0.031013 -0.061622 -0.089619 -0.065986 0.094286 -0.079035 -0.013193 -0.015337 0.024157 0.093909 0.088097 -0.010021 -0.040073
 -0.049792 -0.097753 -0.066914 -0.090590 -0.069179 0.061002 0.042576 -0.096215 -0.021658 0.082392 0.001675 -0.047611 -0.079535 -0.097222 -0.021476 0.047693
 0.020448 -0.047128 -0.003179 -0.079367 -0.010574 0.044511 0.025146 -0.039083 0.047362 0.024355 0.020069 -0.043888 -0.049223 -0.059677 0.077394 -0.098784
 0.097961 0.003045 0.012516 0.058497 0.017326 0.032987 -0.047301 -0.038420 0.064454 0.006920 -0.009349 0.047486 0.096296 0.054693 -0.000230 -0.031660
 0.050963 0.059139 0.056947 -0.029928 -0.001725 0.079660 0.046022 -0.034157 0.096409 -0.095074 0.047443 0.044990 0.039640 0.065289 0.012657 0.041510
 -0.045229 0.005365 -0.070423 -0.028979 0.009264 0.036611 0.081199 -0.008901 0.035712 0.012134 -0.009543 0.075852 0.017182 -0.001311 0.092425 -0.058226
 -0.038005 -0.021291 -0.009255 0.028550 0.010323 0.001442 -0.033568 0.034705 -0.026378 0.026910 -0.081233 -0.024227 -0.059033 -0.041835 0.016694 0.000683
 -0.000138 0.091349 -0.079397 -0.059296 0.051512 -0.009824 -0.052451 -0.017889 0.074161 -0.057956 0.078373 -0.088524 0.000483 0.019405 -0.096669 -0.050807
 -0.022023 0.079179 -0.024548 0.049978 0.089993 -0.047444 -0.054810 0.073874 0.036567 0.036541 -0.098676 0.008097 -0.071219 -0.063013 -0.009186 0.098426
 -0.005561 0.045730 -0.098015 -0.004032 -0.094934 -0.061449 -0.046298 0.025422 0.070087 -0.065832 0.001254 0.041851 0.070156 0.039192 0.047152 0.077573
 -0.043691 0.073645 -0.025992 0.088572 0.077552 -0.004808 -0.093106 0.010104 -0.013752 0.087177 -0.054108 -0.061295 -0.080395 -0.020833 -0.000288 0.093988
 0.063476 -0.058546 -0.035428 0.087316 -0.054915 -0.054625 0.014255 -0.067358 0.031690 -0.015660 -0.083222 0.003196 -0.052083 -0.045659 0.010930 -0.092089
 0.070246 0.082779 -0.042137 0.022725 0.055683 -0.091225 0.009333 -0.065102 -0.086643 0.040120 0.032202 -0.088777 0.050398 -0.010028 -0.037361 -0.004642
 0.030835 -0.022946 -0.010079 -0.051155 -0.001040 -0.076058 -0.015174 0.037071 0.047055 0.003709 -0.056271 0.068983 -0.039017 -0.004929 -0.071593 0.087662
 -0.011830 -0.036770 0.006439 -0.030308 -0.093186 0.001498 -0.084520 0.000464 -0.005163 -0.006676 0.084281 -0.080237 -0.095279 -0.058746 0.068194 -0.071842
]
Total memory size for keys: rot_key_cnt = 27, rot_key_size = 169875792 bytes, total_key_size = 181410560 bytes
Total memory size for weight plain: cnt = 145, size = 151529672 bytes
RTLib functions         	       Count	      Elapse
--------------------    	    --------	    --------
NN                      	           -	           -
FHE                     	           -	           -
 FHE_ADDCC               	         163	    0.160865 sec
 FHE_ADDCP               	           1	    0.000055 sec
 FHE_MULCP               	         144	    0.010416 sec
 FHE_RESCALE             	           1	    0.005606 sec
 FHE_ROTATE              	          28	    0.745972 sec
FHE                     	   sub total	    0.922914 sec
FINALIZE_CONTEXT        	           1	    0.001865 sec
PREPARE_CONTEXT         	           1	    1.156151 sec
ENCODE_ARRAY            	         146	    0.750685 sec
NTT                     	         853	    1.058319 sec
INTT                    	         115	    0.151393 sec
MAIN_GRAPH              	           1	    1.693211 sec
 HW_ADD                  	        1034	    0.066663 sec
 HW_MUL                  	         904	    0.174894 sec
 HW_ROT                  	         110	    0.018323 sec
 COPY_POLY               	          84	    0.007463 sec
 MOD_DOWN                	          56	    0.304154 sec
 DECOMP_MODUP            	          55	    0.275132 sec
 MULP                    	          62	    0.258626 sec
 RESCALE_POLY            	           2	    0.005605 sec
 COPY_CIPH               	          14	    0.006857 sec
 INIT_CIPH_SM_SC         	         192	    0.003882 sec
 INIT_CIPH_UP_SC         	         144	    0.010391 sec
 INIT_CIPH_DN_SC         	           1	    0.000000 sec
 BOOTSTRAP               	           -	           -
  BS_EVAL                 	           -	           -
 BOOTSTRAP               	   sub total	    0.000000 sec
 PT_ENCODE               	         145	    0.750355 sec
MAIN_GRAPH              	   sub total	    1.882345 sec
expect relative error less than: 0.001000
index: 3042, value: 0.000017 != 0.000017, result relative error: 0.001413
expect absolute error less than: 0.000100
SUCCESS!
2.89 319060
