Per-op stats for /conv/Conv in Main_graph:
|DATA        |       COUNT|        EXEC|    LOAD(MB)|    DRAM(MB)|
|--------    |      ------|      ------|      ------|      ------|
|PLAINTEXT   |           4|         147|       218.5|       218.5|
|ROTATE      |           3|          26|         258|         250|

|OP          |       LEVEL|       COUNT|        EXEC|    LOAD(MB)|    DRAM(MB)|
|--------    |      ------|      ------|      ------|      ------|      ------|
|add_cc      |           1|           1|           1|           0|           0|
|add_cc      |           3|           2|         160|           0|           0|
|add_cp      |           1|           1|           1|         0.5|         0.5|
|mul_cp      |           2|           2|           2|           2|           2|
|mul_cp      |           3|           1|         144|         216|         216|
|rotate      |           2|           1|           1|           8|           8|
|rotate      |           3|           2|          25|         250|          20|
|rescale     |           1|           2|           2|           0|           0|
|rescale     |           2|           1|           1|           0|           0|
|TOTAL       |            |          13|         337|       476.5|       246.5|

ROTATE             LEVEL       COUNT    LOAD(MB)
--------          ------      ------      ------
15360                  3           1          10
14336                  3           1          10
11264                  3           1          10
8192                   3           1          10
7168                   3           1          10
-16384                 2           1           8
6144                   3           1          10
5120                   3           1          10
-33                    3           1          10
12288                  3           1          10
-32                    3           1          10
1024                   3           1          10
-31                    3           1          10
9216                   3           1          10
-1                     3           1          10
0                      3           2          20
13312                  3           1          10
1                      3           1          10
4096                   3           1          10
31                     3           1          10
10240                  3           1          10
32                     3           1          10
33                     3           1          10
2048                   3           1          10
3072                   3           1          10
TOTAL                             26         258

Total stats for Main_graph:
|DATA        |       COUNT|        EXEC|    LOAD(MB)|    DRAM(MB)|
|--------    |      ------|      ------|      ------|      ------|
|PLAINTEXT   |           4|         147|       218.5|       218.5|
|ROTATE      |           3|          26|         258|         250|

|OP          |       LEVEL|       COUNT|        EXEC|    LOAD(MB)|    DRAM(MB)|
|--------    |      ------|      ------|      ------|      ------|      ------|
|add_cc      |           1|           1|           1|           0|           0|
|add_cc      |           3|           2|         160|           0|           0|
|add_cp      |           1|           1|           1|         0.5|         0.5|
|mul_cp      |           2|           2|           2|           2|           2|
|mul_cp      |           3|           1|         144|         216|         216|
|rotate      |           2|           1|           1|           8|           8|
|rotate      |           3|           2|          25|         250|          20|
|rescale     |           1|           2|           2|           0|           0|
|rescale     |           2|           1|           1|           0|           0|
|TOTAL       |            |          13|         337|       476.5|       246.5|

ROTATE             LEVEL       COUNT    LOAD(MB)
--------          ------      ------      ------
15360                  3           1          10
14336                  3           1          10
11264                  3           1          10
8192                   3           1          10
7168                   3           1          10
-16384                 2           1           8
6144                   3           1          10
5120                   3           1          10
-33                    3           1          10
12288                  3           1          10
-32                    3           1          10
1024                   3           1          10
-31                    3           1          10
9216                   3           1          10
-1                     3           1          10
0                      3           2          20
13312                  3           1          10
1                      3           1          10
4096                   3           1          10
31                     3           1          10
10240                  3           1          10
32                     3           1          10
33                     3           1          10
2048                   3           1          10
3072                   3           1          10
TOTAL                             26         258

