Per-op stats for /conv/Conv in Main_graph:
|DATA        |       COUNT|        EXEC|    LOAD(MB)|    DRAM(MB)|
|--------    |      ------|      ------|      ------|      ------|
|PLAINTEXT   |           4|        5648|        7952|        7952|
|ROTATE      |           3|        1060|        8552|         720|

|OP          |       LEVEL|       COUNT|        EXEC|    LOAD(MB)|    DRAM(MB)|
|--------    |      ------|      ------|      ------|      ------|      ------|
|add_cc      |           2|           3|        1040|           0|           0|
|add_cc      |           3|           1|        4608|           0|           0|
|add_cp      |           2|           1|          16|          16|          16|
|mul_cp      |           2|           2|        1024|        1024|        1024|
|mul_cp      |           3|           1|        4608|        6912|        6912|
|rotate      |           2|           2|        1024|        8192|          16|
|rotate      |           3|           1|          36|         360|          10|
|rescale     |           1|           1|           4|           0|           0|
|rescale     |           2|           2|        1024|           0|           0|
|TOTAL       |            |          14|       13384|       16504|        7978|

ROTATE             LEVEL       COUNT    LOAD(MB)
--------          ------      ------      ------
24304                  2           1           8
23520                  2           1           8
22736                  2           1           8
21952                  2           1           8
21168                  2           1           8
20384                  2           1           8
19600                  2           1           8
18816                  2           1           8
18032                  2           1           8
17248                  2           1           8
16464                  2           1           8
15680                  2           1           8
14896                  2           1           8
-10192                 2           1           8
-10976                 2           1           8
-11760                 2           1           8
-12544                 2           1           8
28                     3           1          10
-13328                 2           1           8
14112                  2           1           8
-14112                 2           1           8
13328                  2           1           8
-14896                 2           1           8
-28                    3           1          10
12544                  2           1           8
-15680                 2           1           8
11760                  2           1           8
-16464                 2           1           8
10976                  2           1           8
-17248                 2           1           8
10192                  2           1           8
-21952                 2           1           8
-18032                 2           1           8
5488                   2           1           8
27                     3           1          10
9408                   2           1           8
-20384                 2           1           8
-29                    3           1          10
7056                   2           1           8
-21168                 2           1           8
6272                   2           1           8
-9408                  2           1           8
-23520                 2           1           8
3920                   2           1           8
1                      3           1          10
-1                     3           1          10
-27                    3           1          10
-5488                  2           1           8
-19600                 2           1           8
7840                   2           1           8
-18816                 2           1           8
8624                   2           1           8
0                      2           1           8
0                      3           1          10
29                     3           1          10
-7056                  2           1           8
-25088                 2           1           8
2352                   2           1           8
-24304                 2           1           8
3136                   2           1           8
-22736                 2           1           8
4704                   2           1           8
-8624                  2           1           8
-7840                  2           1           8
-6272                  2           1           8
-4704                  2           1           8
-3920                  2           1           8
-3136                  2           1           8
-2352                  2           1           8
-1568                  2           1           8
-784                   2           1           8
784                    2           1           8
1568                   2           1           8
TOTAL                             73         602

Total stats for Main_graph:
|DATA        |       COUNT|        EXEC|    LOAD(MB)|    DRAM(MB)|
|--------    |      ------|      ------|      ------|      ------|
|PLAINTEXT   |           4|        5648|        7952|        7952|
|ROTATE      |           3|        1060|        8552|         720|

|OP          |       LEVEL|       COUNT|        EXEC|    LOAD(MB)|    DRAM(MB)|
|--------    |      ------|      ------|      ------|      ------|      ------|
|add_cc      |           2|           3|        1040|           0|           0|
|add_cc      |           3|           1|        4608|           0|           0|
|add_cp      |           2|           1|          16|          16|          16|
|mul_cp      |           2|           2|        1024|        1024|        1024|
|mul_cp      |           3|           1|        4608|        6912|        6912|
|rotate      |           2|           2|        1024|        8192|          16|
|rotate      |           3|           1|          36|         360|          10|
|rescale     |           1|           1|           4|           0|           0|
|rescale     |           2|           2|        1024|           0|           0|
|TOTAL       |            |          14|       13384|       16504|        7978|

ROTATE             LEVEL       COUNT    LOAD(MB)
--------          ------      ------      ------
24304                  2           1           8
23520                  2           1           8
22736                  2           1           8
21952                  2           1           8
21168                  2           1           8
20384                  2           1           8
19600                  2           1           8
18816                  2           1           8
18032                  2           1           8
17248                  2           1           8
16464                  2           1           8
15680                  2           1           8
14896                  2           1           8
-10192                 2           1           8
-10976                 2           1           8
-11760                 2           1           8
-12544                 2           1           8
28                     3           1          10
-13328                 2           1           8
14112                  2           1           8
-14112                 2           1           8
13328                  2           1           8
-14896                 2           1           8
-28                    3           1          10
12544                  2           1           8
-15680                 2           1           8
11760                  2           1           8
-16464                 2           1           8
10976                  2           1           8
-17248                 2           1           8
10192                  2           1           8
-21952                 2           1           8
-18032                 2           1           8
5488                   2           1           8
27                     3           1          10
9408                   2           1           8
-20384                 2           1           8
-29                    3           1          10
7056                   2           1           8
-21168                 2           1           8
6272                   2           1           8
-9408                  2           1           8
-23520                 2           1           8
3920                   2           1           8
1                      3           1          10
-1                     3           1          10
-27                    3           1          10
-5488                  2           1           8
-19600                 2           1           8
7840                   2           1           8
-18816                 2           1           8
8624                   2           1           8
0                      2           1           8
0                      3           1          10
29                     3           1          10
-7056                  2           1           8
-25088                 2           1           8
2352                   2           1           8
-24304                 2           1           8
3136                   2           1           8
-22736                 2           1           8
4704                   2           1           8
-8624                  2           1           8
-7840                  2           1           8
-6272                  2           1           8
-4704                  2           1           8
-3920                  2           1           8
-3136                  2           1           8
-2352                  2           1           8
-1568                  2           1           8
-784                   2           1           8
784                    2           1           8
1568                   2           1           8
TOTAL                             73         602

