conv_3x16x32x3.onnx
conv_3x16x32x3.c
conv_3x16x32x3.onnx.c
conv_3x16x32x3.t
/app/ant_compiler/air-infra/base/src/node.cxx:534: Assertion Failure: Do not call this API to change rtype.
/app/ant_compiler/air-infra/base/src/node.cxx:534: Assertion Failure: Do not call this API to change rtype.
/app/ant_compiler/air-infra/base/src/node.cxx:524: Assertion Failure: Do not call this API to change rtype.
/app/ant_compiler/air-infra/base/src/node.cxx:524: Assertion Failure: Do not call this API to change rtype.
width_block_data=16384 width_block_pad=3072
0.01 17516
rm: cannot remove './conv_3x16x32x3.out': No such file or directory

real	0m0.197s
user	0m0.166s
sys	0m0.029s
ckks_param: _provider = 0, _poly_degree = 65536, mul_depth = 2, input_lev = 3, _first_mod_size = 60, _scaling_mod_size = 56, _num_q_parts = 2, _num_p = 2, _num_rot_idx = 16,_hamming_weight = 192
input(tensor): [
 -0.077054 -0.037469 -0.026932 -0.022854 0.074122 0.044503 0.049173 0.030803 0.066885 -0.045881 0.001374 -0.039687 0.084026 -0.059813 -0.065622 0.039324 -0.003227 -0.092042 0.046737 -0.061574 -0.001439 -0.004017 -0.090202 -0.008771 -0.025257 -0.014737 -0.038550 -0.022925 -0.028551 0.032105 0.000495 0.065703
 0.019301 0.067999 0.049812 -0.057706 -0.041286 -0.054996 0.054506 0.087712 -0.052152 0.082642 -0.083856 0.059907 0.099558 0.021229 0.096605 -0.057793 0.098115 0.023510 0.043088 0.017656 -0.055979 -0.062426 -0.082402 -0.079095 0.020086 0.029830 0.048934 -0.001277 -0.045345 -0.074433 0.029911 0.005495
 0.058111 0.048191 0.032088 0.084998 0.037279 0.053718 0.054863 -0.031565 0.039904 0.035902 -0.057251 -0.080058 0.044595 0.082996 -0.023878 -0.074743 -0.041649 -0.054481 -0.072858 0.057819 -0.095829 -0.042206 -0.067155 0.012603 0.070517 0.033278 -0.025775 0.059554 -0.067075 0.047919 -0.032180 -0.008667
 -0.067782 0.096977 0.071977 -0.021213 -0.066928 0.072301 0.011239 0.000231 -0.006268 -0.088999 -0.069640 0.074067 0.023459 0.068179 -0.091791 -0.038014 -0.072067 0.037554 -0.059928 0.058898 -0.097102 -0.038167 -0.074562 0.044430 -0.011361 -0.010629 0.063598 -0.091825 0.055208 -0.008707 0.042030 -0.077369
 0.051266 -0.020970 0.062690 0.063728 -0.037030 -0.036420 -0.085327 0.007803 -0.000598 -0.051980 0.005819 0.078424 -0.007336 -0.005094 -0.049189 -0.022582 -0.076891 0.045768 0.095963 0.034610 -0.047647 0.041208 0.057545 -0.007593 0.037632 0.073265 0.041463 0.035002 0.033946 -0.088820 0.094409 0.089137
 -0.002032 -0.003979 -0.058483 -0.089062 0.076378 0.009343 0.093090 -0.059746 0.018379 -0.079877 0.058472 -0.054150 0.082414 -0.096677 -0.026513 0.068639 -0.078959 -0.033260 -0.015372 -0.074793 0.007831 0.017235 -0.034478 -0.046993 0.020477 0.007980 0.036886 -0.062210 0.078634 0.051329 0.056525 -0.015886
 0.060185 -0.042960 0.052757 0.070882 0.021360 -0.011871 0.021224 -0.015772 -0.016815 0.067262 -0.010846 -0.062588 -0.099764 0.039509 0.057343 -0.064555 0.098728 0.072419 -0.086546 0.083072 0.064231 -0.081384 -0.094248 0.066421 0.021400 0.085209 0.070402 0.006958 -0.056796 -0.075297 0.095823 -0.083865
 -0.003032 0.016901 -0.034739 -0.046195 0.030767 -0.018929 0.021238 0.062634 0.058056 0.081769 -0.098622 -0.087228 -0.097243 -0.007188 -0.009298 0.003331 -0.097418 0.009581 -0.060015 -0.031511 -0.049664 0.015718 0.002807 -0.051501 0.048992 0.064372 0.092767 -0.032212 0.009169 0.037052 0.017170 0.036588
 0.053929 -0.060888 -0.099613 -0.016271 -0.043070 -0.091664 -0.029453 0.084804 -0.004317 0.036502 0.013533 0.007258 -0.088130 -0.004668 0.094830 0.000381 -0.047661 -0.047565 0.038405 0.071001 -0.018124 -0.044675 -0.097801 -0.001227 0.043971 -0.010808 0.029578 -0.096021 -0.083163 0.060292 -0.071500 -0.041371
 0.008211 -0.037486 -0.050623 -0.000038 0.076183 0.099484 -0.031766 -0.094900 0.002693 0.073321 -0.097331 -0.067844 0.013289 -0.015295 -0.023009 -0.024518 0.090226 0.083484 -0.038070 -0.031009 0.025209 0.077903 -0.027410 0.048833 0.039901 -0.021610 0.077049 0.020517 -0.024515 -0.084901 0.047036 -0.039771
 0.083005 -0.015218 0.078924 0.034125 0.049589 0.023049 0.030745 0.060589 -0.050525 -0.023642 0.031838 0.065620 -0.012290 -0.056357 0.008131 0.079766 -0.082879 -0.002438 0.037500 -0.069780 -0.021436 -0.032396 -0.044356 0.049996 -0.085929 0.066750 -0.053665 0.072312 -0.048005 0.095669 0.073098 0.080656
 0.030010 0.086882 0.012006 -0.002350 0.000829 0.050799 0.026110 -0.002178 0.002953 -0.063460 -0.073298 0.049966 -0.066007 -0.072801 0.069308 -0.042190 -0.064753 0.058472 0.029748 0.010715 -0.038898 0.010677 -0.073673 -0.019352 0.005313 0.093979 -0.019274 0.067192 -0.018549 0.019300 0.060731 0.032884
 -0.043262 0.004217 -0.023378 -0.022243 0.090844 0.028258 -0.077012 -0.051285 0.085120 0.014180 -0.086671 -0.080548 0.068563 0.018326 0.044297 -0.056079 -0.019173 -0.095532 -0.056503 -0.029530 0.066450 0.016954 -0.046734 0.075755 -0.019410 -0.090717 0.082457 0.064779 -0.090233 -0.005221 0.017931 -0.046870
 0.048273 0.055358 0.051841 -0.048737 0.048977 -0.024774 -0.076860 0.003366 0.061318 0.054518 0.070841 0.078240 -0.098464 0.062091 -0.079036 -0.028916 -0.071924 -0.049524 0.070841 0.093057 0.052278 -0.004271 -0.049077 -0.064177 -0.093085 -0.087622 -0.054496 -0.099617 -0.001888 0.009499 -0.014862 0.042505
 0.066826 -0.085824 0.097855 0.087579 0.073898 0.084372 0.075185 -0.095938 -0.041476 -0.008946 0.079230 -0.012090 0.056676 0.086756 0.040548 -0.030744 0.075031 -0.007811 0.049438 0.062041 -0.073426 -0.094145 -0.063415 -0.058321 -0.036708 -0.018347 0.013865 0.020265 -0.041617 0.077514 -0.057685 0.067577
 -0.042152 0.084897 -0.086378 -0.067217 -0.033488 0.029897 -0.085791 -0.075396 -0.039362 0.016616 0.039769 -0.056858 0.054326 0.076594 0.010425 -0.050479 -0.062024 0.048271 -0.056032 -0.081952 0.005553 -0.042738 0.024326 0.018687 0.076465 -0.043694 0.015499 -0.036936 -0.081042 -0.030177 -0.030706 0.030522
 0.033820 0.053792 0.038932 0.053317 -0.071660 -0.030091 0.076764 -0.088650 0.093029 0.055780 -0.042888 0.037190 -0.060785 -0.044077 0.053862 0.043323 0.061460 0.017260 -0.089690 -0.084971 0.085997 -0.094099 0.015151 0.098342 -0.061304 -0.051641 0.017869 -0.032699 -0.077296 -0.081402 -0.087148 0.008329
 -0.035607 -0.063992 0.025500 0.093555 -0.003757 0.019505 -0.068015 -0.060580 -0.072172 0.078447 -0.065439 0.075934 0.048149 -0.048015 -0.029739 -0.033154 -0.080238 -0.001099 0.014398 -0.094036 -0.040872 0.072371 -0.066698 0.091042 0.022524 -0.007093 -0.023855 -0.093900 0.095920 -0.001864 -0.045113 -0.088105
 -0.050120 -0.078009 0.059915 -0.086516 0.042658 0.096925 0.052230 0.085576 0.083230 -0.012699 -0.037403 0.074402 0.019987 0.021516 0.062526 -0.093785 0.035367 0.039776 -0.097031 0.018056 -0.000287 0.086315 0.009542 -0.009129 0.010772 -0.018854 -0.054387 -0.059814 0.076146 0.057195 -0.095168 -0.061199
 0.032203 -0.008465 0.057833 0.007004 0.003014 -0.048881 0.005699 0.082685 -0.008541 0.011619 0.042559 -0.040287 0.068488 0.080589 0.004135 -0.056685 -0.094277 0.051753 0.026530 -0.026707 0.016623 0.023209 0.038051 -0.053658 0.020253 0.053005 -0.011088 0.027848 0.096913 0.097234 -0.095375 0.093614
 -0.013196 0.032249 -0.060057 -0.098754 -0.018158 -0.024773 -0.089886 -0.081804 -0.072859 -0.022860 0.007059 -0.076464 -0.059337 -0.077193 -0.070866 0.037015 -0.054340 0.025496 -0.000248 -0.047823 -0.088091 0.076508 -0.011602 0.026302 0.072688 0.021804 -0.045501 0.098083 -0.066138 0.000542 -0.094833 -0.045770
 0.035909 -0.049947 0.065795 0.050869 0.090262 -0.043365 -0.083148 0.006037 -0.018928 0.056258 -0.044698 -0.004642 -0.042458 -0.039255 -0.022756 0.009907 -0.001660 -0.019394 0.055382 -0.050858 -0.073503 -0.008623 -0.081888 0.065591 -0.090005 0.021482 0.031209 -0.097548 0.094856 0.016129 -0.004777 0.073940
 0.021888 -0.064969 0.040274 0.002830 0.088092 0.008989 0.077665 0.010058 -0.051360 0.071906 -0.015302 0.077008 0.088552 0.065017 -0.068862 0.040254 -0.069783 0.033539 0.098107 0.098688 -0.044697 0.083202 0.074113 -0.045847 0.037000 0.018531 -0.018436 0.013114 -0.042622 -0.041153 0.063272 -0.077489
 0.051092 -0.088192 0.043135 -0.074966 -0.004993 -0.067465 0.017226 -0.039691 0.073568 0.000971 -0.048722 -0.040995 0.024995 -0.097050 -0.017732 -0.073927 -0.055624 0.009210 0.066084 -0.098407 -0.048448 -0.007368 0.095378 0.021080 0.025796 -0.088279 0.034473 -0.018030 0.012145 0.049737 -0.020416 0.063403
 -0.071985 -0.037780 0.048943 0.013271 -0.016300 0.016621 0.001519 -0.027739 -0.036725 -0.027593 0.060114 -0.067026 0.031617 0.040476 0.094420 -0.011607 -0.092017 0.071787 0.008152 0.086200 -0.067299 0.042267 -0.062030 -0.076604 -0.000771 0.016399 0.003830 0.067007 -0.052113 0.066864 0.050018 -0.068543
 -0.051205 -0.010335 0.004927 0.021753 0.078411 -0.072727 -0.060017 0.090309 -0.050366 -0.003131 0.079621 0.060025 0.050934 0.014470 0.008677 -0.074561 0.067788 0.044751 -0.034621 0.023705 -0.009778 0.068816 0.027097 -0.075392 0.085719 -0.012640 0.060119 -0.081823 -0.090193 -0.023575 0.086354 -0.057721
 0.053300 -0.084876 -0.089863 0.034774 0.079238 -0.019004 -0.037528 0.041272 -0.072903 -0.004610 -0.072179 -0.085513 0.034104 -0.065564 -0.050135 -0.026330 0.036198 0.025362 0.026511 0.026286 -0.082877 0.003317 -0.014249 0.001708 0.000032 0.077124 0.068475 -0.029182 0.027002 -0.009026 0.025925 0.051554
 0.022932 -0.067348 -0.090876 -0.094960 0.086839 0.010127 -0.061697 0.026942 0.092514 0.048191 0.065797 -0.031138 0.036706 0.047692 -0.078088 -0.092691 -0.019627 0.026731 0.055244 0.033325 -0.039164 0.093751 0.032622 -0.057860 0.039478 0.057534 0.069714 0.064776 0.022016 -0.028367 -0.002769 -0.012421
 -0.009277 0.065230 0.089858 -0.001618 0.096566 -0.065355 -0.083861 -0.028513 -0.084905 -0.047977 -0.078811 -0.076858 -0.075977 0.017752 0.033225 -0.019262 0.068107 0.007667 -0.093900 0.031884 0.076984 0.083505 0.063702 -0.009662 -0.054557 0.028971 -0.099333 -0.040306 0.066214 -0.058831 0.052476 -0.054264
 -0.048778 0.052103 -0.091936 0.035108 0.052847 -0.093971 0.023225 -0.050620 0.088262 0.012541 0.002087 0.039276 -0.093161 -0.041796 -0.016340 0.057674 0.049698 0.067352 0.009974 -0.090457 -0.056976 0.090128 0.039683 -0.024169 -0.065435 -0.060299 0.054747 0.081197 -0.050955 -0.028311 -0.023749 0.016618
 -0.024562 -0.003049 -0.068704 0.001680 0.096539 0.026308 -0.024123 -0.012056 -0.063850 0.054672 -0.086801 0.086127 -0.084201 -0.004971 0.015074 -0.023996 0.049398 0.049924 0.044246 -0.008581 -0.076179 0.033951 0.023041 0.022739 -0.031748 -0.064957 -0.024448 0.073185 0.065710 0.027584 -0.024927 0.086271
 -0.060298 0.022965 -0.028502 -0.040263 -0.089492 0.001818 0.009712 0.021504 -0.037033 -0.057646 0.091783 0.032951 -0.060906 -0.079387 0.052303 0.076643 -0.061210 0.075113 0.013987 0.001383 -0.005204 0.084252 -0.001357 -0.007339 -0.004879 0.083027 -0.095520 -0.082866 0.024794 -0.046058 -0.018218 -0.041489
 -0.017619 -0.039079 -0.039104 -0.052077 -0.066888 -0.033568 -0.059917 -0.013507 -0.003623 -0.094484 0.099131 0.048154 -0.055938 -0.089361 -0.050355 0.070104 -0.058022 0.016741 0.064787 0.027423 -0.030593 -0.012135 0.058388 -0.076145 -0.018266 -0.059154 -0.038194 0.011055 -0.036805 0.081403 0.066239 -0.008048
 -0.061762 -0.032075 0.050185 -0.008018 -0.071687 0.047935 0.035618 0.090812 -0.021104 0.054719 0.088371 -0.036723 -0.016032 -0.078597 0.080454 -0.092029 0.023302 0.020061 0.000067 0.066732 0.061715 0.099109 0.062872 -0.069612 0.098900 0.061485 0.022240 -0.077116 0.098461 -0.007776 0.072592 0.025349
 -0.071825 0.079220 0.043593 -0.058905 0.089365 -0.040148 -0.034232 0.068923 -0.099260 0.042125 0.043450 -0.023166 -0.064369 -0.066025 -0.057851 0.072879 -0.097703 -0.051113 -0.010442 -0.032168 0.081547 0.048444 0.024876 -0.078520 0.028509 0.058619 -0.067387 0.024325 0.088578 0.097324 0.078586 -0.051890
 0.037838 0.090939 -0.063728 0.049838 -0.048553 0.066148 0.038297 0.049708 0.074968 -0.023010 0.086529 -0.023242 0.078806 -0.091194 -0.022586 -0.063418 0.076085 0.062799 -0.023314 0.060782 -0.094712 0.038468 0.040075 0.010482 0.082176 -0.078552 -0.059793 -0.094984 -0.049602 0.038986 0.066253 0.098099
 -0.027851 0.045762 0.023151 0.013270 -0.014668 0.080523 0.012346 -0.013591 0.070326 0.007296 0.073141 -0.058828 0.020021 0.040314 0.012399 -0.087960 0.080922 -0.004814 0.056206 0.063690 0.007857 -0.027843 -0.039596 -0.024774 -0.046535 0.087763 0.026869 -0.037976 0.038170 0.052878 -0.090077 -0.023718
 -0.004693 0.084042 -0.059203 -0.009427 0.055560 -0.098665 -0.051847 0.043736 -0.093027 -0.099896 0.039677 -0.021868 0.007919 -0.069999 -0.093222 0.053813 0.054555 0.006188 0.067011 0.096163 -0.096019 0.053225 0.017888 -0.075464 0.071035 0.038960 -0.051477 -0.016137 0.028440 0.083303 -0.077770 -0.015045
 0.063420 0.002861 -0.084730 0.026710 0.033670 -0.000541 -0.050574 -0.019938 -0.079795 -0.058918 0.056521 -0.051180 0.031007 0.070577 -0.039170 0.061629 -0.074130 -0.089135 0.058227 -0.099616 -0.044233 0.072930 0.015355 0.041786 0.093234 0.022799 -0.096925 0.072757 -0.017321 0.074363 -0.076662 -0.033790
 0.016450 0.072275 0.043023 0.090666 0.068498 0.043334 0.046131 -0.050221 -0.092882 -0.004429 0.055893 0.082528 -0.078377 0.018268 -0.083336 0.004694 0.057233 -0.023676 -0.021364 0.036795 0.095264 -0.014229 -0.056880 -0.074476 -0.012407 0.000493 0.042450 0.082577 -0.021347 0.004940 -0.002202 -0.009860
 -0.092345 0.027177 -0.000775 0.043234 0.099120 0.053688 -0.042610 -0.072418 -0.087980 -0.058991 0.070752 -0.052559 -0.008342 -0.079765 -0.059901 0.044029 -0.032286 -0.020975 0.088595 0.099642 0.067363 0.097612 -0.098136 0.018362 -0.012888 0.059546 -0.055556 0.085773 -0.098897 0.032035 0.081567 0.049106
 0.034483 -0.070613 0.049972 0.051191 0.024494 0.046534 0.094922 -0.046943 -0.059654 -0.027213 -0.058804 -0.091090 0.018687 0.091780 -0.047418 0.041330 -0.026934 -0.084786 -0.086900 0.058906 -0.012870 0.027692 0.083124 0.026314 0.027767 0.065958 0.018011 0.025118 0.090362 -0.012198 -0.048042 0.082534
 0.081155 0.063476 0.098787 0.055952 -0.029558 0.028922 0.005795 -0.037962 -0.027494 0.090086 -0.046024 0.073483 -0.005131 0.014037 0.054938 0.036719 -0.072468 -0.077380 -0.070088 -0.088860 0.083179 0.099421 -0.040862 0.095256 -0.072697 -0.074136 0.043240 -0.078167 0.052247 -0.009919 -0.056860 -0.069298
 -0.015565 0.024510 0.077892 0.049455 -0.056775 -0.035598 0.002474 0.044453 0.096638 0.047530 -0.036387 -0.080810 -0.085324 -0.053033 -0.022254 0.062664 0.086509 -0.096751 -0.066672 -0.087344 -0.052914 0.013090 -0.020001 -0.007230 0.096816 0.011736 0.029889 -0.057010 0.072540 0.027766 0.056343 -0.087624
 0.076831 -0.043487 0.056954 0.018586 0.066373 -0.033634 0.098154 0.080473 0.011017 -0.042659 -0.012289 0.036256 -0.081076 0.048354 0.071396 0.010490 -0.038335 0.060656 0.026827 0.094634 0.077063 0.057396 -0.084685 -0.092447 0.032322 0.064084 -0.061553 -0.041313 -0.065647 0.008101 0.020623 -0.056416
 0.049152 -0.061365 -0.084336 -0.047336 0.010624 -0.021952 0.012181 -0.047566 -0.016136 -0.038903 0.009439 0.041789 -0.040916 0.003660 0.009365 0.081166 -0.024816 0.049763 -0.036803 0.090622 0.031955 0.042443 -0.004152 0.013966 -0.035497 -0.020249 -0.036331 -0.077552 0.061215 0.068040 0.009372 -0.024041
 -0.040331 0.032704 0.033586 0.032264 0.069138 -0.003217 -0.018209 0.053565 -0.098976 -0.097455 -0.098876 0.055066 -0.064732 -0.096929 -0.007031 0.079007 0.065913 0.067001 0.054650 -0.079319 0.082028 -0.049597 -0.020513 -0.051358 -0.053749 -0.011745 -0.055789 -0.087735 0.027738 0.072764 -0.030994 -0.048634
 0.092503 -0.097308 -0.046174 -0.073761 0.064326 -0.021395 -0.091529 -0.008117 -0.086500 -0.007710 -0.074472 -0.045726 -0.030952 -0.053226 0.095548 0.093107 0.074037 -0.006398 0.014287 0.044304 0.098028 0.002285 -0.014269 0.015206 -0.054091 0.048721 0.034999 -0.060513 -0.065037 -0.099374 0.073279 0.075470
 -0.066680 0.034785 0.018815 -0.071701 -0.003880 -0.018097 -0.083804 0.094831 -0.032489 -0.035140 0.094702 -0.036327 -0.086398 -0.061745 -0.018684 0.096779 0.038985 0.059406 0.095839 0.049455 0.073100 -0.095777 0.085375 0.065391 0.072231 0.017711 -0.083354 -0.064884 0.052848 0.039600 0.009867 -0.068733
 -0.081064 -0.046046 0.038701 0.086261 -0.089124 0.009160 0.035561 -0.043480 -0.001919 -0.051123 0.015078 -0.021342 0.056978 -0.013242 0.069681 -0.007114 0.098846 -0.021024 0.027027 0.097420 -0.076728 0.052293 -0.002120 0.038694 0.086663 0.085066 0.097743 0.074895 -0.048566 -0.064781 0.016741 -0.066877
 -0.069802 -0.028937 0.037048 0.031039 -0.063747 -0.061337 -0.049825 0.077744 -0.016105 0.052578 -0.050943 -0.091148 -0.014864 -0.026044 0.017351 0.099072 0.026956 0.059090 -0.040592 -0.052802 -0.061428 0.078262 0.027121 0.037267 0.017385 0.029157 -0.060890 -0.094764 0.027966 0.032594 0.070466 -0.035587
 -0.099117 -0.015281 -0.003690 -0.020273 0.080868 0.085933 0.017172 -0.015462 0.094675 -0.006689 0.012909 -0.009648 -0.037932 -0.084420 -0.062182 -0.006609 0.073206 -0.071868 -0.097872 0.011423 0.035314 -0.037877 -0.032023 -0.082585 0.044422 -0.033547 -0.021915 0.045327 -0.058811 0.036396 0.087555 0.075675
 -0.013560 -0.039628 -0.045611 -0.064895 0.075973 -0.054413 0.021239 0.081880 -0.023560 -0.069210 -0.003739 -0.055391 0.038452 0.061018 -0.026969 -0.030486 0.082279 0.093484 -0.051584 -0.039661 0.081859 0.066752 -0.001639 -0.014067 0.081427 0.045394 0.026119 -0.094378 -0.025871 0.026827 0.063993 0.034023
 -0.059590 0.008468 0.081391 0.041497 -0.009232 0.001017 0.043403 -0.060946 0.066770 0.080643 0.091305 0.081989 0.062891 -0.017234 0.055770 0.023633 -0.006233 -0.011075 -0.052644 0.085545 0.045463 -0.041076 -0.023376 0.013094 -0.056416 0.085316 -0.042222 -0.059014 -0.037116 0.077990 0.033230 0.093425
 0.024702 -0.094189 -0.099848 -0.044276 0.099664 -0.050564 -0.094376 0.053559 -0.040141 0.028006 0.006227 -0.042141 0.014767 -0.054552 0.097031 -0.057112 0.017612 0.046597 -0.079820 0.095185 0.028826 -0.068749 -0.064414 -0.050101 -0.028829 0.079323 0.030946 -0.002933 -0.079334 0.074518 0.050112 0.079374
 -0.062971 -0.065555 -0.000359 0.068189 -0.052185 0.054124 0.010954 -0.095026 0.083953 0.024147 0.093631 -0.006033 0.099679 -0.025602 -0.097876 -0.040474 0.057880 0.034418 -0.044586 -0.061907 -0.021500 0.001999 -0.089887 0.016409 -0.072707 0.001376 -0.020467 0.047470 -0.067054 -0.011011 -0.005037 -0.085812
 0.086901 0.003898 -0.043934 0.083110 -0.016272 0.057219 -0.091565 0.092414 0.041440 0.029804 0.073331 -0.090654 -0.032317 0.032559 -0.031892 0.015700 -0.021066 0.096630 -0.098664 0.020364 -0.068074 0.096012 -0.090769 -0.037250 -0.092893 -0.012222 0.007504 0.002133 -0.039681 -0.045654 -0.080565 0.062786
 0.080613 0.079670 -0.093452 -0.001689 -0.056237 -0.061574 0.079829 0.015465 -0.061791 0.027915 0.062167 -0.004725 -0.010304 0.057850 -0.059825 -0.031502 -0.082988 -0.014014 -0.050762 -0.008667 -0.057078 -0.085129 -0.042081 0.068621 -0.033959 0.016320 -0.097410 -0.098558 0.091961 -0.025480 -0.083559 -0.086998
 0.062157 -0.009346 -0.034332 -0.022010 0.000839 0.064548 -0.034377 0.066707 -0.077968 -0.007992 -0.048369 0.022992 0.036884 -0.038057 0.037869 -0.020145 -0.027018 -0.084808 0.098363 0.037518 0.058437 -0.043600 0.001331 -0.004085 0.042857 0.058187 0.076465 0.032942 -0.028709 0.016789 -0.009168 0.037619
 0.010092 -0.098004 0.020035 0.071318 -0.073158 -0.046539 -0.005590 -0.001900 0.068323 0.031964 0.007382 -0.022128 -0.048325 -0.033703 -0.050239 0.032646 0.007990 0.011746 -0.062095 -0.065880 0.046985 0.093990 0.053576 -0.049116 0.098224 0.074001 -0.061492 0.024020 0.047635 0.086308 -0.050929 0.069559
 -0.075368 -0.023989 0.057218 -0.041144 0.026967 -0.048246 0.033916 -0.073146 0.082228 0.089467 0.085151 0.051757 0.080032 -0.034752 -0.065867 -0.017776 0.086334 -0.066305 -0.050709 0.033262 -0.018862 -0.051571 0.043663 0.006586 0.039150 -0.070190 -0.071010 -0.043829 0.058132 -0.055476 -0.051635 -0.064597
 -0.040329 0.082747 -0.012744 -0.073645 0.031355 -0.045530 0.015372 -0.052312 -0.035416 -0.084635 0.034047 -0.051816 0.025747 -0.079093 -0.090555 -0.047768 0.070307 -0.040222 -0.096571 -0.065643 -0.079662 0.054841 0.001164 -0.069045 -0.069713 -0.054786 0.030469 0.013222 0.049971 0.063495 -0.018725 0.037964
 -0.087759 -0.004036 0.083872 0.065067 -0.086612 0.079536 0.056157 -0.076089 -0.052399 0.046551 0.079536 -0.055987 -0.003321 -0.000642 0.065332 0.011512 -0.006095 -0.091838 0.063070 -0.073233 -0.001443 0.015263 -0.085117 0.033918 0.014612 0.029069 -0.008456 -0.004125 -0.020580 -0.035593 -0.028115 -0.037065
 0.040970 0.018607 -0.060819 0.080141 -0.065850 0.053157 0.043009 -0.053065 0.061562 0.080486 0.053733 -0.010793 -0.083404 0.007457 0.027455 0.036575 -0.098824 0.040095 -0.035793 0.086747 0.005408 0.072149 -0.026355 0.047414 0.073452 0.064687 -0.019773 -0.061741 -0.082107 -0.076751 0.052555 0.066643
 -0.095961 0.032270 0.022430 -0.068235 -0.003699 -0.082407 -0.000076 -0.057803 -0.066590 0.000436 -0.080903 -0.073282 -0.071256 0.067707 -0.005513 0.041854 -0.007550 -0.071257 0.037353 -0.008056 0.093843 0.069237 0.011393 0.071075 -0.072862 -0.001924 -0.080390 0.077197 0.001615 0.034897 -0.076173 -0.022786
 0.094868 -0.025109 0.061382 -0.058106 -0.068969 0.044591 0.093308 0.059790 0.044247 0.066136 -0.064477 0.014013 -0.064939 0.070962 0.086423 -0.011115 -0.068605 0.076866 0.041312 -0.026118 -0.036214 -0.099164 0.038533 0.048077 0.067505 -0.098443 -0.043466 -0.070757 0.094604 -0.000286 0.093893 0.060697
 -0.000094 -0.038686 -0.068920 0.005958 0.008121 0.017481 0.062052 -0.039291 -0.045046 -0.062137 -0.065888 0.049249 0.078053 0.096424 -0.039752 -0.039916 0.008557 0.076134 0.072205 -0.065062 -0.066772 -0.034190 -0.083690 -0.022599 -0.077483 -0.074936 0.053112 -0.032031 0.057101 -0.034863 0.012038 0.048847
 -0.012049 0.069204 0.048060 0.066178 -0.020469 -0.007884 0.097946 0.038996 -0.090828 0.010385 -0.029561 0.077728 0.089044 0.019892 0.032492 0.067042 -0.095503 -0.085867 0.064329 0.080738 0.044411 0.019042 0.044234 -0.041949 0.085366 0.061616 -0.056651 -0.035606 0.068661 -0.085011 -0.008145 0.080354
 -0.061112 -0.077430 -0.031867 0.067637 -0.038419 -0.043313 -0.038977 -0.009523 0.042039 0.014966 -0.021534 -0.002298 0.025850 -0.023441 0.026196 -0.019442 -0.097261 -0.046629 -0.050624 -0.083517 0.004144 -0.034362 0.041879 0.052759 -0.081527 0.024459 -0.008273 0.049221 -0.009874 0.037590 -0.004550 0.005406
 -0.080433 0.047034 0.076298 0.087524 -0.058510 -0.093635 -0.047683 0.054799 -0.002913 0.059353 0.026430 -0.000065 -0.001730 0.078286 0.088354 0.002453 0.058564 -0.043358 -0.020617 -0.037527 -0.003536 0.045953 -0.049027 0.056088 -0.030038 -0.084126 -0.017992 0.053700 0.031290 -0.010073 0.016416 0.052338
 -0.059785 0.079826 0.099008 0.091045 -0.026910 -0.052150 0.046579 0.002832 0.000113 -0.042181 -0.077424 0.097749 0.076220 -0.084832 0.081574 -0.078819 -0.034558 -0.061341 -0.028370 0.083060 -0.042535 -0.003931 0.023329 -0.019456 -0.004865 0.057307 0.057834 -0.079906 0.046796 -0.018408 0.078310 -0.097687
 -0.007918 0.014674 0.076008 0.092922 -0.031428 0.096928 0.084953 -0.044701 0.017979 -0.066054 0.070957 0.077844 -0.066806 0.079433 -0.011078 -0.040570 0.019105 -0.033298 0.006651 -0.069372 0.063509 -0.048719 -0.030307 0.080632 0.034513 0.013422 -0.071146 -0.053734 -0.028738 -0.028186 0.003304 -0.037339
 0.007435 0.010459 0.040504 -0.023841 0.038584 0.083833 -0.011594 -0.060643 0.011472 0.004639 -0.062477 -0.099406 -0.090847 0.039635 0.069208 -0.082120 0.042225 -0.039654 -0.049406 -0.023356 0.022824 -0.012359 0.060546 0.059344 0.006057 0.083952 0.085155 0.094826 0.072017 0.021283 -0.090597 -0.056466
 -0.053455 -0.035442 0.096449 0.016393 0.099338 0.048226 -0.055085 -0.078149 -0.051297 0.005429 -0.096837 -0.058374 -0.097611 -0.057243 -0.065377 -0.083631 -0.063109 0.018138 0.080622 0.012337 -0.085709 -0.025106 0.055822 -0.084853 0.090005 -0.031512 0.020047 0.056879 -0.094240 0.037761 -0.077806 0.070908
 -0.039672 0.024871 -0.068130 0.093744 -0.098680 0.097710 0.040174 0.083717 -0.028561 0.092213 -0.034669 -0.068156 -0.080055 -0.029132 0.009879 0.057339 -0.042367 -0.053127 0.095461 0.052260 0.050233 -0.020560 -0.027765 0.064346 -0.020334 -0.074489 0.058330 -0.049191 -0.006470 0.028937 0.059487 -0.040348
 0.009236 -0.028329 0.030959 -0.029621 -0.099065 -0.076529 -0.023114 -0.069083 0.072247 -0.016547 -0.080742 -0.002772 0.091892 -0.001020 0.029913 0.073163 0.049802 -0.021348 -0.062038 -0.076985 0.033990 0.070888 -0.095033 0.033758 0.076475 -0.049798 0.030443 0.089757 0.072320 0.091882 -0.075984 -0.094716
 -0.021937 0.088319 0.077846 -0.070513 -0.084810 0.025474 -0.061378 -0.085897 -0.003303 0.074635 -0.031435 -0.037625 0.081971 -0.086213 0.023841 0.062274 0.072195 -0.061105 0.077865 -0.057225 -0.005459 0.044526 -0.001729 0.094368 0.070858 -0.086661 0.024580 0.015976 0.047437 -0.092701 -0.058700 0.099713
 -0.055433 -0.003804 -0.097917 0.051319 0.035174 -0.069810 0.080311 -0.068424 0.033801 -0.087932 0.058464 -0.037000 0.021004 0.090092 -0.080223 0.032185 0.072926 0.068260 0.066345 -0.001213 0.098557 -0.032428 -0.013093 -0.082508 0.006063 -0.070676 -0.006948 0.025754 -0.006786 -0.003931 -0.011344 -0.080426
 -0.057768 0.093687 -0.059217 0.040200 -0.076922 -0.080429 -0.078801 0.053165 -0.078930 0.007948 -0.075264 0.040559 0.015142 -0.073721 0.085154 0.082014 0.035814 0.055599 0.039616 0.059858 -0.003636 0.024300 -0.005348 -0.050077 0.091787 -0.086466 -0.010982 -0.038124 -0.043837 0.025221 0.017685 0.027928
 0.065856 -0.045145 0.088412 -0.074353 -0.059440 0.008981 0.049415 0.038461 -0.059409 0.058252 0.015323 0.023973 0.024017 -0.025451 -0.059685 0.063893 0.076211 -0.017675 0.048418 0.095759 -0.013848 0.089240 -0.081137 -0.042498 -0.038247 -0.061097 -0.031211 -0.072711 -0.059046 0.068494 0.037252 0.092386
 -0.077395 -0.014397 -0.022081 0.068332 0.071530 -0.087060 -0.035274 -0.082199 0.012961 0.052772 0.033837 0.027281 0.028941 -0.029615 0.057723 0.074519 0.094749 0.087110 0.042990 -0.028788 -0.067512 0.020174 0.030559 -0.022516 0.006016 -0.048710 -0.034649 -0.095852 0.075371 0.010873 0.094637 -0.080513
 0.033681 -0.067504 -0.055630 -0.029329 -0.005264 -0.040074 -0.011919 -0.070876 0.097349 -0.088783 -0.021799 0.042508 -0.007306 -0.009253 0.004196 0.024460 0.047446 0.058836 0.063560 -0.035137 -0.037051 -0.019654 -0.017040 -0.070522 0.069013 -0.068852 0.095280 0.014182 -0.050375 -0.096555 0.042729 0.007621
 -0.010228 0.069909 -0.076422 0.006858 0.055462 -0.047394 0.014514 0.024439 -0.046431 -0.059675 0.009412 -0.072321 0.055224 -0.006838 0.038193 -0.029238 -0.012050 0.085450 0.047205 -0.026149 0.023890 0.090425 -0.015149 0.097934 -0.073707 0.076010 -0.082089 -0.000931 -0.050179 0.077796 0.009362 0.074884
 0.012648 -0.026828 -0.055598 0.088061 0.093058 -0.017223 -0.098633 0.031578 -0.000356 0.085199 0.008511 0.049621 -0.057568 -0.062605 -0.005610 0.086032 -0.089157 -0.029824 0.079689 -0.050319 -0.082330 -0.034018 -0.077311 -0.084668 -0.036327 0.033898 0.018460 0.096284 0.091466 0.019726 -0.064682 0.019408
 0.076698 0.022478 -0.010525 0.040370 -0.013840 -0.085535 -0.034559 0.036911 -0.036088 0.018470 -0.050223 -0.045260 -0.024477 -0.063500 -0.052275 0.030639 0.052243 0.008033 -0.074292 -0.018591 -0.088354 0.083915 -0.071768 0.089671 -0.075702 0.002555 -0.026880 -0.070674 -0.095353 -0.067180 -0.038846 -0.040083
 0.009326 -0.024967 0.047046 0.012376 -0.014623 -0.001407 0.092715 0.071666 0.095769 -0.028590 -0.006913 -0.079754 0.035838 0.004518 -0.075724 0.055634 0.044403 0.071040 0.074912 -0.024813 0.018417 -0.095009 0.002778 -0.016822 0.087947 0.034829 -0.043928 -0.038716 -0.047286 0.076907 0.041993 -0.002844
 -0.054913 0.094209 0.044386 -0.065627 -0.050097 -0.006540 -0.011301 -0.030910 0.000950 -0.053237 -0.074173 -0.016330 -0.088775 -0.076701 -0.003418 -0.050076 -0.072570 -0.029329 -0.042694 0.037402 0.046497 0.054414 0.027030 -0.060618 0.054604 0.035247 -0.056602 -0.062181 0.037380 0.051744 -0.024732 -0.029568
 0.072229 0.058988 0.064513 0.052176 0.005299 -0.004044 0.088961 -0.001698 -0.021116 -0.043337 0.093448 -0.000518 0.036239 0.005630 0.023613 -0.010312 0.020661 0.019252 -0.029607 0.066837 -0.063228 0.037461 0.095412 0.032444 -0.047628 0.051296 0.030662 -0.095960 0.047985 -0.031024 0.000273 -0.042990
 0.071411 -0.091007 -0.003724 0.080085 0.054874 -0.073329 0.053130 -0.060479 -0.059979 -0.070348 0.081996 -0.088343 0.038208 0.035526 0.072558 -0.001501 0.063621 0.087557 -0.087749 0.049935 -0.042563 0.086040 0.001989 0.088787 -0.052075 -0.030061 0.059585 -0.007489 0.042893 0.036866 -0.093345 0.049150
 -0.029092 -0.021294 -0.098346 0.002448 -0.009089 -0.081967 -0.027030 -0.092685 -0.070436 0.047616 -0.051519 -0.050510 0.013902 0.044963 -0.050334 0.008163 -0.049324 -0.056322 -0.015406 -0.059587 -0.066248 -0.069531 0.006133 0.043971 0.075257 0.009971 0.033966 0.089912 -0.069069 0.013154 -0.085747 -0.058000
 -0.005302 -0.099692 0.006087 0.036261 0.021029 0.099702 -0.031831 -0.076455 -0.018790 -0.001270 -0.009384 0.091925 -0.045324 -0.057346 0.009335 0.060116 0.026574 0.014087 0.066580 -0.097537 0.094769 -0.037581 -0.049715 -0.081120 -0.055474 -0.005187 0.083215 -0.045752 -0.063035 0.071024 -0.040346 -0.076177
 -0.028187 -0.017813 0.016586 0.007092 -0.041548 -0.066134 0.047879 -0.075948 0.044230 -0.004980 -0.006041 -0.083909 0.087415 -0.004739 0.044235 -0.004588 0.021972 -0.062719 -0.043145 0.039658 0.092863 0.039303 -0.046701 0.038383 -0.032603 0.070769 0.095366 -0.050812 0.095014 -0.039119 0.000420 0.022053
 0.014071 -0.059070 0.079494 -0.026942 0.078911 -0.073715 0.012836 0.068651 -0.068641 -0.030970 0.072234 0.041419 0.032874 0.074993 0.004930 0.069887 0.032361 -0.097145 -0.006071 -0.069863 -0.040871 -0.026471 -0.001344 0.058391 0.083694 -0.048218 0.040962 0.052568 -0.002318 -0.059523 0.071686 0.071305
 -0.066262 0.022634 -0.053767 0.002682 0.095455 -0.032950 0.057190 -0.022967 0.048757 0.096638 -0.052303 -0.059462 -0.095685 -0.072909 0.052687 0.069268 -0.090057 0.003557 0.048359 -0.035942 -0.053751 0.085549 0.079438 -0.046741 0.088170 -0.090719 0.059414 0.056180 -0.017191 -0.079819 -0.072212 -0.050046
 -0.055744 0.020477 -0.029776 -0.000045 -0.072183 0.034048 -0.044562 -0.003409 -0.086816 -0.021363 -0.076615 -0.091968 -0.028807 -0.007417 0.026424 0.062703 0.055784 0.097670 0.019993 -0.071259 -0.071422 0.046611 -0.007396 0.032307 0.010135 0.029145 -0.072480 0.020852 0.008475 -0.082732 0.058183 -0.061274
 0.066192 -0.008459 0.026118 0.045601 -0.038115 0.024425 -0.031899 0.031954 0.037689 0.032941 0.039003 0.005117 -0.006590 0.050323 0.006596 0.066798 -0.070262 -0.052232 0.021797 0.015484 -0.048985 -0.056446 -0.075216 -0.004288 -0.087880 -0.013409 -0.054992 -0.020828 0.043717 0.038452 0.026694 0.092233
]
Total memory size for keys: rot_key_cnt = 16, rot_key_size = 167776000 bytes, total_key_size = 186650800 bytes
Total memory size for weight plain: cnt = 39, size = 59247352 bytes
RTLib functions         	       Count	      Elapse
--------------------    	    --------	    --------
NN                      	           -	           -
FHE                     	           -	           -
 FHE_ADDCC               	          44	    0.067839 sec
 FHE_ADDCP               	           1	    0.000220 sec
 FHE_MULCP               	          38	    0.006181 sec
 FHE_RESCALE             	           3	    0.020402 sec
 FHE_ROTATE              	          17	    0.737344 sec
FHE                     	   sub total	    0.831986 sec
FINALIZE_CONTEXT        	           1	    0.001801 sec
PREPARE_CONTEXT         	           1	    1.100269 sec
ENCODE_ARRAY            	          40	    0.254976 sec
NTT                     	         685	    0.814364 sec
INTT                    	         126	    0.170492 sec
MAIN_GRAPH              	           1	    1.106851 sec
 HW_ADD                  	         639	    0.045352 sec
 HW_MUL                  	         552	    0.105770 sec
 HW_ROT                  	         100	    0.017736 sec
 COPY_POLY               	          62	    0.013485 sec
 MOD_DOWN                	          34	    0.301391 sec
 DECOMP_MODUP            	          33	    0.271860 sec
 MULP                    	          40	    0.254105 sec
 RESCALE_POLY            	           6	    0.020249 sec
 COPY_CIPH               	          14	    0.012095 sec
 INIT_CIPH_SM_SC         	          62	    0.002165 sec
 INIT_CIPH_UP_SC         	          38	    0.004055 sec
 INIT_CIPH_DN_SC         	           3	    0.000151 sec
 BOOTSTRAP               	           -	           -
  BS_EVAL                 	           -	           -
 BOOTSTRAP               	   sub total	    0.000000 sec
 PT_ENCODE               	          39	    0.248105 sec
MAIN_GRAPH              	   sub total	    1.296518 sec
expect relative error less than: 0.001000
expect absolute error less than: 0.000100
SUCCESS!
2.26 336324
