+ export RTLIB_TIMING_OUTPUT=-
+ RTLIB_TIMING_OUTPUT=-
+ export OMP_NUM_THREADS=1
+ OMP_NUM_THREADS=1
+ export RTLIB_BTS_EVEN_POLY=1
+ RTLIB_BTS_EVEN_POLY=1
+ TEST=fhelipe_alexnet
+ ID=0325
++ pwd
+ WRK_DIR=/app/release
+ VEC_OPT=-VEC:ms=32768:gemmf:convf:ssf:conv_parl:rtt
+ SIHE_OPT=-SIHE:relu_vr_def=100:rtt
+ CKKS_OPT=-CKKS:hw=192:q0=60:sf=56:N=65536:pots:rtt
+ POLY_OPT=-POLY:rtt
+ P2C_OPT=-P2C:df=/app/release/fhelipe_alexnet.0325.bin:fp
+ timed_run ./driver/fhe_cmplr -VEC:ms=32768:gemmf:convf:ssf:conv_parl:rtt -SIHE:relu_vr_def=100:rtt -CKKS:hw=192:q0=60:sf=56:N=65536:pots:rtt -POLY:rtt -P2C:df=/app/release/fhelipe_alexnet.0325.bin:fp ../metak/fhelipe_alexnet.onnx
+ '[' -e /usr/bin/time ']'
+ ./driver/fhe_cmplr -VEC:ms=32768:gemmf:convf:ssf:conv_parl:rtt -SIHE:relu_vr_def=100:rtt -CKKS:hw=192:q0=60:sf=56:N=65536:pots:rtt -POLY:rtt -P2C:df=/app/release/fhelipe_alexnet.0325.bin:fp ../metak/fhelipe_alexnet.onnx
/app/nn-addon/onnx2air/src/air_stmt.cxx:862: Assertion Failure: Fix rtype for New_una_arith.
/app/nn-addon/onnx2air/src/air_stmt.cxx:862: Assertion Failure: Fix rtype for New_una_arith.
/app/air-infra/base/src/node.cxx:534: Assertion Failure: Do not call this API to change rtype.
/app/air-infra/base/src/node.cxx:534: Assertion Failure: Do not call this API to change rtype.
/app/air-infra/base/src/node.cxx:524: Assertion Failure: Do not call this API to change rtype.
/app/air-infra/base/src/node.cxx:524: Assertion Failure: Do not call this API to change rtype.
/app/air-infra/base/src/node.cxx:534: Assertion Failure: Do not call this API to change rtype.
/app/air-infra/base/src/node.cxx:534: Assertion Failure: Do not call this API to change rtype.
/app/air-infra/base/src/node.cxx:524: Assertion Failure: Do not call this API to change rtype.
/app/air-infra/base/src/node.cxx:524: Assertion Failure: Do not call this API to change rtype.
/app/air-infra/base/src/node.cxx:534: Assertion Failure: Do not call this API to change rtype.
/app/air-infra/base/src/node.cxx:534: Assertion Failure: Do not call this API to change rtype.
/app/air-infra/base/src/node.cxx:524: Assertion Failure: Do not call this API to change rtype.
/app/air-infra/base/src/node.cxx:524: Assertion Failure: Do not call this API to change rtype.
/app/air-infra/base/src/node.cxx:534: Assertion Failure: Do not call this API to change rtype.
/app/air-infra/base/src/node.cxx:534: Assertion Failure: Do not call this API to change rtype.
/app/air-infra/base/src/node.cxx:524: Assertion Failure: Do not call this API to change rtype.
/app/air-infra/base/src/node.cxx:524: Assertion Failure: Do not call this API to change rtype.
/app/air-infra/base/src/node.cxx:534: Assertion Failure: Do not call this API to change rtype.
/app/air-infra/base/src/node.cxx:534: Assertion Failure: Do not call this API to change rtype.
/app/air-infra/base/src/node.cxx:524: Assertion Failure: Do not call this API to change rtype.
/app/air-infra/base/src/node.cxx:524: Assertion Failure: Do not call this API to change rtype.
/app/air-infra/base/src/node.cxx:534: Assertion Failure: Do not call this API to change rtype.
/app/air-infra/base/src/node.cxx:534: Assertion Failure: Do not call this API to change rtype.
/app/air-infra/base/src/node.cxx:524: Assertion Failure: Do not call this API to change rtype.
/app/air-infra/base/src/node.cxx:524: Assertion Failure: Do not call this API to change rtype.
/app/air-infra/base/src/node.cxx:534: Assertion Failure: Do not call this API to change rtype.
/app/air-infra/base/src/node.cxx:534: Assertion Failure: Do not call this API to change rtype.
/app/air-infra/base/src/node.cxx:524: Assertion Failure: Do not call this API to change rtype.
/app/air-infra/base/src/node.cxx:524: Assertion Failure: Do not call this API to change rtype.
/app/air-infra/base/src/node.cxx:534: Assertion Failure: Do not call this API to change rtype.
/app/air-infra/base/src/node.cxx:534: Assertion Failure: Do not call this API to change rtype.
/app/air-infra/base/src/node.cxx:524: Assertion Failure: Do not call this API to change rtype.
/app/air-infra/base/src/node.cxx:524: Assertion Failure: Do not call this API to change rtype.
/app/air-infra/base/src/node.cxx:534: Assertion Failure: Do not call this API to change rtype.
/app/air-infra/base/src/node.cxx:534: Assertion Failure: Do not call this API to change rtype.
/app/air-infra/base/src/node.cxx:524: Assertion Failure: Do not call this API to change rtype.
/app/air-infra/base/src/node.cxx:524: Assertion Failure: Do not call this API to change rtype.
/app/air-infra/base/src/node.cxx:534: Assertion Failure: Do not call this API to change rtype.
/app/air-infra/base/src/node.cxx:534: Assertion Failure: Do not call this API to change rtype.
/app/air-infra/base/src/node.cxx:524: Assertion Failure: Do not call this API to change rtype.
/app/air-infra/base/src/node.cxx:524: Assertion Failure: Do not call this API to change rtype.
width_block_data=6144 width_block_pad=1984
/app/air-infra/base/src/node.cxx:534: Assertion Failure: Do not call this API to change rtype.
/app/air-infra/base/src/node.cxx:534: Assertion Failure: Do not call this API to change rtype.
/app/air-infra/base/src/node.cxx:524: Assertion Failure: Do not call this API to change rtype.
/app/air-infra/base/src/node.cxx:524: Assertion Failure: Do not call this API to change rtype.
width_block_data=3072 width_block_pad=1520
/app/air-infra/base/src/node.cxx:534: Assertion Failure: Do not call this API to change rtype.
/app/air-infra/base/src/node.cxx:534: Assertion Failure: Do not call this API to change rtype.
/app/air-infra/base/src/node.cxx:524: Assertion Failure: Do not call this API to change rtype.
/app/air-infra/base/src/node.cxx:524: Assertion Failure: Do not call this API to change rtype.

real	1m16.864s
user	0m26.223s
sys	0m50.135s
+ RET=0
+ return 0
+ '[' 0 -ne 0 ']'
+ mv fhelipe_alexnet.t fhelipe_alexnet.0325.ckks.log
+ cp fhelipe_alexnet.onnx.c fhelipe_alexnet.0325.onnx.c
+ HOST_DEF=-DRTLIB_SUPPORT_LINUX
+ HOST_INC='-I../fhe-cmplr/rtlib/include -I../fhe-cmplr/rtlib/ant/include -Irtlib/build/_deps/uthash-src/src -I../air-infra/include -I../nn-addon/include -I../fhe-cmplr/include'
+ HOST_LIBS='-L./rtlib/build/common -L./rtlib/build/ant -lFHErt_ant -lFHErt_common -lgmp -lm'
+ HOST_SRCS='../metak/fhelipe_alexnet.main.c fhelipe_alexnet.onnx.c'
+ timed_run gcc -DRTLIB_SUPPORT_LINUX -I../fhe-cmplr/rtlib/include -I../fhe-cmplr/rtlib/ant/include -Irtlib/build/_deps/uthash-src/src -I../air-infra/include -I../nn-addon/include -I../fhe-cmplr/include ../metak/fhelipe_alexnet.main.c fhelipe_alexnet.onnx.c -L./rtlib/build/common -L./rtlib/build/ant -lFHErt_ant -lFHErt_common -lgmp -lm -o fhelipe_alexnet.0325
+ '[' -e /usr/bin/time ']'
+ gcc -DRTLIB_SUPPORT_LINUX -I../fhe-cmplr/rtlib/include -I../fhe-cmplr/rtlib/ant/include -Irtlib/build/_deps/uthash-src/src -I../air-infra/include -I../nn-addon/include -I../fhe-cmplr/include ../metak/fhelipe_alexnet.main.c fhelipe_alexnet.onnx.c -L./rtlib/build/common -L./rtlib/build/ant -lFHErt_ant -lFHErt_common -lgmp -lm -o fhelipe_alexnet.0325

real	0m0.522s
user	0m0.470s
sys	0m0.049s
+ RET=0
+ return 0
+ '[' 0 -ne 0 ']'
+ timed_run ./fhelipe_alexnet.0325
