Per-op stats for /conv/Conv in Main_graph:
|DATA        |       COUNT|        EXEC|    LOAD(MB)|    DRAM(MB)|
|--------    |      ------|      ------|      ------|      ------|
|PLAINTEXT   |           4|          39|        56.5|        56.5|
|ROTATE      |           6|          17|         168|         160|

|OP          |       LEVEL|       COUNT|        EXEC|    LOAD(MB)|    DRAM(MB)|
|--------    |      ------|      ------|      ------|      ------|      ------|
|add_cc      |           1|           1|           1|           0|           0|
|add_cc      |           3|           5|          43|           0|           0|
|add_cp      |           1|           1|           1|         0.5|         0.5|
|mul_cp      |           2|           2|           2|           2|           2|
|mul_cp      |           3|           1|          36|          54|          54|
|rotate      |           2|           1|           1|           8|           8|
|rotate      |           3|           5|          16|         160|          50|
|rescale     |           1|           2|           2|           0|           0|
|rescale     |           2|           1|           1|           0|           0|
|TOTAL       |            |          19|         103|       224.5|       114.5|

ROTATE             LEVEL       COUNT    LOAD(MB)
--------          ------      ------      ------
-16384                 2           1           8
3072                   3           1          10
2048                   3           1          10
-4096                  3           1          10
-1                     3           1          10
-8192                  3           1          10
1                      3           1          10
0                      3           2          20
-33                    3           1          10
-32                    3           1          10
1024                   3           1          10
-31                    3           1          10
31                     3           1          10
-12288                 3           1          10
32                     3           1          10
33                     3           1          10
TOTAL                             17         168

Total stats for Main_graph:
|DATA        |       COUNT|        EXEC|    LOAD(MB)|    DRAM(MB)|
|--------    |      ------|      ------|      ------|      ------|
|PLAINTEXT   |           4|          39|        56.5|        56.5|
|ROTATE      |           6|          17|         168|         160|

|OP          |       LEVEL|       COUNT|        EXEC|    LOAD(MB)|    DRAM(MB)|
|--------    |      ------|      ------|      ------|      ------|      ------|
|add_cc      |           1|           1|           1|           0|           0|
|add_cc      |           3|           5|          43|           0|           0|
|add_cp      |           1|           1|           1|         0.5|         0.5|
|mul_cp      |           2|           2|           2|           2|           2|
|mul_cp      |           3|           1|          36|          54|          54|
|rotate      |           2|           1|           1|           8|           8|
|rotate      |           3|           5|          16|         160|          50|
|rescale     |           1|           2|           2|           0|           0|
|rescale     |           2|           1|           1|           0|           0|
|TOTAL       |            |          19|         103|       224.5|       114.5|

ROTATE             LEVEL       COUNT    LOAD(MB)
--------          ------      ------      ------
-16384                 2           1           8
3072                   3           1          10
2048                   3           1          10
-4096                  3           1          10
-1                     3           1          10
-8192                  3           1          10
1                      3           1          10
0                      3           2          20
-33                    3           1          10
-32                    3           1          10
1024                   3           1          10
-31                    3           1          10
31                     3           1          10
-12288                 3           1          10
32                     3           1          10
33                     3           1          10
TOTAL                             17         168

