Per-op stats for /conv/Conv in Main_graph:
|DATA        |       COUNT|        EXEC|    LOAD(MB)|    DRAM(MB)|
|--------    |      ------|      ------|      ------|      ------|
|PLAINTEXT   |           2|          73|        72.5|        72.5|
|ROTATE      |          12|          29|         168|         168|

|OP          |       LEVEL|       COUNT|        EXEC|    LOAD(MB)|    DRAM(MB)|
|--------    |      ------|      ------|      ------|      ------|      ------|
|add_cc      |           1|           1|           3|           0|           0|
|add_cc      |           2|          11|          89|           0|           0|
|add_cp      |           1|           1|           1|         0.5|         0.5|
|mul_cp      |           2|           1|          72|          72|          72|
|rotate      |           1|           1|           3|          12|           4|
|rotate      |           2|          11|          26|         156|          66|
|rescale     |           1|           1|           1|           0|           0|
|TOTAL       |            |          27|         195|       240.5|       142.5|

ROTATE             LEVEL       COUNT    LOAD(MB)
--------          ------      ------      ------
13824                  1           1           4
4608                   1           1           4
448                    2           1           6
256                    2           1           6
192                    2           1           6
128                    2           1           6
9                      2           1           6
8                      2           1           6
320                    2           1           6
1                      2           1           6
0                      2           2          12
64                     2           1           6
-2048                  2           1           6
-7                     2           1           6
-4096                  2           1           6
9216                   1           1           4
-1                     2           1           6
-6144                  2           1           6
-8                     2           1           6
-8192                  2           1           6
-10240                 2           1           6
-9                     2           1           6
-12288                 2           1           6
-14336                 2           1           6
-16384                 2           1           6
384                    2           1           6
7                      2           1           6
-18432                 2           1           6
TOTAL                             29         168

Total stats for Main_graph:
|DATA        |       COUNT|        EXEC|    LOAD(MB)|    DRAM(MB)|
|--------    |      ------|      ------|      ------|      ------|
|PLAINTEXT   |           2|          73|        72.5|        72.5|
|ROTATE      |          12|          29|         168|         168|

|OP          |       LEVEL|       COUNT|        EXEC|    LOAD(MB)|    DRAM(MB)|
|--------    |      ------|      ------|      ------|      ------|      ------|
|add_cc      |           1|           1|           3|           0|           0|
|add_cc      |           2|          11|          89|           0|           0|
|add_cp      |           1|           1|           1|         0.5|         0.5|
|mul_cp      |           2|           1|          72|          72|          72|
|rotate      |           1|           1|           3|          12|           4|
|rotate      |           2|          11|          26|         156|          66|
|rescale     |           1|           1|           1|           0|           0|
|TOTAL       |            |          27|         195|       240.5|       142.5|

ROTATE             LEVEL       COUNT    LOAD(MB)
--------          ------      ------      ------
13824                  1           1           4
4608                   1           1           4
448                    2           1           6
256                    2           1           6
192                    2           1           6
128                    2           1           6
9                      2           1           6
8                      2           1           6
320                    2           1           6
1                      2           1           6
0                      2           2          12
64                     2           1           6
-2048                  2           1           6
-7                     2           1           6
-4096                  2           1           6
9216                   1           1           4
-1                     2           1           6
-6144                  2           1           6
-8                     2           1           6
-8192                  2           1           6
-10240                 2           1           6
-9                     2           1           6
-12288                 2           1           6
-14336                 2           1           6
-16384                 2           1           6
384                    2           1           6
7                      2           1           6
-18432                 2           1           6
TOTAL                             29         168

