gemv_4096x4096.onnx
gemv_4096x4096.c
gemv_4096x4096.onnx.c
gemv_4096x4096.t
86.41 485456
rm: cannot remove './gemv_4096x4096.out': No such file or directory

real	0m0.162s
user	0m0.133s
sys	0m0.029s
ckks_param: _provider = 0, _poly_degree = 65536, mul_depth = 2, input_lev = 3, _first_mod_size = 60, _scaling_mod_size = 56, _num_q_parts = 2, _num_p = 2, _num_rot_idx = 70,_hamming_weight = 192
input(tensor): [
 -0.094722
 -0.025464
 -0.068761
 -0.084887
 0.079590
 0.012745
 0.034872
 0.024836
 -0.043025
 -0.077890
 -0.096833
 0.073382
 0.032853
 -0.079316
 0.090940
 -0.004100
 -0.062011
 -0.055766
 -0.037091
 -0.035140
 -0.071170
 -0.037642
 -0.031268
 -0.017845
 0.028162
 -0.052365
 0.032098
 0.057739
 -0.044989
 0.026345
 0.078508
 -0.014210
 0.021818
 0.054597
 0.064255
 -0.066682
 0.030572
 -0.047208
 0.007047
 0.041048
 0.086480
 -0.065494
 0.032592
 -0.056490
 0.074078
 -0.020240
 0.004264
 0.019969
 0.076742
 -0.004990
 -0.098429
 -0.032618
 -0.045076
 -0.072300
 -0.041751
 0.073097
 -0.052400
 -0.028264
 -0.060227
 0.023545
 -0.027520
 0.082515
 0.073287
 -0.022261
 0.078154
 -0.029554
 0.066677
 -0.084071
 0.045997
 0.057321
 -0.071411
 -0.034459
 -0.090188
 -0.004954
 -0.096699
 -0.041846
 0.026995
 0.042239
 -0.002748
 -0.033325
 -0.083038
 0.017535
 -0.082348
 -0.005202
 0.015519
 -0.009889
 -0.060700
 0.002526
 0.008363
 0.023313
 -0.030325
 0.065015
 -0.007229
 0.017523
 -0.033490
 0.000162
 0.049038
 -0.067341
 -0.068295
 0.007665
 0.086489
 -0.055244
 0.009773
 0.049968
 0.051106
 -0.003144
 0.072266
 0.026242
 -0.092831
 0.004088
 0.064951
 -0.023585
 -0.020624
 -0.044358
 -0.046764
 -0.028479
 -0.019974
 -0.036552
 0.038435
 -0.024003
 -0.027276
 -0.044586
 0.029323
 0.045878
 -0.051995
 0.027421
 -0.073499
 0.078999
 0.092660
 -0.031115
 -0.027295
 0.040039
 0.066609
 -0.066050
 0.064857
 -0.052131
 0.077309
 0.095666
 -0.088879
 0.097875
 -0.096480
 -0.022587
 -0.016830
 0.003277
 -0.091275
 0.055763
 -0.047802
 0.047922
 0.081579
 0.091325
 0.046277
 0.097478
 0.037580
 0.031644
 -0.044194
 -0.090265
 -0.026301
 -0.046819
 0.076719
 0.036639
 0.083886
 0.087041
 -0.082497
 0.081231
 0.090848
 -0.049133
 -0.035193
 0.074002
 0.041819
 0.051371
 0.096870
 0.038343
 0.080446
 0.056267
 -0.052527
 -0.030551
 0.098168
 -0.027017
 0.081587
 0.038684
 -0.036311
 0.012935
 -0.067010
 0.053004
 0.010772
 0.056273
 0.082707
 -0.001727
 0.062167
 0.074670
 -0.078974
 -0.096062
 -0.039848
 0.019395
 -0.075791
 0.068708
 0.004748
 -0.017421
 0.064534
 -0.080149
 -0.093978
 -0.069096
 -0.036991
 0.087064
 -0.049500
 0.085881
 0.079641
 -0.062013
 0.014506
 0.077336
 -0.094463
 -0.016616
 -0.094062
 -0.066241
 0.073312
 -0.001682
 -0.067971
 -0.026768
 -0.071396
 -0.038601
 -0.081619
 -0.018000
 0.072474
 -0.024448
 0.037404
 0.078393
 0.014972
 0.028604
 0.019525
 -0.091878
 0.003955
 -0.030010
 -0.092598
 -0.053939
 -0.012694
 0.057835
 0.088553
 -0.009938
 -0.046724
 -0.099049
 0.062145
 -0.056795
 -0.016261
 -0.088095
 0.087227
 -0.069309
 0.041868
 0.075592
 0.023104
 0.084635
 0.062904
 0.048726
 0.052661
 -0.074141
 -0.084257
 0.080529
 0.041720
 0.060789
 -0.077789
 0.013809
 0.051124
 0.067547
 -0.092727
 -0.000490
 0.049403
 0.022991
 0.058443
 -0.097411
 0.056001
 0.015874
 -0.046164
 -0.065899
 -0.033344
 0.032161
 -0.069096
 0.066593
 -0.053698
 -0.058631
 0.091736
 -0.064940
 0.016817
 0.088954
 0.018038
 -0.091516
 -0.016673
 -0.078649
 0.094321
 0.038482
 0.047240
 -0.013845
 -0.053002
 0.030663
 0.060828
 0.090906
 0.038802
 -0.026302
 0.025172
 0.025587
 0.061395
 -0.037083
 -0.035461
 0.085696
 0.011730
 -0.064455
 0.013207
 -0.098519
 -0.033812
 -0.006083
 -0.051601
 -0.049018
 0.034337
 -0.036090
 0.039047
 -0.028692
 0.000948
 -0.085711
 0.024927
 -0.062599
 0.043845
 -0.002486
 -0.035921
 0.099189
 -0.048669
 0.011103
 -0.013165
 0.064440
 -0.044491
 -0.077880
 -0.097468
 0.068182
 0.073364
 -0.011278
 0.085206
 -0.095568
 0.030125
 -0.054945
 -0.081403
 -0.063523
 0.090728
 0.015561
 0.088215
 0.089207
 -0.035297
 -0.067603
 0.027258
 -0.007186
 0.001463
 -0.068746
 0.077363
 -0.078030
 0.085576
 0.023073
 -0.040973
 -0.056277
 0.058329
 0.005807
 0.029543
 0.035969
 -0.038208
 -0.047629
 -0.074278
 -0.001007
 0.015715
 0.097912
 -0.063870
 -0.038271
 0.085320
 0.035533
 0.024334
 -0.019935
 -0.050000
 0.085581
 -0.022601
 0.009685
 -0.048743
 0.025964
 -0.068010
 -0.072643
 -0.053835
 -0.055492
 -0.036086
 0.003510
 0.095515
 0.050498
 0.048247
 0.082431
 0.066326
 -0.033870
 0.014243
 -0.003323
 -0.056147
 0.049771
 -0.050790
 0.022044
 -0.079444
 -0.019134
 -0.068429
 0.005003
 0.002458
 -0.036881
 -0.095418
 -0.075376
 0.061834
 -0.049606
 0.019066
 -0.089992
 0.071645
 0.011657
 -0.060685
 0.069339
 0.085375
 -0.065258
 0.020919
 0.076367
 0.026490
 -0.079305
 0.023993
 -0.062653
 -0.023200
 -0.064408
 -0.067500
 -0.095425
 -0.062588
 -0.044984
 -0.010699
 0.041900
 -0.058228
 0.092949
 0.036474
 0.059604
 -0.067472
 -0.009561
 -0.095737
 -0.033174
 0.078238
 0.022085
 0.030765
 -0.069759
 -0.024401
 0.040434
 -0.008880
 0.021484
 0.081600
 0.069631
 0.059293
 -0.037494
 0.074931
 0.047537
 0.088378
 -0.003335
 0.067997
 -0.070141
 -0.045372
 -0.083186
 0.028333
 -0.016178
 0.041430
 -0.060595
 0.088862
 -0.027839
 -0.044782
 0.083613
 0.049914
 0.027351
 -0.098740
 -0.078559
 0.002199
 0.016176
 0.091538
 0.020815
 -0.047543
 -0.083276
 -0.004371
 -0.044968
 -0.071646
 -0.085121
 0.096850
 0.010782
 0.040318
 0.000136
 -0.078704
 0.070104
 0.077003
 -0.085251
 -0.085017
 0.073243
 0.064240
 -0.049526
 -0.014900
 0.016628
 -0.013082
 -0.017223
 -0.096647
 0.051472
 -0.026102
 -0.021734
 -0.049993
 -0.000069
 0.062511
 -0.018916
 -0.088231
 0.035480
 0.055677
 -0.027805
 -0.024608
 -0.000173
 0.073785
 -0.037087
 -0.053147
 0.055969
 0.089515
 -0.034035
 0.028377
 -0.012493
 -0.028741
 -0.033150
 -0.069581
 0.009468
 0.097389
 -0.065149
 -0.084934
 -0.001304
 -0.030405
 0.011663
 0.047252
 0.056388
 0.060822
 -0.047408
 0.030782
 -0.030635
 -0.099999
 0.047663
 -0.043737
 -0.056835
 0.071444
 0.083393
 0.056434
 -0.055685
 -0.089527
 0.016901
 0.030651
 -0.051183
 0.037056
 0.063274
 0.058317
 -0.009745
 0.050332
 0.012611
 0.093734
 0.091947
 -0.055037
 0.076983
 -0.027601
 -0.004368
 -0.026533
 0.022480
 0.082149
 0.029638
 0.039072
 0.040928
 -0.001610
 0.041428
 -0.088990
 -0.043355
 0.001094
 -0.000806
 -0.097872
 0.027748
 -0.036975
 0.080207
 0.011331
 -0.096465
 0.087424
 -0.043831
 0.051961
 -0.041181
 0.081059
 0.083133
 0.009374
 0.004044
 -0.037880
 0.032993
 -0.014639
 -0.078731
 -0.041189
 -0.025040
 0.045184
 -0.060812
 0.053104
 0.084259
 -0.094468
 -0.028839
 -0.020320
 -0.056236
 -0.053219
 -0.069452
 -0.065271
 -0.097899
 0.090758
 0.073721
 0.024348
 -0.027465
 0.080614
 -0.051465
 -0.031482
 0.028238
 -0.083858
 0.001736
 0.082893
 -0.057229
 -0.091118
 -0.022501
 -0.001019
 0.076157
 0.004645
 -0.070546
 0.041840
 -0.006614
 0.071402
 -0.042399
 -0.000817
 -0.017365
 -0.089812
 0.073118
 -0.085544
 0.016466
 -0.088591
 0.063821
 0.060320
 0.010085
 -0.057839
 -0.034051
 0.034860
 -0.009981
 -0.028711
 0.062884
 0.054445
 -0.075498
 -0.061612
 -0.011800
 -0.051940
 -0.083842
 0.009511
 -0.041719
 -0.080744
 -0.043318
 -0.028862
 -0.095037
 0.042139
 0.030282
 -0.068820
 0.093911
 -0.020767
 0.034792
 -0.079540
 0.042548
 -0.099169
 0.030358
 0.047647
 0.054467
 0.009439
 0.004391
 -0.017505
 -0.080032
 -0.076683
 0.079366
 0.050982
 0.050457
 0.022859
 -0.012224
 0.062233
 0.083323
 0.055159
 0.026526
 -0.002380
 0.089273
 0.006233
 -0.084574
 -0.049147
 -0.039540
 -0.056315
 -0.000478
 0.071445
 -0.076402
 0.080829
 -0.093424
 -0.003739
 0.034974
 0.085240
 -0.074456
 -0.041255
 -0.028241
 0.090588
 -0.093427
 -0.002165
 -0.090257
 0.026043
 0.059641
 0.036137
 -0.035383
 0.090671
 0.068224
 0.060244
 -0.056538
 0.016762
 0.038951
 -0.071969
 0.048291
 0.024323
 -0.018507
 -0.049024
 -0.004482
 0.051334
 -0.053564
 0.041791
 0.044470
 -0.000040
 -0.032442
 -0.044236
 -0.002019
 0.049562
 0.046437
 -0.072942
 -0.059566
 0.046143
 0.075290
 0.035178
 -0.087611
 -0.018864
 0.055067
 0.031779
 -0.026693
 -0.020559
 0.079282
 -0.074914
 -0.075031
 -0.049479
 -0.083518
 0.018615
 0.040111
 -0.002042
 -0.046078
 0.072348
 -0.015164
 0.058857
 -0.092460
 -0.044657
 0.002765
 0.085172
 0.067267
 0.013846
 -0.051314
 -0.066816
 0.032299
 0.006621
 0.063305
 0.005049
 -0.004943
 0.060659
 -0.006367
 -0.094387
 -0.088046
 0.084956
 -0.045572
 -0.062971
 0.011274
 0.044745
 -0.054957
 0.046192
 -0.025002
 0.045610
 0.035920
 0.026415
 0.062381
 -0.025021
 0.073253
 -0.033484
 -0.026756
 0.081491
 -0.036570
 -0.003752
 -0.086053
 -0.093029
 0.005205
 -0.003763
 0.000840
 -0.068859
 -0.046944
 0.072667
 0.047709
 0.024982
 0.043440
 -0.014812
 0.028981
 -0.095829
 -0.091539
 -0.097289
 0.060993
 0.015910
 0.047571
 -0.020736
 0.059839
 0.042690
 -0.074994
 0.033068
 0.094717
 -0.066312
 -0.055291
 -0.059889
 0.014379
 0.044655
 -0.087808
 0.077190
 0.079980
 0.041116
 -0.041173
 -0.010378
 0.088328
 -0.046583
 0.028397
 -0.041524
 -0.067881
 0.018536
 0.050870
 0.089607
 0.092066
 -0.030870
 -0.050246
 -0.027927
 0.053217
 -0.068151
 -0.059699
 0.016763
 0.094207
 0.090989
 0.031966
 0.010979
 -0.048477
 -0.005753
 0.026506
 -0.042499
 0.015932
 -0.087959
 -0.076946
 0.092994
 -0.083557
 0.078602
 -0.038162
 0.054305
 -0.015009
 0.052079
 -0.009950
 -0.077346
 -0.086115
 -0.071796
 0.020309
 0.013320
 0.001536
 0.053173
 0.019765
 0.021165
 -0.083182
 -0.015667
 0.020183
 0.091383
 -0.039650
 -0.015351
 -0.000685
 -0.005486
 0.089577
 -0.072382
 -0.019579
 0.077603
 0.057912
 -0.026609
 0.046617
 -0.057529
 -0.052030
 -0.033369
 -0.029535
 -0.053927
 -0.042847
 -0.031046
 0.072677
 -0.094513
 -0.063560
 -0.080636
 0.020812
 -0.084889
 -0.097436
 -0.016593
 -0.067130
 -0.083295
 -0.088695
 0.089616
 0.004689
 -0.075015
 -0.014417
 -0.078145
 0.051635
 -0.041778
 0.053760
 -0.054138
 0.013691
 -0.002332
 0.092562
 -0.021457
 -0.081321
 0.078993
 0.094430
 0.058699
 -0.070707
 -0.057731
 0.060343
 0.052315
 0.089119
 0.029812
 0.022129
 -0.025512
 -0.084775
 0.064031
 -0.090012
 -0.099313
 0.036974
 0.035179
 0.094668
 0.016501
 0.042171
 0.066221
 -0.049020
 0.013632
 0.026800
 0.041510
 0.079942
 0.018883
 0.093417
 -0.086338
 -0.094389
 -0.009327
 -0.029944
 -0.042887
 -0.093461
 0.088934
 -0.007619
 0.067204
 -0.098702
 0.087235
 -0.035614
 -0.002580
 0.011295
 -0.076163
 0.067910
 -0.092722
 0.054209
 -0.067569
 0.071357
 0.052561
 0.099883
 0.026055
 0.067306
 -0.004469
 0.029409
 -0.042574
 0.039232
 -0.020110
 -0.095125
 -0.069933
 0.028628
 0.086331
 0.052338
 -0.083040
 -0.072088
 0.009317
 0.066150
 0.033267
 0.003937
 0.014362
 -0.033312
 -0.057093
 0.086193
 0.029055
 0.063551
 0.032444
 -0.022623
 0.044849
 0.014112
 -0.021067
 0.061814
 0.016977
 -0.002927
 -0.022399
 0.082436
 -0.031191
 -0.091295
 0.043137
 0.025520
 -0.050070
 -0.001533
 0.046547
 0.022112
 -0.067717
 -0.055405
 0.005349
 -0.050541
 0.014036
 -0.055282
 -0.097773
 -0.065658
 0.085805
 -0.046958
 -0.098887
 0.084049
 0.042763
 -0.003985
 -0.068109
 0.018267
 0.001146
 -0.055790
 -0.016844
 0.091017
 0.025833
 0.065894
 -0.040624
 -0.082953
 0.031863
 -0.061907
 -0.017141
 -0.041929
 -0.054216
 0.022953
 -0.050425
 -0.001059
 0.022887
 0.063725
 -0.069662
 -0.079001
 -0.034335
 0.001147
 0.080003
 0.056994
 0.059866
 0.063640
 -0.008081
 -0.045310
 0.089343
 -0.076951
 0.066763
 0.090473
 0.005833
 -0.031443
 -0.041700
 -0.023256
 -0.028054
 -0.091034
 0.004861
 -0.074847
 0.014782
 -0.085754
 -0.061444
 0.016619
 0.044322
 -0.030757
 0.064401
 -0.019919
 -0.090194
 0.032482
 -0.082110
 0.037982
 -0.014476
 -0.002072
 0.024620
 -0.095240
 0.016193
 -0.076944
 -0.062995
 0.026521
 0.029355
 -0.022517
 0.094994
 -0.033350
 0.012272
 0.016752
 0.008664
 0.011114
 -0.069583
 -0.091725
 0.074616
 -0.063833
 -0.015673
 -0.088188
 -0.053088
 0.014885
 -0.085593
 -0.079421
 0.074732
 -0.056261
 0.099451
 0.054133
 0.039692
 0.090822
 0.061682
 0.019200
 0.093391
 -0.007466
 0.018479
 0.094820
 0.061276
 0.048596
 0.078341
 -0.063565
 0.010250
 0.085998
 0.075770
 0.036141
 -0.067338
 0.073789
 0.012945
 0.067074
 0.088755
 0.094503
 0.004072
 0.004230
 0.048600
 -0.003097
 0.036154
 0.086292
 -0.093747
 -0.025558
 0.033492
 0.039002
 0.082867
 0.067386
 -0.073149
 0.096515
 0.074551
 -0.042136
 -0.046505
 0.082449
 -0.011497
 0.020711
 0.086065
 -0.039073
 -0.029689
 -0.031308
 -0.031182
 -0.042921
 -0.080482
 -0.007370
 -0.032797
 0.017578
 -0.043934
 0.026061
 0.026422
 0.072820
 -0.006342
 -0.040122
 -0.010648
 0.053300
 0.022907
 -0.097883
 -0.082821
 -0.031854
 -0.048155
 -0.037651
 0.099549
 0.008953
 -0.058928
 -0.093022
 0.085868
 -0.028599
 0.028293
 0.089455
 -0.027168
 0.010184
 0.003139
 -0.041677
 -0.019136
 0.061150
 -0.004220
 0.007444
 -0.013395
 -0.057922
 0.013310
 0.003353
 0.010303
 0.049658
 0.090485
 0.075169
 0.017725
 -0.064087
 0.072373
 -0.072018
 -0.076498
 -0.094727
 0.073569
 0.012547
 0.015033
 -0.067402
 -0.059760
 -0.027895
 -0.066846
 0.023819
 -0.080606
 -0.019982
 -0.052346
 0.094467
 -0.008781
 -0.089942
 -0.061622
 0.080864
 -0.030521
 -0.062537
 -0.033164
 0.062893
 -0.017281
 -0.090176
 -0.085776
 -0.015565
 -0.038486
 0.088974
 -0.027174
 -0.015211
 -0.044051
 0.033785
 0.001531
 0.071022
 0.076494
 -0.048629
 -0.004290
 0.046789
 0.056477
 0.071150
 -0.094317
 0.016937
 0.057915
 0.024560
 0.059236
 -0.028102
 0.029419
 0.048194
 -0.003172
 0.051041
 -0.036784
 -0.072067
 -0.065553
 -0.022315
 0.076372
 0.032218
 -0.078035
 -0.096287
 0.014093
 0.091155
 0.042393
 -0.024586
 0.021475
 -0.053394
 -0.069576
 -0.064502
 0.015689
 0.056631
 -0.034272
 -0.072102
 -0.029617
 0.097388
 0.045874
 0.059181
 0.013225
 0.003624
 0.073081
 0.080223
 0.083157
 -0.094722
 0.019616
 -0.042238
 -0.015186
 0.089239
 0.056939
 0.025959
 0.043195
 -0.061307
 0.013920
 0.050845
 -0.011519
 -0.083979
 -0.000536
 -0.040956
 0.081050
 -0.078241
 -0.066540
 0.097914
 0.021092
 0.009269
 0.081265
 -0.080805
 0.064891
 0.072371
 -0.026558
 0.023844
 -0.049888
 0.058892
 -0.087928
 0.075743
 0.029755
 0.053706
 0.030918
 -0.035412
 -0.066702
 -0.016281
 0.034093
 -0.006775
 -0.046006
 -0.044051
 0.025684
 -0.045074
 -0.021561
 0.055361
 -0.046086
 0.051508
 0.089104
 0.026375
 -0.027895
 0.045703
 0.067034
 -0.012238
 0.044430
 -0.044743
 0.062168
 -0.019444
 0.015856
 -0.071086
 0.005102
 -0.049554
 -0.063671
 0.077627
 0.022969
 0.011470
 -0.095630
 0.040047
 -0.067455
 0.073281
 -0.057824
 0.076216
 0.005772
 0.006309
 -0.069412
 0.012690
 -0.012959
 0.069301
 -0.032154
 0.009931
 0.048150
 -0.020805
 -0.042757
 0.020763
 -0.038558
 0.046408
 -0.007384
 0.013784
 0.029351
 0.072568
 0.044792
 -0.028977
 0.087271
 0.082674
 0.007068
 0.054455
 -0.000423
 0.062902
 0.031342
 0.001507
 0.084725
 -0.056464
 0.009057
 -0.057212
 0.065180
 0.094257
 -0.061866
 0.029526
 0.056131
 -0.043353
 0.015070
 0.012435
 0.037165
 -0.097828
 0.013348
 0.097582
 0.069889
 0.093342
 0.063100
 0.042193
 -0.054568
 0.039343
 0.007683
 0.061637
 0.014829
 -0.006798
 0.086345
 0.020344
 0.092671
 -0.088321
 -0.024823
 0.032495
 -0.059803
 -0.009209
 0.053743
 0.055383
 -0.099039
 -0.013012
 0.035777
 0.038661
 -0.014175
 0.019054
 -0.025737
 -0.060103
 -0.023785
 0.090967
 -0.058175
 0.057893
 -0.089390
 0.063851
 -0.043911
 0.034642
 0.062389
 -0.003918
 -0.066401
 0.049938
 0.046244
 0.062729
 -0.095111
 0.097359
 0.034786
 -0.035425
 -0.039359
 -0.001815
 -0.002223
 0.088251
 0.052960
 -0.080588
 -0.079072
 -0.063365
 0.067959
 0.010365
 -0.063654
 -0.025698
 -0.035627
 0.003920
 -0.017900
 0.061072
 -0.054669
 -0.019556
 -0.086875
 -0.040602
 0.004332
 0.070733
 -0.022336
 0.000053
 -0.009641
 -0.015946
 -0.009967
 -0.098849
 0.030576
 -0.023779
 -0.021318
 -0.072054
 -0.062968
 0.080161
 -0.005587
 -0.027771
 -0.045918
 -0.063805
 -0.078030
 0.078547
 0.057946
 -0.055588
 -0.084928
 -0.013888
 -0.023568
 0.012397
 0.045585
 0.083875
 0.036801
 -0.045754
 0.051626
 0.090251
 0.080458
 -0.047620
 0.007418
 0.030690
 0.008920
 0.076063
 0.045026
 -0.087627
 -0.049715
 -0.010212
 0.013510
 -0.082622
 0.086083
 -0.068297
 -0.028603
 0.082289
 0.000692
 -0.048074
 -0.060490
 -0.039097
 -0.083191
 0.066900
 0.051499
 -0.099167
 -0.079871
 -0.072688
 0.050180
 -0.019882
 0.002243
 -0.042547
 -0.056874
 0.072853
 0.085928
 -0.017971
 0.018664
 -0.001980
 -0.040446
 -0.040313
 -0.091357
 -0.006468
 0.005109
 -0.086602
 -0.040848
 -0.066379
 0.011032
 0.094523
 -0.032615
 -0.058178
 -0.000771
 -0.098882
 0.085813
 -0.004869
 0.066572
 0.017306
 -0.076434
 0.032457
 -0.079131
 -0.058930
 -0.039459
 -0.028258
 -0.034473
 -0.004198
 -0.013040
 0.000388
 -0.073637
 -0.097848
 0.060021
 -0.088880
 -0.021467
 0.060545
 0.074022
 -0.095728
 0.010357
 0.000385
 0.036129
 -0.087689
 0.002542
 0.056144
 -0.094589
 0.010154
 0.049020
 0.017747
 -0.095223
 -0.075760
 0.020068
 -0.077050
 -0.074659
 0.074595
 -0.002906
 0.020308
 -0.082214
 -0.098380
 -0.012269
 -0.091001
 -0.014190
 -0.000330
 -0.055726
 -0.087392
 -0.001884
 0.072442
 -0.096400
 -0.038017
 0.026869
 -0.016078
 0.070587
 0.047736
 0.089744
 -0.025082
 -0.050143
 0.060189
 0.064072
 0.034343
 0.063414
 -0.005404
 -0.048750
 -0.014082
 -0.008405
 -0.050321
 -0.001845
 0.051933
 -0.071775
 0.058326
 0.034736
 -0.082220
 0.074603
 -0.003780
 0.093906
 0.055075
 0.090223
 -0.050390
 0.039615
 -0.015129
 -0.053141
 0.033668
 0.065288
 0.034898
 -0.096350
 -0.015017
 0.056279
 -0.012925
 -0.003648
 0.023967
 0.034231
 -0.011880
 -0.027792
 -0.002828
 -0.024893
 0.091965
 0.030514
 -0.028859
 -0.084794
 0.029544
 0.069387
 0.084976
 0.073746
 0.033424
 0.001625
 -0.079945
 0.059296
 0.052242
 -0.037768
 0.096786
 0.002500
 -0.022771
 -0.043736
 -0.096512
 -0.014427
 0.071120
 0.040232
 0.083529
 0.066808
 0.042250
 -0.032579
 -0.038615
 -0.007623
 -0.018236
 0.025289
 -0.059004
 0.096136
 0.021163
 -0.060450
 0.022189
 -0.027530
 -0.011940
 0.062497
 0.020663
 0.062198
 0.079730
 -0.041769
 -0.010217
 0.021576
 0.040164
 0.064189
 -0.002889
 -0.032076
 -0.006748
 0.049116
 -0.091506
 -0.003162
 -0.028643
 -0.044504
 0.045678
 0.033068
 0.084120
 0.093828
 -0.027129
 -0.007143
 0.064379
 -0.098702
 -0.012736
 -0.058130
 0.015607
 -0.031615
 0.068433
 -0.039777
 0.020107
 0.013609
 0.049180
 -0.044425
 0.047124
 0.061142
 -0.078440
 0.020418
 0.084202
 0.034651
 0.054150
 -0.045808
 -0.069101
 -0.068028
 -0.072242
 0.042386
 0.005874
 -0.004074
 -0.087175
 0.043236
 0.045887
 -0.033261
 -0.023536
 -0.054958
 0.081361
 -0.007144
 -0.051273
 0.048596
 0.016679
 -0.008257
 -0.011281
 -0.043127
 -0.019780
 -0.065330
 0.010016
 0.044877
 0.079932
 0.065555
 -0.002249
 0.080577
 -0.026412
 0.004894
 -0.046297
 0.076964
 -0.031065
 -0.099969
 -0.092444
 -0.021730
 0.037772
 0.014969
 -0.078363
 0.065656
 -0.093596
 0.023489
 0.098752
 0.046277
 0.008643
 0.090622
 -0.032660
 0.003712
 -0.039378
 -0.044527
 -0.064861
 0.071255
 -0.091504
 0.070118
 -0.091133
 -0.002337
 -0.015458
 -0.061840
 0.006704
 0.050965
 -0.095545
 -0.014682
 0.011838
 0.088322
 -0.024669
 -0.041997
 0.099360
 0.065431
 -0.062551
 0.025179
 -0.018753
 -0.006819
 -0.048648
 -0.016862
 -0.038790
 0.081155
 -0.025470
 -0.056760
 0.053193
 0.093252
 0.075913
 -0.093741
 0.029744
 0.072307
 -0.042151
 0.007943
 -0.058418
 0.002552
 -0.067343
 -0.082095
 0.026732
 0.035326
 -0.072577
 0.079225
 0.098377
 -0.047398
 -0.053872
 0.098690
 0.038277
 0.056527
 0.040214
 -0.012149
 -0.057213
 -0.079512
 0.010807
 -0.038347
 0.013663
 0.086159
 -0.022194
 -0.062520
 0.092108
 -0.042158
 0.061727
 -0.060182
 -0.085640
 -0.027316
 0.053991
 0.077228
 0.054155
 0.080573
 -0.031690
 0.038792
 -0.063618
 0.046031
 0.087507
 0.057436
 -0.081333
 -0.041561
 0.062476
 -0.059943
 0.062825
 0.029713
 0.060439
 0.050901
 0.061338
 -0.056185
 0.024660
 0.092715
 0.030926
 0.042560
 -0.070874
 0.011416
 0.086338
 -0.014523
 0.086447
 0.039687
 0.028603
 -0.017988
 0.064231
 -0.076896
 -0.068177
 -0.087816
 -0.019697
 -0.060600
 0.011688
 0.026485
 -0.060177
 -0.033763
 0.084046
 0.058288
 0.095899
 -0.098364
 -0.025812
 -0.074259
 -0.070689
 -0.043462
 0.081900
 -0.023944
 0.064641
 0.024245
 0.099793
 0.032226
 -0.085718
 0.041134
 0.000674
 -0.078858
 -0.006105
 -0.047978
 -0.077023
 -0.020085
 0.073448
 0.031124
 0.014498
 0.048273
 0.050606
 0.036169
 0.065478
 -0.042408
 -0.098891
 -0.013707
 -0.080303
 0.058577
 -0.052356
 0.055631
 -0.038921
 -0.042285
 -0.025580
 -0.045922
 0.040404
 0.002997
 -0.064186
 -0.018298
 0.084495
 -0.031676
 0.079965
 0.086015
 -0.020218
 -0.084893
 0.080747
 -0.076153
 0.026201
 0.053313
 -0.028722
 0.034407
 0.041324
 0.017354
 -0.092886
 -0.084871
 -0.086797
 0.088834
 -0.000786
 0.094523
 -0.004272
 0.017949
 0.000951
 0.000435
 -0.006989
 -0.035273
 0.072269
 0.017919
 -0.012086
 -0.081541
 -0.033840
 -0.010182
 0.040166
 0.083985
 0.076801
 0.027716
 -0.060366
 0.056555
 0.042612
 -0.031388
 -0.072347
 0.000132
 0.026428
 -0.093623
 -0.013665
 -0.084737
 -0.067795
 -0.071038
 0.054866
 -0.043065
 0.037108
 0.007038
 -0.049677
 -0.047983
 0.075867
 0.061780
 0.019809
 -0.021666
 0.017904
 0.006025
 0.046934
 0.050196
 -0.059508
 0.016610
 -0.078482
 -0.042236
 -0.004007
 0.069843
 -0.095424
 -0.051632
 -0.024206
 -0.069822
 0.099154
 0.054301
 0.030124
 -0.029640
 0.031823
 -0.091245
 0.027423
 -0.050298
 -0.028326
 -0.047530
 -0.032179
 -0.070815
 0.095879
 0.000633
 -0.029344
 0.016614
 -0.086371
 0.091751
 0.096634
 0.076517
 -0.079534
 -0.087916
 -0.052334
 0.058229
 -0.053945
 -0.071990
 0.015755
 0.022952
 0.083836
 -0.028799
 0.022517
 -0.091215
 -0.070033
 0.069781
 -0.046232
 0.005076
 0.079851
 -0.036586
 0.058883
 0.018701
 0.002127
 -0.045819
 -0.076439
 0.067170
 0.065754
 0.054203
 -0.091527
 -0.027899
 0.027766
 -0.080352
 -0.034616
 0.099522
 -0.072629
 0.022548
 0.025896
 0.022486
 0.031599
 -0.051109
 0.031394
 -0.019889
 -0.022307
 -0.066078
 0.021378
 0.075060
 0.013405
 0.082868
 0.091727
 -0.098368
 0.035772
 0.086304
 -0.006624
 0.055117
 -0.017234
 0.021864
 -0.092150
 -0.061372
 -0.008017
 0.070305
 0.015029
 -0.020971
 -0.019051
 -0.049340
 0.077337
 -0.025809
 -0.076540
 -0.021650
 -0.086707
 -0.071794
 -0.033601
 0.079972
 0.043653
 -0.096365
 0.025147
 -0.052597
 -0.024289
 -0.009368
 0.027359
 0.037429
 0.095498
 -0.091564
 -0.022731
 -0.057263
 -0.094635
 0.079007
 -0.040009
 -0.025987
 -0.006158
 0.022854
 -0.057598
 -0.022800
 0.000700
 -0.091746
 -0.090455
 -0.019690
 -0.002765
 0.030222
 -0.013190
 0.057436
 -0.050859
 0.022776
 0.068791
 0.013057
 0.077277
 0.058840
 -0.078628
 -0.024658
 0.023316
 0.060839
 0.000131
 -0.060622
 -0.065937
 -0.090535
 -0.042300
 -0.021447
 -0.065068
 0.043069
 -0.041860
 0.040353
 -0.010995
 -0.035463
 0.039054
 -0.062505
 0.003857
 -0.015846
 0.024730
 0.072913
 0.042743
 0.083102
 -0.065432
 -0.058575
 0.011077
 -0.038789
 -0.023242
 0.099854
 -0.063413
 -0.066079
 -0.078122
 0.070630
 -0.029109
 -0.033674
 0.099078
 0.095891
 0.079092
 0.010288
 0.067269
 -0.078634
 -0.045374
 -0.093096
 -0.061368
 0.010155
 -0.066727
 -0.017771
 -0.020695
 0.089684
 0.046905
 0.055326
 -0.083177
 0.046447
 0.004808
 -0.080689
 0.064580
 -0.054220
 -0.033797
 -0.082970
 -0.097836
 -0.022376
 -0.059559
 -0.007073
 -0.041020
 0.077738
 0.006478
 -0.081414
 -0.049636
 0.030274
 0.048303
 0.084013
 -0.056805
 0.090118
 -0.038566
 -0.076269
 0.071012
 -0.006963
 0.028288
 -0.030667
 0.067302
 0.060590
 -0.074456
 -0.099577
 -0.024646
 -0.042841
 -0.047531
 0.004368
 0.078976
 0.001817
 0.082863
 0.081305
 -0.002748
 0.089827
 -0.023839
 -0.048703
 0.062054
 -0.091157
 0.014956
 -0.048529
 -0.069778
 0.091892
 -0.093813
 0.014308
 0.012199
 0.037196
 -0.094855
 -0.003607
 -0.030654
 0.069241
 0.085568
 -0.091562
 -0.052794
 -0.051407
 -0.029721
 -0.077570
 -0.006516
 -0.060547
 -0.067454
 -0.004390
 -0.006850
 0.054471
 0.059820
 0.027496
 0.021487
 -0.071498
 0.078498
 -0.021540
 -0.093350
 -0.091791
 0.008314
 -0.013143
 0.085213
 0.062950
 0.076012
 0.006651
 -0.004896
 -0.081903
 0.096651
 -0.086769
 0.078306
 0.003074
 0.034209
 -0.058196
 -0.061015
 0.018093
 -0.089226
 0.073983
 0.016307
 0.027789
 -0.096407
 0.075324
 -0.054589
 0.063516
 -0.088470
 -0.094128
 0.049177
 -0.097746
 -0.030953
 0.078462
 -0.089819
 -0.081300
 -0.031044
 -0.012164
 -0.042067
 -0.081836
 -0.010364
 -0.044134
 0.013186
 -0.080458
 0.062203
 0.091786
 -0.021704
 -0.064375
 0.092444
 -0.015808
 -0.022950
 -0.026244
 0.053422
 0.084132
 -0.056535
 -0.033049
 0.014962
 0.036216
 0.079248
 0.054998
 0.020363
 0.080681
 0.022797
 0.098482
 0.070956
 -0.093620
 0.095111
 0.023323
 -0.042951
 0.069010
 0.017001
 0.093112
 -0.082774
 -0.073572
 -0.083044
 -0.045625
 0.017542
 -0.064840
 -0.087236
 0.088214
 -0.027845
 0.063622
 -0.087509
 0.020724
 -0.021508
 0.058602
 -0.081196
 -0.055586
 -0.081698
 0.092802
 0.058095
 -0.017817
 0.023038
 0.056072
 -0.061464
 -0.033504
 -0.096596
 -0.056350
 0.027776
 -0.067441
 -0.006381
 0.002000
 -0.041913
 -0.076899
 -0.076569
 -0.045172
 -0.022791
 0.095915
 -0.029382
 -0.066088
 -0.006127
 -0.003453
 0.039069
 -0.032811
 0.093432
 0.008774
 -0.042694
 -0.010419
 -0.066620
 -0.096726
 -0.098368
 -0.044201
 -0.050740
 0.006765
 0.045076
 0.016023
 -0.006326
 -0.014981
 -0.053973
 0.086759
 -0.084528
 -0.045330
 0.072725
 -0.026509
 -0.093239
 -0.008585
 0.044582
 -0.044717
 0.008040
 0.065142
 -0.036708
 0.066160
 -0.019765
 -0.069902
 0.070842
 0.035865
 -0.023285
 0.051627
 0.063285
 -0.081753
 0.017654
 0.083499
 0.001905
 -0.058182
 -0.088480
 0.066176
 0.049240
 -0.075297
 -0.077326
 -0.017789
 -0.071073
 -0.015273
 0.087929
 0.038092
 -0.094590
 -0.044493
 0.029800
 -0.096945
 -0.011769
 -0.050136
 0.073923
 -0.072726
 0.063664
 -0.056045
 0.076246
 0.069974
 0.079205
 -0.077840
 0.001361
 -0.048204
 -0.008960
 -0.061904
 -0.072271
 -0.068803
 -0.059138
 -0.088014
 0.002893
 0.066129
 0.099901
 0.049760
 0.098815
 -0.087384
 0.063606
 -0.046695
 0.099248
 0.057338
 0.068426
 0.056722
 -0.054113
 -0.023340
 0.016270
 0.026278
 -0.085806
 -0.003948
 0.079390
 -0.065866
 0.070677
 0.075602
 -0.037565
 0.025520
 0.054693
 -0.001597
 -0.075539
 -0.030748
 0.075581
 -0.044460
 -0.031485
 -0.090211
 -0.086297
 0.007741
 0.076100
 0.094337
 0.046607
 -0.041891
 -0.096238
 0.048463
 -0.092917
 0.054112
 0.073921
 -0.067212
 0.091353
 0.082250
 0.055023
 -0.088349
 0.024810
 0.094242
 -0.076415
 0.026654
 -0.095582
 0.079613
 -0.039849
 0.024781
 -0.027306
 0.004664
 0.076067
 -0.058858
 -0.060327
 -0.054302
 0.009879
 0.012725
 -0.094914
 0.022935
 -0.004557
 0.094437
 0.004198
 -0.026841
 0.091536
 -0.027732
 -0.034548
 0.042125
 -0.000756
 -0.058590
 -0.055118
 0.021177
 0.066635
 -0.079530
 -0.015658
 0.031052
 -0.046989
 -0.026289
 -0.084467
 0.002430
 0.075761
 -0.098448
 -0.019755
 0.091090
 0.034991
 -0.003180
 -0.051180
 0.068038
 0.033563
 -0.037929
 0.067537
 0.077783
 0.037413
 -0.031309
 -0.043285
 -0.024041
 0.010829
 0.097624
 -0.030680
 -0.020954
 -0.060288
 -0.024168
 -0.047395
 0.077808
 -0.086002
 0.089912
 0.098287
 -0.004648
 -0.032397
 0.071087
 -0.002018
 0.017501
 0.093528
 0.053972
 -0.094133
 -0.094650
 -0.049880
 0.020190
 -0.041316
 -0.000426
 -0.053166
 -0.007804
 0.009914
 -0.029118
 0.041602
 0.039995
 -0.016916
 0.019078
 0.092590
 -0.069179
 -0.003007
 -0.003334
 0.049111
 -0.059998
 -0.044195
 0.060676
 0.066303
 -0.060356
 0.033433
 0.075248
 -0.053894
 0.058777
 0.097314
 0.004564
 0.045149
 -0.091712
 0.049983
 -0.012789
 0.038918
 -0.036850
 0.039546
 0.032729
 0.042626
 0.058967
 0.024911
 -0.039176
 0.085342
 0.075943
 0.074663
 0.088114
 0.015544
 -0.080930
 0.079128
 -0.076828
 0.021476
 -0.001057
 -0.077089
 -0.018029
 -0.046599
 -0.010384
 0.032633
 -0.088377
 0.009992
 0.066241
 0.066541
 0.050840
 0.096609
 0.059805
 -0.007794
 -0.012644
 -0.084009
 -0.055218
 0.010357
 -0.007109
 0.091455
 0.073357
 0.006663
 0.002716
 0.024638
 0.050384
 -0.044757
 0.030057
 -0.036488
 0.029993
 -0.001131
 0.073658
 0.058895
 -0.067745
 -0.075260
 -0.056456
 -0.081228
 0.044134
 0.048966
 0.069031
 -0.019780
 0.080496
 0.013555
 -0.094035
 -0.039462
 0.084984
 0.011572
 -0.052602
 -0.080829
 -0.060553
 0.046256
 -0.014985
 0.019986
 -0.044843
 0.023778
 -0.018674
 0.045264
 0.065172
 -0.088295
 -0.014545
 -0.093090
 -0.068747
 -0.067530
 -0.026223
 0.091556
 0.020248
 -0.034056
 0.003876
 -0.007735
 -0.021232
 -0.061412
 -0.068890
 -0.087896
 0.066116
 -0.041059
 -0.053647
 -0.048593
 -0.097987
 -0.086100
 0.056502
 0.052671
 0.064400
 0.002233
 0.021072
 -0.076878
 0.016445
 0.066484
 0.086875
 0.002586
 0.096370
 -0.072540
 -0.099130
 0.087737
 -0.089307
 0.013796
 -0.053594
 0.043293
 0.033349
 0.056134
 -0.000482
 -0.047790
 0.042930
 0.093078
 -0.011289
 -0.096595
 0.019347
 -0.043701
 0.002822
 -0.057720
 0.009009
 0.090940
 0.092112
 0.080387
 -0.042987
 0.029828
 -0.048949
 0.021851
 0.028488
 0.017341
 -0.096352
 -0.095112
 -0.008470
 -0.070208
 0.037959
 0.083621
 -0.075225
 -0.092101
 -0.072160
 -0.082548
 0.040214
 -0.031890
 0.023350
 0.052417
 0.065642
 -0.076864
 0.025386
 0.023370
 -0.049607
 0.074546
 -0.060250
 0.057587
 -0.050066
 -0.040290
 -0.075410
 -0.021428
 0.074512
 0.072470
 0.025673
 0.086697
 0.022015
 0.003596
 -0.051675
 -0.079653
 0.044934
 0.034052
 -0.023848
 0.020400
 -0.027715
 0.024529
 -0.056299
 -0.055264
 -0.016425
 -0.024913
 -0.039232
 -0.006519
 0.011894
 0.011189
 -0.089069
 0.025582
 0.023005
 -0.083473
 0.075982
 -0.096568
 0.014303
 -0.024781
 -0.068839
 0.083833
 0.007247
 -0.019897
 0.050825
 -0.071757
 0.023010
 0.092148
 0.067827
 -0.027065
 0.060538
 -0.055905
 -0.001762
 -0.068457
 -0.046297
 -0.080073
 0.084920
 -0.061276
 -0.060543
 0.057367
 0.024484
 -0.082919
 -0.056973
 -0.055745
 -0.018384
 0.061491
 0.062512
 -0.086751
 -0.031550
 -0.031061
 -0.044953
 -0.074623
 -0.027823
 0.056694
 0.078637
 -0.008453
 -0.043379
 -0.000252
 0.061004
 -0.080363
 0.043429
 0.085100
 0.068545
 -0.096176
 -0.076860
 0.083866
 -0.020372
 -0.020585
 0.027895
 -0.009494
 0.005545
 0.092380
 0.044967
 0.003688
 -0.084288
 -0.026253
 0.074285
 -0.081541
 -0.008412
 -0.065234
 -0.061466
 -0.090322
 0.021718
 -0.033770
 -0.038578
 0.055161
 -0.071026
 -0.008595
 0.045553
 0.083359
 -0.088356
 -0.097763
 0.054091
 -0.057809
 0.036831
 -0.057513
 0.039714
 -0.088866
 0.097658
 0.010779
 0.043224
 0.055954
 -0.078022
 -0.028667
 0.053809
 0.085089
 0.099871
 0.092375
 0.029853
 0.005616
 -0.097166
 0.087192
 -0.048030
 0.015718
 -0.079031
 0.094439
 -0.087808
 0.021997
 0.029189
 0.062866
 0.070372
 -0.075420
 0.059868
 0.087580
 0.048961
 0.065271
 0.004722
 -0.035979
 0.012593
 -0.092490
 0.006690
 -0.077702
 0.095275
 0.017199
 0.030014
 0.023399
 -0.066477
 -0.030444
 -0.010962
 0.034162
 0.078051
 -0.059430
 0.050186
 -0.055294
 0.046837
 0.044928
 0.093736
 0.086067
 -0.048067
 0.014584
 -0.038142
 0.030898
 -0.074292
 0.022976
 0.080780
 0.003233
 0.060899
 -0.026857
 -0.011794
 -0.016527
 -0.044320
 -0.098980
 0.038522
 -0.025847
 0.021306
 0.070181
 0.024216
 0.046610
 0.054364
 0.003868
 0.035646
 0.090965
 0.089058
 -0.069863
 -0.015679
 -0.031616
 0.063989
 0.082376
 0.042599
 -0.066406
 -0.008020
 0.070645
 -0.026774
 0.014003
 -0.052005
 -0.076493
 -0.081553
 -0.092448
 -0.087925
 0.094711
 -0.073681
 0.025131
 0.078908
 -0.034924
 0.027118
 -0.047234
 0.096895
 -0.081115
 -0.034184
 -0.047883
 0.029475
 0.031273
 0.008382
 -0.057209
 -0.009986
 -0.084365
 -0.025058
 -0.032372
 -0.086745
 0.059953
 0.002186
 -0.008587
 0.084026
 -0.009525
 -0.013354
 -0.058866
 0.041089
 0.039298
 0.037046
 0.068060
 0.035398
 -0.050502
 -0.028448
 -0.047553
 0.092958
 0.049415
 0.012251
 -0.029032
 -0.092354
 -0.059785
 0.036078
 -0.036316
 -0.016940
 -0.019593
 0.063641
 0.062865
 -0.023381
 0.033351
 -0.079410
 -0.020610
 0.057831
 -0.023204
 0.076271
 0.016959
 0.046954
 -0.051590
 0.031172
 -0.049047
 -0.050323
 0.051446
 0.061298
 0.097723
 0.047337
 -0.022491
 -0.031069
 0.071829
 0.037969
 -0.047085
 0.080615
 -0.015165
 -0.008199
 -0.052710
 -0.056531
 -0.003744
 -0.089264
 0.059486
 0.083098
 -0.011012
 0.064706
 -0.039506
 -0.090666
 -0.096474
 -0.064355
 -0.016265
 -0.028877
 -0.070175
 0.010816
 0.050183
 0.045613
 -0.007293
 -0.022232
 0.029459
 0.089583
 -0.001830
 0.092493
 0.047071
 -0.011723
 0.016658
 -0.015571
 -0.056599
 0.056625
 0.053055
 0.098654
 0.013508
 0.057245
 -0.063548
 0.009662
 -0.048849
 0.018695
 -0.097985
 -0.067892
 -0.072936
 -0.051751
 0.027911
 -0.036073
 -0.005875
 0.018702
 0.075389
 -0.007294
 0.084371
 -0.041834
 0.082168
 0.073124
 -0.079642
 -0.004340
 -0.050038
 -0.024818
 0.002991
 -0.061790
 0.003743
 -0.090304
 0.017411
 0.010228
 0.078338
 -0.071778
 -0.001906
 -0.028515
 0.076382
 0.036153
 -0.018497
 -0.002832
 -0.078115
 -0.025892
 -0.092904
 -0.023876
 0.015969
 -0.070147
 0.034317
 0.062090
 0.001156
 -0.023713
 -0.034808
 0.009604
 -0.067723
 0.024221
 -0.074946
 -0.037765
 0.010242
 -0.003503
 0.061497
 -0.046194
 0.070155
 -0.090518
 0.052463
 -0.066018
 -0.010944
 -0.053276
 0.082590
 0.030952
 0.093301
 -0.012377
 0.060197
 0.051923
 0.091588
 0.046499
 -0.056411
 -0.020099
 -0.024385
 -0.037115
 0.093085
 -0.051219
 0.015642
 -0.063574
 -0.067654
 -0.035742
 -0.057425
 -0.078008
 0.022706
 0.064971
 -0.095940
 0.089239
 -0.071652
 0.041274
 -0.080573
 -0.083424
 0.082409
 0.012635
 -0.008651
 -0.096416
 -0.074443
 -0.035582
 -0.007352
 -0.035749
 0.049751
 0.034048
 0.092198
 -0.029087
 -0.002062
 -0.076922
 0.037599
 -0.059346
 0.048732
 0.028935
 -0.031840
 0.093137
 -0.093710
 0.070292
 0.005810
 0.044403
 0.043851
 0.038532
 0.047213
 -0.093570
 -0.052062
 0.017196
 0.093566
 -0.038858
 -0.024850
 -0.093957
 -0.036814
 -0.059283
 0.008385
 0.071316
 0.005445
 -0.076285
 0.006408
 -0.072324
 -0.036780
 0.004285
 -0.098996
 -0.087101
 -0.010311
 0.044947
 0.076556
 0.027898
 0.098922
 0.056222
 0.080890
 0.040250
 0.026406
 0.071251
 -0.081543
 -0.061781
 0.008932
 0.097626
 -0.072430
 -0.066283
 0.074206
 -0.089900
 0.044077
 0.076932
 0.001271
 -0.033518
 0.026969
 -0.042861
 -0.015945
 0.022571
 0.016942
 -0.025266
 -0.009592
 -0.007988
 0.070237
 0.048739
 -0.075587
 0.027844
 -0.098173
 -0.071930
 -0.086389
 -0.059389
 0.036643
 0.043527
 -0.051358
 -0.079055
 0.065108
 0.028629
 0.019017
 -0.075376
 -0.052562
 0.039946
 -0.082783
 0.024235
 -0.016886
 0.068121
 0.013428
 0.084111
 0.012434
 -0.017693
 0.023633
 -0.014549
 0.080829
 -0.017758
 0.078655
 -0.012105
 0.078875
 0.083235
 0.010255
 0.035674
 0.053794
 -0.017744
 -0.056697
 0.018046
 0.022792
 0.045847
 0.023161
 0.075937
 -0.042765
 0.072263
 -0.052611
 0.053021
 0.011884
 -0.090969
 0.098291
 0.065503
 0.081366
 -0.002102
 0.014398
 -0.091072
 -0.051484
 -0.020730
 -0.022119
 -0.060713
 0.034097
 0.008271
 0.067052
 -0.050904
 -0.037094
 -0.060960
 -0.027251
 0.058078
 0.001459
 -0.088490
 0.093696
 -0.023456
 0.078640
 -0.045123
 -0.010190
 -0.080344
 0.061320
 0.026474
 0.024370
 0.020907
 0.051001
 -0.029990
 0.093844
 -0.030289
 -0.087654
 0.096518
 0.081300
 0.026799
 0.059104
 -0.045121
 -0.086698
 0.081606
 0.092873
 -0.076529
 -0.039090
 0.045428
 0.035886
 0.051357
 0.060469
 0.064652
 0.099259
 0.034699
 -0.099096
 -0.076631
 0.048216
 -0.058971
 -0.058918
 -0.057003
 -0.066867
 -0.060800
 -0.078028
 0.085180
 0.046889
 -0.070023
 -0.016788
 -0.065491
 -0.091520
 0.001115
 -0.008516
 -0.013188
 0.097198
 -0.089558
 -0.058911
 0.071865
 0.076218
 0.083801
 0.028319
 -0.067890
 -0.059306
 -0.019332
 -0.047883
 0.020618
 0.054452
 0.000629
 0.047940
 -0.028658
 -0.057264
 0.094337
 -0.089064
 -0.007984
 -0.020764
 -0.066684
 0.046982
 -0.013385
 0.091575
 -0.032559
 -0.092685
 -0.097134
 0.039386
 -0.001041
 -0.004599
 -0.020435
 -0.070487
 0.038609
 0.022824
 -0.051145
 -0.003470
 0.034035
 -0.004930
 -0.023675
 0.051075
 0.078387
 0.065482
 -0.052321
 0.000342
 0.016821
 0.085736
 0.038653
 0.068726
 0.059013
 -0.000532
 0.010264
 -0.042908
 -0.051061
 0.032642
 -0.075774
 0.014333
 0.058721
 0.022349
 0.043650
 -0.077074
 -0.066012
 -0.013817
 -0.072998
 -0.029465
 -0.098275
 -0.088940
 0.021448
 -0.046463
 0.057593
 -0.028268
 -0.089796
 0.011220
 -0.035786
 -0.000481
 0.059525
 -0.095942
 -0.028879
 0.038671
 0.081683
 -0.030928
 -0.065883
 -0.064268
 -0.027994
 -0.087831
 0.013848
 -0.048249
 -0.008500
 0.049701
 0.018243
 0.097922
 -0.049073
 0.063815
 -0.036540
 -0.026339
 -0.097937
 0.048694
 -0.018092
 0.007964
 0.063022
 -0.065659
 0.030537
 0.016536
 -0.018383
 -0.065977
 0.004639
 -0.046756
 -0.030041
 -0.045051
 0.025284
 0.036330
 0.036889
 0.067080
 0.097327
 -0.059056
 -0.034304
 0.027950
 0.005605
 0.099391
 -0.038287
 0.082882
 0.070853
 -0.000517
 0.021161
 -0.075639
 -0.018171
 0.089059
 -0.081618
 0.096662
 -0.075297
 0.020425
 -0.013649
 0.003099
 -0.029126
 -0.031389
 -0.003502
 0.074734
 -0.086058
 0.064293
 0.050482
 0.045295
 0.001887
 -0.047269
 -0.083646
 0.053766
 -0.007272
 0.030852
 0.065418
 0.089067
 0.025745
 -0.096598
 -0.048014
 0.071150
 0.064101
 0.002701
 0.031381
 0.024630
 0.037022
 0.021748
 0.041536
 0.069560
 -0.029975
 -0.021553
 0.018890
 -0.092702
 -0.012789
 0.098363
 -0.024060
 0.025533
 -0.080210
 -0.043213
 0.082751
 0.048208
 -0.095742
 -0.023070
 0.029250
 0.063388
 0.028201
 -0.055201
 0.018599
 -0.059640
 0.074136
 -0.024347
 0.003334
 -0.076192
 0.071252
 0.013068
 -0.079670
 -0.039983
 0.050036
 -0.091054
 -0.008192
 0.039894
 0.001788
 0.049032
 -0.032097
 -0.012769
 -0.068449
 0.036491
 -0.080750
 0.022661
 -0.076810
 0.050198
 -0.074494
 -0.090445
 -0.052220
 0.080767
 -0.065014
 0.092297
 0.074430
 0.061053
 0.018275
 -0.002152
 0.007085
 0.043167
 0.093571
 -0.045890
 0.076092
 0.042795
 -0.049445
 0.099137
 -0.089771
 -0.065511
 0.054139
 -0.036654
 0.004475
 0.057011
 0.012395
 -0.010057
 0.006957
 -0.075406
 -0.074195
 0.047802
 0.075473
 -0.008892
 -0.072964
 -0.014651
 0.096150
 -0.017438
 -0.023677
 -0.009038
 -0.054997
 -0.062472
 0.005445
 -0.074656
 0.073709
 0.028597
 0.036760
 -0.007780
 0.051922
 0.012080
 0.008628
 0.042738
 0.008220
 -0.050186
 -0.013370
 0.010151
 -0.014652
 -0.014104
 0.007734
 -0.090162
 -0.011176
 0.098986
 0.062787
 0.078121
 -0.050717
 0.088428
 0.014346
 -0.035825
 0.064565
 0.099016
 -0.048725
 -0.061128
 0.017810
 0.044302
 -0.082083
 -0.037258
 0.033447
 -0.015314
 -0.039206
 -0.031952
 -0.053128
 -0.083580
 0.026497
 -0.069612
 0.034582
 -0.088069
 -0.077773
 0.006338
 -0.043294
 -0.088218
 0.040610
 0.012472
 -0.063943
 0.081162
 -0.066665
 -0.092778
 -0.053852
 -0.064365
 -0.008459
 -0.053741
 -0.070663
 0.090212
 -0.069595
 0.033979
 0.038847
 0.008174
 0.082782
 -0.027236
 -0.048506
 0.092652
 -0.076631
 0.034348
 0.056455
 0.097642
 -0.071027
 -0.070971
 0.094821
 0.036750
 0.076565
 0.083048
 0.084826
 0.002572
 -0.063275
 0.019812
 0.002718
 -0.093571
 0.075746
 0.038778
 -0.089742
 0.099804
 0.022942
 -0.098572
 -0.032264
 -0.058599
 0.004537
 -0.092126
 0.033572
 -0.032175
 0.098005
 0.023853
 -0.058476
 -0.032203
 -0.038803
 0.065893
 -0.046966
 -0.052997
 0.073383
 0.043220
 -0.037380
 -0.019488
 -0.069719
 0.048886
 0.006806
 -0.074721
 -0.003361
 0.021280
 -0.040818
 -0.017794
 -0.007831
 0.093466
 -0.048151
 -0.039019
 0.006883
 0.042282
 -0.001496
 -0.010183
 -0.035991
 -0.002055
 -0.043317
 0.093557
 -0.018709
 -0.072425
 -0.027562
 -0.096739
 -0.088816
 0.007984
 -0.090658
 0.099355
 0.068747
 0.036430
 0.093522
 -0.093085
 -0.025697
 0.043728
 0.093262
 -0.030924
 0.033528
 -0.037192
 -0.036956
 -0.090507
 0.000823
 0.001244
 -0.063977
 -0.046245
 0.075493
 -0.003773
 0.044806
 -0.065904
 0.065706
 -0.056280
 -0.036258
 0.073464
 -0.040964
 -0.096840
 -0.029283
 0.049803
 -0.036562
 0.053669
 -0.041757
 -0.093568
 0.066362
 -0.003093
 0.057471
 0.098552
 -0.055522
 -0.048254
 -0.036165
 -0.037466
 -0.005746
 -0.057304
 -0.051993
 0.049783
 0.009971
 -0.011368
 0.097739
 -0.069641
 -0.095609
 0.005089
 0.047545
 -0.087670
 -0.058587
 0.067601
 0.035291
 0.068354
 0.077581
 0.082255
 0.040135
 0.055168
 -0.091013
 0.093046
 -0.020016
 -0.077776
 -0.014103
 -0.062428
 -0.055029
 -0.010158
 0.069808
 -0.001021
 -0.057278
 0.024347
 0.060348
 0.058344
 0.039177
 -0.080564
 -0.054909
 -0.097150
 -0.055210
 0.092844
 -0.071254
 -0.009034
 0.037419
 -0.025412
 0.003171
 -0.031206
 0.068707
 -0.003234
 0.016008
 0.024877
 -0.097386
 -0.076058
 0.009223
 -0.024789
 0.093222
 0.076462
 -0.039748
 -0.055948
 -0.082612
 0.050417
 0.018912
 -0.057911
 -0.049048
 -0.075727
 0.081842
 0.013110
 0.097188
 0.063347
 0.089934
 -0.026435
 0.073756
 -0.084365
 0.047651
 0.094778
 0.013676
 0.054835
 -0.089224
 0.036089
 0.087268
 -0.087271
 -0.079711
 -0.030768
 0.060090
 0.059346
 -0.025529
 0.059788
 -0.040946
 0.037021
 0.026680
 -0.035601
 -0.020528
 0.006283
 -0.048277
 -0.017204
 -0.022093
 -0.028551
 0.000471
 0.060880
 -0.074026
 0.027373
 -0.071597
 -0.047531
 -0.034530
 0.045406
 -0.020577
 -0.010418
 -0.090647
 -0.025651
 -0.038083
 0.008889
 -0.047040
 -0.008224
 -0.077357
 -0.083820
 0.087389
 0.079460
 -0.030455
 -0.021226
 0.005811
 0.065302
 0.085022
 0.024476
 -0.001555
 -0.022908
 -0.057500
 -0.011972
 0.094905
 -0.079865
 -0.013598
 -0.060582
 -0.000794
 -0.018878
 0.087530
 -0.040954
 0.074836
 -0.038591
 0.009353
 -0.089142
 0.025193
 0.084835
 -0.072286
 0.059005
 0.017822
 0.043974
 0.045753
 -0.095782
 0.041790
 -0.057019
 0.059308
 -0.052658
 -0.065351
 0.047023
 0.051332
 0.027532
 -0.036232
 0.028046
 0.072695
 0.017635
 -0.051828
 -0.020253
 0.006531
 -0.017842
 0.058572
 0.082255
 -0.090131
 0.010382
 -0.088288
 0.085528
 0.084020
 0.089973
 -0.062277
 -0.030174
 0.044461
 -0.003865
 0.053485
 0.008606
 0.090373
 -0.004931
 0.074016
 0.040909
 -0.074406
 -0.038552
 0.080398
 0.036028
 0.020959
 -0.001114
 0.025703
 -0.076650
 -0.024579
 0.057642
 0.066007
 -0.047512
 -0.069185
 -0.024264
 0.089422
 0.062982
 -0.089985
 -0.028489
 -0.001432
 0.062199
 0.066897
 -0.078933
 0.053774
 -0.062395
 -0.051478
 -0.008682
 -0.024175
 0.041812
 0.042072
 -0.096597
 0.064337
 -0.033713
 0.037403
 0.012234
 -0.079494
 0.081532
 -0.054494
 0.076717
 -0.087785
 -0.073169
 -0.074585
 0.067281
 0.024863
 0.012530
 0.000271
 0.032472
 0.006992
 0.026132
 -0.057320
 -0.038410
 0.003602
 0.047515
 -0.021236
 -0.089636
 0.085534
 0.034478
 -0.020714
 0.001908
 -0.022938
 0.072714
 -0.066651
 -0.014548
 0.089669
 -0.007710
 0.054312
 -0.035871
 0.092700
 -0.071164
 0.061281
 -0.052938
 0.046826
 0.087397
 0.090389
 0.041039
 -0.018415
 -0.003436
 0.026574
 0.032885
 -0.038144
 -0.045732
 0.015768
 0.052158
 -0.031077
 -0.007603
 -0.034671
 0.090837
 -0.063246
 0.095417
 -0.098379
 0.096131
 0.083745
 -0.028770
 0.064694
 -0.020313
 0.033566
 -0.075934
 0.077537
 -0.047984
 0.014243
 0.002183
 0.096243
 -0.043368
 -0.032747
 0.055239
 0.065645
 0.065136
 -0.018868
 -0.055921
 0.079272
 0.033006
 0.076804
 -0.081244
 -0.012115
 -0.040491
 0.020491
 -0.051666
 0.043047
 -0.088583
 0.011455
 0.070479
 -0.052504
 0.047223
 -0.076140
 -0.029315
 -0.041564
 0.005586
 0.072164
 -0.026959
 -0.068710
 0.091390
 -0.010869
 0.034221
 0.048714
 0.009374
 -0.056040
 0.076043
 -0.010562
 0.006053
 -0.033549
 -0.086531
 -0.096722
 0.095215
 -0.012677
 0.056371
 -0.008314
 0.051196
 0.043152
 -0.030365
 -0.031253
 0.010048
 -0.060597
 0.075632
 -0.090609
 -0.083819
 -0.082503
 0.060432
 -0.049478
 -0.054258
 0.033743
 0.051600
 0.015850
 0.091271
 -0.099224
 0.038033
 0.084398
 0.085317
 -0.066560
 -0.039061
 -0.085360
 -0.008379
]
Total memory size for keys: rot_key_cnt = 70, rot_key_size = 734020000 bytes, total_key_size = 752894800 bytes
Total memory size for weight plain: cnt = 1026, size = 1612783760 bytes
RTLib functions         	       Count	      Elapse
--------------------    	    --------	    --------
NN                      	           -	           -
FHE                     	           -	           -
 FHE_ADDCC               	        1063	    1.684360 sec
 FHE_ADDCP               	           1	    0.000106 sec
 FHE_MULCP               	        1025	    0.115924 sec
 FHE_RESCALE             	           2	    0.014598 sec
 FHE_ROTATE              	          71	    3.159735 sec
FHE                     	   sub total	    4.974723 sec
FINALIZE_CONTEXT        	           1	    0.005417 sec
PREPARE_CONTEXT         	           1	    4.563981 sec
ENCODE_ARRAY            	        1027	    6.790014 sec
NTT                     	        5414	    6.703868 sec
INTT                    	         502	    0.670682 sec
MAIN_GRAPH              	           1	   11.852404 sec
 HW_ADD                  	        7968	    0.544992 sec
 HW_MUL                  	        7532	    1.476571 sec
 HW_ROT                  	         420	    0.075732 sec
 COPY_POLY               	         218	    0.047963 sec
 MOD_DOWN                	         142	    1.293457 sec
 DECOMP_MODUP            	         139	    1.174978 sec
 MULP                    	         148	    1.095547 sec
 RESCALE_POLY            	           4	    0.014521 sec
 COPY_CIPH               	          38	    0.040486 sec
 INIT_CIPH_SM_SC         	        1135	    0.010601 sec
 INIT_CIPH_UP_SC         	        1025	    0.114590 sec
 INIT_CIPH_DN_SC         	           2	    0.000075 sec
 BOOTSTRAP               	           -	           -
  BS_EVAL                 	           -	           -
 BOOTSTRAP               	   sub total	    0.000000 sec
 PT_ENCODE               	        1026	    6.805773 sec
MAIN_GRAPH              	   sub total	   12.695287 sec
16.49 1230728
