conv_64x64x8x3.onnx
conv_64x64x8x3.c
conv_64x64x8x3.onnx.c
conv_64x64x8x3.t
/app/ant_compiler/air-infra/base/src/node.cxx:534: Assertion Failure: Do not call this API to change rtype.
/app/ant_compiler/air-infra/base/src/node.cxx:534: Assertion Failure: Do not call this API to change rtype.
/app/ant_compiler/air-infra/base/src/node.cxx:524: Assertion Failure: Do not call this API to change rtype.
/app/ant_compiler/air-infra/base/src/node.cxx:524: Assertion Failure: Do not call this API to change rtype.
0.05 43444
rm: cannot remove './conv_64x64x8x3.out': No such file or directory

real	0m0.158s
user	0m0.131s
sys	0m0.027s
ckks_param: _provider = 0, _poly_degree = 65536, mul_depth = 1, input_lev = 2, _first_mod_size = 60, _scaling_mod_size = 56, _num_q_parts = 2, _num_p = 1, _num_rot_idx = 31,_hamming_weight = 192
input(tensor): [
 0.010704 0.094885 -0.086524 -0.017049 0.054830 0.032475 -0.018493 0.003000
 0.027016 0.065163 -0.097418 -0.031728 -0.047958 -0.070714 -0.016548 -0.091943
 0.067660 -0.050954 -0.054024 0.068967 0.094153 -0.021181 -0.001272 0.058068
 -0.080232 0.019846 0.063534 0.048557 -0.054645 -0.050881 0.097754 -0.037941
 -0.074502 -0.072862 -0.080943 -0.022764 0.067744 0.082881 0.007335 0.088692
 0.009168 -0.000642 -0.016034 0.030197 -0.047329 0.035827 -0.002815 0.091752
 0.038270 -0.086335 -0.020721 -0.098670 0.021215 -0.099048 0.022555 0.039211
 0.015215 -0.077116 -0.047574 -0.053171 0.077926 -0.048319 0.095719 -0.034794
 -0.099471 -0.067874 0.068314 -0.088085 -0.004177 -0.027569 -0.030266 -0.004586
 -0.050535 0.002315 0.003816 -0.015332 -0.019190 -0.011502 0.087899 -0.043426
 0.025292 0.079240 -0.004265 0.061106 -0.099639 -0.021244 -0.042596 0.006987
 -0.072227 0.030098 -0.006421 -0.040467 -0.078662 -0.033934 -0.082193 0.025874
 -0.082275 -0.097946 0.066040 -0.037850 -0.019080 0.040790 -0.089448 -0.058969
 0.020852 0.084719 -0.089885 0.073788 -0.043352 -0.078903 -0.054493 -0.031736
 0.095382 0.088454 -0.073724 -0.079685 -0.010646 -0.077659 -0.011675 -0.096330
 0.016778 -0.037236 0.060542 0.042703 -0.095141 -0.048739 0.090008 -0.040983
 -0.076303 -0.079125 0.077613 -0.038058 0.057457 0.020087 0.060476 0.025974
 0.067785 0.035344 -0.069492 -0.084057 -0.078708 0.010331 0.004188 0.013428
 -0.089498 0.061350 0.042442 0.001745 0.057136 0.012303 0.008947 0.019643
 0.094254 -0.015005 0.089317 -0.060481 0.030212 0.014970 -0.003259 0.095343
 0.093906 0.079677 -0.002457 0.093308 -0.023183 -0.087473 0.032567 -0.017406
 0.062738 -0.097039 -0.042874 0.026229 -0.084780 -0.041545 0.050916 0.051847
 -0.061483 0.064098 -0.062195 0.086609 0.083637 0.007567 0.097894 0.014200
 0.093748 0.085041 -0.041368 -0.063299 -0.000662 -0.063425 -0.044137 0.075363
 0.082608 0.036597 -0.064696 0.076696 0.011796 0.040447 -0.084096 -0.012935
 -0.039557 0.017300 0.060177 0.071519 -0.012211 -0.061074 -0.037133 -0.066621
 -0.061198 -0.027147 -0.002148 0.054011 -0.013929 -0.099277 -0.066572 -0.097296
 -0.043443 0.066092 -0.000747 -0.093880 0.018691 -0.000681 -0.058038 0.030688
 0.026200 -0.071820 -0.073152 0.033471 -0.009089 -0.001078 0.089992 0.017380
 0.012728 -0.076171 0.076974 -0.006528 0.001106 -0.052383 -0.077943 0.081498
 0.050572 -0.067310 0.089948 -0.098199 0.043521 0.010716 0.020688 -0.086992
 0.045915 0.082772 0.064688 -0.034242 -0.067282 0.056755 -0.052978 0.082834
 -0.032086 0.011194 0.040446 -0.025053 -0.016630 -0.084229 -0.063392 -0.090526
 -0.064816 0.019328 0.001698 -0.089924 -0.085466 -0.018443 -0.052467 -0.046121
 0.005181 -0.066927 -0.092985 0.030328 0.002250 0.025191 -0.041123 0.006819
 -0.028685 0.082836 -0.053389 -0.096441 -0.074020 -0.000745 -0.083703 -0.099526
 0.014118 -0.003302 0.000313 -0.072942 0.016525 0.053604 0.058838 -0.056202
 0.022580 0.087303 0.010406 0.042091 -0.080810 0.009873 -0.058919 0.038404
 0.084199 0.077056 0.092997 0.052305 -0.097608 0.009944 -0.014159 -0.054054
 0.071727 0.017999 -0.031296 0.047467 -0.009469 -0.076499 0.051018 -0.086209
 0.058703 0.071130 -0.071849 -0.044008 -0.076641 0.043836 -0.089523 -0.037834
 -0.078475 -0.008124 0.047133 0.007914 -0.094253 -0.089568 -0.000988 0.066872
 -0.075388 0.031273 0.060589 0.005369 -0.084841 -0.004895 -0.087267 -0.033864
 0.066687 0.074534 -0.025157 0.026646 0.063101 0.059604 0.032460 0.003507
 -0.049537 0.022698 -0.077392 -0.041601 0.070932 0.095387 -0.043317 -0.056214
 -0.028828 0.081276 -0.074516 -0.088146 0.071912 -0.080107 -0.089192 0.059732
 -0.025055 -0.096980 0.096574 0.092642 0.074280 -0.052023 -0.014907 0.094443
 0.004311 0.085766 0.027882 0.023899 -0.087407 0.046587 0.053231 -0.033160
 -0.034173 -0.015287 0.073902 -0.030506 0.028740 0.009144 0.092783 0.029375
 -0.042233 0.000448 0.088704 0.057835 -0.030403 -0.092953 0.066731 -0.002597
 -0.017842 0.024172 -0.037730 0.048159 0.093973 -0.043446 -0.072218 0.065348
 -0.084908 -0.098890 -0.006963 0.083509 -0.092572 0.018080 0.074843 -0.080398
 0.082538 0.096429 0.049938 0.034454 0.085554 -0.083704 0.024601 -0.018127
 0.056520 -0.029544 -0.080429 0.096978 -0.040429 0.030682 -0.095550 0.055670
 -0.063040 0.007776 0.068262 0.012330 -0.092431 0.037532 -0.071746 -0.079835
 -0.012997 -0.027823 0.021834 -0.048831 0.086441 -0.055870 -0.024740 -0.051894
 -0.089702 -0.079921 0.081393 0.074606 0.089877 0.050343 0.048738 0.064286
 0.073375 -0.054114 -0.096316 -0.081496 -0.041864 -0.044099 0.080648 0.089899
 0.043265 0.013177 -0.003553 -0.019361 0.017922 -0.026804 0.056696 0.005666
 0.087704 -0.010210 -0.072531 -0.053486 -0.084133 0.080019 -0.090761 -0.086951
 0.052396 0.080964 -0.005166 0.042188 -0.021759 -0.047452 -0.047873 -0.076220
 0.055094 -0.031995 0.025585 0.025065 0.008276 -0.007437 -0.065360 -0.051445
 0.020940 -0.039516 -0.094392 -0.071254 0.050174 -0.050960 0.050822 -0.053240
 0.071344 0.016824 0.068250 0.039365 -0.052899 0.065923 -0.080924 0.077630
 0.074699 0.073319 -0.075613 0.038545 -0.087919 -0.095746 0.079888 -0.054695
 0.086949 0.083399 -0.014889 -0.092390 0.093218 0.045662 -0.092895 0.038115
 0.052306 -0.000364 -0.079206 -0.021508 0.034191 0.064481 0.006762 0.093758
 -0.055854 0.041765 0.003588 0.078030 -0.065146 -0.088710 -0.036095 0.069404
 0.099508 -0.059127 0.098707 0.041661 0.096358 0.022927 0.006364 0.044611
 0.093911 0.000641 -0.080939 -0.018317 0.041310 -0.035776 -0.097967 0.096755
 -0.018326 -0.089955 0.034028 -0.018858 0.061627 -0.079485 0.093006 0.048259
 0.033923 0.099059 0.042989 0.032303 0.072564 0.055614 0.007515 0.000478
 -0.053236 -0.033890 -0.077231 -0.008019 0.001660 -0.088279 -0.028850 0.073372
 0.090114 -0.012625 0.080877 0.027827 -0.089749 0.052465 0.006217 -0.002383
 -0.091145 -0.009313 -0.004395 0.046335 -0.074716 -0.075946 0.009280 0.094740
 -0.060290 -0.094684 0.099036 -0.003603 0.090390 -0.035444 -0.027054 0.068326
 -0.024436 -0.065057 0.002897 -0.028811 -0.075703 -0.071817 0.093029 0.091650
 -0.044432 0.032367 -0.031513 -0.060489 0.014335 0.058027 0.057712 0.037688
 -0.047716 -0.035777 -0.030665 -0.032875 0.094097 0.042876 -0.017967 0.009535
 0.049906 0.081370 0.049134 0.037885 -0.097802 0.097095 0.019774 0.090468
 0.024797 -0.035400 -0.034056 -0.057343 0.094950 -0.087374 -0.027560 0.011256
 0.047457 0.051195 -0.014031 0.049878 -0.035536 -0.006314 -0.022463 0.080767
 -0.058955 0.091282 -0.003666 -0.022608 -0.014423 -0.048012 -0.092273 0.041341
 0.074881 -0.000601 -0.029898 -0.018389 -0.066293 -0.059598 -0.030967 -0.080804
 0.070999 0.074728 -0.084365 0.018510 -0.038111 0.019358 -0.083234 0.000818
 -0.002291 -0.003618 -0.056403 0.043411 -0.015686 -0.037308 -0.010971 -0.010276
 0.024236 -0.086517 0.071061 0.056059 0.097555 0.026348 -0.004272 -0.078411
 -0.035481 0.037753 0.092763 0.045118 -0.088247 0.012695 0.035657 0.000780
 0.066392 -0.013581 0.051045 -0.096508 0.027866 -0.001367 0.092605 0.084503
 -0.052746 -0.079245 0.052289 -0.012014 0.040039 -0.090160 -0.022181 -0.016326
 0.046346 -0.079427 -0.025180 0.051189 -0.001295 -0.067973 -0.085498 0.033376
 -0.095294 0.013131 0.092152 -0.045432 -0.095621 -0.024383 -0.069747 -0.020358
 0.052110 -0.014311 -0.092075 0.094962 0.015294 -0.070286 0.055143 0.089429
 -0.002445 -0.009496 -0.057575 0.098073 0.064866 0.092089 -0.066122 -0.025521
 0.035289 0.066029 0.078450 -0.096551 -0.007655 -0.000205 0.074599 -0.036492
 -0.064737 -0.022848 0.051378 -0.032786 -0.064359 -0.083932 -0.009288 -0.062761
 0.087034 -0.015053 -0.040662 -0.092810 -0.037447 0.005417 -0.087071 -0.078833
 0.069893 -0.005862 -0.041751 -0.055372 -0.030066 -0.039113 -0.027897 0.033532
 0.079382 -0.093508 0.070654 -0.035802 0.089468 0.027918 0.087635 -0.096055
 -0.077408 0.000906 0.027328 0.055579 -0.097475 -0.044689 0.082212 0.000712
 -0.006721 -0.092456 -0.042217 0.041851 -0.072355 0.066992 -0.042729 -0.091416
 0.051355 -0.025407 -0.049399 0.073667 0.013598 -0.025990 0.046836 -0.014054
 0.055118 0.065749 0.067519 0.088304 -0.008765 0.089202 0.073892 -0.074932
 -0.071530 -0.054276 -0.014264 -0.021905 -0.017546 -0.084403 -0.031555 -0.091048
 0.052590 -0.024045 -0.084740 0.019495 0.088062 -0.072949 0.044281 -0.054582
 0.070305 0.063144 -0.065639 -0.073847 0.034630 -0.086086 0.058669 0.065135
 -0.030129 -0.073506 -0.069367 0.060415 0.001766 0.071802 0.005838 0.034514
 -0.059855 0.005208 -0.035633 -0.077787 0.062520 -0.061072 -0.069000 -0.046366
 -0.099731 0.023131 0.039898 -0.065390 -0.080979 -0.017632 -0.058510 0.050019
 0.099748 0.030326 -0.012934 0.055779 -0.071893 0.063621 -0.013147 0.024531
 -0.036409 0.019392 -0.037452 -0.079332 -0.063972 -0.012933 -0.046017 -0.089825
 -0.001217 0.040305 -0.081934 0.018780 -0.075208 0.026325 -0.082074 -0.019552
 0.058639 0.058524 0.046019 -0.051850 -0.092690 0.003939 0.058909 0.049567
 0.070401 -0.021269 -0.080145 0.042291 0.089267 0.080801 0.063572 -0.064800
 -0.081235 -0.003318 -0.029620 0.065181 -0.048635 0.057344 -0.094289 0.084389
 -0.068015 -0.001416 0.001571 0.010144 0.009138 -0.007365 0.023196 0.090541
 0.083825 -0.059621 0.028582 0.029411 -0.081310 0.060029 0.023436 -0.054176
 -0.004845 -0.039279 -0.036507 0.013501 0.084533 -0.069486 -0.099501 0.024333
 0.048961 0.000314 0.031165 0.026307 -0.021409 0.063260 0.042503 -0.073401
 0.040779 -0.092651 0.088988 -0.053528 -0.000936 -0.092117 0.067413 0.087731
 0.056466 0.075771 -0.044199 0.086436 -0.007965 -0.053655 -0.027381 -0.027793
 0.079333 0.058248 0.071064 -0.064740 -0.050489 0.094285 0.048525 -0.082095
 0.007367 -0.084468 -0.006966 0.013984 0.089854 -0.070478 0.084796 0.082213
 0.018708 -0.007330 -0.009257 0.020180 -0.005817 -0.001441 0.004863 0.040693
 -0.076353 -0.091788 -0.098206 0.013697 -0.002183 0.041384 -0.054144 0.036117
 0.064553 -0.057918 -0.078941 -0.017044 0.049881 -0.094010 0.037481 -0.024338
 0.082827 0.093404 0.091018 -0.043529 -0.087418 0.073382 0.017799 -0.061138
 0.010299 -0.055819 0.026640 0.035260 0.003812 0.069338 0.050971 0.059239
 -0.076629 -0.029235 0.083306 -0.061653 -0.061567 -0.081303 -0.097899 -0.087183
 -0.024137 -0.060648 -0.056564 0.065148 0.026092 0.096873 -0.035544 -0.003519
 -0.059391 -0.070268 -0.004028 0.037396 -0.018108 0.001786 0.040103 0.093276
 -0.088745 0.055889 -0.065200 0.079515 0.049718 0.005534 -0.048011 0.015738
 0.079943 0.026455 0.073423 0.032112 -0.088997 -0.090222 -0.031735 0.011833
 0.029393 0.030129 0.084785 -0.031100 0.021274 0.054561 0.087066 -0.018771
 0.095750 0.067683 0.034757 -0.036740 -0.077893 -0.036903 0.058243 0.056960
 0.041250 0.052026 -0.004382 -0.043380 -0.034392 -0.076652 -0.001870 0.037869
 0.055528 -0.066531 0.074816 0.036440 0.017747 -0.080106 0.061730 -0.046767
 0.069085 0.039829 0.066305 -0.095374 -0.083814 0.090928 0.086863 -0.025631
 0.015604 -0.000249 0.053923 0.053032 0.093925 0.050267 0.056069 -0.020465
 -0.031645 -0.092448 -0.059325 0.068212 -0.005412 -0.094394 -0.072602 0.058583
 0.086970 -0.013885 0.033196 -0.065550 0.064833 -0.092990 0.012028 0.004385
 -0.007935 0.058064 0.027289 0.007511 0.026133 -0.042774 0.014401 0.066726
 -0.081314 -0.078466 -0.050165 0.084555 -0.008940 0.062315 0.063333 -0.079556
 -0.009534 0.051903 -0.078382 -0.046833 0.022384 -0.034822 0.087779 0.010279
 0.076623 -0.085873 -0.022407 0.009723 0.053961 -0.072585 -0.059184 -0.026840
 0.076458 -0.092178 0.049095 -0.020942 -0.065094 0.004064 0.057878 0.011173
 -0.015620 -0.042508 -0.011910 0.086312 0.087004 0.079148 0.029765 0.047178
 -0.082312 -0.016869 -0.002217 -0.036267 -0.025903 0.097424 0.043044 0.049756
 -0.026061 -0.024144 0.023063 0.071969 -0.035621 0.007617 0.073091 0.053714
 0.077873 -0.005175 -0.057819 -0.068974 -0.004118 0.075845 0.074482 0.073015
 -0.051466 0.075250 -0.020398 -0.030561 -0.070572 0.041896 -0.057602 -0.099819
 0.073263 0.051377 0.059174 0.054435 0.065993 -0.019605 -0.069604 -0.085855
 0.029705 -0.018874 0.014404 -0.090461 0.030398 0.091607 -0.017876 0.014724
 -0.098869 -0.038029 0.010562 0.065154 -0.014344 0.021524 0.042767 0.052632
 0.034369 0.079666 0.067791 0.019057 0.044668 -0.044716 0.088560 -0.004511
 0.069918 0.048550 0.090846 0.061321 0.040191 0.092558 -0.002888 -0.009311
 0.090593 -0.084285 -0.093803 -0.020641 0.051051 0.029966 0.024520 0.068994
 -0.051004 -0.009562 -0.039411 -0.068149 0.000038 -0.030334 0.095429 -0.024712
 0.002905 -0.089618 -0.079409 -0.093891 -0.088966 -0.096423 -0.076506 -0.019320
 0.082715 0.097738 -0.074918 -0.033038 -0.006114 -0.082704 -0.084881 -0.073208
 0.053844 0.058502 -0.089630 -0.089278 0.081231 0.030194 -0.030171 -0.009479
 0.085020 -0.000545 -0.082503 0.039678 -0.026461 -0.070247 -0.078230 0.043104
 -0.072869 0.081165 0.044234 0.025327 0.032084 -0.009256 0.061042 0.094853
 -0.087559 0.020443 0.009720 0.078074 0.006766 -0.060788 -0.031039 0.090985
 -0.061911 -0.084813 -0.017494 -0.092150 0.092245 -0.079271 0.013350 0.000987
 0.065716 0.020246 0.049643 -0.060223 -0.080726 -0.084671 0.063897 -0.073148
 0.093107 -0.044704 0.010284 -0.016319 0.099294 -0.047474 -0.085540 -0.076277
 -0.039636 0.017348 -0.037399 -0.096054 0.088997 0.005946 -0.028343 0.059665
 -0.084976 0.046770 0.091210 -0.045331 -0.012287 -0.005309 0.070759 0.022417
 0.038799 0.013970 0.047111 0.094184 0.073336 -0.057431 -0.074828 -0.036372
 0.078315 -0.031644 0.044504 -0.010116 -0.002172 0.041756 -0.045695 -0.020794
 -0.046072 -0.076516 0.083281 0.040741 0.024440 0.013851 0.035277 0.085936
 0.062142 0.094639 0.084440 -0.095768 -0.090527 0.042951 -0.070257 -0.059433
 -0.001745 -0.076227 0.086349 -0.062834 0.019486 0.002087 -0.027077 -0.083895
 0.060746 0.075956 0.073452 0.048969 0.061745 -0.054598 0.054037 -0.062629
 -0.063890 0.006263 -0.074442 0.088546 -0.074460 -0.065631 -0.085808 0.038607
 0.031644 -0.065702 -0.019680 0.090823 0.045069 -0.044592 0.018830 -0.064488
 0.030271 0.073631 -0.012808 0.040403 -0.011764 -0.092406 -0.080160 -0.046786
 -0.094397 0.055614 0.056159 0.025703 0.052878 0.006239 0.007720 -0.077225
 -0.016414 0.075353 0.018894 -0.032439 -0.022368 0.083982 -0.063512 0.027621
 -0.061118 -0.008282 0.003827 -0.054249 0.075324 -0.050490 -0.030440 0.040533
 -0.002467 -0.088619 -0.059486 0.006683 -0.073419 0.041158 -0.074718 0.031007
 0.067249 -0.082843 0.017449 -0.007856 0.050344 0.002214 0.031486 0.005388
 0.075893 0.074309 0.015893 -0.062615 0.077872 -0.022456 -0.061993 0.043971
 0.044839 0.087921 0.057890 0.062268 0.099579 -0.071100 0.002469 -0.013714
 -0.004830 -0.046690 -0.065123 0.034748 0.017130 -0.029690 0.072865 -0.067977
 -0.035415 0.080109 -0.021163 -0.006100 0.091319 0.069612 0.076328 -0.098639
 0.059403 -0.055138 0.002502 0.079133 -0.088457 -0.051188 -0.084627 -0.017686
 -0.012928 -0.032350 -0.065414 -0.050009 -0.057205 0.004926 -0.039273 -0.035140
 0.064944 0.097203 0.055786 0.058876 0.027847 -0.017947 -0.027116 0.087989
 -0.031359 -0.002966 -0.013004 -0.040800 0.064317 0.007869 -0.069661 0.051586
 -0.067514 0.012788 -0.010183 0.078798 -0.019340 0.000527 -0.066368 -0.048238
 0.068291 0.066344 -0.067901 -0.010028 0.087818 0.033322 -0.054374 0.048479
 -0.046870 -0.099579 0.052139 -0.067787 -0.055307 -0.056066 -0.039894 -0.051421
 -0.092172 0.096143 -0.035949 0.023974 0.027490 0.088394 -0.064783 -0.043835
 -0.031642 0.076052 0.078335 -0.076986 -0.014095 0.038554 -0.039683 -0.046840
 -0.037273 -0.013718 0.072278 0.072917 0.072720 -0.010377 0.074250 0.010090
 0.037639 0.040972 -0.097623 0.038185 -0.078758 -0.051500 -0.084048 -0.019602
 0.046489 -0.094818 -0.076245 -0.064271 -0.014858 0.054776 -0.073520 -0.030301
 -0.050737 0.068818 0.058890 0.042342 0.012897 -0.052354 -0.066020 -0.025722
 -0.015395 0.006453 0.048857 -0.071240 0.019087 -0.052116 0.059865 0.065251
 0.048600 -0.048898 -0.030205 -0.018455 -0.091171 0.037005 -0.057547 -0.003822
 0.066374 0.012487 0.051638 -0.002074 0.087859 -0.083996 -0.047332 0.006358
 0.043026 -0.097553 0.064030 0.011290 0.067494 -0.028959 0.091998 0.004845
 -0.033739 -0.039263 -0.062168 0.078889 0.077784 0.099457 -0.091120 0.035447
 -0.014400 0.046224 0.063445 -0.043715 0.020619 -0.008030 -0.063545 -0.014915
 -0.019625 -0.014912 -0.002587 -0.061446 0.057304 0.088036 0.067573 -0.055376
 -0.090711 0.083478 -0.096545 -0.021334 -0.090313 0.057066 -0.011045 -0.060915
 -0.081228 -0.077865 0.064574 0.081991 -0.065752 -0.083107 0.067540 -0.039816
 0.039487 -0.003225 0.094472 0.077639 0.025817 -0.023879 -0.012100 -0.005395
 0.099165 -0.002507 0.023824 -0.017081 -0.002816 -0.046003 -0.081780 0.092829
 -0.018911 -0.023792 0.013387 -0.009627 -0.061067 0.091213 0.079876 0.056374
 0.052715 0.017850 0.027601 -0.046345 -0.051463 -0.067690 -0.029320 -0.063058
 -0.081922 0.010218 -0.028996 -0.097598 -0.075383 0.090879 0.005445 -0.041135
 0.020055 -0.063886 -0.004232 -0.047961 -0.084787 -0.046669 -0.096321 0.077841
 -0.048203 -0.014552 0.099520 -0.088721 -0.078024 -0.000128 -0.079257 -0.099132
 0.022568 0.007198 0.078574 -0.028296 0.018631 0.042433 0.036495 -0.009746
 -0.029680 0.097736 0.028230 -0.006011 0.072797 -0.066072 -0.092504 -0.017308
 -0.032120 0.006883 0.076963 -0.042361 0.011438 0.005098 -0.085896 -0.074369
 0.081869 0.052838 0.034270 0.023185 -0.023122 0.053939 0.076940 -0.010904
 0.010315 -0.027192 -0.005828 -0.053348 -0.026651 -0.086205 0.043056 0.072913
 0.070328 0.019707 -0.090481 -0.008477 -0.026724 0.068439 -0.043452 0.009945
 0.008603 0.043511 -0.012670 0.060317 0.020072 0.055412 -0.010980 0.069882
 0.077427 0.035071 -0.052662 -0.027712 0.026958 0.075591 0.079625 -0.046839
 -0.013247 -0.053510 0.020282 -0.094891 -0.057829 0.009170 -0.088538 0.068028
 -0.058940 0.033404 -0.067125 0.025307 0.067170 -0.043870 0.029808 0.092194
 0.032863 0.072068 -0.050637 -0.022387 0.018367 0.086137 -0.021778 -0.071069
 0.049199 -0.068145 0.044480 0.079036 -0.089699 0.017822 0.007177 0.038227
 -0.071238 0.038734 0.037944 -0.077845 -0.098261 -0.042821 0.050650 -0.055908
 0.046195 -0.010368 0.057194 0.006740 -0.010726 0.020411 0.012161 -0.033568
 0.064213 -0.075370 -0.053921 -0.099448 0.083706 0.068052 -0.033799 0.072825
 -0.066204 0.024700 0.054847 0.081604 -0.081941 -0.069658 0.066028 0.057980
 0.000231 0.008784 -0.055791 -0.016434 0.075006 -0.012180 0.018380 0.047883
 -0.094624 0.097701 -0.070589 0.066111 -0.046865 -0.068276 0.088669 -0.043793
 -0.043321 0.029470 -0.008303 -0.070494 -0.090934 -0.096214 -0.089858 -0.087064
 0.095127 0.049869 -0.077924 -0.036039 0.007318 -0.036961 -0.031927 0.046808
 -0.050881 0.076851 0.007851 -0.022156 -0.066407 -0.061972 0.037951 -0.089648
 0.083498 -0.057032 -0.067128 -0.001148 -0.071760 0.037492 0.039743 -0.068112
 0.091904 0.024968 0.000418 -0.032596 0.002853 0.050764 -0.044457 -0.030950
 0.057519 -0.044895 0.019881 0.014270 0.033143 -0.093106 0.048083 -0.038881
 -0.031167 -0.072240 -0.062822 -0.023657 0.045078 0.065678 0.062635 -0.098700
 0.008577 0.038145 -0.059244 0.048438 -0.014145 -0.089366 0.036763 -0.010424
 0.015819 -0.009545 0.020846 -0.098559 -0.099533 -0.067660 -0.096636 -0.021691
 -0.042622 0.072384 0.052151 0.024817 0.044887 0.070864 -0.053993 -0.052233
 0.028496 -0.059501 0.016523 -0.009829 0.017436 -0.012187 0.000515 -0.072631
 0.058165 -0.052219 0.001610 -0.030013 0.018698 0.059021 -0.003730 0.030116
 -0.006964 -0.080076 -0.022364 0.099559 0.009079 -0.067123 0.045226 -0.029693
 0.064948 -0.050075 -0.061553 -0.063015 0.052702 -0.046327 0.032777 -0.040347
 0.036416 -0.076073 -0.057342 0.006621 0.078543 -0.006525 0.056076 -0.021182
 -0.008235 0.008325 -0.094452 -0.083349 -0.038313 -0.084058 -0.007813 0.032953
 0.004221 -0.001117 -0.034937 0.028263 -0.086918 0.045130 -0.040161 -0.019997
 0.007164 0.064467 -0.076189 0.084382 0.007629 0.083561 -0.032209 0.039352
 -0.053673 0.063436 -0.019735 -0.002412 0.018036 -0.087993 0.021195 0.068320
 0.034488 -0.086429 -0.017959 0.065657 0.044536 -0.042351 -0.098293 0.025686
 -0.045003 -0.043054 -0.006894 -0.087975 -0.090542 0.006120 0.063658 0.004304
 0.060753 0.014274 -0.034998 -0.068572 0.051025 0.042321 -0.026721 -0.037689
 -0.056869 -0.099678 0.006318 0.094913 0.006916 -0.060111 -0.028969 -0.090660
 0.050488 -0.098593 0.019248 -0.037815 -0.092237 0.007289 0.044165 -0.074448
 -0.066385 0.007117 -0.072037 0.022996 -0.013801 -0.059630 0.023620 -0.073766
 -0.087143 -0.022427 0.050572 -0.024779 -0.093013 0.040442 0.097898 0.090086
 0.076263 -0.036909 -0.090602 -0.060034 0.077240 0.061673 0.006118 0.033830
 0.006034 -0.022439 0.068675 -0.058533 -0.077167 0.003014 0.070164 -0.065194
 -0.048815 -0.040678 0.067597 -0.007579 -0.019704 -0.030636 0.066742 -0.019869
 0.012540 0.018639 -0.048347 -0.007262 0.078312 -0.048332 0.041108 0.001355
 0.074159 -0.062525 0.052392 0.087093 -0.064963 -0.014453 0.041556 -0.036763
 0.015540 0.017596 -0.004051 0.029098 -0.026363 0.066098 0.047201 0.003844
 0.071330 -0.055522 0.095986 -0.090186 -0.077293 0.015229 -0.091549 0.073633
 0.044918 -0.036488 -0.011905 0.010900 -0.081297 -0.040206 0.094530 -0.094244
 -0.008645 0.054510 0.047638 0.045915 -0.069812 0.052520 -0.020869 -0.054935
 0.085298 -0.020908 -0.027843 0.041314 0.089149 -0.019394 0.039895 0.031729
 -0.083974 0.032787 -0.021550 0.043292 0.047353 0.060655 -0.074439 0.040444
 0.052755 0.085635 0.032346 -0.095756 0.031927 0.057644 0.013282 -0.009717
 0.017244 0.084289 0.023153 -0.075567 -0.021822 -0.019611 0.075968 -0.015815
 -0.018118 0.072987 0.029226 0.087320 0.048052 0.088736 0.095301 0.039832
 0.027320 0.078266 0.001087 0.058120 0.046377 -0.097939 0.093276 -0.023404
 -0.019896 0.029692 -0.085145 0.075567 -0.089318 -0.054297 0.050775 -0.068309
 0.051163 -0.094374 -0.012947 -0.018713 -0.069266 0.012161 0.084554 -0.021086
 -0.014658 0.019688 -0.016382 0.003717 0.026300 0.021482 -0.013369 0.076114
 -0.049116 -0.004458 -0.017610 -0.021434 -0.001042 -0.061290 -0.002431 0.033219
 -0.077206 -0.015602 -0.071689 0.053138 0.026545 -0.041111 -0.029116 0.079073
 0.085996 0.028009 0.061934 -0.080163 -0.013769 0.060941 -0.007861 -0.022477
 0.030162 -0.088083 0.097643 -0.073279 0.006794 0.030567 0.064204 -0.030704
 -0.064820 0.032782 -0.006386 0.053309 -0.067661 -0.057923 0.018557 0.017026
 -0.082624 0.059881 -0.093373 -0.035828 -0.070893 -0.077496 -0.006812 -0.061996
 -0.019710 -0.046192 0.065680 -0.051979 -0.097810 -0.020374 -0.032213 0.048930
 -0.017234 0.089618 0.079828 0.045837 -0.018002 -0.085672 0.066013 -0.081577
 -0.045845 -0.091902 -0.029677 0.033531 0.048226 -0.007387 0.027221 -0.027348
 -0.020210 -0.073737 0.021029 -0.099599 -0.008486 0.039655 -0.087475 -0.046200
 0.093812 0.005688 -0.086935 0.005545 0.072787 -0.095505 0.048269 -0.036600
 0.054747 0.067899 0.082107 -0.058304 0.056808 0.055894 0.069347 -0.006950
 0.094385 -0.060275 0.029834 -0.097643 -0.079129 0.028857 0.010486 0.054176
 0.042358 0.080591 -0.023456 -0.036472 -0.023280 -0.002904 -0.011738 -0.073811
 -0.088901 0.039881 0.061693 0.051816 -0.098295 0.095405 -0.018829 -0.078239
 -0.067340 0.023472 0.097354 0.098364 0.008283 0.061772 -0.017560 0.048312
 -0.000034 0.034591 -0.037737 -0.056413 0.066791 -0.042497 0.033537 -0.069540
 0.016149 -0.028662 0.062779 -0.091503 -0.072966 0.029860 0.047114 0.031220
 0.032394 -0.082643 -0.012728 0.032504 -0.032858 -0.080812 0.015965 0.042800
 -0.039040 0.029896 -0.072854 -0.004148 0.056847 -0.091760 0.073650 0.032196
 0.033247 0.084605 0.093772 0.031027 -0.068973 0.090342 -0.030559 -0.042501
 0.028094 -0.039615 -0.034435 0.083488 -0.006675 -0.033927 0.096011 0.012924
 -0.029498 -0.081733 0.075225 -0.067473 -0.073447 0.057079 0.076892 0.099158
 0.032591 0.090107 0.014091 -0.077605 -0.060868 0.059816 -0.017744 -0.086800
 0.088952 0.071481 -0.008691 -0.083786 -0.035322 0.095777 0.019280 0.066076
 0.045124 -0.093217 0.061740 0.030431 0.061098 0.005349 -0.071041 0.013180
 0.036091 -0.057675 0.036147 0.033518 -0.087114 0.050374 0.043936 0.005922
 0.031380 -0.016748 0.069189 0.049229 0.074185 0.080175 0.001900 0.030343
 0.098774 0.076877 0.009140 -0.086126 0.091065 0.093022 0.030020 -0.024272
 0.037337 -0.076195 -0.010000 -0.078647 0.018152 -0.033100 0.074860 -0.065942
 0.062856 -0.036456 0.035163 -0.036873 0.094576 0.061006 -0.060926 0.045591
 0.037029 0.085352 0.027295 0.027893 -0.030537 0.030904 0.027169 -0.020829
 0.056458 -0.000332 0.086725 0.078359 -0.046040 0.000616 0.088234 -0.018897
 -0.058747 -0.030837 -0.080016 -0.009915 0.009122 0.039260 0.030377 -0.049357
 0.050512 0.099890 -0.044748 0.028703 -0.003017 0.087826 -0.070502 -0.021556
 -0.045636 0.042627 0.048800 0.051355 -0.036723 0.023624 0.044243 0.002965
 0.006815 0.012826 0.055344 -0.011923 0.043065 0.032780 -0.078296 0.079938
 0.038781 -0.085193 -0.053964 -0.034159 0.079742 -0.020158 0.097937 0.022938
 0.011680 0.094872 0.028039 0.061410 -0.039266 -0.053228 -0.023547 -0.000140
 -0.005285 -0.021574 -0.016504 -0.000271 0.084024 -0.020225 0.068506 0.092111
 0.020021 0.051338 0.086078 -0.015783 0.070969 -0.018986 -0.046075 -0.012650
 -0.002072 -0.057610 0.085386 -0.074343 0.049951 -0.079954 0.082853 -0.097959
 -0.083577 -0.037579 0.092684 0.077505 -0.027163 -0.068919 -0.079907 -0.075442
 0.031076 0.087150 -0.037626 -0.060068 -0.016887 0.058384 0.051843 0.033594
 0.053245 -0.034571 -0.091571 -0.086527 -0.019423 -0.014688 0.010994 0.057469
 0.034263 0.030872 0.077336 0.054382 -0.093726 -0.093536 -0.076339 0.070219
 0.080452 0.021040 -0.028406 -0.028452 0.029474 0.061855 -0.052699 -0.063319
 0.025235 -0.089007 -0.080970 0.082103 -0.031412 -0.005172 -0.037599 -0.031394
 -0.020416 0.067045 0.098908 0.079969 0.039252 -0.063944 -0.067611 -0.094931
 0.028580 -0.009907 -0.076355 0.065739 0.062233 0.043072 0.001649 -0.046097
 0.079584 0.008360 0.086561 0.013023 -0.089441 0.048159 -0.063094 -0.092890
 0.096879 0.001477 0.048155 -0.022582 0.077590 -0.009494 0.082293 0.055633
 0.026453 0.097969 -0.093936 -0.066486 -0.056342 0.099102 -0.004850 -0.038799
 0.005551 0.060629 -0.087793 0.027035 0.005314 -0.046399 0.038912 0.047292
 -0.026526 -0.045787 0.068407 -0.094013 -0.034621 -0.077417 0.005906 -0.019243
 -0.079197 -0.029004 0.028618 0.005657 -0.015383 -0.044638 0.038795 -0.016764
 0.099900 0.088475 -0.041783 -0.041190 -0.033526 0.050918 -0.077348 0.021042
 -0.044063 -0.098344 0.061370 0.069202 0.033552 -0.060326 0.046806 -0.098870
 0.097083 0.063786 -0.010420 0.064465 0.069806 -0.045359 -0.035657 0.096349
 -0.009260 -0.089923 -0.005949 0.088752 0.070983 -0.081326 0.047508 -0.000813
 -0.008603 0.034960 0.005224 0.062559 -0.095879 -0.078623 0.000523 0.055355
 0.088554 -0.086760 0.026538 -0.028735 -0.036064 0.056942 0.020227 0.016384
 0.085789 -0.029611 -0.036697 -0.094484 0.075567 -0.015905 -0.021667 -0.005317
 0.080134 -0.043892 0.056763 0.012485 0.025302 -0.062715 0.098169 0.066450
 0.031560 0.062235 0.031900 -0.028864 0.010546 -0.039151 -0.022886 -0.036870
 0.063101 0.087181 0.094367 -0.008438 0.035862 -0.095859 -0.005294 -0.097732
 -0.025849 -0.042935 0.003494 0.075143 0.084899 0.040788 0.071019 -0.064453
 -0.051939 0.058379 -0.048833 0.003209 -0.072689 0.022726 0.058454 -0.047071
 0.079358 -0.091717 0.023234 -0.014518 0.040553 0.087397 0.087453 -0.038180
 0.062397 -0.063192 0.034952 0.061233 -0.012820 -0.026464 -0.083754 -0.064672
 -0.015181 0.022938 -0.051776 0.015995 -0.003047 0.046478 0.048156 0.040990
 -0.021569 0.015644 0.079903 0.060470 -0.086678 -0.069327 -0.036408 0.070694
 -0.065391 -0.060525 -0.078579 0.047733 -0.021291 -0.039975 0.014674 -0.073835
 0.054046 0.048995 0.016047 0.000614 -0.039075 0.051157 0.064484 -0.019120
 0.051507 0.099239 0.052987 -0.009668 -0.086378 -0.061298 -0.048279 0.081061
 -0.009584 -0.034578 -0.005471 -0.010900 -0.095840 0.003662 -0.077008 0.037931
 -0.029181 0.085068 -0.003361 0.065715 0.010189 -0.018968 0.070839 0.023139
 0.014105 -0.003251 -0.001059 0.004362 0.000805 0.080957 0.094632 -0.082542
 -0.075953 0.085097 0.042290 0.039008 -0.099189 0.009037 0.090394 -0.034408
 0.062689 -0.084302 0.050202 -0.052694 -0.007720 0.053739 -0.027252 0.045292
 -0.022891 0.025962 0.002726 0.084914 -0.030417 0.091491 -0.067363 0.016563
 0.092419 0.081462 -0.002496 0.098953 0.034368 0.045997 -0.039375 0.040722
 0.039034 -0.059057 -0.097130 0.001385 0.078224 0.059416 0.017683 0.056637
 0.070559 -0.029078 -0.090378 -0.083590 -0.003102 0.068263 0.030453 0.098251
 0.036238 0.038872 0.045106 -0.061723 0.020159 0.003691 0.069773 0.050656
 -0.024057 -0.027326 -0.012519 -0.020353 -0.047121 -0.025936 0.017547 0.074428
 0.005116 0.058228 -0.010110 0.050922 -0.043189 -0.030151 -0.038629 -0.044109
 0.088534 0.079991 0.058373 0.015298 0.026431 0.093408 0.094854 0.080543
 -0.027427 -0.090650 0.022913 -0.054284 -0.070854 0.008562 -0.055392 0.068128
 -0.018359 0.052951 0.041881 -0.014561 -0.072546 -0.058563 0.036671 0.062859
 0.018653 -0.040493 0.006650 0.027461 -0.029092 -0.015898 0.047792 0.010822
 0.002192 -0.023968 -0.032568 -0.069719 0.071333 0.092106 -0.015840 0.099800
 -0.034990 -0.042219 -0.056414 -0.051344 0.052951 0.047306 0.011672 0.047257
 -0.091759 0.060696 -0.073177 -0.061259 0.004568 -0.075246 0.091774 0.082243
 0.044598 0.080464 0.057303 0.058024 -0.090555 0.093014 0.088512 0.019927
 -0.089711 -0.030389 0.069736 -0.060466 -0.086047 -0.062114 0.073454 -0.099253
 0.023451 0.050983 -0.075492 0.079348 0.077247 -0.089624 -0.005245 -0.024254
 -0.028192 -0.037237 0.072828 -0.038588 0.060959 -0.014817 0.080705 -0.092052
 -0.057915 -0.018672 -0.006205 0.039847 0.011333 -0.082426 -0.012427 -0.064754
 -0.026607 -0.048774 0.091269 -0.053230 -0.016370 -0.049943 0.007130 0.036552
 -0.057939 0.020274 -0.037611 0.058804 -0.027202 -0.017101 -0.009417 0.096554
 0.004892 0.064613 -0.084388 -0.046411 0.062877 0.071145 0.045346 0.004830
 -0.042511 0.093409 -0.095880 0.015585 -0.042766 -0.074122 -0.003341 -0.000496
 0.075818 -0.001650 0.042736 0.051924 -0.051984 -0.076136 0.079498 0.048363
 -0.088750 0.076098 0.089914 -0.021085 -0.048596 -0.018513 0.000730 0.076437
 0.096095 0.075928 -0.083462 -0.032199 0.031041 0.073823 -0.022807 -0.040563
 0.024818 0.034457 -0.010629 -0.001508 0.079403 0.097711 -0.046209 0.019458
 -0.002695 -0.049793 -0.014250 0.071860 -0.090997 -0.025666 -0.012868 -0.094790
 -0.001905 -0.041461 -0.026381 -0.097276 0.047596 0.088858 0.062508 -0.070026
 -0.015869 -0.000157 0.072124 -0.077361 -0.094428 0.019359 -0.042580 0.030397
 -0.013724 0.001913 -0.081397 0.099705 0.020671 0.010646 0.098159 0.063547
 -0.056354 -0.004984 0.038138 0.077704 -0.088841 0.058193 0.047093 -0.028881
 0.051412 0.059629 0.018095 -0.076437 0.036918 0.009465 -0.040448 0.085153
 -0.057223 -0.016440 -0.009476 0.022435 0.033498 -0.051978 0.040575 -0.027469
 0.040092 0.093448 0.081531 -0.059162 -0.033295 0.094214 0.021321 0.029841
 0.086443 0.048177 -0.019372 0.046465 0.033450 0.033074 0.093167 -0.073578
 -0.031611 -0.071625 0.045963 -0.073806 -0.006394 -0.049590 0.031257 -0.055939
 0.023408 0.002191 -0.070876 0.063709 -0.005359 -0.066017 0.019885 0.012246
 0.054423 -0.081040 0.040554 0.042851 0.096099 0.073724 0.063755 -0.094584
 -0.034137 -0.004557 0.011931 0.060198 -0.027068 -0.064756 -0.083862 -0.071011
 -0.045977 -0.027314 0.012325 0.015619 -0.009685 0.047467 0.029300 0.077821
 -0.096589 0.082151 0.049007 0.085079 -0.087653 -0.051075 0.081328 0.035936
 -0.059073 -0.047104 -0.056451 0.029376 -0.051334 0.050393 0.070804 -0.027341
 -0.092211 0.089251 0.003518 0.098660 0.032047 -0.067286 0.035408 0.078243
 -0.050483 -0.000586 0.044663 -0.095513 -0.068199 0.006096 0.046334 0.037463
 -0.098427 -0.025476 -0.071785 -0.081333 -0.065091 -0.054100 -0.093830 -0.050746
 -0.035654 0.081074 0.020977 -0.016305 -0.001318 -0.062659 -0.054460 -0.090714
 0.010200 -0.045166 0.035204 -0.083571 -0.043627 -0.064839 0.045275 0.057417
 -0.018921 -0.041604 -0.061036 0.039292 0.063486 0.072981 -0.097690 -0.060590
 -0.027090 -0.018677 0.012900 -0.082309 -0.096329 0.043428 -0.024870 0.013198
 -0.073766 0.081868 -0.042090 0.082582 -0.094178 -0.062764 0.027089 0.006231
 -0.017115 -0.040082 0.049832 0.012285 -0.041665 0.027016 -0.011648 0.060586
 -0.005964 -0.052696 -0.029757 0.036322 0.070010 0.039975 0.076315 0.040789
 0.089069 0.022198 -0.078242 0.080925 -0.020416 0.050750 0.070876 0.003620
 -0.063986 0.045789 -0.081181 -0.013502 0.054172 0.062263 0.043646 0.036499
 0.050494 0.065578 -0.065028 -0.036148 -0.030780 0.091400 0.013368 0.034330
 0.083337 0.039080 0.066705 0.004709 -0.099836 0.048549 -0.045667 -0.027862
 0.097534 0.048687 0.019499 -0.049688 -0.007520 -0.020836 0.014203 -0.009388
 -0.040332 -0.059575 0.064654 -0.080729 -0.095575 -0.031456 0.076107 0.012120
 -0.019006 -0.059045 0.033796 -0.093581 0.070258 0.084529 -0.020385 -0.036754
 0.095232 0.090561 0.062146 -0.077248 0.025423 0.045357 0.053756 0.077120
 -0.013497 0.087044 -0.040572 0.040752 -0.053039 -0.064080 -0.039002 0.084260
 0.030983 0.037685 0.039172 -0.002301 0.067801 0.091118 -0.034752 0.057999
 0.086707 -0.028964 -0.078072 -0.049793 -0.012118 0.035312 -0.035447 0.036264
 -0.014404 0.092104 0.029774 -0.047850 0.045474 0.045954 0.088651 0.058466
 -0.080859 -0.078917 -0.071885 -0.007931 -0.026771 0.062168 0.008531 0.088282
 -0.051020 0.015570 0.095888 0.023243 0.097479 -0.027702 -0.069821 0.068355
 -0.082184 -0.089699 -0.072404 0.092732 -0.097904 -0.077992 0.002415 -0.034970
 -0.074271 0.094584 -0.001458 0.029459 -0.022784 0.019020 -0.037054 -0.052079
 0.031877 0.069095 0.014214 0.068683 0.010244 -0.084913 0.029946 0.053837
 -0.020926 0.092251 0.056141 -0.069609 -0.052107 -0.080493 0.038024 0.093641
 0.060644 -0.061918 -0.053786 -0.012285 0.005718 -0.099895 0.067474 -0.053319
 0.041623 0.074087 0.043967 0.023738 0.060447 0.054015 0.057378 -0.051209
 0.092483 0.080591 -0.046728 -0.079767 0.074027 -0.073519 -0.051580 -0.025588
 -0.024367 -0.000856 0.000996 0.045450 0.062370 0.005870 0.070830 -0.001321
 0.012463 0.063296 -0.051679 -0.003175 -0.020042 -0.062925 0.065687 0.096101
 0.077029 -0.061327 0.022252 0.074033 0.053846 0.040615 0.076708 -0.092830
 -0.078519 -0.028543 -0.074710 -0.055483 -0.009172 0.025696 -0.058741 -0.098252
 0.032859 -0.078703 -0.007203 -0.038811 -0.034191 -0.000735 0.043820 -0.088715
 -0.028244 0.002125 0.063353 0.002809 -0.072478 0.069926 0.083416 0.040685
 0.079708 0.088880 -0.059492 0.081050 0.073729 -0.028450 -0.058510 0.086449
 -0.030627 0.076915 0.045810 -0.067166 0.000671 -0.001770 0.072181 0.056476
 -0.088585 -0.055384 -0.042546 0.087624 -0.048936 -0.047991 0.041228 -0.057370
 0.036842 0.045014 -0.006069 -0.054090 -0.087532 0.082620 0.023156 0.079374
 -0.030277 -0.057997 -0.095783 -0.055349 -0.095241 -0.001125 0.000386 0.023517
 -0.025740 -0.082619 -0.090514 -0.056096 0.041317 -0.000585 0.099281 0.029439
 0.079098 0.074737 0.091205 0.038828 0.014926 -0.027149 0.090604 -0.012185
 0.039134 -0.013002 0.055688 -0.090346 -0.041472 -0.081865 -0.015500 0.061259
 0.049569 -0.003257 0.014379 0.049538 0.041999 -0.042051 -0.047729 -0.020899
 0.015068 -0.081986 -0.088911 0.014603 -0.091503 0.062621 0.056806 -0.063080
 -0.036126 -0.039874 -0.058509 0.091652 0.018886 -0.062095 0.032246 0.096970
 0.088298 0.022153 -0.059704 -0.042364 -0.004212 0.027759 -0.052431 0.091686
 -0.099887 0.089220 -0.002922 0.047625 0.066287 -0.068206 0.016665 0.016913
 0.091574 -0.075767 -0.038262 -0.080803 0.055807 -0.098988 -0.043328 0.020930
 0.046662 0.072102 0.049738 -0.008177 0.008592 -0.029291 -0.082344 0.026711
 -0.076438 -0.083449 0.073568 -0.066265 0.080309 -0.084877 -0.097277 -0.004543
 0.071911 -0.050044 -0.091435 0.029114 0.003707 -0.092879 -0.074965 -0.058094
 -0.039906 0.017515 0.068105 -0.091438 -0.087519 -0.045029 -0.071524 -0.099882
 -0.096619 -0.015210 -0.049739 0.080841 0.075838 0.067075 -0.046301 -0.033499
 -0.022366 0.068090 0.036798 -0.064938 0.037480 0.009897 -0.078796 -0.036591
 0.085263 -0.052341 -0.037189 0.005323 -0.091068 -0.004404 -0.033468 -0.032147
 0.016539 0.036680 0.049505 -0.050415 -0.017764 0.051432 -0.019590 0.043894
 0.001322 -0.038706 -0.072243 0.013261 -0.093708 0.093619 -0.080535 0.001805
 0.015824 -0.013015 0.008751 0.012081 -0.002402 0.098998 0.090734 -0.087862
 0.061238 -0.026220 0.046493 -0.029411 -0.076448 0.080345 0.046228 -0.088427
 0.099726 -0.098900 -0.000182 -0.090149 0.004608 -0.010029 0.042725 0.042675
 0.091610 -0.047779 -0.023479 -0.019660 -0.034149 0.027299 -0.046997 0.036643
 -0.086424 0.040230 0.045911 0.049897 0.026205 -0.076513 -0.080294 0.055736
 -0.036347 -0.036388 0.001187 0.086672 -0.051647 -0.023595 -0.053292 -0.012776
 -0.094083 0.057687 -0.062626 0.003085 0.089560 -0.057848 -0.070220 0.076053
 0.036746 -0.084018 0.017800 0.045678 -0.076359 0.083723 0.029328 -0.089053
 0.026206 -0.082878 -0.050618 0.065733 -0.009893 0.050020 0.048750 0.026670
 0.065458 0.040792 0.080239 -0.016322 -0.044658 0.089376 0.015668 0.037948
 0.029183 -0.035131 0.079799 -0.057646 -0.024957 -0.013054 0.087422 -0.069182
 0.046554 0.048140 0.058919 -0.023414 0.042477 0.097693 -0.007685 0.088420
 0.059133 0.085949 0.027523 -0.074360 -0.001291 -0.061512 0.008473 0.065764
 -0.036466 -0.078110 0.058446 -0.008342 -0.003720 -0.089625 0.001014 -0.094426
 0.020807 -0.016951 -0.070514 0.098517 -0.037266 -0.059987 -0.017667 -0.044515
 -0.033984 0.016314 0.087537 -0.086366 0.016118 0.041228 0.034122 0.026288
 -0.082380 0.028046 -0.005992 -0.044680 0.055707 -0.076973 -0.038109 0.083562
 -0.037814 -0.091907 -0.078813 0.054945 -0.096264 0.027110 -0.098689 0.078312
 -0.078442 -0.007498 -0.085853 0.085852 0.030662 0.054535 -0.071204 -0.095112
 -0.074061 -0.089108 0.089676 -0.050463 -0.061946 0.078975 0.070550 0.039421
 -0.018137 -0.070196 -0.000682 -0.026540 -0.034448 0.026177 0.056193 0.015088
 0.026241 0.025129 0.016713 -0.018002 0.071941 0.038962 -0.090771 0.077487
 0.025318 -0.045551 0.041077 0.004145 -0.033320 0.067754 0.038421 -0.072547
 0.002033 0.071628 0.023068 -0.050264 0.008766 -0.010352 0.046499 0.087922
 0.017274 -0.043150 0.023562 -0.047698 0.012560 0.047115 -0.011283 -0.012883
 0.072325 -0.025812 -0.043662 -0.009714 0.077913 -0.089839 0.038400 -0.013712
 -0.024708 0.071598 -0.045093 0.021192 -0.073654 0.008743 -0.094452 -0.005236
 -0.032039 0.054818 -0.083081 0.082487 0.003598 0.097253 -0.011898 0.089360
 0.060123 -0.021092 -0.093328 -0.042678 0.071782 0.075035 -0.024018 0.091232
 0.043184 0.061162 -0.050078 -0.094398 0.024866 -0.049277 0.049439 -0.001121
 -0.036438 -0.079066 -0.026836 -0.066440 -0.049200 -0.086795 0.053147 0.096804
 0.020878 -0.084450 0.098519 0.017950 -0.060104 -0.017967 -0.073475 0.065696
 0.060597 0.030844 -0.071632 -0.012333 0.040414 -0.033203 -0.078477 -0.096488
 0.098707 0.046706 0.025627 0.007545 -0.040410 -0.085293 -0.085691 0.013135
 -0.054819 0.050310 -0.062073 0.046044 -0.058072 -0.003389 -0.003872 -0.069446
 0.064090 -0.077404 0.044437 0.007140 -0.097152 -0.086977 0.077021 -0.070442
 0.097613 0.078805 -0.026016 0.030007 -0.037604 0.082363 0.065862 0.047265
 -0.036617 -0.058994 0.035615 0.050817 0.009007 0.095172 -0.022735 0.036378
 0.063691 -0.076617 0.066276 -0.017380 0.033835 -0.099949 -0.009392 0.009748
 -0.017762 -0.005642 -0.048305 0.030899 -0.051748 0.081733 -0.056005 -0.081979
 0.027870 -0.084216 -0.060674 -0.063902 0.009695 0.023685 0.013728 -0.058158
 0.082710 0.026089 0.060345 0.026266 0.079667 0.003353 -0.062399 -0.039544
 -0.089662 -0.049407 0.016945 -0.026997 -0.025692 -0.092639 -0.083127 0.079916
 0.016545 0.091491 -0.099921 0.075744 -0.071376 -0.056914 -0.066863 -0.007686
 -0.003768 0.033244 -0.053350 -0.089133 0.028471 0.074399 -0.023343 -0.009010
 -0.079969 -0.079076 -0.077096 0.086712 -0.085100 -0.029266 0.021098 0.098763
 0.043763 -0.063833 0.000654 -0.075753 0.056345 0.017583 0.035250 0.000618
 -0.013624 -0.059157 -0.066307 -0.074974 0.017087 0.017262 0.062776 0.070183
 -0.060762 0.069367 0.063881 -0.079978 0.059023 -0.065361 -0.004273 0.016824
 0.005501 0.089212 0.068642 -0.099358 -0.065457 -0.043391 -0.064236 0.089020
 -0.042598 -0.049625 0.086733 -0.083650 -0.098400 -0.013307 -0.063838 0.072928
]
Total memory size for keys: rot_key_cnt = 31, rot_key_size = 195042576 bytes, total_key_size = 206577344 bytes
Total memory size for weight plain: cnt = 145, size = 151529672 bytes
RTLib functions         	       Count	      Elapse
--------------------    	    --------	    --------
NN                      	           -	           -
FHE                     	           -	           -
 FHE_ADDCC               	         167	    0.168201 sec
 FHE_ADDCP               	           1	    0.000052 sec
 FHE_MULCP               	         144	    0.010090 sec
 FHE_RESCALE             	           1	    0.005590 sec
 FHE_ROTATE              	          32	    0.833493 sec
FHE                     	   sub total	    1.017427 sec
FINALIZE_CONTEXT        	           1	    0.001671 sec
PREPARE_CONTEXT         	           1	    1.312428 sec
ENCODE_ARRAY            	         146	    0.743941 sec
NTT                     	         923	    1.140891 sec
INTT                    	         128	    0.170614 sec
MAIN_GRAPH              	           1	    1.777413 sec
 HW_ADD                  	        1084	    0.078362 sec
 HW_MUL                  	         936	    0.182716 sec
 HW_ROT                  	         122	    0.020245 sec
 COPY_POLY               	          92	    0.007515 sec
 MOD_DOWN                	          64	    0.339994 sec
 DECOMP_MODUP            	          61	    0.306525 sec
 MULP                    	          69	    0.297387 sec
 RESCALE_POLY            	           2	    0.005589 sec
 COPY_CIPH               	          14	    0.006712 sec
 INIT_CIPH_SM_SC         	         200	    0.004145 sec
 INIT_CIPH_UP_SC         	         144	    0.010067 sec
 INIT_CIPH_DN_SC         	           1	    0.000000 sec
 BOOTSTRAP               	           -	           -
  BS_EVAL                 	           -	           -
 BOOTSTRAP               	   sub total	    0.000000 sec
 PT_ENCODE               	         145	    0.741705 sec
MAIN_GRAPH              	   sub total	    2.000963 sec
3.12 353384
