Per-op stats for /Flatten in Main_graph:
Per-op stats for /fc/Gemm in Main_graph:
|DATA        |       COUNT|        EXEC|    LOAD(MB)|    DRAM(MB)|
|--------    |      ------|      ------|      ------|      ------|
|PLAINTEXT   |           3|        1026|        1538|        1538|
|ROTATE      |           7|          71|         704|         700|

|OP          |       LEVEL|       COUNT|        EXEC|    LOAD(MB)|    DRAM(MB)|
|--------    |      ------|      ------|      ------|      ------|      ------|
|add_cc      |           2|           1|           3|           0|           0|
|add_cc      |           3|           6|        1060|           0|           0|
|add_cp      |           2|           1|           1|           1|           1|
|mul_cp      |           2|           1|           1|           1|           1|
|mul_cp      |           3|           1|        1024|        1536|        1536|
|rotate      |           2|           1|           3|          24|           8|
|rotate      |           3|           6|          68|         680|          60|
|rescale     |           1|           1|           1|           0|           0|
|rescale     |           2|           1|           1|           0|           0|
|TOTAL       |            |          19|        2162|        2242|        1606|

ROTATE             LEVEL       COUNT    LOAD(MB)
--------          ------      ------      ------
15360                  2           1           8
10240                  2           1           8
5120                   2           1           8
992                    3           1          10
960                    3           1          10
928                    3           1          10
864                    3           1          10
832                    3           1          10
800                    3           1          10
24                     3           1          10
23                     3           1          10
672                    3           1          10
22                     3           1          10
21                     3           1          10
20                     3           1          10
19                     3           1          10
18                     3           1          10
608                    3           1          10
16                     3           1          10
15                     3           1          10
14                     3           1          10
192                    3           1          10
-8192                  3           1          10
13                     3           1          10
544                    3           1          10
12                     3           1          10
11                     3           1          10
9                      3           1          10
17                     3           1          10
256                    3           1          10
2                      3           1          10
10                     3           1          10
-16384                 3           1          10
128                    3           1          10
1                      3           1          10
0                      3           2          20
416                    3           1          10
64                     3           1          10
768                    3           1          10
6                      3           1          10
896                    3           1          10
7                      3           1          10
8                      3           1          10
480                    3           1          10
25                     3           1          10
320                    3           1          10
26                     3           1          10
27                     3           1          10
28                     3           1          10
736                    3           1          10
29                     3           1          10
30                     3           1          10
3                      3           1          10
384                    3           1          10
31                     3           1          10
32                     3           1          10
96                     3           1          10
-12288                 3           1          10
160                    3           1          10
-4096                  3           1          10
224                    3           1          10
288                    3           1          10
352                    3           1          10
448                    3           1          10
4                      3           1          10
512                    3           1          10
576                    3           1          10
5                      3           1          10
640                    3           1          10
704                    3           1          10
TOTAL                             71         704

Total stats for Main_graph:
|DATA        |       COUNT|        EXEC|    LOAD(MB)|    DRAM(MB)|
|--------    |      ------|      ------|      ------|      ------|
|PLAINTEXT   |           3|        1026|        1538|        1538|
|ROTATE      |           7|          71|         704|         700|

|OP          |       LEVEL|       COUNT|        EXEC|    LOAD(MB)|    DRAM(MB)|
|--------    |      ------|      ------|      ------|      ------|      ------|
|add_cc      |           2|           1|           3|           0|           0|
|add_cc      |           3|           6|        1060|           0|           0|
|add_cp      |           2|           1|           1|           1|           1|
|mul_cp      |           2|           1|           1|           1|           1|
|mul_cp      |           3|           1|        1024|        1536|        1536|
|rotate      |           2|           1|           3|          24|           8|
|rotate      |           3|           6|          68|         680|          60|
|rescale     |           1|           1|           1|           0|           0|
|rescale     |           2|           1|           1|           0|           0|
|TOTAL       |            |          19|        2162|        2242|        1606|

ROTATE             LEVEL       COUNT    LOAD(MB)
--------          ------      ------      ------
15360                  2           1           8
10240                  2           1           8
5120                   2           1           8
992                    3           1          10
960                    3           1          10
928                    3           1          10
864                    3           1          10
832                    3           1          10
800                    3           1          10
24                     3           1          10
23                     3           1          10
672                    3           1          10
22                     3           1          10
21                     3           1          10
20                     3           1          10
19                     3           1          10
18                     3           1          10
608                    3           1          10
16                     3           1          10
15                     3           1          10
14                     3           1          10
192                    3           1          10
-8192                  3           1          10
13                     3           1          10
544                    3           1          10
12                     3           1          10
11                     3           1          10
9                      3           1          10
17                     3           1          10
256                    3           1          10
2                      3           1          10
10                     3           1          10
-16384                 3           1          10
128                    3           1          10
1                      3           1          10
0                      3           2          20
416                    3           1          10
64                     3           1          10
768                    3           1          10
6                      3           1          10
896                    3           1          10
7                      3           1          10
8                      3           1          10
480                    3           1          10
25                     3           1          10
320                    3           1          10
26                     3           1          10
27                     3           1          10
28                     3           1          10
736                    3           1          10
29                     3           1          10
30                     3           1          10
3                      3           1          10
384                    3           1          10
31                     3           1          10
32                     3           1          10
96                     3           1          10
-12288                 3           1          10
160                    3           1          10
-4096                  3           1          10
224                    3           1          10
288                    3           1          10
352                    3           1          10
448                    3           1          10
4                      3           1          10
512                    3           1          10
576                    3           1          10
5                      3           1          10
640                    3           1          10
704                    3           1          10
TOTAL                             71         704

