Per-op stats for /Flatten in Main_graph:
Per-op stats for /fc/Gemm in Main_graph:
|DATA        |       COUNT|        EXEC|    LOAD(MB)|    DRAM(MB)|
|--------    |      ------|      ------|      ------|      ------|
|PLAINTEXT   |           3|          66|          98|          98|
|ROTATE      |          11|          31|         296|         300|

|OP          |       LEVEL|       COUNT|        EXEC|    LOAD(MB)|    DRAM(MB)|
|--------    |      ------|      ------|      ------|      ------|      ------|
|add_cc      |           2|           1|           7|           0|           0|
|add_cc      |           3|          10|          80|           0|           0|
|add_cp      |           2|           1|           1|           1|           1|
|mul_cp      |           2|           1|           1|           1|           1|
|mul_cp      |           3|           1|          64|          96|          96|
|rotate      |           2|           1|           7|          56|           8|
|rotate      |           3|          10|          24|         240|         100|
|rescale     |           1|           1|           1|           0|           0|
|rescale     |           2|           1|           1|           0|           0|
|TOTAL       |            |          27|         186|         394|         206|

ROTATE             LEVEL       COUNT    LOAD(MB)
--------          ------      ------      ------
32                     3           1          10
0                      3           2          20
2                      3           1          10
-4096                  3           1          10
1728                   2           1           8
4032                   2           1           8
-3584                  3           1          10
7                      3           1          10
4                      3           1          10
-2560                  3           1          10
16                     3           1          10
-2048                  3           1          10
6                      3           1          10
-3072                  3           1          10
1                      3           1          10
576                    2           1           8
-1024                  3           1          10
5                      3           1          10
3456                   2           1           8
8                      3           1          10
-512                   3           1          10
24                     3           1          10
40                     3           1          10
56                     3           1          10
1152                   2           1           8
3                      3           1          10
-1536                  3           1          10
2304                   2           1           8
48                     3           1          10
2880                   2           1           8
TOTAL                             31         296

Total stats for Main_graph:
|DATA        |       COUNT|        EXEC|    LOAD(MB)|    DRAM(MB)|
|--------    |      ------|      ------|      ------|      ------|
|PLAINTEXT   |           3|          66|          98|          98|
|ROTATE      |          11|          31|         296|         300|

|OP          |       LEVEL|       COUNT|        EXEC|    LOAD(MB)|    DRAM(MB)|
|--------    |      ------|      ------|      ------|      ------|      ------|
|add_cc      |           2|           1|           7|           0|           0|
|add_cc      |           3|          10|          80|           0|           0|
|add_cp      |           2|           1|           1|           1|           1|
|mul_cp      |           2|           1|           1|           1|           1|
|mul_cp      |           3|           1|          64|          96|          96|
|rotate      |           2|           1|           7|          56|           8|
|rotate      |           3|          10|          24|         240|         100|
|rescale     |           1|           1|           1|           0|           0|
|rescale     |           2|           1|           1|           0|           0|
|TOTAL       |            |          27|         186|         394|         206|

ROTATE             LEVEL       COUNT    LOAD(MB)
--------          ------      ------      ------
32                     3           1          10
0                      3           2          20
2                      3           1          10
-4096                  3           1          10
1728                   2           1           8
4032                   2           1           8
-3584                  3           1          10
7                      3           1          10
4                      3           1          10
-2560                  3           1          10
16                     3           1          10
-2048                  3           1          10
6                      3           1          10
-3072                  3           1          10
1                      3           1          10
576                    2           1           8
-1024                  3           1          10
5                      3           1          10
3456                   2           1           8
8                      3           1          10
-512                   3           1          10
24                     3           1          10
40                     3           1          10
56                     3           1          10
1152                   2           1           8
3                      3           1          10
-1536                  3           1          10
2304                   2           1           8
48                     3           1          10
2880                   2           1           8
TOTAL                             31         296

