squeezenet_cifar10.onnx
squeezenet_cifar10.c
squeezenet_cifar10.onnx.c
/app/ace-compiler/nn-addon/onnx2air/src/air_stmt.cxx:864: Assertion Failure: Fix rtype for New_una_arith.
/app/ace-compiler/nn-addon/onnx2air/src/air_stmt.cxx:864: Assertion Failure: Fix rtype for New_una_arith.
/app/ace-compiler/air-infra/base/src/node.cxx:534: Assertion Failure: Do not call this API to change rtype.
/app/ace-compiler/air-infra/base/src/node.cxx:534: Assertion Failure: Do not call this API to change rtype.
/app/ace-compiler/air-infra/base/src/node.cxx:524: Assertion Failure: Do not call this API to change rtype.
/app/ace-compiler/air-infra/base/src/node.cxx:524: Assertion Failure: Do not call this API to change rtype.
/app/ace-compiler/air-infra/base/src/node.cxx:534: Assertion Failure: Do not call this API to change rtype.
/app/ace-compiler/air-infra/base/src/node.cxx:534: Assertion Failure: Do not call this API to change rtype.
/app/ace-compiler/air-infra/base/src/node.cxx:524: Assertion Failure: Do not call this API to change rtype.
/app/ace-compiler/air-infra/base/src/node.cxx:524: Assertion Failure: Do not call this API to change rtype.
/app/ace-compiler/air-infra/base/src/node.cxx:534: Assertion Failure: Do not call this API to change rtype.
/app/ace-compiler/air-infra/base/src/node.cxx:534: Assertion Failure: Do not call this API to change rtype.
/app/ace-compiler/air-infra/base/src/node.cxx:524: Assertion Failure: Do not call this API to change rtype.
/app/ace-compiler/air-infra/base/src/node.cxx:524: Assertion Failure: Do not call this API to change rtype.
/app/ace-compiler/air-infra/base/src/node.cxx:534: Assertion Failure: Do not call this API to change rtype.
/app/ace-compiler/air-infra/base/src/node.cxx:534: Assertion Failure: Do not call this API to change rtype.
/app/ace-compiler/air-infra/base/src/node.cxx:524: Assertion Failure: Do not call this API to change rtype.
/app/ace-compiler/air-infra/base/src/node.cxx:524: Assertion Failure: Do not call this API to change rtype.
/app/ace-compiler/air-infra/base/src/node.cxx:534: Assertion Failure: Do not call this API to change rtype.
/app/ace-compiler/air-infra/base/src/node.cxx:534: Assertion Failure: Do not call this API to change rtype.
/app/ace-compiler/air-infra/base/src/node.cxx:524: Assertion Failure: Do not call this API to change rtype.
/app/ace-compiler/air-infra/base/src/node.cxx:524: Assertion Failure: Do not call this API to change rtype.
/app/ace-compiler/air-infra/base/src/node.cxx:534: Assertion Failure: Do not call this API to change rtype.
/app/ace-compiler/air-infra/base/src/node.cxx:534: Assertion Failure: Do not call this API to change rtype.
/app/ace-compiler/air-infra/base/src/node.cxx:524: Assertion Failure: Do not call this API to change rtype.
/app/ace-compiler/air-infra/base/src/node.cxx:524: Assertion Failure: Do not call this API to change rtype.
/app/ace-compiler/air-infra/base/src/node.cxx:534: Assertion Failure: Do not call this API to change rtype.
/app/ace-compiler/air-infra/base/src/node.cxx:534: Assertion Failure: Do not call this API to change rtype.
/app/ace-compiler/air-infra/base/src/node.cxx:524: Assertion Failure: Do not call this API to change rtype.
/app/ace-compiler/air-infra/base/src/node.cxx:524: Assertion Failure: Do not call this API to change rtype.
/app/ace-compiler/air-infra/base/src/node.cxx:534: Assertion Failure: Do not call this API to change rtype.
/app/ace-compiler/air-infra/base/src/node.cxx:534: Assertion Failure: Do not call this API to change rtype.
/app/ace-compiler/air-infra/base/src/node.cxx:524: Assertion Failure: Do not call this API to change rtype.
/app/ace-compiler/air-infra/base/src/node.cxx:524: Assertion Failure: Do not call this API to change rtype.
/app/ace-compiler/air-infra/base/src/node.cxx:534: Assertion Failure: Do not call this API to change rtype.
/app/ace-compiler/air-infra/base/src/node.cxx:534: Assertion Failure: Do not call this API to change rtype.
/app/ace-compiler/air-infra/base/src/node.cxx:524: Assertion Failure: Do not call this API to change rtype.
/app/ace-compiler/air-infra/base/src/node.cxx:524: Assertion Failure: Do not call this API to change rtype.
/app/ace-compiler/air-infra/base/src/node.cxx:534: Assertion Failure: Do not call this API to change rtype.
/app/ace-compiler/air-infra/base/src/node.cxx:534: Assertion Failure: Do not call this API to change rtype.
/app/ace-compiler/air-infra/base/src/node.cxx:524: Assertion Failure: Do not call this API to change rtype.
/app/ace-compiler/air-infra/base/src/node.cxx:524: Assertion Failure: Do not call this API to change rtype.
/app/ace-compiler/air-infra/base/src/node.cxx:534: Assertion Failure: Do not call this API to change rtype.
/app/ace-compiler/air-infra/base/src/node.cxx:534: Assertion Failure: Do not call this API to change rtype.
/app/ace-compiler/air-infra/base/src/node.cxx:524: Assertion Failure: Do not call this API to change rtype.
/app/ace-compiler/air-infra/base/src/node.cxx:524: Assertion Failure: Do not call this API to change rtype.
/app/ace-compiler/air-infra/base/src/node.cxx:534: Assertion Failure: Do not call this API to change rtype.
/app/ace-compiler/air-infra/base/src/node.cxx:534: Assertion Failure: Do not call this API to change rtype.
/app/ace-compiler/air-infra/base/src/node.cxx:524: Assertion Failure: Do not call this API to change rtype.
/app/ace-compiler/air-infra/base/src/node.cxx:524: Assertion Failure: Do not call this API to change rtype.
/app/ace-compiler/air-infra/base/src/node.cxx:534: Assertion Failure: Do not call this API to change rtype.
/app/ace-compiler/air-infra/base/src/node.cxx:534: Assertion Failure: Do not call this API to change rtype.
/app/ace-compiler/air-infra/base/src/node.cxx:524: Assertion Failure: Do not call this API to change rtype.
/app/ace-compiler/air-infra/base/src/node.cxx:524: Assertion Failure: Do not call this API to change rtype.
/app/ace-compiler/air-infra/base/src/node.cxx:534: Assertion Failure: Do not call this API to change rtype.
/app/ace-compiler/air-infra/base/src/node.cxx:534: Assertion Failure: Do not call this API to change rtype.
/app/ace-compiler/air-infra/base/src/node.cxx:524: Assertion Failure: Do not call this API to change rtype.
/app/ace-compiler/air-infra/base/src/node.cxx:524: Assertion Failure: Do not call this API to change rtype.
/app/ace-compiler/air-infra/base/src/node.cxx:534: Assertion Failure: Do not call this API to change rtype.
/app/ace-compiler/air-infra/base/src/node.cxx:534: Assertion Failure: Do not call this API to change rtype.
/app/ace-compiler/air-infra/base/src/node.cxx:524: Assertion Failure: Do not call this API to change rtype.
/app/ace-compiler/air-infra/base/src/node.cxx:524: Assertion Failure: Do not call this API to change rtype.
/app/ace-compiler/air-infra/base/src/node.cxx:534: Assertion Failure: Do not call this API to change rtype.
/app/ace-compiler/air-infra/base/src/node.cxx:534: Assertion Failure: Do not call this API to change rtype.
/app/ace-compiler/air-infra/base/src/node.cxx:524: Assertion Failure: Do not call this API to change rtype.
/app/ace-compiler/air-infra/base/src/node.cxx:524: Assertion Failure: Do not call this API to change rtype.
/app/ace-compiler/air-infra/base/src/node.cxx:534: Assertion Failure: Do not call this API to change rtype.
/app/ace-compiler/air-infra/base/src/node.cxx:534: Assertion Failure: Do not call this API to change rtype.
/app/ace-compiler/air-infra/base/src/node.cxx:524: Assertion Failure: Do not call this API to change rtype.
/app/ace-compiler/air-infra/base/src/node.cxx:524: Assertion Failure: Do not call this API to change rtype.
/app/ace-compiler/air-infra/base/src/node.cxx:534: Assertion Failure: Do not call this API to change rtype.
/app/ace-compiler/air-infra/base/src/node.cxx:534: Assertion Failure: Do not call this API to change rtype.
/app/ace-compiler/air-infra/base/src/node.cxx:524: Assertion Failure: Do not call this API to change rtype.
/app/ace-compiler/air-infra/base/src/node.cxx:524: Assertion Failure: Do not call this API to change rtype.
/app/ace-compiler/air-infra/base/src/node.cxx:534: Assertion Failure: Do not call this API to change rtype.
/app/ace-compiler/air-infra/base/src/node.cxx:534: Assertion Failure: Do not call this API to change rtype.
/app/ace-compiler/air-infra/base/src/node.cxx:524: Assertion Failure: Do not call this API to change rtype.
/app/ace-compiler/air-infra/base/src/node.cxx:524: Assertion Failure: Do not call this API to change rtype.
/app/ace-compiler/air-infra/base/src/node.cxx:534: Assertion Failure: Do not call this API to change rtype.
/app/ace-compiler/air-infra/base/src/node.cxx:534: Assertion Failure: Do not call this API to change rtype.
/app/ace-compiler/air-infra/base/src/node.cxx:524: Assertion Failure: Do not call this API to change rtype.
/app/ace-compiler/air-infra/base/src/node.cxx:524: Assertion Failure: Do not call this API to change rtype.
/app/ace-compiler/air-infra/base/src/node.cxx:534: Assertion Failure: Do not call this API to change rtype.
/app/ace-compiler/air-infra/base/src/node.cxx:534: Assertion Failure: Do not call this API to change rtype.
/app/ace-compiler/air-infra/base/src/node.cxx:524: Assertion Failure: Do not call this API to change rtype.
/app/ace-compiler/air-infra/base/src/node.cxx:524: Assertion Failure: Do not call this API to change rtype.
/app/ace-compiler/air-infra/base/src/node.cxx:534: Assertion Failure: Do not call this API to change rtype.
/app/ace-compiler/air-infra/base/src/node.cxx:534: Assertion Failure: Do not call this API to change rtype.
/app/ace-compiler/air-infra/base/src/node.cxx:524: Assertion Failure: Do not call this API to change rtype.
/app/ace-compiler/air-infra/base/src/node.cxx:524: Assertion Failure: Do not call this API to change rtype.
/app/ace-compiler/air-infra/base/src/node.cxx:534: Assertion Failure: Do not call this API to change rtype.
/app/ace-compiler/air-infra/base/src/node.cxx:534: Assertion Failure: Do not call this API to change rtype.
/app/ace-compiler/air-infra/base/src/node.cxx:524: Assertion Failure: Do not call this API to change rtype.
/app/ace-compiler/air-infra/base/src/node.cxx:524: Assertion Failure: Do not call this API to change rtype.
/app/ace-compiler/air-infra/base/src/node.cxx:534: Assertion Failure: Do not call this API to change rtype.
/app/ace-compiler/air-infra/base/src/node.cxx:534: Assertion Failure: Do not call this API to change rtype.
/app/ace-compiler/air-infra/base/src/node.cxx:524: Assertion Failure: Do not call this API to change rtype.
/app/ace-compiler/air-infra/base/src/node.cxx:524: Assertion Failure: Do not call this API to change rtype.
/app/ace-compiler/air-infra/base/src/node.cxx:534: Assertion Failure: Do not call this API to change rtype.
/app/ace-compiler/air-infra/base/src/node.cxx:534: Assertion Failure: Do not call this API to change rtype.
/app/ace-compiler/air-infra/base/src/node.cxx:524: Assertion Failure: Do not call this API to change rtype.
/app/ace-compiler/air-infra/base/src/node.cxx:524: Assertion Failure: Do not call this API to change rtype.
/app/ace-compiler/air-infra/base/src/node.cxx:534: Assertion Failure: Do not call this API to change rtype.
/app/ace-compiler/air-infra/base/src/node.cxx:534: Assertion Failure: Do not call this API to change rtype.
/app/ace-compiler/air-infra/base/src/node.cxx:524: Assertion Failure: Do not call this API to change rtype.
/app/ace-compiler/air-infra/base/src/node.cxx:524: Assertion Failure: Do not call this API to change rtype.
/app/ace-compiler/air-infra/base/src/node.cxx:534: Assertion Failure: Do not call this API to change rtype.
/app/ace-compiler/air-infra/base/src/node.cxx:534: Assertion Failure: Do not call this API to change rtype.
/app/ace-compiler/air-infra/base/src/node.cxx:524: Assertion Failure: Do not call this API to change rtype.
/app/ace-compiler/air-infra/base/src/node.cxx:524: Assertion Failure: Do not call this API to change rtype.
/app/ace-compiler/air-infra/base/src/node.cxx:534: Assertion Failure: Do not call this API to change rtype.
/app/ace-compiler/air-infra/base/src/node.cxx:534: Assertion Failure: Do not call this API to change rtype.
/app/ace-compiler/air-infra/base/src/node.cxx:524: Assertion Failure: Do not call this API to change rtype.
/app/ace-compiler/air-infra/base/src/node.cxx:524: Assertion Failure: Do not call this API to change rtype.
/app/ace-compiler/air-infra/base/src/node.cxx:534: Assertion Failure: Do not call this API to change rtype.
/app/ace-compiler/air-infra/base/src/node.cxx:534: Assertion Failure: Do not call this API to change rtype.
/app/ace-compiler/air-infra/base/src/node.cxx:524: Assertion Failure: Do not call this API to change rtype.
/app/ace-compiler/air-infra/base/src/node.cxx:524: Assertion Failure: Do not call this API to change rtype.
/app/ace-compiler/air-infra/base/src/node.cxx:534: Assertion Failure: Do not call this API to change rtype.
/app/ace-compiler/air-infra/base/src/node.cxx:534: Assertion Failure: Do not call this API to change rtype.
/app/ace-compiler/air-infra/base/src/node.cxx:524: Assertion Failure: Do not call this API to change rtype.
/app/ace-compiler/air-infra/base/src/node.cxx:524: Assertion Failure: Do not call this API to change rtype.
/app/ace-compiler/air-infra/base/src/node.cxx:534: Assertion Failure: Do not call this API to change rtype.
/app/ace-compiler/air-infra/base/src/node.cxx:534: Assertion Failure: Do not call this API to change rtype.
/app/ace-compiler/air-infra/base/src/node.cxx:524: Assertion Failure: Do not call this API to change rtype.
/app/ace-compiler/air-infra/base/src/node.cxx:524: Assertion Failure: Do not call this API to change rtype.
width_block_data=32768
width_block_data=32768
width_block_data=32768
width_block_data=32768
/app/ace-compiler/air-infra/base/src/node.cxx:534: Assertion Failure: Do not call this API to change rtype.
/app/ace-compiler/air-infra/base/src/node.cxx:534: Assertion Failure: Do not call this API to change rtype.
/app/ace-compiler/air-infra/base/src/node.cxx:524: Assertion Failure: Do not call this API to change rtype.
/app/ace-compiler/air-infra/base/src/node.cxx:524: Assertion Failure: Do not call this API to change rtype.
/app/ace-compiler/air-infra/base/src/node.cxx:534: Assertion Failure: Do not call this API to change rtype.
/app/ace-compiler/air-infra/base/src/node.cxx:534: Assertion Failure: Do not call this API to change rtype.
/app/ace-compiler/air-infra/base/src/node.cxx:524: Assertion Failure: Do not call this API to change rtype.
/app/ace-compiler/air-infra/base/src/node.cxx:524: Assertion Failure: Do not call this API to change rtype.
width_block_data=32768
width_block_data=32768
width_block_data=32768
width_block_data=32768
width_block_data=32768
width_block_data=32768
/app/ace-compiler/air-infra/base/src/node.cxx:534: Assertion Failure: Do not call this API to change rtype.
/app/ace-compiler/air-infra/base/src/node.cxx:534: Assertion Failure: Do not call this API to change rtype.
/app/ace-compiler/air-infra/base/src/node.cxx:524: Assertion Failure: Do not call this API to change rtype.
/app/ace-compiler/air-infra/base/src/node.cxx:524: Assertion Failure: Do not call this API to change rtype.
/app/ace-compiler/air-infra/base/src/node.cxx:534: Assertion Failure: Do not call this API to change rtype.
/app/ace-compiler/air-infra/base/src/node.cxx:534: Assertion Failure: Do not call this API to change rtype.
/app/ace-compiler/air-infra/base/src/node.cxx:524: Assertion Failure: Do not call this API to change rtype.
/app/ace-compiler/air-infra/base/src/node.cxx:524: Assertion Failure: Do not call this API to change rtype.
width_block_data=16384
width_block_data=16384
width_block_data=32768
/app/ace-compiler/air-infra/base/src/node.cxx:534: Assertion Failure: Do not call this API to change rtype.
/app/ace-compiler/air-infra/base/src/node.cxx:534: Assertion Failure: Do not call this API to change rtype.
/app/ace-compiler/air-infra/base/src/node.cxx:524: Assertion Failure: Do not call this API to change rtype.
/app/ace-compiler/air-infra/base/src/node.cxx:524: Assertion Failure: Do not call this API to change rtype.
/app/ace-compiler/air-infra/include/air/core/opcode_def.inc:68: Assertion Failure: Unexpected COMMENT
/app/ace-compiler/air-infra/include/air/core/opcode_def.inc:68: Assertion Failure: Unexpected COMMENT
/app/ace-compiler/air-infra/include/air/core/opcode_def.inc:56: Assertion Failure: Unexpected PRAGMA
/app/ace-compiler/air-infra/include/air/core/opcode_def.inc:56: Assertion Failure: Unexpected PRAGMA
/app/ace-compiler/air-infra/include/air/core/opcode_def.inc:68: Assertion Failure: Unexpected COMMENT
/app/ace-compiler/air-infra/include/air/core/opcode_def.inc:68: Assertion Failure: Unexpected COMMENT
/app/ace-compiler/air-infra/include/air/core/opcode_def.inc:68: Assertion Failure: Unexpected COMMENT
/app/ace-compiler/air-infra/include/air/core/opcode_def.inc:68: Assertion Failure: Unexpected COMMENT
/app/ace-compiler/air-infra/include/air/core/opcode_def.inc:56: Assertion Failure: Unexpected PRAGMA
/app/ace-compiler/air-infra/include/air/core/opcode_def.inc:56: Assertion Failure: Unexpected PRAGMA
/app/ace-compiler/air-infra/include/air/core/opcode_def.inc:68: Assertion Failure: Unexpected COMMENT
/app/ace-compiler/air-infra/include/air/core/opcode_def.inc:68: Assertion Failure: Unexpected COMMENT
/app/ace-compiler/air-infra/include/air/core/opcode_def.inc:56: Assertion Failure: Unexpected PRAGMA
/app/ace-compiler/air-infra/include/air/core/opcode_def.inc:56: Assertion Failure: Unexpected PRAGMA
/app/ace-compiler/air-infra/include/air/core/opcode_def.inc:56: Assertion Failure: Unexpected PRAGMA
/app/ace-compiler/air-infra/include/air/core/opcode_def.inc:56: Assertion Failure: Unexpected PRAGMA
/app/ace-compiler/air-infra/include/air/core/opcode_def.inc:68: Assertion Failure: Unexpected COMMENT
/app/ace-compiler/air-infra/include/air/core/opcode_def.inc:68: Assertion Failure: Unexpected COMMENT
/app/ace-compiler/air-infra/include/air/core/opcode_def.inc:56: Assertion Failure: Unexpected PRAGMA
/app/ace-compiler/air-infra/include/air/core/opcode_def.inc:56: Assertion Failure: Unexpected PRAGMA
/app/ace-compiler/air-infra/include/air/core/opcode_def.inc:56: Assertion Failure: Unexpected PRAGMA
/app/ace-compiler/air-infra/include/air/core/opcode_def.inc:56: Assertion Failure: Unexpected PRAGMA
/app/ace-compiler/air-infra/include/air/core/opcode_def.inc:68: Assertion Failure: Unexpected COMMENT
/app/ace-compiler/air-infra/include/air/core/opcode_def.inc:68: Assertion Failure: Unexpected COMMENT
/app/ace-compiler/air-infra/include/air/core/opcode_def.inc:56: Assertion Failure: Unexpected PRAGMA
/app/ace-compiler/air-infra/include/air/core/opcode_def.inc:56: Assertion Failure: Unexpected PRAGMA
/app/ace-compiler/air-infra/include/air/core/opcode_def.inc:56: Assertion Failure: Unexpected PRAGMA
/app/ace-compiler/air-infra/include/air/core/opcode_def.inc:56: Assertion Failure: Unexpected PRAGMA
/app/ace-compiler/air-infra/include/air/core/opcode_def.inc:68: Assertion Failure: Unexpected COMMENT
/app/ace-compiler/air-infra/include/air/core/opcode_def.inc:68: Assertion Failure: Unexpected COMMENT
/app/ace-compiler/air-infra/include/air/core/opcode_def.inc:56: Assertion Failure: Unexpected PRAGMA
/app/ace-compiler/air-infra/include/air/core/opcode_def.inc:56: Assertion Failure: Unexpected PRAGMA
/app/ace-compiler/air-infra/include/air/core/opcode_def.inc:68: Assertion Failure: Unexpected COMMENT
/app/ace-compiler/air-infra/include/air/core/opcode_def.inc:68: Assertion Failure: Unexpected COMMENT
/app/ace-compiler/air-infra/include/air/core/opcode_def.inc:68: Assertion Failure: Unexpected COMMENT
/app/ace-compiler/air-infra/include/air/core/opcode_def.inc:68: Assertion Failure: Unexpected COMMENT
/app/ace-compiler/air-infra/include/air/core/opcode_def.inc:56: Assertion Failure: Unexpected PRAGMA
/app/ace-compiler/air-infra/include/air/core/opcode_def.inc:56: Assertion Failure: Unexpected PRAGMA
/app/ace-compiler/air-infra/include/air/core/opcode_def.inc:68: Assertion Failure: Unexpected COMMENT
/app/ace-compiler/air-infra/include/air/core/opcode_def.inc:68: Assertion Failure: Unexpected COMMENT
/app/ace-compiler/air-infra/include/air/core/opcode_def.inc:56: Assertion Failure: Unexpected PRAGMA
/app/ace-compiler/air-infra/include/air/core/opcode_def.inc:56: Assertion Failure: Unexpected PRAGMA
/app/ace-compiler/air-infra/include/air/core/opcode_def.inc:68: Assertion Failure: Unexpected COMMENT
/app/ace-compiler/air-infra/include/air/core/opcode_def.inc:68: Assertion Failure: Unexpected COMMENT
/app/ace-compiler/air-infra/include/air/core/opcode_def.inc:68: Assertion Failure: Unexpected COMMENT
/app/ace-compiler/air-infra/include/air/core/opcode_def.inc:68: Assertion Failure: Unexpected COMMENT
/app/ace-compiler/air-infra/include/air/core/opcode_def.inc:56: Assertion Failure: Unexpected PRAGMA
/app/ace-compiler/air-infra/include/air/core/opcode_def.inc:56: Assertion Failure: Unexpected PRAGMA
/app/ace-compiler/air-infra/include/air/core/opcode_def.inc:68: Assertion Failure: Unexpected COMMENT
/app/ace-compiler/air-infra/include/air/core/opcode_def.inc:68: Assertion Failure: Unexpected COMMENT
/app/ace-compiler/air-infra/include/air/core/opcode_def.inc:56: Assertion Failure: Unexpected PRAGMA
/app/ace-compiler/air-infra/include/air/core/opcode_def.inc:56: Assertion Failure: Unexpected PRAGMA
/app/ace-compiler/air-infra/include/air/core/opcode_def.inc:56: Assertion Failure: Unexpected PRAGMA
/app/ace-compiler/air-infra/include/air/core/opcode_def.inc:56: Assertion Failure: Unexpected PRAGMA
/app/ace-compiler/air-infra/include/air/core/opcode_def.inc:68: Assertion Failure: Unexpected COMMENT
/app/ace-compiler/air-infra/include/air/core/opcode_def.inc:68: Assertion Failure: Unexpected COMMENT
/app/ace-compiler/air-infra/include/air/core/opcode_def.inc:56: Assertion Failure: Unexpected PRAGMA
/app/ace-compiler/air-infra/include/air/core/opcode_def.inc:56: Assertion Failure: Unexpected PRAGMA
/app/ace-compiler/air-infra/include/air/core/opcode_def.inc:56: Assertion Failure: Unexpected PRAGMA
/app/ace-compiler/air-infra/include/air/core/opcode_def.inc:56: Assertion Failure: Unexpected PRAGMA
/app/ace-compiler/air-infra/include/air/core/opcode_def.inc:68: Assertion Failure: Unexpected COMMENT
/app/ace-compiler/air-infra/include/air/core/opcode_def.inc:68: Assertion Failure: Unexpected COMMENT
/app/ace-compiler/air-infra/include/air/core/opcode_def.inc:56: Assertion Failure: Unexpected PRAGMA
/app/ace-compiler/air-infra/include/air/core/opcode_def.inc:56: Assertion Failure: Unexpected PRAGMA
/app/ace-compiler/air-infra/include/air/core/opcode_def.inc:56: Assertion Failure: Unexpected PRAGMA
/app/ace-compiler/air-infra/include/air/core/opcode_def.inc:56: Assertion Failure: Unexpected PRAGMA
/app/ace-compiler/air-infra/include/air/core/opcode_def.inc:68: Assertion Failure: Unexpected COMMENT
/app/ace-compiler/air-infra/include/air/core/opcode_def.inc:68: Assertion Failure: Unexpected COMMENT
/app/ace-compiler/air-infra/include/air/core/opcode_def.inc:56: Assertion Failure: Unexpected PRAGMA
/app/ace-compiler/air-infra/include/air/core/opcode_def.inc:56: Assertion Failure: Unexpected PRAGMA
/app/ace-compiler/air-infra/include/air/core/opcode_def.inc:56: Assertion Failure: Unexpected PRAGMA
/app/ace-compiler/air-infra/include/air/core/opcode_def.inc:56: Assertion Failure: Unexpected PRAGMA
/app/ace-compiler/air-infra/include/air/core/opcode_def.inc:68: Assertion Failure: Unexpected COMMENT
/app/ace-compiler/air-infra/include/air/core/opcode_def.inc:68: Assertion Failure: Unexpected COMMENT
/app/ace-compiler/air-infra/include/air/core/opcode_def.inc:56: Assertion Failure: Unexpected PRAGMA
/app/ace-compiler/air-infra/include/air/core/opcode_def.inc:56: Assertion Failure: Unexpected PRAGMA
/app/ace-compiler/air-infra/include/air/core/opcode_def.inc:68: Assertion Failure: Unexpected COMMENT
/app/ace-compiler/air-infra/include/air/core/opcode_def.inc:68: Assertion Failure: Unexpected COMMENT
/app/ace-compiler/air-infra/include/air/core/opcode_def.inc:68: Assertion Failure: Unexpected COMMENT
/app/ace-compiler/air-infra/include/air/core/opcode_def.inc:68: Assertion Failure: Unexpected COMMENT
/app/ace-compiler/air-infra/include/air/core/opcode_def.inc:56: Assertion Failure: Unexpected PRAGMA
/app/ace-compiler/air-infra/include/air/core/opcode_def.inc:56: Assertion Failure: Unexpected PRAGMA
/app/ace-compiler/air-infra/include/air/core/opcode_def.inc:68: Assertion Failure: Unexpected COMMENT
/app/ace-compiler/air-infra/include/air/core/opcode_def.inc:68: Assertion Failure: Unexpected COMMENT
/app/ace-compiler/air-infra/include/air/core/opcode_def.inc:56: Assertion Failure: Unexpected PRAGMA
/app/ace-compiler/air-infra/include/air/core/opcode_def.inc:56: Assertion Failure: Unexpected PRAGMA
/app/ace-compiler/air-infra/include/air/core/opcode_def.inc:68: Assertion Failure: Unexpected COMMENT
/app/ace-compiler/air-infra/include/air/core/opcode_def.inc:68: Assertion Failure: Unexpected COMMENT
/app/ace-compiler/air-infra/include/air/core/opcode_def.inc:68: Assertion Failure: Unexpected COMMENT
/app/ace-compiler/air-infra/include/air/core/opcode_def.inc:68: Assertion Failure: Unexpected COMMENT
/app/ace-compiler/air-infra/include/air/core/opcode_def.inc:56: Assertion Failure: Unexpected PRAGMA
/app/ace-compiler/air-infra/include/air/core/opcode_def.inc:56: Assertion Failure: Unexpected PRAGMA
/app/ace-compiler/air-infra/include/air/core/opcode_def.inc:68: Assertion Failure: Unexpected COMMENT
/app/ace-compiler/air-infra/include/air/core/opcode_def.inc:68: Assertion Failure: Unexpected COMMENT
/app/ace-compiler/air-infra/include/air/core/opcode_def.inc:56: Assertion Failure: Unexpected PRAGMA
/app/ace-compiler/air-infra/include/air/core/opcode_def.inc:56: Assertion Failure: Unexpected PRAGMA
/app/ace-compiler/air-infra/include/air/core/opcode_def.inc:56: Assertion Failure: Unexpected PRAGMA
/app/ace-compiler/air-infra/include/air/core/opcode_def.inc:56: Assertion Failure: Unexpected PRAGMA
/app/ace-compiler/air-infra/include/air/core/opcode_def.inc:68: Assertion Failure: Unexpected COMMENT
/app/ace-compiler/air-infra/include/air/core/opcode_def.inc:68: Assertion Failure: Unexpected COMMENT
/app/ace-compiler/air-infra/include/air/core/opcode_def.inc:56: Assertion Failure: Unexpected PRAGMA
/app/ace-compiler/air-infra/include/air/core/opcode_def.inc:56: Assertion Failure: Unexpected PRAGMA
/app/ace-compiler/air-infra/include/air/core/opcode_def.inc:56: Assertion Failure: Unexpected PRAGMA
/app/ace-compiler/air-infra/include/air/core/opcode_def.inc:56: Assertion Failure: Unexpected PRAGMA
/app/ace-compiler/air-infra/include/air/core/opcode_def.inc:68: Assertion Failure: Unexpected COMMENT
/app/ace-compiler/air-infra/include/air/core/opcode_def.inc:68: Assertion Failure: Unexpected COMMENT
/app/ace-compiler/air-infra/include/air/core/opcode_def.inc:56: Assertion Failure: Unexpected PRAGMA
/app/ace-compiler/air-infra/include/air/core/opcode_def.inc:56: Assertion Failure: Unexpected PRAGMA
/app/ace-compiler/air-infra/include/air/core/opcode_def.inc:56: Assertion Failure: Unexpected PRAGMA
/app/ace-compiler/air-infra/include/air/core/opcode_def.inc:56: Assertion Failure: Unexpected PRAGMA
/app/ace-compiler/air-infra/include/air/core/opcode_def.inc:68: Assertion Failure: Unexpected COMMENT
/app/ace-compiler/air-infra/include/air/core/opcode_def.inc:68: Assertion Failure: Unexpected COMMENT
/app/ace-compiler/air-infra/include/air/core/opcode_def.inc:56: Assertion Failure: Unexpected PRAGMA
/app/ace-compiler/air-infra/include/air/core/opcode_def.inc:56: Assertion Failure: Unexpected PRAGMA
/app/ace-compiler/air-infra/include/air/core/opcode_def.inc:56: Assertion Failure: Unexpected PRAGMA
/app/ace-compiler/air-infra/include/air/core/opcode_def.inc:56: Assertion Failure: Unexpected PRAGMA
/app/ace-compiler/air-infra/include/air/core/opcode_def.inc:68: Assertion Failure: Unexpected COMMENT
/app/ace-compiler/air-infra/include/air/core/opcode_def.inc:68: Assertion Failure: Unexpected COMMENT
/app/ace-compiler/air-infra/include/air/core/opcode_def.inc:56: Assertion Failure: Unexpected PRAGMA
/app/ace-compiler/air-infra/include/air/core/opcode_def.inc:56: Assertion Failure: Unexpected PRAGMA
/app/ace-compiler/air-infra/include/air/core/opcode_def.inc:68: Assertion Failure: Unexpected COMMENT
/app/ace-compiler/air-infra/include/air/core/opcode_def.inc:68: Assertion Failure: Unexpected COMMENT
/app/ace-compiler/air-infra/include/air/core/opcode_def.inc:68: Assertion Failure: Unexpected COMMENT
/app/ace-compiler/air-infra/include/air/core/opcode_def.inc:68: Assertion Failure: Unexpected COMMENT
/app/ace-compiler/air-infra/include/air/core/opcode_def.inc:56: Assertion Failure: Unexpected PRAGMA
/app/ace-compiler/air-infra/include/air/core/opcode_def.inc:56: Assertion Failure: Unexpected PRAGMA
/app/ace-compiler/air-infra/include/air/core/opcode_def.inc:68: Assertion Failure: Unexpected COMMENT
/app/ace-compiler/air-infra/include/air/core/opcode_def.inc:68: Assertion Failure: Unexpected COMMENT
/app/ace-compiler/air-infra/include/air/core/opcode_def.inc:56: Assertion Failure: Unexpected PRAGMA
/app/ace-compiler/air-infra/include/air/core/opcode_def.inc:56: Assertion Failure: Unexpected PRAGMA
/app/ace-compiler/air-infra/include/air/core/opcode_def.inc:56: Assertion Failure: Unexpected PRAGMA
/app/ace-compiler/air-infra/include/air/core/opcode_def.inc:56: Assertion Failure: Unexpected PRAGMA
/app/ace-compiler/air-infra/include/air/core/opcode_def.inc:68: Assertion Failure: Unexpected COMMENT
/app/ace-compiler/air-infra/include/air/core/opcode_def.inc:68: Assertion Failure: Unexpected COMMENT
/app/ace-compiler/air-infra/include/air/core/opcode_def.inc:56: Assertion Failure: Unexpected PRAGMA
/app/ace-compiler/air-infra/include/air/core/opcode_def.inc:56: Assertion Failure: Unexpected PRAGMA
/app/ace-compiler/air-infra/include/air/core/opcode_def.inc:68: Assertion Failure: Unexpected COMMENT
/app/ace-compiler/air-infra/include/air/core/opcode_def.inc:68: Assertion Failure: Unexpected COMMENT
/app/ace-compiler/air-infra/include/air/core/opcode_def.inc:68: Assertion Failure: Unexpected COMMENT
/app/ace-compiler/air-infra/include/air/core/opcode_def.inc:68: Assertion Failure: Unexpected COMMENT
/app/ace-compiler/air-infra/include/air/core/opcode_def.inc:56: Assertion Failure: Unexpected PRAGMA
/app/ace-compiler/air-infra/include/air/core/opcode_def.inc:56: Assertion Failure: Unexpected PRAGMA
/app/ace-compiler/air-infra/include/air/core/opcode_def.inc:68: Assertion Failure: Unexpected COMMENT
/app/ace-compiler/air-infra/include/air/core/opcode_def.inc:68: Assertion Failure: Unexpected COMMENT
/app/ace-compiler/air-infra/include/air/core/opcode_def.inc:56: Assertion Failure: Unexpected PRAGMA
/app/ace-compiler/air-infra/include/air/core/opcode_def.inc:56: Assertion Failure: Unexpected PRAGMA
/app/ace-compiler/air-infra/include/air/core/opcode_def.inc:56: Assertion Failure: Unexpected PRAGMA
/app/ace-compiler/air-infra/include/air/core/opcode_def.inc:56: Assertion Failure: Unexpected PRAGMA
/app/ace-compiler/air-infra/include/air/core/opcode_def.inc:68: Assertion Failure: Unexpected COMMENT
/app/ace-compiler/air-infra/include/air/core/opcode_def.inc:68: Assertion Failure: Unexpected COMMENT
/app/ace-compiler/air-infra/include/air/core/opcode_def.inc:56: Assertion Failure: Unexpected PRAGMA
/app/ace-compiler/air-infra/include/air/core/opcode_def.inc:56: Assertion Failure: Unexpected PRAGMA
/app/ace-compiler/air-infra/include/air/core/opcode_def.inc:56: Assertion Failure: Unexpected PRAGMA
/app/ace-compiler/air-infra/include/air/core/opcode_def.inc:56: Assertion Failure: Unexpected PRAGMA
/app/ace-compiler/air-infra/include/air/core/opcode_def.inc:68: Assertion Failure: Unexpected COMMENT
/app/ace-compiler/air-infra/include/air/core/opcode_def.inc:68: Assertion Failure: Unexpected COMMENT
/app/ace-compiler/air-infra/include/air/core/opcode_def.inc:56: Assertion Failure: Unexpected PRAGMA
/app/ace-compiler/air-infra/include/air/core/opcode_def.inc:56: Assertion Failure: Unexpected PRAGMA
/app/ace-compiler/air-infra/include/air/core/opcode_def.inc:56: Assertion Failure: Unexpected PRAGMA
/app/ace-compiler/air-infra/include/air/core/opcode_def.inc:56: Assertion Failure: Unexpected PRAGMA
/app/ace-compiler/air-infra/include/air/core/opcode_def.inc:68: Assertion Failure: Unexpected COMMENT
/app/ace-compiler/air-infra/include/air/core/opcode_def.inc:68: Assertion Failure: Unexpected COMMENT
/app/ace-compiler/air-infra/include/air/core/opcode_def.inc:56: Assertion Failure: Unexpected PRAGMA
/app/ace-compiler/air-infra/include/air/core/opcode_def.inc:56: Assertion Failure: Unexpected PRAGMA
/app/ace-compiler/air-infra/include/air/core/opcode_def.inc:56: Assertion Failure: Unexpected PRAGMA
/app/ace-compiler/air-infra/include/air/core/opcode_def.inc:56: Assertion Failure: Unexpected PRAGMA
/app/ace-compiler/air-infra/include/air/core/opcode_def.inc:68: Assertion Failure: Unexpected COMMENT
/app/ace-compiler/air-infra/include/air/core/opcode_def.inc:68: Assertion Failure: Unexpected COMMENT
/app/ace-compiler/air-infra/include/air/core/opcode_def.inc:56: Assertion Failure: Unexpected PRAGMA
/app/ace-compiler/air-infra/include/air/core/opcode_def.inc:56: Assertion Failure: Unexpected PRAGMA
/app/ace-compiler/air-infra/include/air/core/opcode_def.inc:56: Assertion Failure: Unexpected PRAGMA
/app/ace-compiler/air-infra/include/air/core/opcode_def.inc:56: Assertion Failure: Unexpected PRAGMA
/app/ace-compiler/air-infra/include/air/core/opcode_def.inc:68: Assertion Failure: Unexpected COMMENT
/app/ace-compiler/air-infra/include/air/core/opcode_def.inc:68: Assertion Failure: Unexpected COMMENT
/app/ace-compiler/air-infra/include/air/core/opcode_def.inc:56: Assertion Failure: Unexpected PRAGMA
/app/ace-compiler/air-infra/include/air/core/opcode_def.inc:56: Assertion Failure: Unexpected PRAGMA
/app/ace-compiler/air-infra/include/air/core/opcode_def.inc:68: Assertion Failure: Unexpected COMMENT
/app/ace-compiler/air-infra/include/air/core/opcode_def.inc:68: Assertion Failure: Unexpected COMMENT
/app/ace-compiler/air-infra/include/air/core/opcode_def.inc:68: Assertion Failure: Unexpected COMMENT
/app/ace-compiler/air-infra/include/air/core/opcode_def.inc:68: Assertion Failure: Unexpected COMMENT
/app/ace-compiler/air-infra/include/air/core/opcode_def.inc:56: Assertion Failure: Unexpected PRAGMA
/app/ace-compiler/air-infra/include/air/core/opcode_def.inc:56: Assertion Failure: Unexpected PRAGMA
/app/ace-compiler/air-infra/include/air/core/opcode_def.inc:68: Assertion Failure: Unexpected COMMENT
/app/ace-compiler/air-infra/include/air/core/opcode_def.inc:68: Assertion Failure: Unexpected COMMENT
/app/ace-compiler/air-infra/include/air/core/opcode_def.inc:56: Assertion Failure: Unexpected PRAGMA
/app/ace-compiler/air-infra/include/air/core/opcode_def.inc:56: Assertion Failure: Unexpected PRAGMA
/app/ace-compiler/air-infra/include/air/core/opcode_def.inc:68: Assertion Failure: Unexpected COMMENT
/app/ace-compiler/air-infra/include/air/core/opcode_def.inc:68: Assertion Failure: Unexpected COMMENT
/app/ace-compiler/air-infra/include/air/core/opcode_def.inc:68: Assertion Failure: Unexpected COMMENT
/app/ace-compiler/air-infra/include/air/core/opcode_def.inc:68: Assertion Failure: Unexpected COMMENT
/app/ace-compiler/air-infra/include/air/core/opcode_def.inc:56: Assertion Failure: Unexpected PRAGMA
/app/ace-compiler/air-infra/include/air/core/opcode_def.inc:56: Assertion Failure: Unexpected PRAGMA
/app/ace-compiler/air-infra/include/air/core/opcode_def.inc:68: Assertion Failure: Unexpected COMMENT
/app/ace-compiler/air-infra/include/air/core/opcode_def.inc:68: Assertion Failure: Unexpected COMMENT
/app/ace-compiler/air-infra/include/air/core/opcode_def.inc:56: Assertion Failure: Unexpected PRAGMA
/app/ace-compiler/air-infra/include/air/core/opcode_def.inc:56: Assertion Failure: Unexpected PRAGMA
/app/ace-compiler/air-infra/include/air/core/opcode_def.inc:56: Assertion Failure: Unexpected PRAGMA
/app/ace-compiler/air-infra/include/air/core/opcode_def.inc:56: Assertion Failure: Unexpected PRAGMA
/app/ace-compiler/air-infra/include/air/core/opcode_def.inc:68: Assertion Failure: Unexpected COMMENT
/app/ace-compiler/air-infra/include/air/core/opcode_def.inc:68: Assertion Failure: Unexpected COMMENT
/app/ace-compiler/air-infra/include/air/core/opcode_def.inc:56: Assertion Failure: Unexpected PRAGMA
/app/ace-compiler/air-infra/include/air/core/opcode_def.inc:56: Assertion Failure: Unexpected PRAGMA
/app/ace-compiler/air-infra/include/air/core/opcode_def.inc:56: Assertion Failure: Unexpected PRAGMA
/app/ace-compiler/air-infra/include/air/core/opcode_def.inc:56: Assertion Failure: Unexpected PRAGMA
/app/ace-compiler/air-infra/include/air/core/opcode_def.inc:68: Assertion Failure: Unexpected COMMENT
/app/ace-compiler/air-infra/include/air/core/opcode_def.inc:68: Assertion Failure: Unexpected COMMENT
/app/ace-compiler/air-infra/include/air/core/opcode_def.inc:56: Assertion Failure: Unexpected PRAGMA
/app/ace-compiler/air-infra/include/air/core/opcode_def.inc:56: Assertion Failure: Unexpected PRAGMA
/app/ace-compiler/air-infra/include/air/core/opcode_def.inc:56: Assertion Failure: Unexpected PRAGMA
/app/ace-compiler/air-infra/include/air/core/opcode_def.inc:56: Assertion Failure: Unexpected PRAGMA
/app/ace-compiler/air-infra/include/air/core/opcode_def.inc:68: Assertion Failure: Unexpected COMMENT
/app/ace-compiler/air-infra/include/air/core/opcode_def.inc:68: Assertion Failure: Unexpected COMMENT
/app/ace-compiler/air-infra/include/air/core/opcode_def.inc:56: Assertion Failure: Unexpected PRAGMA
/app/ace-compiler/air-infra/include/air/core/opcode_def.inc:56: Assertion Failure: Unexpected PRAGMA
/app/ace-compiler/air-infra/include/air/core/opcode_def.inc:56: Assertion Failure: Unexpected PRAGMA
/app/ace-compiler/air-infra/include/air/core/opcode_def.inc:56: Assertion Failure: Unexpected PRAGMA
/app/ace-compiler/air-infra/include/air/core/opcode_def.inc:68: Assertion Failure: Unexpected COMMENT
/app/ace-compiler/air-infra/include/air/core/opcode_def.inc:68: Assertion Failure: Unexpected COMMENT
/app/ace-compiler/air-infra/include/air/core/opcode_def.inc:56: Assertion Failure: Unexpected PRAGMA
/app/ace-compiler/air-infra/include/air/core/opcode_def.inc:56: Assertion Failure: Unexpected PRAGMA
/app/ace-compiler/air-infra/include/air/core/opcode_def.inc:68: Assertion Failure: Unexpected COMMENT
/app/ace-compiler/air-infra/include/air/core/opcode_def.inc:68: Assertion Failure: Unexpected COMMENT
/app/ace-compiler/air-infra/include/air/core/opcode_def.inc:68: Assertion Failure: Unexpected COMMENT
/app/ace-compiler/air-infra/include/air/core/opcode_def.inc:68: Assertion Failure: Unexpected COMMENT
/app/ace-compiler/air-infra/include/air/core/opcode_def.inc:56: Assertion Failure: Unexpected PRAGMA
/app/ace-compiler/air-infra/include/air/core/opcode_def.inc:56: Assertion Failure: Unexpected PRAGMA
/app/ace-compiler/air-infra/include/air/core/opcode_def.inc:68: Assertion Failure: Unexpected COMMENT
/app/ace-compiler/air-infra/include/air/core/opcode_def.inc:68: Assertion Failure: Unexpected COMMENT
/app/ace-compiler/air-infra/include/air/core/opcode_def.inc:56: Assertion Failure: Unexpected PRAGMA
/app/ace-compiler/air-infra/include/air/core/opcode_def.inc:56: Assertion Failure: Unexpected PRAGMA
/app/ace-compiler/air-infra/include/air/core/opcode_def.inc:68: Assertion Failure: Unexpected COMMENT
/app/ace-compiler/air-infra/include/air/core/opcode_def.inc:68: Assertion Failure: Unexpected COMMENT
/app/ace-compiler/air-infra/include/air/core/opcode_def.inc:68: Assertion Failure: Unexpected COMMENT
/app/ace-compiler/air-infra/include/air/core/opcode_def.inc:68: Assertion Failure: Unexpected COMMENT
/app/ace-compiler/air-infra/include/air/core/opcode_def.inc:56: Assertion Failure: Unexpected PRAGMA
/app/ace-compiler/air-infra/include/air/core/opcode_def.inc:56: Assertion Failure: Unexpected PRAGMA
/app/ace-compiler/air-infra/include/air/core/opcode_def.inc:68: Assertion Failure: Unexpected COMMENT
/app/ace-compiler/air-infra/include/air/core/opcode_def.inc:68: Assertion Failure: Unexpected COMMENT
/app/ace-compiler/air-infra/include/air/core/opcode_def.inc:56: Assertion Failure: Unexpected PRAGMA
/app/ace-compiler/air-infra/include/air/core/opcode_def.inc:56: Assertion Failure: Unexpected PRAGMA
/app/ace-compiler/air-infra/include/air/core/opcode_def.inc:56: Assertion Failure: Unexpected PRAGMA
/app/ace-compiler/air-infra/include/air/core/opcode_def.inc:56: Assertion Failure: Unexpected PRAGMA
/app/ace-compiler/air-infra/include/air/core/opcode_def.inc:68: Assertion Failure: Unexpected COMMENT
/app/ace-compiler/air-infra/include/air/core/opcode_def.inc:68: Assertion Failure: Unexpected COMMENT
/app/ace-compiler/air-infra/include/air/core/opcode_def.inc:56: Assertion Failure: Unexpected PRAGMA
/app/ace-compiler/air-infra/include/air/core/opcode_def.inc:56: Assertion Failure: Unexpected PRAGMA
/app/ace-compiler/air-infra/include/air/core/opcode_def.inc:56: Assertion Failure: Unexpected PRAGMA
/app/ace-compiler/air-infra/include/air/core/opcode_def.inc:56: Assertion Failure: Unexpected PRAGMA
/app/ace-compiler/air-infra/include/air/core/opcode_def.inc:68: Assertion Failure: Unexpected COMMENT
/app/ace-compiler/air-infra/include/air/core/opcode_def.inc:68: Assertion Failure: Unexpected COMMENT
/app/ace-compiler/air-infra/include/air/core/opcode_def.inc:56: Assertion Failure: Unexpected PRAGMA
/app/ace-compiler/air-infra/include/air/core/opcode_def.inc:56: Assertion Failure: Unexpected PRAGMA
/app/ace-compiler/air-infra/include/air/core/opcode_def.inc:56: Assertion Failure: Unexpected PRAGMA
/app/ace-compiler/air-infra/include/air/core/opcode_def.inc:56: Assertion Failure: Unexpected PRAGMA
/app/ace-compiler/air-infra/include/air/core/opcode_def.inc:68: Assertion Failure: Unexpected COMMENT
/app/ace-compiler/air-infra/include/air/core/opcode_def.inc:68: Assertion Failure: Unexpected COMMENT
/app/ace-compiler/air-infra/include/air/core/opcode_def.inc:56: Assertion Failure: Unexpected PRAGMA
/app/ace-compiler/air-infra/include/air/core/opcode_def.inc:56: Assertion Failure: Unexpected PRAGMA
/app/ace-compiler/air-infra/include/air/core/opcode_def.inc:56: Assertion Failure: Unexpected PRAGMA
/app/ace-compiler/air-infra/include/air/core/opcode_def.inc:56: Assertion Failure: Unexpected PRAGMA
/app/ace-compiler/air-infra/include/air/core/opcode_def.inc:68: Assertion Failure: Unexpected COMMENT
/app/ace-compiler/air-infra/include/air/core/opcode_def.inc:68: Assertion Failure: Unexpected COMMENT
/app/ace-compiler/air-infra/include/air/core/opcode_def.inc:56: Assertion Failure: Unexpected PRAGMA
/app/ace-compiler/air-infra/include/air/core/opcode_def.inc:56: Assertion Failure: Unexpected PRAGMA
/app/ace-compiler/air-infra/include/air/core/opcode_def.inc:68: Assertion Failure: Unexpected COMMENT
/app/ace-compiler/air-infra/include/air/core/opcode_def.inc:68: Assertion Failure: Unexpected COMMENT
/app/ace-compiler/air-infra/include/air/core/opcode_def.inc:68: Assertion Failure: Unexpected COMMENT
/app/ace-compiler/air-infra/include/air/core/opcode_def.inc:68: Assertion Failure: Unexpected COMMENT
/app/ace-compiler/air-infra/include/air/core/opcode_def.inc:56: Assertion Failure: Unexpected PRAGMA
/app/ace-compiler/air-infra/include/air/core/opcode_def.inc:56: Assertion Failure: Unexpected PRAGMA
/app/ace-compiler/air-infra/include/air/core/opcode_def.inc:68: Assertion Failure: Unexpected COMMENT
/app/ace-compiler/air-infra/include/air/core/opcode_def.inc:68: Assertion Failure: Unexpected COMMENT
/app/ace-compiler/air-infra/include/air/core/opcode_def.inc:56: Assertion Failure: Unexpected PRAGMA
/app/ace-compiler/air-infra/include/air/core/opcode_def.inc:56: Assertion Failure: Unexpected PRAGMA
/app/ace-compiler/air-infra/include/air/core/opcode_def.inc:68: Assertion Failure: Unexpected COMMENT
/app/ace-compiler/air-infra/include/air/core/opcode_def.inc:68: Assertion Failure: Unexpected COMMENT
/app/ace-compiler/air-infra/include/air/core/opcode_def.inc:68: Assertion Failure: Unexpected COMMENT
/app/ace-compiler/air-infra/include/air/core/opcode_def.inc:68: Assertion Failure: Unexpected COMMENT
/app/ace-compiler/air-infra/include/air/core/opcode_def.inc:56: Assertion Failure: Unexpected PRAGMA
/app/ace-compiler/air-infra/include/air/core/opcode_def.inc:56: Assertion Failure: Unexpected PRAGMA
/app/ace-compiler/air-infra/include/air/core/opcode_def.inc:68: Assertion Failure: Unexpected COMMENT
/app/ace-compiler/air-infra/include/air/core/opcode_def.inc:68: Assertion Failure: Unexpected COMMENT
/app/ace-compiler/air-infra/include/air/core/opcode_def.inc:56: Assertion Failure: Unexpected PRAGMA
/app/ace-compiler/air-infra/include/air/core/opcode_def.inc:56: Assertion Failure: Unexpected PRAGMA
/app/ace-compiler/air-infra/include/air/core/opcode_def.inc:56: Assertion Failure: Unexpected PRAGMA
/app/ace-compiler/air-infra/include/air/core/opcode_def.inc:56: Assertion Failure: Unexpected PRAGMA
/app/ace-compiler/air-infra/include/air/core/opcode_def.inc:68: Assertion Failure: Unexpected COMMENT
/app/ace-compiler/air-infra/include/air/core/opcode_def.inc:68: Assertion Failure: Unexpected COMMENT
/app/ace-compiler/air-infra/include/air/core/opcode_def.inc:56: Assertion Failure: Unexpected PRAGMA
/app/ace-compiler/air-infra/include/air/core/opcode_def.inc:56: Assertion Failure: Unexpected PRAGMA
/app/ace-compiler/air-infra/include/air/core/opcode_def.inc:56: Assertion Failure: Unexpected PRAGMA
/app/ace-compiler/air-infra/include/air/core/opcode_def.inc:56: Assertion Failure: Unexpected PRAGMA
/app/ace-compiler/air-infra/include/air/core/opcode_def.inc:68: Assertion Failure: Unexpected COMMENT
/app/ace-compiler/air-infra/include/air/core/opcode_def.inc:68: Assertion Failure: Unexpected COMMENT
/app/ace-compiler/air-infra/include/air/core/opcode_def.inc:56: Assertion Failure: Unexpected PRAGMA
/app/ace-compiler/air-infra/include/air/core/opcode_def.inc:56: Assertion Failure: Unexpected PRAGMA
/app/ace-compiler/air-infra/include/air/core/opcode_def.inc:56: Assertion Failure: Unexpected PRAGMA
/app/ace-compiler/air-infra/include/air/core/opcode_def.inc:56: Assertion Failure: Unexpected PRAGMA
/app/ace-compiler/air-infra/include/air/core/opcode_def.inc:68: Assertion Failure: Unexpected COMMENT
/app/ace-compiler/air-infra/include/air/core/opcode_def.inc:68: Assertion Failure: Unexpected COMMENT
/app/ace-compiler/air-infra/include/air/core/opcode_def.inc:56: Assertion Failure: Unexpected PRAGMA
/app/ace-compiler/air-infra/include/air/core/opcode_def.inc:56: Assertion Failure: Unexpected PRAGMA
/app/ace-compiler/air-infra/include/air/core/opcode_def.inc:56: Assertion Failure: Unexpected PRAGMA
/app/ace-compiler/air-infra/include/air/core/opcode_def.inc:56: Assertion Failure: Unexpected PRAGMA
/app/ace-compiler/air-infra/include/air/core/opcode_def.inc:68: Assertion Failure: Unexpected COMMENT
/app/ace-compiler/air-infra/include/air/core/opcode_def.inc:68: Assertion Failure: Unexpected COMMENT
/app/ace-compiler/air-infra/include/air/core/opcode_def.inc:56: Assertion Failure: Unexpected PRAGMA
/app/ace-compiler/air-infra/include/air/core/opcode_def.inc:56: Assertion Failure: Unexpected PRAGMA
/app/ace-compiler/air-infra/include/air/core/opcode_def.inc:68: Assertion Failure: Unexpected COMMENT
/app/ace-compiler/air-infra/include/air/core/opcode_def.inc:68: Assertion Failure: Unexpected COMMENT
/app/ace-compiler/air-infra/include/air/core/opcode_def.inc:68: Assertion Failure: Unexpected COMMENT
/app/ace-compiler/air-infra/include/air/core/opcode_def.inc:68: Assertion Failure: Unexpected COMMENT
/app/ace-compiler/air-infra/include/air/core/opcode_def.inc:56: Assertion Failure: Unexpected PRAGMA
/app/ace-compiler/air-infra/include/air/core/opcode_def.inc:56: Assertion Failure: Unexpected PRAGMA
/app/ace-compiler/air-infra/include/air/core/opcode_def.inc:68: Assertion Failure: Unexpected COMMENT
/app/ace-compiler/air-infra/include/air/core/opcode_def.inc:68: Assertion Failure: Unexpected COMMENT
/app/ace-compiler/air-infra/include/air/core/opcode_def.inc:56: Assertion Failure: Unexpected PRAGMA
/app/ace-compiler/air-infra/include/air/core/opcode_def.inc:56: Assertion Failure: Unexpected PRAGMA
/app/ace-compiler/air-infra/include/air/core/opcode_def.inc:56: Assertion Failure: Unexpected PRAGMA
/app/ace-compiler/air-infra/include/air/core/opcode_def.inc:56: Assertion Failure: Unexpected PRAGMA
/app/ace-compiler/air-infra/include/air/core/opcode_def.inc:68: Assertion Failure: Unexpected COMMENT
/app/ace-compiler/air-infra/include/air/core/opcode_def.inc:68: Assertion Failure: Unexpected COMMENT
/app/ace-compiler/air-infra/include/air/core/opcode_def.inc:56: Assertion Failure: Unexpected PRAGMA
/app/ace-compiler/air-infra/include/air/core/opcode_def.inc:56: Assertion Failure: Unexpected PRAGMA
/app/ace-compiler/air-infra/include/air/core/opcode_def.inc:68: Assertion Failure: Unexpected COMMENT
/app/ace-compiler/air-infra/include/air/core/opcode_def.inc:68: Assertion Failure: Unexpected COMMENT
/app/ace-compiler/air-infra/include/air/core/opcode_def.inc:68: Assertion Failure: Unexpected COMMENT
/app/ace-compiler/air-infra/include/air/core/opcode_def.inc:68: Assertion Failure: Unexpected COMMENT
/app/ace-compiler/air-infra/include/air/core/opcode_def.inc:56: Assertion Failure: Unexpected PRAGMA
/app/ace-compiler/air-infra/include/air/core/opcode_def.inc:56: Assertion Failure: Unexpected PRAGMA
/app/ace-compiler/air-infra/include/air/core/opcode_def.inc:68: Assertion Failure: Unexpected COMMENT
/app/ace-compiler/air-infra/include/air/core/opcode_def.inc:68: Assertion Failure: Unexpected COMMENT
/app/ace-compiler/air-infra/include/air/core/opcode_def.inc:56: Assertion Failure: Unexpected PRAGMA
/app/ace-compiler/air-infra/include/air/core/opcode_def.inc:56: Assertion Failure: Unexpected PRAGMA
/app/ace-compiler/air-infra/include/air/core/opcode_def.inc:56: Assertion Failure: Unexpected PRAGMA
/app/ace-compiler/air-infra/include/air/core/opcode_def.inc:56: Assertion Failure: Unexpected PRAGMA
/app/ace-compiler/air-infra/include/air/core/opcode_def.inc:68: Assertion Failure: Unexpected COMMENT
/app/ace-compiler/air-infra/include/air/core/opcode_def.inc:68: Assertion Failure: Unexpected COMMENT
/app/ace-compiler/air-infra/include/air/core/opcode_def.inc:56: Assertion Failure: Unexpected PRAGMA
/app/ace-compiler/air-infra/include/air/core/opcode_def.inc:56: Assertion Failure: Unexpected PRAGMA
/app/ace-compiler/air-infra/include/air/core/opcode_def.inc:56: Assertion Failure: Unexpected PRAGMA
/app/ace-compiler/air-infra/include/air/core/opcode_def.inc:56: Assertion Failure: Unexpected PRAGMA
/app/ace-compiler/air-infra/include/air/core/opcode_def.inc:68: Assertion Failure: Unexpected COMMENT
/app/ace-compiler/air-infra/include/air/core/opcode_def.inc:68: Assertion Failure: Unexpected COMMENT
/app/ace-compiler/air-infra/include/air/core/opcode_def.inc:56: Assertion Failure: Unexpected PRAGMA
/app/ace-compiler/air-infra/include/air/core/opcode_def.inc:56: Assertion Failure: Unexpected PRAGMA
/app/ace-compiler/air-infra/include/air/core/opcode_def.inc:56: Assertion Failure: Unexpected PRAGMA
/app/ace-compiler/air-infra/include/air/core/opcode_def.inc:56: Assertion Failure: Unexpected PRAGMA
/app/ace-compiler/air-infra/include/air/core/opcode_def.inc:68: Assertion Failure: Unexpected COMMENT
/app/ace-compiler/air-infra/include/air/core/opcode_def.inc:68: Assertion Failure: Unexpected COMMENT
/app/ace-compiler/air-infra/include/air/core/opcode_def.inc:56: Assertion Failure: Unexpected PRAGMA
/app/ace-compiler/air-infra/include/air/core/opcode_def.inc:56: Assertion Failure: Unexpected PRAGMA
/app/ace-compiler/air-infra/include/air/core/opcode_def.inc:56: Assertion Failure: Unexpected PRAGMA
/app/ace-compiler/air-infra/include/air/core/opcode_def.inc:56: Assertion Failure: Unexpected PRAGMA
/app/ace-compiler/air-infra/include/air/core/opcode_def.inc:68: Assertion Failure: Unexpected COMMENT
/app/ace-compiler/air-infra/include/air/core/opcode_def.inc:68: Assertion Failure: Unexpected COMMENT
/app/ace-compiler/air-infra/include/air/core/opcode_def.inc:56: Assertion Failure: Unexpected PRAGMA
/app/ace-compiler/air-infra/include/air/core/opcode_def.inc:56: Assertion Failure: Unexpected PRAGMA
/app/ace-compiler/air-infra/include/air/core/opcode_def.inc:56: Assertion Failure: Unexpected PRAGMA
/app/ace-compiler/air-infra/include/air/core/opcode_def.inc:56: Assertion Failure: Unexpected PRAGMA
/app/ace-compiler/air-infra/include/air/core/opcode_def.inc:68: Assertion Failure: Unexpected COMMENT
/app/ace-compiler/air-infra/include/air/core/opcode_def.inc:68: Assertion Failure: Unexpected COMMENT
/app/ace-compiler/air-infra/include/air/core/opcode_def.inc:56: Assertion Failure: Unexpected PRAGMA
/app/ace-compiler/air-infra/include/air/core/opcode_def.inc:56: Assertion Failure: Unexpected PRAGMA
/app/ace-compiler/air-infra/include/air/core/opcode_def.inc:68: Assertion Failure: Unexpected COMMENT
/app/ace-compiler/air-infra/include/air/core/opcode_def.inc:68: Assertion Failure: Unexpected COMMENT
/app/ace-compiler/air-infra/include/air/core/opcode_def.inc:68: Assertion Failure: Unexpected COMMENT
/app/ace-compiler/air-infra/include/air/core/opcode_def.inc:68: Assertion Failure: Unexpected COMMENT
/app/ace-compiler/air-infra/include/air/core/opcode_def.inc:56: Assertion Failure: Unexpected PRAGMA
/app/ace-compiler/air-infra/include/air/core/opcode_def.inc:56: Assertion Failure: Unexpected PRAGMA
/app/ace-compiler/air-infra/include/air/core/opcode_def.inc:68: Assertion Failure: Unexpected COMMENT
/app/ace-compiler/air-infra/include/air/core/opcode_def.inc:68: Assertion Failure: Unexpected COMMENT
/app/ace-compiler/air-infra/include/air/core/opcode_def.inc:56: Assertion Failure: Unexpected PRAGMA
/app/ace-compiler/air-infra/include/air/core/opcode_def.inc:56: Assertion Failure: Unexpected PRAGMA
/app/ace-compiler/air-infra/include/air/core/opcode_def.inc:68: Assertion Failure: Unexpected COMMENT
/app/ace-compiler/air-infra/include/air/core/opcode_def.inc:68: Assertion Failure: Unexpected COMMENT
/app/ace-compiler/air-infra/include/air/core/opcode_def.inc:68: Assertion Failure: Unexpected COMMENT
/app/ace-compiler/air-infra/include/air/core/opcode_def.inc:68: Assertion Failure: Unexpected COMMENT
/app/ace-compiler/air-infra/include/air/core/opcode_def.inc:56: Assertion Failure: Unexpected PRAGMA
/app/ace-compiler/air-infra/include/air/core/opcode_def.inc:56: Assertion Failure: Unexpected PRAGMA
/app/ace-compiler/air-infra/include/air/core/opcode_def.inc:68: Assertion Failure: Unexpected COMMENT
/app/ace-compiler/air-infra/include/air/core/opcode_def.inc:68: Assertion Failure: Unexpected COMMENT
/app/ace-compiler/air-infra/include/air/core/opcode_def.inc:56: Assertion Failure: Unexpected PRAGMA
/app/ace-compiler/air-infra/include/air/core/opcode_def.inc:56: Assertion Failure: Unexpected PRAGMA
/app/ace-compiler/air-infra/include/air/core/opcode_def.inc:56: Assertion Failure: Unexpected PRAGMA
/app/ace-compiler/air-infra/include/air/core/opcode_def.inc:56: Assertion Failure: Unexpected PRAGMA
/app/ace-compiler/air-infra/include/air/core/opcode_def.inc:68: Assertion Failure: Unexpected COMMENT
/app/ace-compiler/air-infra/include/air/core/opcode_def.inc:68: Assertion Failure: Unexpected COMMENT
/app/ace-compiler/air-infra/include/air/core/opcode_def.inc:56: Assertion Failure: Unexpected PRAGMA
/app/ace-compiler/air-infra/include/air/core/opcode_def.inc:56: Assertion Failure: Unexpected PRAGMA
/app/ace-compiler/air-infra/include/air/core/opcode_def.inc:56: Assertion Failure: Unexpected PRAGMA
/app/ace-compiler/air-infra/include/air/core/opcode_def.inc:56: Assertion Failure: Unexpected PRAGMA
/app/ace-compiler/air-infra/include/air/core/opcode_def.inc:68: Assertion Failure: Unexpected COMMENT
/app/ace-compiler/air-infra/include/air/core/opcode_def.inc:68: Assertion Failure: Unexpected COMMENT
/app/ace-compiler/air-infra/include/air/core/opcode_def.inc:56: Assertion Failure: Unexpected PRAGMA
/app/ace-compiler/air-infra/include/air/core/opcode_def.inc:56: Assertion Failure: Unexpected PRAGMA
/app/ace-compiler/air-infra/include/air/core/opcode_def.inc:68: Assertion Failure: Unexpected COMMENT
/app/ace-compiler/air-infra/include/air/core/opcode_def.inc:68: Assertion Failure: Unexpected COMMENT
/app/ace-compiler/air-infra/include/air/core/opcode_def.inc:68: Assertion Failure: Unexpected COMMENT
/app/ace-compiler/air-infra/include/air/core/opcode_def.inc:68: Assertion Failure: Unexpected COMMENT
/app/ace-compiler/air-infra/include/air/core/opcode_def.inc:56: Assertion Failure: Unexpected PRAGMA
/app/ace-compiler/air-infra/include/air/core/opcode_def.inc:56: Assertion Failure: Unexpected PRAGMA
/app/ace-compiler/air-infra/include/air/core/opcode_def.inc:68: Assertion Failure: Unexpected COMMENT
/app/ace-compiler/air-infra/include/air/core/opcode_def.inc:68: Assertion Failure: Unexpected COMMENT
/app/ace-compiler/air-infra/include/air/core/opcode_def.inc:56: Assertion Failure: Unexpected PRAGMA
/app/ace-compiler/air-infra/include/air/core/opcode_def.inc:56: Assertion Failure: Unexpected PRAGMA
/app/ace-compiler/air-infra/include/air/core/opcode_def.inc:56: Assertion Failure: Unexpected PRAGMA
/app/ace-compiler/air-infra/include/air/core/opcode_def.inc:56: Assertion Failure: Unexpected PRAGMA
/app/ace-compiler/air-infra/include/air/core/opcode_def.inc:68: Assertion Failure: Unexpected COMMENT
/app/ace-compiler/air-infra/include/air/core/opcode_def.inc:68: Assertion Failure: Unexpected COMMENT
/app/ace-compiler/air-infra/include/air/core/opcode_def.inc:56: Assertion Failure: Unexpected PRAGMA
/app/ace-compiler/air-infra/include/air/core/opcode_def.inc:56: Assertion Failure: Unexpected PRAGMA
/app/ace-compiler/air-infra/include/air/core/opcode_def.inc:56: Assertion Failure: Unexpected PRAGMA
/app/ace-compiler/air-infra/include/air/core/opcode_def.inc:56: Assertion Failure: Unexpected PRAGMA
/app/ace-compiler/air-infra/include/air/core/opcode_def.inc:68: Assertion Failure: Unexpected COMMENT
/app/ace-compiler/air-infra/include/air/core/opcode_def.inc:68: Assertion Failure: Unexpected COMMENT
/app/ace-compiler/air-infra/include/air/core/opcode_def.inc:56: Assertion Failure: Unexpected PRAGMA
/app/ace-compiler/air-infra/include/air/core/opcode_def.inc:56: Assertion Failure: Unexpected PRAGMA
/app/ace-compiler/air-infra/include/air/core/opcode_def.inc:56: Assertion Failure: Unexpected PRAGMA
/app/ace-compiler/air-infra/include/air/core/opcode_def.inc:56: Assertion Failure: Unexpected PRAGMA
/app/ace-compiler/air-infra/include/air/core/opcode_def.inc:68: Assertion Failure: Unexpected COMMENT
/app/ace-compiler/air-infra/include/air/core/opcode_def.inc:68: Assertion Failure: Unexpected COMMENT
/app/ace-compiler/air-infra/include/air/core/opcode_def.inc:56: Assertion Failure: Unexpected PRAGMA
/app/ace-compiler/air-infra/include/air/core/opcode_def.inc:56: Assertion Failure: Unexpected PRAGMA
/app/ace-compiler/air-infra/include/air/core/opcode_def.inc:68: Assertion Failure: Unexpected COMMENT
/app/ace-compiler/air-infra/include/air/core/opcode_def.inc:68: Assertion Failure: Unexpected COMMENT
/app/ace-compiler/air-infra/include/air/core/opcode_def.inc:68: Assertion Failure: Unexpected COMMENT
/app/ace-compiler/air-infra/include/air/core/opcode_def.inc:68: Assertion Failure: Unexpected COMMENT
/app/ace-compiler/air-infra/include/air/core/opcode_def.inc:68: Assertion Failure: Unexpected COMMENT
/app/ace-compiler/air-infra/include/air/core/opcode_def.inc:68: Assertion Failure: Unexpected COMMENT
/app/ace-compiler/air-infra/include/air/core/opcode_def.inc:68: Assertion Failure: Unexpected COMMENT
/app/ace-compiler/air-infra/include/air/core/opcode_def.inc:68: Assertion Failure: Unexpected COMMENT
/app/ace-compiler/air-infra/include/air/core/opcode_def.inc:68: Assertion Failure: Unexpected COMMENT
/app/ace-compiler/air-infra/include/air/core/opcode_def.inc:68: Assertion Failure: Unexpected COMMENT
/app/ace-compiler/air-infra/include/air/core/opcode_def.inc:68: Assertion Failure: Unexpected COMMENT
/app/ace-compiler/air-infra/include/air/core/opcode_def.inc:68: Assertion Failure: Unexpected COMMENT
/app/ace-compiler/air-infra/include/air/core/opcode_def.inc:56: Assertion Failure: Unexpected PRAGMA
/app/ace-compiler/air-infra/include/air/core/opcode_def.inc:56: Assertion Failure: Unexpected PRAGMA

real	0m3.588s
user	0m1.367s
sys	0m2.210s
rm: cannot remove './squeezenet_cifar10.out': No such file or directory

real	0m1.184s
user	0m1.093s
sys	0m0.084s
ckks_param: _provider = 0, _poly_degree = 131072, mul_depth = 31, input_lev = 15, _first_mod_size = 60, _scaling_mod_size = 59, _num_q_parts = 3, _num_p = 11, _num_rot_idx = 412,_hamming_weight = 192
input(tensor): [
 0.035577 0.059756 0.008719 0.040213 0.006283 0.034668 -0.012919 0.077198 -0.059196 -0.087260 -0.051137 0.099293 -0.033969 -0.060134 -0.003362 0.061821 0.095497 -0.071914 0.044210 -0.009837 0.071929 -0.028609 0.063572 -0.058788 0.081982 -0.038958 0.034310 0.016849 0.091773 -0.089264 0.003572 -0.013218
 -0.070145 -0.062991 0.019189 -0.096496 0.077124 0.098272 0.089470 0.038387 0.058439 -0.080778 -0.039166 0.021508 -0.062567 0.049081 -0.020981 -0.053944 -0.076082 0.003471 -0.047583 0.088757 -0.015113 -0.090430 0.086879 -0.025705 0.074321 -0.063601 -0.095387 -0.074160 0.054027 -0.039833 0.038349 -0.016825
 -0.067377 0.044931 -0.055618 -0.012264 0.087058 -0.008808 -0.007841 -0.093431 -0.076715 0.006367 0.022469 0.086019 0.080384 0.043272 0.080173 0.025649 0.034008 0.011328 -0.084854 0.089344 -0.023363 0.016496 -0.000876 0.051356 0.040640 0.082839 -0.098377 -0.065912 0.076836 -0.016267 0.074838 -0.042100
 -0.015170 -0.004852 -0.001610 -0.070606 -0.086866 -0.078722 -0.049507 0.062439 -0.044014 -0.033718 0.004002 0.079849 0.072347 0.012470 -0.089786 -0.017184 0.003195 -0.052772 0.069566 -0.062769 -0.000890 -0.015982 0.035086 0.013176 -0.055953 0.057888 -0.010887 -0.093111 0.052649 0.091799 0.032319 0.045805
 -0.099275 0.065523 0.065650 -0.002375 0.080611 -0.083445 -0.031709 -0.035082 0.028279 0.007667 0.082836 0.099168 0.000824 0.041450 0.085746 0.038682 -0.026868 0.074291 -0.012150 0.055607 0.006390 0.020996 0.028502 -0.091801 -0.038731 -0.005133 0.012144 0.069502 0.086837 0.039275 0.030291 -0.073476
 -0.087095 0.019674 0.082566 0.097830 -0.002523 0.086629 -0.070439 0.019217 -0.089042 0.059080 -0.024072 0.010727 0.032918 -0.030629 -0.043807 0.072096 -0.026054 -0.057578 0.034722 0.082766 0.069899 -0.009822 0.042182 -0.011428 0.035917 0.042624 -0.080058 -0.090029 -0.074193 0.024895 -0.002364 0.086534
 -0.068687 -0.045278 0.051137 -0.001374 0.051460 0.099753 0.094291 -0.012296 -0.059821 -0.039066 -0.008916 0.009864 -0.084367 -0.065281 0.078084 0.057023 0.013691 0.032640 0.062287 -0.000427 -0.016512 -0.054130 0.031123 0.035199 0.047171 -0.014013 -0.063215 0.039633 -0.074859 0.027818 -0.032354 0.013073
 0.039788 0.056577 -0.027466 0.019291 -0.088466 -0.074011 0.057176 -0.003164 -0.000172 -0.065857 -0.004642 0.060466 0.068806 -0.057851 0.011896 0.049635 0.034060 0.066631 -0.005579 0.097205 0.036212 -0.055393 0.019855 0.054793 -0.005790 0.066203 0.001725 0.064170 -0.076316 0.083401 -0.053688 -0.078796
 0.034345 -0.092386 -0.037789 0.009434 -0.090385 -0.035783 0.056193 0.065572 -0.091846 0.094199 -0.074939 0.010302 -0.059026 0.062976 -0.048068 -0.040046 -0.073284 0.010059 -0.017263 0.076894 -0.009446 -0.044820 -0.085929 0.031524 0.089945 0.044351 -0.087220 -0.067787 -0.085065 0.097699 0.003769 0.081382
 0.093811 0.035266 0.026374 -0.050858 0.000783 -0.061928 0.068359 0.000594 -0.049941 -0.094126 0.004080 -0.037111 0.075205 0.020859 0.065879 -0.022920 0.068123 0.062177 -0.073912 -0.099480 -0.092859 -0.090904 0.046677 0.006199 -0.005153 -0.090856 -0.023713 -0.030289 0.034662 0.038707 -0.036196 0.097723
 -0.003480 -0.084763 0.072455 -0.034934 0.000254 -0.000620 -0.069523 -0.047480 0.027578 0.059042 -0.039409 0.094661 0.064483 0.071940 0.088083 0.014586 -0.013548 -0.022318 0.068006 -0.075648 -0.051663 -0.019027 -0.032935 -0.034524 -0.032027 0.070585 0.021320 0.026089 -0.095628 0.079573 0.026513 -0.071386
 -0.077613 0.063321 -0.065082 0.014261 0.035117 -0.059783 0.019563 0.046546 -0.090956 -0.011337 -0.007411 -0.066979 0.007419 -0.020679 -0.064545 -0.085474 0.059827 -0.011783 -0.040848 0.000189 -0.087576 0.001255 0.095832 0.052966 0.028546 -0.099024 -0.061866 0.085356 0.098780 -0.084586 -0.050314 0.093865
 0.051563 0.053764 -0.060240 -0.040911 0.016904 -0.073912 0.088658 -0.012298 -0.071515 0.048157 -0.069901 0.002255 0.028693 0.085842 -0.070207 -0.055006 -0.090223 -0.083970 0.087970 0.014623 0.053625 0.014114 -0.023059 -0.078500 -0.038667 -0.034509 0.011259 -0.091503 0.030130 -0.082870 0.060402 0.026290
 0.085252 -0.042769 0.035324 0.065857 0.045283 0.024928 -0.082967 -0.012996 -0.068213 -0.026588 0.038749 0.043887 0.004829 0.086010 0.084047 -0.052718 0.009976 -0.044025 0.093611 -0.040106 0.074687 -0.023200 0.055768 0.092788 -0.099128 0.054235 -0.025419 0.079825 0.046284 0.099374 0.063865 0.083108
 -0.078502 0.023128 0.072229 0.057533 0.099922 0.008052 0.077371 -0.095731 -0.017458 0.058808 0.036422 0.062468 -0.078113 -0.089382 0.075761 0.093187 -0.048096 -0.035982 -0.077171 -0.010321 -0.053189 0.062529 -0.024905 0.032451 0.067692 0.091909 0.063277 0.045192 0.028537 0.093864 0.039521 0.042434
 0.082009 0.079918 -0.014949 0.075947 0.069872 0.018877 0.060073 0.002688 -0.014708 0.045791 0.037033 0.089217 0.083831 -0.024830 -0.010247 0.019158 0.002793 0.058606 0.038618 0.092031 0.097784 -0.091258 -0.057922 -0.044609 -0.080841 0.004439 0.076783 -0.002627 -0.001846 0.000092 -0.052286 0.092266
 -0.072665 0.018456 -0.044212 -0.061198 -0.028391 -0.046696 0.026154 0.044556 0.049072 0.045141 0.022656 0.025426 0.059029 0.054773 -0.083175 0.080495 -0.081906 -0.014890 0.097234 0.052833 0.058862 0.006159 -0.084268 0.094418 -0.043698 0.037673 -0.021452 -0.049556 0.088686 -0.077207 0.072559 0.040001
 0.056261 0.048404 -0.031766 0.014222 -0.047834 -0.021837 -0.045649 -0.013554 0.083240 0.021010 -0.092990 -0.027836 0.019071 -0.000460 0.073698 0.025454 -0.001748 -0.056673 0.014127 0.074814 0.016077 0.067085 -0.071019 0.062578 -0.089427 -0.009294 -0.011018 -0.045834 -0.002375 -0.043052 -0.069869 -0.009099
 0.077961 -0.093879 -0.005419 0.067648 0.009925 0.046175 0.027433 0.055590 0.095835 0.056961 -0.047041 0.021690 0.026070 -0.073029 -0.035742 0.042740 -0.054330 0.059190 0.007677 0.011655 0.086598 0.045588 0.083056 0.054212 -0.034731 0.014003 -0.068083 0.092834 -0.039671 0.011255 -0.010563 -0.077702
 0.006450 -0.064388 -0.032663 0.003212 0.081007 0.039022 -0.007146 -0.041628 0.012716 0.066129 0.011749 0.063269 0.078830 0.005895 -0.002181 0.034668 0.058268 -0.071713 -0.007089 0.036234 0.041772 0.093998 0.055285 0.002529 -0.002140 -0.056082 0.050740 0.028510 -0.082306 0.059416 -0.012199 -0.010882
 0.057786 -0.000382 0.067896 -0.074693 0.018669 0.093793 0.020468 -0.029269 0.089616 0.003525 0.094880 -0.001395 -0.068988 0.033772 0.021821 0.092913 0.070757 0.017349 -0.005517 -0.046361 0.062867 0.015252 0.027493 0.063652 -0.042430 0.002571 0.021476 -0.011905 0.067877 -0.000516 -0.056235 0.042800
 0.005362 -0.078689 0.048635 0.050880 -0.093029 -0.006547 -0.032776 0.020320 -0.090016 -0.079990 0.063217 -0.051428 -0.072925 -0.025439 0.003845 -0.063495 0.079868 -0.044362 0.030589 0.069216 0.061116 0.038969 0.006194 -0.037032 -0.082358 -0.057877 0.028398 -0.049405 -0.003820 0.026606 -0.047789 -0.025273
 -0.059327 -0.098059 -0.017249 -0.086582 -0.025948 -0.095519 -0.054795 -0.041223 0.016005 -0.013095 -0.012488 -0.012231 -0.090294 0.012798 -0.050118 -0.010699 0.002222 0.023720 -0.088710 0.022015 -0.028646 0.025883 0.038183 0.023210 0.013156 0.084183 0.078616 0.008234 -0.099663 -0.029224 -0.004924 -0.020289
 0.018506 -0.080285 0.054912 -0.091743 0.070526 -0.026555 -0.053472 -0.083275 0.076692 -0.001702 0.035168 0.021222 -0.092678 0.019628 0.098166 -0.047439 0.006460 0.007294 -0.056466 0.041188 0.067855 0.042618 0.086405 0.014632 0.023350 0.062696 0.032264 0.008116 -0.047163 -0.091011 -0.025986 -0.077022
 0.063957 0.030069 0.019644 -0.022062 0.030048 0.050673 0.027675 0.086833 -0.003852 0.021501 0.021288 -0.036762 0.018598 0.016272 -0.069081 -0.073362 0.011844 0.049975 -0.044981 -0.085947 0.052924 -0.007708 0.011748 -0.059714 0.084733 -0.007069 0.012559 -0.075577 0.004517 -0.026791 0.022148 0.033286
 -0.008966 -0.074469 0.022035 0.085884 -0.069731 0.021536 0.072094 -0.029063 -0.048907 -0.083912 0.015654 0.004420 0.091943 -0.017647 -0.095627 0.006740 0.095547 0.016619 0.063914 0.027681 -0.053802 0.086246 -0.042166 0.087562 0.023352 0.094991 0.079628 0.081448 -0.012161 -0.080211 -0.010406 0.076594
 0.070168 -0.071108 0.058682 -0.052068 -0.096053 0.073300 -0.064154 0.018554 -0.005146 -0.034849 -0.084501 0.057081 0.089932 -0.006506 -0.006770 0.026311 0.090016 0.078462 -0.035628 0.078211 0.070905 0.036027 -0.056601 -0.027351 -0.031128 0.025850 -0.013954 0.074277 -0.053111 0.051574 -0.094481 -0.009015
 -0.021566 -0.069793 0.080435 0.077904 -0.054098 0.089806 -0.024151 -0.023614 0.090626 0.060169 0.086330 -0.006274 -0.069911 0.056034 -0.065037 0.085109 0.066399 -0.035796 -0.035017 0.030816 0.069805 -0.075644 0.034090 -0.064542 -0.089957 -0.074797 -0.089193 -0.046541 0.037353 0.060333 0.005266 -0.081894
 0.033464 0.001564 -0.079832 0.047546 0.057350 0.097534 0.006124 0.002152 -0.082203 -0.076082 0.073061 -0.027453 -0.061722 0.060212 0.078130 0.029084 0.083181 0.011646 0.016624 0.070123 -0.003673 -0.098685 -0.086654 -0.089835 0.057141 0.070598 -0.040958 -0.015814 -0.003823 -0.066281 -0.059499 0.083747
 0.078020 -0.000007 -0.025028 -0.081905 -0.020869 -0.030174 -0.079930 -0.084246 0.022325 -0.020357 0.070922 0.096436 0.033026 0.030847 0.010585 -0.057110 -0.012578 0.059923 0.044077 -0.009639 -0.036868 -0.022168 -0.055355 -0.086374 -0.015814 -0.044236 0.068556 -0.030408 -0.099670 -0.099558 0.070477 0.046932
 -0.063085 0.078607 -0.061581 0.068583 -0.042027 -0.094317 0.025647 0.001261 0.088795 -0.038837 0.059378 0.007534 0.060684 0.002689 -0.022197 -0.034098 0.007768 0.063278 -0.040872 -0.019188 0.095831 -0.057436 -0.036167 0.005165 0.001877 -0.013156 0.014631 -0.000677 0.062835 -0.047914 -0.060480 -0.067908
 -0.028958 -0.080462 0.034931 -0.095650 0.091038 -0.091936 -0.002878 -0.079043 -0.044744 -0.066161 -0.004756 -0.030026 0.078189 0.021880 0.040084 0.053059 0.024780 -0.044678 0.040465 -0.056559 -0.015475 -0.031407 0.010591 0.005767 -0.084032 0.064569 -0.065443 -0.075537 0.022552 -0.024533 0.058411 0.078379
 0.030767 0.085699 -0.084867 -0.038575 0.098854 0.060389 -0.039469 -0.045928 -0.012529 -0.064862 0.091994 0.077331 -0.070618 -0.040011 0.038466 -0.023967 -0.034484 0.098266 0.039192 -0.053314 -0.091626 0.038372 -0.044746 0.068480 0.036987 -0.028443 -0.004895 0.007554 -0.016144 0.083297 0.052006 -0.022428
 -0.069088 -0.007964 0.001217 -0.066883 0.073429 0.086938 0.046811 -0.075871 -0.075577 -0.098660 -0.079845 0.041582 -0.039790 0.053584 0.047100 -0.084149 -0.054219 -0.053248 -0.025042 -0.039074 -0.081633 -0.057275 -0.028515 -0.045954 0.031311 0.008686 -0.002429 -0.071979 -0.097192 -0.030493 0.041642 -0.070271
 -0.008853 -0.027083 0.067567 0.083780 -0.018250 -0.022835 -0.043805 0.045750 -0.037920 0.071404 -0.062800 -0.060505 0.097493 -0.016023 -0.037718 0.015587 -0.099989 -0.073587 0.087917 -0.055315 -0.093437 -0.090179 -0.080176 -0.021232 -0.000819 0.076969 -0.095925 0.022185 0.057192 0.095324 0.053318 -0.090109
 -0.059853 0.060698 -0.060320 0.059071 -0.090284 -0.044074 -0.008230 -0.007019 0.067039 -0.045231 -0.013259 0.024639 -0.080441 0.002538 -0.098518 0.089423 -0.062531 0.008286 0.091289 0.047066 0.033266 -0.094609 0.022591 -0.060516 -0.035948 0.024719 -0.094301 0.008246 0.017119 -0.020993 0.088748 -0.065735
 -0.083234 -0.039287 -0.033300 -0.019940 -0.082588 -0.058048 0.000468 -0.050990 -0.088533 0.057449 0.065021 0.019731 0.075424 -0.034991 0.065140 0.067131 -0.037950 -0.091806 0.058942 -0.063527 0.036606 0.067133 0.024577 -0.060913 -0.057078 -0.003771 0.006196 -0.067492 0.081352 -0.012698 -0.074110 0.087558
 -0.016990 0.027073 0.098024 -0.047262 0.094039 0.068037 0.097543 0.083133 0.027949 -0.048307 0.018810 -0.000416 0.030689 0.064845 0.058844 -0.050339 -0.020855 0.032935 0.083809 -0.080704 -0.008177 0.033330 -0.099150 -0.075081 -0.035562 -0.081388 -0.008633 -0.021752 0.052832 0.006686 0.009435 0.032636
 -0.096444 0.003756 0.090089 -0.092089 0.047727 -0.096669 0.084781 -0.031902 0.074744 0.060870 -0.080396 -0.049261 -0.027324 0.059866 0.040294 0.018944 0.057214 -0.077612 0.051742 0.009831 -0.027249 -0.064295 -0.006845 -0.079142 0.050630 0.043599 0.051908 0.080004 0.057999 0.034648 -0.014341 0.030660
 0.012631 -0.017965 -0.089044 -0.091258 -0.040746 -0.031303 -0.017262 -0.078829 0.064724 0.066154 0.034859 0.056644 0.082843 -0.087441 -0.055507 0.065177 -0.071481 0.052248 0.099545 0.059426 0.013107 0.019279 0.066838 0.043219 -0.039571 0.023667 -0.065695 0.010403 0.015752 0.077310 -0.070518 0.011604
 0.080615 0.051568 -0.028485 0.005335 0.021624 0.086807 -0.013317 -0.067826 -0.084167 0.005828 0.034108 0.017689 -0.043418 -0.070625 0.048750 0.073675 0.021604 0.039965 0.051713 -0.026221 0.018857 -0.035396 0.054622 -0.080965 0.012130 0.059969 -0.076497 -0.067056 0.024658 -0.044065 -0.044648 -0.090112
 0.026251 -0.012525 -0.097855 -0.093633 0.091091 -0.021320 0.068065 -0.076240 0.058276 0.029702 0.021911 -0.005623 -0.028959 -0.007942 -0.043524 0.075314 -0.002369 0.071400 0.006044 -0.091888 0.042813 -0.053254 -0.079235 -0.088331 -0.011495 -0.096449 0.073381 -0.098115 0.057959 0.014941 -0.063488 -0.029114
 0.065147 0.045434 0.021242 -0.094248 0.011161 0.091479 0.076975 -0.034405 0.016204 -0.062583 0.009180 -0.066845 -0.046787 -0.093676 -0.073018 0.009933 -0.097030 0.082098 0.075381 0.091259 -0.093649 0.040072 -0.099167 -0.070914 -0.039189 -0.020585 -0.028785 0.098760 0.084743 0.005640 -0.030340 -0.044287
 -0.035089 -0.038010 -0.066408 -0.075625 0.083970 0.006625 -0.023105 -0.099288 -0.030035 0.059261 0.057147 0.070527 0.043290 -0.023917 0.078332 0.067382 0.004603 0.080718 0.078208 -0.017798 0.086160 0.023311 0.058388 -0.013899 -0.032392 0.032564 -0.060053 0.067152 0.028492 0.083190 -0.053575 -0.019541
 -0.059943 -0.059602 0.036002 -0.014072 0.068966 -0.045137 -0.024899 0.065572 -0.017899 0.027924 -0.027464 -0.031209 0.011468 0.048957 -0.021169 -0.057651 -0.009681 -0.093902 -0.085566 0.063746 -0.082741 -0.029661 -0.085956 0.080684 0.073916 -0.097381 0.055686 0.082406 0.027485 0.041185 -0.065524 0.001667
 -0.040651 -0.042350 0.028106 -0.049256 0.043927 -0.075847 0.008891 0.057346 0.041751 0.062461 -0.091220 0.056519 0.071510 -0.018020 -0.069968 0.059709 0.009207 -0.073662 0.007503 0.027105 0.093249 -0.002974 0.040724 -0.092977 0.001117 -0.080746 0.004613 -0.004406 0.082591 0.058560 -0.074405 -0.072837
 -0.061913 0.073025 0.035508 0.039811 -0.051516 0.019297 -0.016495 -0.095372 0.088494 -0.082531 -0.071201 0.000730 -0.070171 -0.027781 0.031674 0.021771 -0.061429 0.089302 -0.010190 0.065472 0.096629 -0.014368 0.035335 -0.015221 -0.082344 0.009784 -0.013230 0.048666 0.011076 0.004890 -0.057960 -0.059872
 0.020911 -0.030928 0.064027 0.051162 -0.044479 0.062845 0.096312 0.057890 0.049186 0.082926 0.075391 0.042583 0.063703 0.058042 -0.070173 0.062259 0.021543 -0.044605 0.064515 0.082174 0.049402 0.052129 -0.003147 0.057638 0.006407 -0.051708 -0.057930 0.003438 -0.020967 -0.069359 0.068245 -0.026620
 0.011699 0.027632 0.098490 -0.032275 0.040517 -0.019250 0.084220 -0.054415 -0.098392 -0.053831 0.040049 -0.034501 0.058163 -0.096976 0.020900 0.063292 -0.099378 0.033378 -0.030720 -0.061711 -0.052215 -0.011412 0.007195 -0.069005 0.030191 0.042734 0.091256 -0.045513 -0.020545 0.064323 0.038241 0.041080
 -0.060028 0.095617 0.062900 0.064987 0.058032 -0.066671 0.041579 0.067718 0.037676 0.043002 -0.069971 0.035065 0.043015 -0.019353 -0.031270 -0.026864 -0.005235 0.080438 -0.013111 0.055575 0.056974 0.024355 0.026639 -0.067272 0.074619 0.063097 0.076818 0.021238 0.071850 -0.097546 0.033178 0.032267
 0.073026 -0.089329 -0.094080 -0.004785 -0.082612 0.013756 0.049693 -0.039651 -0.015996 0.040504 -0.010385 0.087422 -0.096440 0.099848 -0.047159 0.008274 0.063320 0.062137 -0.077659 -0.042640 -0.065935 -0.021551 -0.044249 -0.097579 0.047813 -0.035651 -0.084475 -0.038450 0.053094 -0.045528 0.074069 -0.076239
 -0.092641 -0.030247 -0.075345 0.077720 -0.014252 0.019865 0.004123 0.090954 -0.090780 0.023758 0.095277 0.096478 0.049506 -0.005058 -0.098239 -0.029980 0.036263 0.051898 -0.051784 -0.019723 0.081130 -0.054705 -0.086587 0.064520 -0.083311 -0.008291 -0.013359 -0.074981 0.084650 0.040462 0.033368 -0.056835
 0.069853 -0.093107 0.077205 0.062322 0.036149 0.089863 -0.065730 -0.092466 -0.098750 0.077832 -0.009331 0.071738 0.034170 -0.085128 -0.099637 0.048572 -0.043999 0.084418 -0.074081 -0.094716 0.002803 -0.030528 0.018247 -0.025317 -0.031774 -0.080157 -0.069876 0.021928 0.033444 0.006350 0.075045 0.006624
 -0.066271 -0.004097 -0.039755 -0.068712 -0.088020 0.003471 -0.051298 0.086743 0.058797 0.038710 -0.018913 -0.080515 -0.082603 0.036084 0.011989 0.012948 -0.002807 -0.015906 0.053397 0.043872 -0.006448 -0.043282 0.020178 -0.000231 0.023502 -0.096307 0.002170 0.008646 -0.020224 0.091860 0.077143 0.039537
 -0.037623 0.088990 0.049301 -0.019050 0.040083 0.050208 -0.049667 -0.052017 -0.077026 0.053933 0.018730 0.064597 -0.019410 0.062861 -0.096632 -0.014184 0.032335 0.050657 -0.011979 -0.014852 -0.029237 0.077279 -0.036830 -0.099173 -0.046903 0.021650 0.098023 -0.018020 0.091667 0.026117 -0.019419 0.067453
 -0.004257 0.054266 0.036454 0.086940 0.057991 -0.098992 -0.031838 -0.052725 -0.076165 0.044038 -0.045782 -0.096703 0.058240 0.079680 -0.094096 -0.068466 -0.097566 -0.050018 0.016477 0.065897 -0.006230 -0.065256 -0.036715 0.056421 0.076779 0.045015 -0.015463 0.086585 0.080054 0.023856 -0.043011 0.026357
 0.001552 -0.060313 0.050820 0.048978 0.098346 -0.094413 -0.020691 -0.082447 -0.063725 -0.095926 0.015266 0.094642 0.084599 0.074774 0.045994 0.095920 0.035516 0.075361 0.034741 0.015205 -0.088791 0.075649 0.031023 0.083583 -0.094482 -0.087297 0.002090 -0.088711 0.031271 0.059757 -0.055938 0.049385
 -0.018421 0.033865 -0.040506 -0.066242 -0.037723 0.085673 -0.057060 0.072575 0.021083 -0.045366 -0.043229 0.094408 0.046724 -0.027458 -0.094167 0.075105 0.052728 -0.012087 0.019459 -0.032679 0.048647 -0.077836 -0.038922 -0.020261 0.023736 0.007109 0.026879 0.068328 0.043235 0.011908 -0.019731 0.028076
 0.011711 -0.040877 0.067627 -0.054160 0.037982 0.051802 -0.025025 -0.063818 -0.092377 0.028068 -0.083514 -0.062218 0.099867 0.003021 0.001407 0.041302 0.056792 0.057268 -0.060238 0.084319 -0.020078 0.074431 0.052468 0.010177 0.084143 0.030531 0.056506 0.057782 -0.009388 0.075862 0.020826 0.032058
 0.047078 0.049078 0.087911 -0.042742 -0.077961 0.007879 0.078189 0.038339 -0.028671 0.095977 -0.069111 0.061462 0.020898 0.073344 -0.069241 -0.071762 0.094866 0.013724 -0.049616 -0.064181 -0.007005 0.056412 0.087235 -0.057794 -0.031362 -0.055774 -0.048008 -0.018430 0.019473 -0.061335 0.078354 0.097929
 -0.083698 -0.030165 -0.058254 -0.053940 -0.099903 -0.094792 -0.057368 -0.085541 0.002379 -0.064433 -0.095881 -0.013831 0.024155 0.036017 -0.038698 0.017458 -0.060611 0.066756 -0.079681 0.056457 0.044123 -0.066056 -0.061592 -0.034776 0.040502 0.033768 0.072388 -0.033904 -0.010789 -0.090787 0.073353 -0.034630
 -0.089845 -0.000623 -0.035901 0.068365 -0.047431 -0.088299 0.095044 -0.026526 0.097044 -0.033983 0.002121 -0.065393 0.036005 0.043852 -0.058734 -0.024044 -0.074935 0.054322 -0.000599 0.049513 -0.026006 0.079246 -0.082849 0.092500 -0.082431 -0.086196 0.089434 -0.065293 0.091581 0.008438 -0.014796 -0.000241
 0.078601 0.087477 -0.084824 -0.007211 -0.049455 -0.063031 -0.065425 0.027429 -0.076416 -0.030504 0.000932 -0.095285 0.092925 0.063872 0.041036 0.088809 0.012655 -0.076646 0.045358 -0.005150 0.072296 -0.099774 -0.074712 0.011082 0.079549 0.010064 0.017180 -0.098696 -0.092809 0.005256 -0.087751 -0.001700
 0.046406 -0.011202 0.047504 0.003833 -0.005737 0.094743 -0.071897 -0.001351 0.035640 -0.061517 0.095463 -0.085581 0.045942 0.082082 -0.092577 0.083953 0.030762 -0.009420 -0.075442 0.073760 0.084420 -0.026484 0.050761 0.052987 -0.052899 -0.008518 0.074722 0.073174 -0.037411 -0.001311 0.057854 0.096572
 0.062011 -0.030696 -0.099682 0.099132 -0.071762 -0.064720 0.024233 0.037447 0.004643 -0.092541 0.098374 0.051266 -0.092457 -0.036687 0.016957 0.070497 0.096500 -0.019613 -0.085139 -0.003847 -0.029333 0.007408 0.004525 -0.064775 -0.077053 0.094449 0.005697 -0.054722 0.015638 -0.068965 -0.012132 0.018276
 0.067684 0.049677 0.029344 -0.034480 0.065269 -0.020653 0.064107 -0.040267 -0.077022 -0.085104 -0.018497 0.026146 -0.012082 -0.091853 0.029816 -0.058472 -0.097931 -0.015133 0.020364 -0.039896 -0.090918 0.059175 0.026807 -0.089405 0.088146 -0.029567 0.094707 -0.041502 0.020007 -0.027927 0.047693 -0.020855
 -0.057419 -0.044679 -0.059302 -0.076246 0.075462 0.033078 0.008964 0.020538 -0.007520 0.041018 0.073680 0.079953 0.061015 0.009263 0.046601 -0.058688 -0.018994 -0.081821 0.064590 0.044306 0.063156 0.067302 0.093327 0.059910 0.074339 0.053998 -0.082629 -0.016378 -0.011936 -0.007018 0.085591 0.043704
 -0.022187 0.077713 -0.058003 -0.096432 -0.096977 0.060744 -0.012085 -0.085641 -0.008921 0.013391 0.024199 0.032881 -0.034954 0.013901 -0.038135 0.064490 0.093114 0.084511 0.034235 0.038284 -0.032959 -0.083844 -0.090883 0.061246 -0.091064 -0.067672 -0.023828 -0.039004 -0.016983 0.037535 -0.041698 0.074157
 -0.056230 -0.077277 -0.056167 -0.018751 -0.075668 0.016737 -0.004387 0.024115 -0.057545 -0.067909 -0.060169 -0.085421 -0.052441 0.051966 -0.025584 -0.084446 -0.092588 0.004599 0.086646 0.083415 -0.071052 0.083001 -0.041755 -0.061809 0.058759 0.018760 0.084981 -0.023051 0.009038 -0.058906 -0.009747 -0.024280
 -0.006734 0.013947 0.005109 0.045851 0.012316 -0.047287 0.030168 0.080366 -0.006456 0.040525 0.018195 -0.009270 0.051652 -0.074885 0.035513 0.004866 -0.084842 -0.026824 0.089415 0.093485 -0.019520 -0.020034 -0.075519 0.080704 0.004381 0.053371 -0.074987 0.095137 -0.037535 -0.038317 0.025745 0.043253
 0.057444 0.040440 0.085846 -0.024830 0.049595 -0.022153 0.066038 0.097141 -0.051992 0.062409 -0.010212 0.006170 0.035503 0.091715 0.050029 0.082656 0.048956 0.011890 -0.063775 -0.000684 -0.059371 0.090636 -0.062562 -0.083047 0.059219 -0.059385 0.092574 0.036159 -0.076931 0.092394 0.009213 0.004195
 0.039022 -0.014588 0.008705 0.074410 -0.034222 0.068833 0.080346 -0.019157 0.080615 0.041216 0.010090 -0.038833 0.045504 -0.086680 -0.002754 0.003486 0.066200 -0.087905 0.023467 -0.046091 -0.083487 -0.080908 -0.095101 -0.081411 -0.063127 0.016033 -0.028512 0.076350 0.019569 -0.079720 -0.092639 0.039365
 0.043953 0.038601 0.055207 -0.025446 0.091484 0.085199 -0.086864 -0.017162 0.044643 0.062251 -0.065199 -0.066348 -0.032026 0.064053 -0.031301 0.066396 0.016191 0.073069 -0.079439 -0.051015 0.052573 -0.038235 0.089478 0.097227 -0.052530 -0.006821 0.049222 0.082091 0.047340 -0.031809 -0.040851 -0.025646
 -0.056925 0.051098 -0.001157 -0.003309 -0.059706 0.082484 0.059012 -0.008186 0.034229 0.063102 0.051480 0.047152 -0.018895 0.076099 0.010329 -0.016305 -0.005544 0.068253 -0.061195 0.085047 0.064231 0.023934 -0.071982 -0.028980 0.012502 -0.059595 0.019365 -0.062837 0.031625 0.037244 -0.084957 0.015661
 0.005922 0.051557 -0.057266 -0.097460 -0.069756 -0.062793 0.041080 0.026599 0.094986 -0.044428 -0.036666 0.003834 -0.022163 -0.041068 0.048824 0.081104 -0.093995 -0.007143 -0.031697 -0.074272 0.087469 0.093846 -0.039240 -0.041810 0.045218 -0.037608 -0.039792 -0.079807 0.011046 -0.000041 -0.078106 -0.097844
 -0.067126 -0.096593 -0.069561 -0.025818 0.034641 -0.070253 0.086150 0.007670 0.024099 -0.098521 -0.018351 -0.025510 -0.043048 0.063398 -0.096355 -0.091497 -0.026551 -0.037799 0.032985 -0.037314 0.088339 -0.066754 -0.094671 0.006882 0.007481 0.044881 -0.068180 -0.076168 -0.095911 -0.027917 -0.005063 0.042344
 0.082594 0.058282 0.008625 -0.076835 0.018455 -0.030439 0.067333 0.089869 -0.046555 -0.005023 0.029107 -0.040737 0.037317 0.002253 0.007034 -0.036777 -0.039223 0.021324 0.070831 0.016691 -0.081765 0.033017 -0.029687 -0.011201 -0.014315 -0.009528 0.063254 -0.079400 -0.070647 0.079958 -0.043926 -0.036367
 0.066065 -0.001369 0.064240 -0.066447 0.083041 0.029592 0.012722 -0.032881 0.030665 0.020009 -0.067974 -0.010424 0.044228 0.097390 0.099707 0.045432 -0.053305 -0.073885 -0.024789 -0.032005 -0.035199 0.024654 0.036124 -0.048449 -0.055050 0.009337 0.022388 0.094621 0.003784 0.012898 0.019439 0.013598
 -0.099570 0.023190 0.058985 0.046286 0.032037 -0.063071 -0.002568 0.039400 0.070024 -0.076398 0.064003 -0.009569 -0.028119 0.042610 0.071889 0.056907 -0.030699 -0.092068 -0.047331 -0.056355 -0.078175 -0.021400 -0.000700 0.084512 -0.087636 0.028142 0.092950 0.000546 -0.051797 0.096833 0.074960 -0.017241
 -0.023342 0.010184 0.015088 0.029993 0.013037 -0.025768 0.019447 -0.008442 -0.022347 -0.035536 0.000788 -0.012867 -0.075112 -0.086622 0.033588 0.049594 0.037059 0.092944 0.089306 -0.086883 -0.041219 0.089194 -0.093044 -0.079555 -0.005570 0.085532 -0.063927 -0.074697 -0.064581 0.090363 0.065102 0.032301
 -0.082887 0.071477 0.073252 0.005418 -0.074427 0.044815 0.003983 0.005122 -0.020309 -0.051687 0.001062 0.035426 0.009355 0.050720 0.067869 0.007343 -0.069003 0.025733 -0.012640 0.016550 -0.066004 0.009771 -0.053090 -0.081197 0.063668 0.019355 0.084761 -0.083365 -0.071752 0.062567 0.068984 -0.046368
 -0.023410 -0.067690 -0.094417 -0.028542 0.073617 0.084240 0.056694 -0.011243 -0.019152 0.091407 -0.097877 0.003258 -0.082559 -0.055415 -0.043187 -0.004122 -0.099754 0.035188 0.076971 0.081645 -0.027771 0.044770 -0.013041 -0.029234 -0.059694 -0.079336 0.038002 0.060317 0.082643 -0.013384 0.086770 -0.057076
 -0.068502 -0.090586 0.059044 0.032704 0.026775 0.034717 -0.062615 -0.021441 0.020907 -0.058198 -0.012702 -0.017581 -0.049190 0.052403 0.016563 0.016868 0.098354 0.009021 -0.078545 0.000902 -0.060752 -0.003636 -0.067010 0.093131 -0.059337 0.098674 -0.094588 0.090370 0.035293 0.059700 -0.055189 -0.001185
 0.018524 -0.014863 -0.018191 0.067144 -0.091600 0.063403 -0.028354 -0.065962 -0.069227 -0.031474 0.071562 0.041709 -0.053623 -0.034258 0.099157 -0.020990 0.045770 0.036186 -0.092677 0.059897 0.047794 0.066515 -0.064374 -0.030356 0.020691 0.090347 -0.084964 -0.034845 -0.085269 0.097308 0.042660 0.042215
 -0.083235 -0.039156 0.017075 0.058392 0.047295 -0.095247 0.026728 -0.042752 0.087973 0.092068 -0.039017 -0.090677 -0.005418 -0.032518 0.021155 0.008324 -0.081420 0.088064 0.037545 -0.073485 -0.002472 0.059876 -0.033496 -0.068527 0.046236 -0.059838 0.061332 0.002978 -0.012478 -0.079356 0.053264 0.057493
 0.003896 0.022318 0.047538 0.053990 0.073336 -0.037038 0.073397 0.033917 0.045070 0.072666 0.033443 -0.088915 -0.069306 0.030799 -0.043612 -0.081176 -0.077431 0.096635 0.057610 -0.008780 0.069764 -0.015071 -0.044532 0.086190 0.078751 0.071685 -0.019752 -0.090368 -0.058721 0.089657 -0.086859 0.081113
 -0.068412 -0.065252 0.006417 0.068899 0.092100 -0.027786 -0.050181 -0.085212 0.019873 -0.093083 0.089310 -0.075341 0.061229 -0.074665 -0.030831 0.050263 -0.073628 -0.007819 -0.014958 -0.027065 -0.031434 -0.082533 -0.079077 0.004146 0.021820 0.086046 0.085975 0.009935 -0.020716 0.072370 -0.037267 0.032109
 -0.051567 0.007667 0.044294 0.080899 0.027566 -0.019251 -0.000990 0.081907 -0.029805 -0.095284 -0.070896 0.055163 -0.049337 0.032826 0.026392 0.037592 0.071601 -0.041743 0.069794 0.006038 0.089191 0.019747 -0.007405 0.065703 -0.073549 -0.037261 0.010826 -0.025614 -0.053302 0.002310 0.060126 0.098331
 0.009271 0.061260 0.082222 0.073740 0.066105 0.035441 0.012927 0.082038 -0.084798 -0.046402 0.043520 0.074604 0.007494 -0.048261 0.076421 -0.030893 0.055504 -0.081826 -0.018728 0.072915 0.060007 0.070073 -0.043057 0.010562 0.088098 0.023248 0.065163 -0.023046 -0.070558 -0.073979 0.013299 0.011780
 -0.030289 -0.005518 -0.038120 -0.007868 0.054171 -0.014033 0.011484 0.070881 0.023029 0.029781 -0.098589 0.011825 0.079835 -0.024711 0.049549 -0.000619 -0.069067 0.099501 0.086385 -0.009869 0.020841 -0.081692 0.034144 -0.040816 -0.018502 -0.005755 -0.018037 0.042722 -0.056023 0.032014 0.033124 0.050204
 0.035233 0.018156 -0.069037 0.040429 -0.090467 0.053598 -0.062004 -0.038941 0.098486 0.021743 0.071835 0.071957 0.028580 0.024928 0.017558 -0.027213 -0.044833 -0.000473 -0.063772 -0.098228 -0.092714 -0.078717 -0.042786 -0.064267 0.023763 0.063541 -0.004749 -0.030203 0.030135 -0.074642 -0.029842 0.002437
 -0.062281 0.038984 0.065435 -0.045140 0.048809 -0.017867 -0.079038 -0.061495 0.028320 -0.028027 0.093699 -0.058214 -0.082511 -0.023500 -0.080070 0.056763 -0.025091 -0.065325 -0.012033 0.022791 0.042002 -0.013358 0.051841 0.053186 0.010256 0.008816 0.026060 -0.066085 -0.031552 0.085460 -0.005462 0.056359
 0.093374 -0.095482 -0.056383 0.056380 0.069720 0.098196 0.084340 0.062829 -0.042536 0.015762 -0.047841 0.070349 0.016639 0.070637 0.063104 -0.015315 -0.026561 0.097777 -0.055186 -0.001367 -0.000739 -0.061411 -0.051350 0.044945 -0.075366 -0.065172 -0.086985 0.036481 0.099180 -0.032735 -0.076143 0.054517
 0.003532 0.086499 -0.078622 0.090919 0.074032 -0.069142 -0.029072 -0.037001 -0.088893 0.067426 -0.066760 -0.077307 -0.030778 -0.085021 0.030299 0.065478 -0.095242 0.080317 0.023281 0.028888 -0.072566 0.021820 0.052804 0.088715 0.029564 0.074070 0.093235 0.025142 -0.008915 -0.025716 -0.099797 0.063801
 0.073493 -0.046118 0.037488 -0.064067 -0.032280 0.028152 0.098302 -0.026528 -0.088858 0.044384 -0.070207 0.083979 0.046442 -0.098798 -0.083288 -0.019736 -0.050076 0.062117 -0.007997 -0.010085 -0.074695 0.078792 -0.006855 -0.046992 -0.023752 -0.074603 -0.098705 -0.013951 0.076680 0.098304 -0.065135 -0.002869
 0.054801 0.048076 0.030685 -0.078320 0.075842 0.073349 -0.029024 -0.034506 0.066595 -0.073698 0.032873 0.064103 -0.091683 -0.098953 -0.058180 0.056569 0.034242 0.078340 0.042649 0.011297 0.027281 0.078309 -0.037686 -0.013672 0.026322 -0.066153 -0.039795 0.008569 -0.009007 0.073857 0.000140 -0.052134
]
Total memory size for keys: rot_key_cnt = 507, rot_key_size = 137160206664 bytes, total_key_size = 137588026208 bytes
Total memory size for weight plain: cnt = 6105, size = 23555650824 bytes
RTLib functions         	       Count	      Elapse
--------------------    	    --------	    --------
NN                      	           -	           -
FHE                     	           -	           -
 FHE_RELIN               	         486	  154.223661 sec
 FHE_ROTATE              	        4586	  895.453183 sec
FHE                     	   sub total	 1049.676844 sec
FINALIZE_CONTEXT        	           1	    4.408245 sec
PREPARE_CONTEXT         	           1	  901.621922 sec
ENCODE_ARRAY            	        6676	  175.049066 sec
ENCODE_VALUE            	         235	    0.282760 sec
NTT                     	      396118	 1014.165710 sec
INTT                    	      165284	  455.559124 sec
MAIN_GRAPH              	           1	 3472.825736 sec
 HW_ADD                  	      217240	   33.656826 sec
 HW_MUL                  	      204886	  129.150071 sec
 HW_ROT                  	       21658	    3.619391 sec
 COPY_POLY               	       25706	   27.711941 sec
 EXTEND                  	        3078	   40.069318 sec
 PRECOMP                 	         893	  350.599593 sec
 MOD_DOWN                	       11702	  802.318146 sec
 DECOMP_MODUP            	        7246	  637.409598 sec
 DOT_PROD                	        7562	  427.728592 sec
 MULP                    	       25393	  678.138874 sec
 RESCALE_POLY            	        3285	  165.470192 sec
 COPY_CIPH               	        4247	    3.659060 sec
 INIT_CIPH_SM_SC         	       12030	    5.028634 sec
 INIT_CIPH_UP_SC         	        6655	    5.064461 sec
 INIT_CIPH_DN_SC         	         683	    1.292230 sec
 BOOTSTRAP               	          19	 2221.824235 sec
  BS_SETUP                	           1	   74.918774 sec
  BS_KEYGEN               	           1	  168.631874 sec
  BS_EVAL                 	          19	 2221.824213 sec
   BS_COEFF_TO_SLOT        	          19	  951.370861 sec
   BS_APPROX_MOD           	          19	  674.490544 sec
   BS_SLOT_TO_COEFF        	          19	  557.037198 sec
  BS_EVAL                 	   sub total	 2182.898603 sec
 BOOTSTRAP               	   sub total	 2465.374861 sec
 PT_ENCODE               	        6340	  103.138323 sec
MAIN_GRAPH              	   sub total	 5635.879484 sec

real	72m59.151s
user	64m6.628s
sys	8m39.941s
